 ROW           1 START WITH   0.00000000    
 ROW           1 FIRST OvErWrItE WITH AICQFF*QINF, i.e. Vinf_x. LEAVING:   0.00000000    
 ROW           1 THEN ADD ALL AICGTH*GTH (wake vortex contributions). LEAVING:   0.00000000    
 ROW           1 THEN ADD ALL AICSIG*SIGK (rotor source contributions), LEAVING:   0.00000000    
 ROW           2 START WITH   5.11359215    
 ROW           2 FIRST OvErWrItE WITH AICQFF*QINF, i.e. Vinf_x. LEAVING:   5.11359215    
 ROW           2 THEN ADD ALL AICGTH*GTH (wake vortex contributions). LEAVING:   5.11359215    
 ROW           2 THEN ADD ALL AICSIG*SIGK (rotor source contributions), LEAVING:   5.11359215    
 ROW           3 START WITH   5.11360693    
 ROW           3 FIRST OvErWrItE WITH AICQFF*QINF, i.e. Vinf_x. LEAVING:   5.11360693    
 ROW           3 THEN ADD ALL AICGTH*GTH (wake vortex contributions). LEAVING:   5.11360693    
 ROW           3 THEN ADD ALL AICSIG*SIGK (rotor source contributions), LEAVING:   5.11360693    
 ROW           4 START WITH   5.11363268    
 ROW           4 FIRST OvErWrItE WITH AICQFF*QINF, i.e. Vinf_x. LEAVING:   5.11363268    
 ROW           4 THEN ADD ALL AICGTH*GTH (wake vortex contributions). LEAVING:   5.11363268    
 ROW           4 THEN ADD ALL AICSIG*SIGK (rotor source contributions), LEAVING:   5.11363268    
 ROW           5 START WITH   5.11357212    
 ROW           5 FIRST OvErWrItE WITH AICQFF*QINF, i.e. Vinf_x. LEAVING:   5.11357212    
 ROW           5 THEN ADD ALL AICGTH*GTH (wake vortex contributions). LEAVING:   5.11357212    
 ROW           5 THEN ADD ALL AICSIG*SIGK (rotor source contributions), LEAVING:   5.11357212    
 ROW           6 START WITH   5.11365604    
 ROW           6 FIRST OvErWrItE WITH AICQFF*QINF, i.e. Vinf_x. LEAVING:   5.11365604    
 ROW           6 THEN ADD ALL AICGTH*GTH (wake vortex contributions). LEAVING:   5.11365604    
 ROW           6 THEN ADD ALL AICSIG*SIGK (rotor source contributions), LEAVING:   5.11365604    
 ROW           7 START WITH   5.11358070    
 ROW           7 FIRST OvErWrItE WITH AICQFF*QINF, i.e. Vinf_x. LEAVING:   5.11358070    
 ROW           7 THEN ADD ALL AICGTH*GTH (wake vortex contributions). LEAVING:   5.11358070    
 ROW           7 THEN ADD ALL AICSIG*SIGK (rotor source contributions), LEAVING:   5.11358070    
 ROW           8 START WITH   5.11360884    
 ROW           8 FIRST OvErWrItE WITH AICQFF*QINF, i.e. Vinf_x. LEAVING:   5.11360884    
 ROW           8 THEN ADD ALL AICGTH*GTH (wake vortex contributions). LEAVING:   5.11360884    
 ROW           8 THEN ADD ALL AICSIG*SIGK (rotor source contributions), LEAVING:   5.11360884    
 ROW           9 START WITH   5.11357784    
 ROW           9 FIRST OvErWrItE WITH AICQFF*QINF, i.e. Vinf_x. LEAVING:   5.11357784    
 ROW           9 THEN ADD ALL AICGTH*GTH (wake vortex contributions). LEAVING:   5.11357784    
 ROW           9 THEN ADD ALL AICSIG*SIGK (rotor source contributions), LEAVING:   5.11357784    
 ROW          10 START WITH   5.11361408    
 ROW          10 FIRST OvErWrItE WITH AICQFF*QINF, i.e. Vinf_x. LEAVING:   5.11361408    
 ROW          10 THEN ADD ALL AICGTH*GTH (wake vortex contributions). LEAVING:   5.11361408    
 ROW          10 THEN ADD ALL AICSIG*SIGK (rotor source contributions), LEAVING:   5.11361408    
 ROW          11 START WITH   5.11355162    
 ROW          11 FIRST OvErWrItE WITH AICQFF*QINF, i.e. Vinf_x. LEAVING:   5.11355162    
 ROW          11 THEN ADD ALL AICGTH*GTH (wake vortex contributions). LEAVING:   5.11355162    
 ROW          11 THEN ADD ALL AICSIG*SIGK (rotor source contributions), LEAVING:   5.11355162    
 ROW          12 START WITH   5.11367321    
 ROW          12 FIRST OvErWrItE WITH AICQFF*QINF, i.e. Vinf_x. LEAVING:   5.11367321    
 ROW          12 THEN ADD ALL AICGTH*GTH (wake vortex contributions). LEAVING:   5.11367321    
 ROW          12 THEN ADD ALL AICSIG*SIGK (rotor source contributions), LEAVING:   5.11367321    
 ROW          13 START WITH   5.11386013    
 ROW          13 FIRST OvErWrItE WITH AICQFF*QINF, i.e. Vinf_x. LEAVING:   5.11386013    
 ROW          13 THEN ADD ALL AICGTH*GTH (wake vortex contributions). LEAVING:   5.11386013    
 ROW          13 THEN ADD ALL AICSIG*SIGK (rotor source contributions), LEAVING:   5.11386013    
 ROW          14 START WITH   5.11327982    
 ROW          14 FIRST OvErWrItE WITH AICQFF*QINF, i.e. Vinf_x. LEAVING:   5.11327982    
 ROW          14 THEN ADD ALL AICGTH*GTH (wake vortex contributions). LEAVING:   5.11327982    
 ROW          14 THEN ADD ALL AICSIG*SIGK (rotor source contributions), LEAVING:   5.11327982    
 ROW          15 START WITH   5.11241865    
 ROW          15 FIRST OvErWrItE WITH AICQFF*QINF, i.e. Vinf_x. LEAVING:   5.11241865    
 ROW          15 THEN ADD ALL AICGTH*GTH (wake vortex contributions). LEAVING:   5.11241865    
 ROW          15 THEN ADD ALL AICSIG*SIGK (rotor source contributions), LEAVING:   5.11241865    
 ROW          16 START WITH   5.11516190    
 ROW          16 FIRST OvErWrItE WITH AICQFF*QINF, i.e. Vinf_x. LEAVING:   5.11516190    
 ROW          16 THEN ADD ALL AICGTH*GTH (wake vortex contributions). LEAVING:   5.11516190    
 ROW          16 THEN ADD ALL AICSIG*SIGK (rotor source contributions), LEAVING:   5.11516190    
 ROW          17 START WITH   5.11826324    
 ROW          17 FIRST OvErWrItE WITH AICQFF*QINF, i.e. Vinf_x. LEAVING:   5.11826324    
 ROW          17 THEN ADD ALL AICGTH*GTH (wake vortex contributions). LEAVING:   5.11826324    
 ROW          17 THEN ADD ALL AICSIG*SIGK (rotor source contributions), LEAVING:   5.11826324    
 ROW          18 START WITH   5.10860395    
 ROW          18 FIRST OvErWrItE WITH AICQFF*QINF, i.e. Vinf_x. LEAVING:   5.10860395    
 ROW          18 THEN ADD ALL AICGTH*GTH (wake vortex contributions). LEAVING:   5.10860395    
 ROW          18 THEN ADD ALL AICSIG*SIGK (rotor source contributions), LEAVING:   5.10860395    
 ROW          19 START WITH   5.09514570    
 ROW          19 FIRST OvErWrItE WITH AICQFF*QINF, i.e. Vinf_x. LEAVING:   5.09514570    
 ROW          19 THEN ADD ALL AICGTH*GTH (wake vortex contributions). LEAVING:   5.09514570    
 ROW          19 THEN ADD ALL AICSIG*SIGK (rotor source contributions), LEAVING:   5.09514570    
 ROW          20 START WITH   5.12180567    
 ROW          20 FIRST OvErWrItE WITH AICQFF*QINF, i.e. Vinf_x. LEAVING:   5.12180567    
 ROW          20 THEN ADD ALL AICGTH*GTH (wake vortex contributions). LEAVING:   5.12180567    
 ROW          20 THEN ADD ALL AICSIG*SIGK (rotor source contributions), LEAVING:   5.12180567    
 ROW          21 START WITH   5.17784834    
 ROW          21 FIRST OvErWrItE WITH AICQFF*QINF, i.e. Vinf_x. LEAVING:   5.17784834    
 ROW          21 THEN ADD ALL AICGTH*GTH (wake vortex contributions). LEAVING:   5.17784834    
 ROW          21 THEN ADD ALL AICSIG*SIGK (rotor source contributions), LEAVING:   5.17784834    
 ROW          22 START WITH   5.14006090    
 ROW          22 FIRST OvErWrItE WITH AICQFF*QINF, i.e. Vinf_x. LEAVING:   5.14006090    
 ROW          22 THEN ADD ALL AICGTH*GTH (wake vortex contributions). LEAVING:   5.14006090    
 ROW          22 THEN ADD ALL AICSIG*SIGK (rotor source contributions), LEAVING:   5.14006090    
 ROW          23 START WITH   4.95483971    
 ROW          23 FIRST OvErWrItE WITH AICQFF*QINF, i.e. Vinf_x. LEAVING:   4.95483971    
 ROW          23 THEN ADD ALL AICGTH*GTH (wake vortex contributions). LEAVING:   4.95483971    
 ROW          23 THEN ADD ALL AICSIG*SIGK (rotor source contributions), LEAVING:   4.95483971    
 ROW          24 START WITH   4.84933662    
 ROW          24 FIRST OvErWrItE WITH AICQFF*QINF, i.e. Vinf_x. LEAVING:   4.84933662    
 ROW          24 THEN ADD ALL AICGTH*GTH (wake vortex contributions). LEAVING:   4.84933662    
 ROW          24 THEN ADD ALL AICSIG*SIGK (rotor source contributions), LEAVING:   4.84933662    
 ROW          25 START WITH   5.16844940    
 ROW          25 FIRST OvErWrItE WITH AICQFF*QINF, i.e. Vinf_x. LEAVING:   5.16844940    
 ROW          25 THEN ADD ALL AICGTH*GTH (wake vortex contributions). LEAVING:   5.16844940    
 ROW          25 THEN ADD ALL AICSIG*SIGK (rotor source contributions), LEAVING:   5.16844940    
 ROW          26 START WITH   5.80152464    
 ROW          26 FIRST OvErWrItE WITH AICQFF*QINF, i.e. Vinf_x. LEAVING:   5.80152464    
 ROW          26 THEN ADD ALL AICGTH*GTH (wake vortex contributions). LEAVING:   5.80152464    
 ROW          26 THEN ADD ALL AICSIG*SIGK (rotor source contributions), LEAVING:   5.80152464    
 ROW          27 START WITH   6.19882536    
 ROW          27 FIRST OvErWrItE WITH AICQFF*QINF, i.e. Vinf_x. LEAVING:   6.19882536    
 ROW          27 THEN ADD ALL AICGTH*GTH (wake vortex contributions). LEAVING:   6.19882536    
 ROW          27 THEN ADD ALL AICSIG*SIGK (rotor source contributions), LEAVING:   6.19882536    
 ROW          28 START WITH   5.68710089    
 ROW          28 FIRST OvErWrItE WITH AICQFF*QINF, i.e. Vinf_x. LEAVING:   5.68710089    
 ROW          28 THEN ADD ALL AICGTH*GTH (wake vortex contributions). LEAVING:   5.68710089    
 ROW          28 THEN ADD ALL AICSIG*SIGK (rotor source contributions), LEAVING:   5.68710089    
 ROW          29 START WITH   4.47400856    
 ROW          29 FIRST OvErWrItE WITH AICQFF*QINF, i.e. Vinf_x. LEAVING:   4.47400856    
 ROW          29 THEN ADD ALL AICGTH*GTH (wake vortex contributions). LEAVING:   4.47400856    
 ROW          29 THEN ADD ALL AICSIG*SIGK (rotor source contributions), LEAVING:   4.47400856    
 ROW          30 START WITH   2.79167390    
 ROW          30 FIRST OvErWrItE WITH AICQFF*QINF, i.e. Vinf_x. LEAVING:   2.79167390    
 ROW          30 THEN ADD ALL AICGTH*GTH (wake vortex contributions). LEAVING:   2.79167390    
 ROW          30 THEN ADD ALL AICSIG*SIGK (rotor source contributions), LEAVING:   2.79167390    
 ROW          31 START WITH   1.09381533    
 ROW          31 FIRST OvErWrItE WITH AICQFF*QINF, i.e. Vinf_x. LEAVING:   1.09381533    
 ROW          31 THEN ADD ALL AICGTH*GTH (wake vortex contributions). LEAVING:   1.09381533    
 ROW          31 THEN ADD ALL AICSIG*SIGK (rotor source contributions), LEAVING:   1.09381533    
 ROW          32 START WITH -0.145450294    
 ROW          32 FIRST OvErWrItE WITH AICQFF*QINF, i.e. Vinf_x. LEAVING: -0.145450294    
 ROW          32 THEN ADD ALL AICGTH*GTH (wake vortex contributions). LEAVING: -0.145450294    
 ROW          32 THEN ADD ALL AICSIG*SIGK (rotor source contributions), LEAVING: -0.145450294    
 ROW          33 START WITH -0.791110992    
 ROW          33 FIRST OvErWrItE WITH AICQFF*QINF, i.e. Vinf_x. LEAVING: -0.791110992    
 ROW          33 THEN ADD ALL AICGTH*GTH (wake vortex contributions). LEAVING: -0.791110992    
 ROW          33 THEN ADD ALL AICSIG*SIGK (rotor source contributions), LEAVING: -0.791110992    
 ROW          34 START WITH -0.615933597    
 ROW          34 FIRST OvErWrItE WITH AICQFF*QINF, i.e. Vinf_x. LEAVING: -0.615933597    
 ROW          34 THEN ADD ALL AICGTH*GTH (wake vortex contributions). LEAVING: -0.615933597    
 ROW          34 THEN ADD ALL AICSIG*SIGK (rotor source contributions), LEAVING: -0.615933597    
 ROW          35 START WITH  -5.99655136E-02
 ROW          35 FIRST OvErWrItE WITH AICQFF*QINF, i.e. Vinf_x. LEAVING:  -5.99655136E-02
 ROW          35 THEN ADD ALL AICGTH*GTH (wake vortex contributions). LEAVING:  -5.99655136E-02
 ROW          35 THEN ADD ALL AICSIG*SIGK (rotor source contributions), LEAVING:  -5.99655136E-02
 ROW          36 START WITH  0.208478138    
 ROW          36 FIRST OvErWrItE WITH AICQFF*QINF, i.e. Vinf_x. LEAVING:  0.208478138    
 ROW          36 THEN ADD ALL AICGTH*GTH (wake vortex contributions). LEAVING:  0.208478138    
 ROW          36 THEN ADD ALL AICSIG*SIGK (rotor source contributions), LEAVING:  0.208478138    
 ROW          37 START WITH  0.138950080    
 ROW          37 FIRST OvErWrItE WITH AICQFF*QINF, i.e. Vinf_x. LEAVING:  0.138950080    
 ROW          37 THEN ADD ALL AICGTH*GTH (wake vortex contributions). LEAVING:  0.138950080    
 ROW          37 THEN ADD ALL AICSIG*SIGK (rotor source contributions), LEAVING:  0.138950080    
 ROW          38 START WITH  -1.99471395E-02
 ROW          38 FIRST OvErWrItE WITH AICQFF*QINF, i.e. Vinf_x. LEAVING:  -1.99471395E-02
 ROW          38 THEN ADD ALL AICGTH*GTH (wake vortex contributions). LEAVING:  -1.99471395E-02
 ROW          38 THEN ADD ALL AICSIG*SIGK (rotor source contributions), LEAVING:  -1.99471395E-02
 ROW          39 START WITH  -5.56908585E-02
 ROW          39 FIRST OvErWrItE WITH AICQFF*QINF, i.e. Vinf_x. LEAVING:  -5.56908585E-02
 ROW          39 THEN ADD ALL AICGTH*GTH (wake vortex contributions). LEAVING:  -5.56908585E-02
 ROW          39 THEN ADD ALL AICSIG*SIGK (rotor source contributions), LEAVING:  -5.56908585E-02
 ROW          40 START WITH  -8.38687923E-03
 ROW          40 FIRST OvErWrItE WITH AICQFF*QINF, i.e. Vinf_x. LEAVING:  -8.38687923E-03
 ROW          40 THEN ADD ALL AICGTH*GTH (wake vortex contributions). LEAVING:  -8.38687923E-03
 ROW          40 THEN ADD ALL AICSIG*SIGK (rotor source contributions), LEAVING:  -8.38687923E-03
 ROW          41 START WITH   1.51784141E-02
 ROW          41 FIRST OvErWrItE WITH AICQFF*QINF, i.e. Vinf_x. LEAVING:   1.51784141E-02
 ROW          41 THEN ADD ALL AICGTH*GTH (wake vortex contributions). LEAVING:   1.51784141E-02
 ROW          41 THEN ADD ALL AICSIG*SIGK (rotor source contributions), LEAVING:   1.51784141E-02
 ROW          42 START WITH   6.14810502E-03
 ROW          42 FIRST OvErWrItE WITH AICQFF*QINF, i.e. Vinf_x. LEAVING:   6.14810502E-03
 ROW          42 THEN ADD ALL AICGTH*GTH (wake vortex contributions). LEAVING:   6.14810502E-03
 ROW          42 THEN ADD ALL AICSIG*SIGK (rotor source contributions), LEAVING:   6.14810502E-03
 ROW          43 START WITH  -3.33885662E-03
 ROW          43 FIRST OvErWrItE WITH AICQFF*QINF, i.e. Vinf_x. LEAVING:  -3.33885662E-03
 ROW          43 THEN ADD ALL AICGTH*GTH (wake vortex contributions). LEAVING:  -3.33885662E-03
 ROW          43 THEN ADD ALL AICSIG*SIGK (rotor source contributions), LEAVING:  -3.33885662E-03
 ROW          44 START WITH  -2.54903175E-03
 ROW          44 FIRST OvErWrItE WITH AICQFF*QINF, i.e. Vinf_x. LEAVING:  -2.54903175E-03
 ROW          44 THEN ADD ALL AICGTH*GTH (wake vortex contributions). LEAVING:  -2.54903175E-03
 ROW          44 THEN ADD ALL AICSIG*SIGK (rotor source contributions), LEAVING:  -2.54903175E-03
 ROW          45 START WITH   5.96095575E-04
 ROW          45 FIRST OvErWrItE WITH AICQFF*QINF, i.e. Vinf_x. LEAVING:   5.96095575E-04
 ROW          45 THEN ADD ALL AICGTH*GTH (wake vortex contributions). LEAVING:   5.96095575E-04
 ROW          45 THEN ADD ALL AICSIG*SIGK (rotor source contributions), LEAVING:   5.96095575E-04
 ROW          46 START WITH   8.43835762E-04
 ROW          46 FIRST OvErWrItE WITH AICQFF*QINF, i.e. Vinf_x. LEAVING:   8.43835762E-04
 ROW          46 THEN ADD ALL AICGTH*GTH (wake vortex contributions). LEAVING:   8.43835762E-04
 ROW          46 THEN ADD ALL AICSIG*SIGK (rotor source contributions), LEAVING:   8.43835762E-04
 ROW          47 START WITH  -1.11645219E-04
 ROW          47 FIRST OvErWrItE WITH AICQFF*QINF, i.e. Vinf_x. LEAVING:  -1.11645219E-04
 ROW          47 THEN ADD ALL AICGTH*GTH (wake vortex contributions). LEAVING:  -1.11645219E-04
 ROW          47 THEN ADD ALL AICSIG*SIGK (rotor source contributions), LEAVING:  -1.11645219E-04
 ROW          48 START WITH  -1.86033358E-04
 ROW          48 FIRST OvErWrItE WITH AICQFF*QINF, i.e. Vinf_x. LEAVING:  -1.86033358E-04
 ROW          48 THEN ADD ALL AICGTH*GTH (wake vortex contributions). LEAVING:  -1.86033358E-04
 ROW          48 THEN ADD ALL AICSIG*SIGK (rotor source contributions), LEAVING:  -1.86033358E-04
 ROW          49 START WITH   7.44083663E-05
 ROW          49 FIRST OvErWrItE WITH AICQFF*QINF, i.e. Vinf_x. LEAVING:   7.44083663E-05
 ROW          49 THEN ADD ALL AICGTH*GTH (wake vortex contributions). LEAVING:   7.44083663E-05
 ROW          49 THEN ADD ALL AICSIG*SIGK (rotor source contributions), LEAVING:   7.44083663E-05
 ROW          50 START WITH  -1.48828898E-04
 ROW          50 FIRST OvErWrItE WITH AICQFF*QINF, i.e. Vinf_x. LEAVING:  -1.48828898E-04
 ROW          50 THEN ADD ALL AICGTH*GTH (wake vortex contributions). LEAVING:  -1.48828898E-04
 ROW          50 THEN ADD ALL AICSIG*SIGK (rotor source contributions), LEAVING:  -1.48828898E-04
 ROW          51 START WITH  -1.98479887E-04
 ROW          51 FIRST OvErWrItE WITH AICQFF*QINF, i.e. Vinf_x. LEAVING:  -1.98479887E-04
 ROW          51 THEN ADD ALL AICGTH*GTH (wake vortex contributions). LEAVING:  -1.98479887E-04
 ROW          51 THEN ADD ALL AICSIG*SIGK (rotor source contributions), LEAVING:  -1.98479887E-04
 ROW          52 START WITH   7.57121597E-04
 ROW          52 FIRST OvErWrItE WITH AICQFF*QINF, i.e. Vinf_x. LEAVING:   7.57121597E-04
 ROW          52 THEN ADD ALL AICGTH*GTH (wake vortex contributions). LEAVING:   7.57121597E-04
 ROW          52 THEN ADD ALL AICSIG*SIGK (rotor source contributions), LEAVING:   7.57121597E-04
 ROW          53 START WITH   4.59794130E-04
 ROW          53 FIRST OvErWrItE WITH AICQFF*QINF, i.e. Vinf_x. LEAVING:   4.59794130E-04
 ROW          53 THEN ADD ALL AICGTH*GTH (wake vortex contributions). LEAVING:   4.59794130E-04
 ROW          53 THEN ADD ALL AICSIG*SIGK (rotor source contributions), LEAVING:   4.59794130E-04
 ROW          54 START WITH  -3.37555679E-03
 ROW          54 FIRST OvErWrItE WITH AICQFF*QINF, i.e. Vinf_x. LEAVING:  -3.37555679E-03
 ROW          54 THEN ADD ALL AICGTH*GTH (wake vortex contributions). LEAVING:  -3.37555679E-03
 ROW          54 THEN ADD ALL AICSIG*SIGK (rotor source contributions), LEAVING:  -3.37555679E-03
 ROW          55 START WITH   9.80420504E-04
 ROW          55 FIRST OvErWrItE WITH AICQFF*QINF, i.e. Vinf_x. LEAVING:   9.80420504E-04
 ROW          55 THEN ADD ALL AICGTH*GTH (wake vortex contributions). LEAVING:   9.80420504E-04
 ROW          55 THEN ADD ALL AICSIG*SIGK (rotor source contributions), LEAVING:   9.80420504E-04
 ROW          56 START WITH   1.26016242E-02
 ROW          56 FIRST OvErWrItE WITH AICQFF*QINF, i.e. Vinf_x. LEAVING:   1.26016242E-02
 ROW          56 THEN ADD ALL AICGTH*GTH (wake vortex contributions). LEAVING:   1.26016242E-02
 ROW          56 THEN ADD ALL AICSIG*SIGK (rotor source contributions), LEAVING:   1.26016242E-02
 ROW          57 START WITH  -1.36536593E-02
 ROW          57 FIRST OvErWrItE WITH AICQFF*QINF, i.e. Vinf_x. LEAVING:  -1.36536593E-02
 ROW          57 THEN ADD ALL AICGTH*GTH (wake vortex contributions). LEAVING:  -1.36536593E-02
 ROW          57 THEN ADD ALL AICSIG*SIGK (rotor source contributions), LEAVING:  -1.36536593E-02
 ROW          58 START WITH -0.298678905    
 ROW          58 FIRST OvErWrItE WITH AICQFF*QINF, i.e. Vinf_x. LEAVING: -0.298678905    
 ROW          58 THEN ADD ALL AICGTH*GTH (wake vortex contributions). LEAVING: -0.298678905    
 ROW          58 THEN ADD ALL AICSIG*SIGK (rotor source contributions), LEAVING: -0.298678905    
 ROW          59 START WITH  -1.27649558    
 ROW          59 FIRST OvErWrItE WITH AICQFF*QINF, i.e. Vinf_x. LEAVING:  -1.27649558    
 ROW          59 THEN ADD ALL AICGTH*GTH (wake vortex contributions). LEAVING:  -1.27649558    
 ROW          59 THEN ADD ALL AICSIG*SIGK (rotor source contributions), LEAVING:  -1.27649558    
 ROW          60 START WITH  -2.77901793    
 ROW          60 FIRST OvErWrItE WITH AICQFF*QINF, i.e. Vinf_x. LEAVING:  -2.77901793    
 ROW          60 THEN ADD ALL AICGTH*GTH (wake vortex contributions). LEAVING:  -2.77901793    
 ROW          60 THEN ADD ALL AICSIG*SIGK (rotor source contributions), LEAVING:  -2.77901793    
 ROW          61 START WITH  -4.36750221    
 ROW          61 FIRST OvErWrItE WITH AICQFF*QINF, i.e. Vinf_x. LEAVING:  -4.36750221    
 ROW          61 THEN ADD ALL AICGTH*GTH (wake vortex contributions). LEAVING:  -4.36750221    
 ROW          61 THEN ADD ALL AICSIG*SIGK (rotor source contributions), LEAVING:  -4.36750221    
 ROW          62 START WITH  -5.81916332    
 ROW          62 FIRST OvErWrItE WITH AICQFF*QINF, i.e. Vinf_x. LEAVING:  -5.81916332    
 ROW          62 THEN ADD ALL AICGTH*GTH (wake vortex contributions). LEAVING:  -5.81916332    
 ROW          62 THEN ADD ALL AICSIG*SIGK (rotor source contributions), LEAVING:  -5.81916332    
 ROW          63 START WITH  -7.14954329    
 ROW          63 FIRST OvErWrItE WITH AICQFF*QINF, i.e. Vinf_x. LEAVING:  -7.14954329    
 ROW          63 THEN ADD ALL AICGTH*GTH (wake vortex contributions). LEAVING:  -7.14954329    
 ROW          63 THEN ADD ALL AICSIG*SIGK (rotor source contributions), LEAVING:  -7.14954329    
 ROW          64 START WITH  -8.43732166    
 ROW          64 FIRST OvErWrItE WITH AICQFF*QINF, i.e. Vinf_x. LEAVING:  -8.43732166    
 ROW          64 THEN ADD ALL AICGTH*GTH (wake vortex contributions). LEAVING:  -8.43732166    
 ROW          64 THEN ADD ALL AICSIG*SIGK (rotor source contributions), LEAVING:  -8.43732166    
 ROW          65 START WITH  -9.70792961    
 ROW          65 FIRST OvErWrItE WITH AICQFF*QINF, i.e. Vinf_x. LEAVING:  -9.70792961    
 ROW          65 THEN ADD ALL AICGTH*GTH (wake vortex contributions). LEAVING:  -9.70792961    
 ROW          65 THEN ADD ALL AICSIG*SIGK (rotor source contributions), LEAVING:  -9.70792961    
 ROW          66 START WITH  -10.9448423    
 ROW          66 FIRST OvErWrItE WITH AICQFF*QINF, i.e. Vinf_x. LEAVING:  -10.9448423    
 ROW          66 THEN ADD ALL AICGTH*GTH (wake vortex contributions). LEAVING:  -10.9448423    
 ROW          66 THEN ADD ALL AICSIG*SIGK (rotor source contributions), LEAVING:  -10.9448423    
 ROW          67 START WITH  -12.1190529    
 ROW          67 FIRST OvErWrItE WITH AICQFF*QINF, i.e. Vinf_x. LEAVING:  -12.1190529    
 ROW          67 THEN ADD ALL AICGTH*GTH (wake vortex contributions). LEAVING:  -12.1190529    
 ROW          67 THEN ADD ALL AICSIG*SIGK (rotor source contributions), LEAVING:  -12.1190529    
 ROW          68 START WITH  -13.2258234    
 ROW          68 FIRST OvErWrItE WITH AICQFF*QINF, i.e. Vinf_x. LEAVING:  -13.2258234    
 ROW          68 THEN ADD ALL AICGTH*GTH (wake vortex contributions). LEAVING:  -13.2258234    
 ROW          68 THEN ADD ALL AICSIG*SIGK (rotor source contributions), LEAVING:  -13.2258234    
 ROW          69 START WITH  -14.2762203    
 ROW          69 FIRST OvErWrItE WITH AICQFF*QINF, i.e. Vinf_x. LEAVING:  -14.2762203    
 ROW          69 THEN ADD ALL AICGTH*GTH (wake vortex contributions). LEAVING:  -14.2762203    
 ROW          69 THEN ADD ALL AICSIG*SIGK (rotor source contributions), LEAVING:  -14.2762203    
 ROW          70 START WITH  -15.2646446    
 ROW          70 FIRST OvErWrItE WITH AICQFF*QINF, i.e. Vinf_x. LEAVING:  -15.2646446    
 ROW          70 THEN ADD ALL AICGTH*GTH (wake vortex contributions). LEAVING:  -15.2646446    
 ROW          70 THEN ADD ALL AICSIG*SIGK (rotor source contributions), LEAVING:  -15.2646446    
 ROW          71 START WITH  -16.1723995    
 ROW          71 FIRST OvErWrItE WITH AICQFF*QINF, i.e. Vinf_x. LEAVING:  -16.1723995    
 ROW          71 THEN ADD ALL AICGTH*GTH (wake vortex contributions). LEAVING:  -16.1723995    
 ROW          71 THEN ADD ALL AICSIG*SIGK (rotor source contributions), LEAVING:  -16.1723995    
 ROW          72 START WITH  -16.9913082    
 ROW          72 FIRST OvErWrItE WITH AICQFF*QINF, i.e. Vinf_x. LEAVING:  -16.9913082    
 ROW          72 THEN ADD ALL AICGTH*GTH (wake vortex contributions). LEAVING:  -16.9913082    
 ROW          72 THEN ADD ALL AICSIG*SIGK (rotor source contributions), LEAVING:  -16.9913082    
 ROW          73 START WITH  -17.7194786    
 ROW          73 FIRST OvErWrItE WITH AICQFF*QINF, i.e. Vinf_x. LEAVING:  -17.7194786    
 ROW          73 THEN ADD ALL AICGTH*GTH (wake vortex contributions). LEAVING:  -17.7194786    
 ROW          73 THEN ADD ALL AICSIG*SIGK (rotor source contributions), LEAVING:  -17.7194786    
 ROW          74 START WITH  -18.3523293    
 ROW          74 FIRST OvErWrItE WITH AICQFF*QINF, i.e. Vinf_x. LEAVING:  -18.3523293    
 ROW          74 THEN ADD ALL AICGTH*GTH (wake vortex contributions). LEAVING:  -18.3523293    
 ROW          74 THEN ADD ALL AICSIG*SIGK (rotor source contributions), LEAVING:  -18.3523293    
 ROW          75 START WITH  -18.8872795    
 ROW          75 FIRST OvErWrItE WITH AICQFF*QINF, i.e. Vinf_x. LEAVING:  -18.8872795    
 ROW          75 THEN ADD ALL AICGTH*GTH (wake vortex contributions). LEAVING:  -18.8872795    
 ROW          75 THEN ADD ALL AICSIG*SIGK (rotor source contributions), LEAVING:  -18.8872795    
 ROW          76 START WITH  -19.3194389    
 ROW          76 FIRST OvErWrItE WITH AICQFF*QINF, i.e. Vinf_x. LEAVING:  -19.3194389    
 ROW          76 THEN ADD ALL AICGTH*GTH (wake vortex contributions). LEAVING:  -19.3194389    
 ROW          76 THEN ADD ALL AICSIG*SIGK (rotor source contributions), LEAVING:  -19.3194389    
 ROW          77 START WITH  -19.6470814    
 ROW          77 FIRST OvErWrItE WITH AICQFF*QINF, i.e. Vinf_x. LEAVING:  -19.6470814    
 ROW          77 THEN ADD ALL AICGTH*GTH (wake vortex contributions). LEAVING:  -19.6470814    
 ROW          77 THEN ADD ALL AICSIG*SIGK (rotor source contributions), LEAVING:  -19.6470814    
 ROW          78 START WITH  -19.8703556    
 ROW          78 FIRST OvErWrItE WITH AICQFF*QINF, i.e. Vinf_x. LEAVING:  -19.8703556    
 ROW          78 THEN ADD ALL AICGTH*GTH (wake vortex contributions). LEAVING:  -19.8703556    
 ROW          78 THEN ADD ALL AICSIG*SIGK (rotor source contributions), LEAVING:  -19.8703556    
 ROW          79 START WITH  -19.9851055    
 ROW          79 FIRST OvErWrItE WITH AICQFF*QINF, i.e. Vinf_x. LEAVING:  -19.9851055    
 ROW          79 THEN ADD ALL AICGTH*GTH (wake vortex contributions). LEAVING:  -19.9851055    
 ROW          79 THEN ADD ALL AICSIG*SIGK (rotor source contributions), LEAVING:  -19.9851055    
 ROW          80 START WITH   0.00000000    
 ROW          80 FIRST OvErWrItE WITH AICQFF*QINF, i.e. Vinf_x. LEAVING:   0.00000000    
 ROW          80 THEN ADD ALL AICGTH*GTH (wake vortex contributions). LEAVING:   0.00000000    
 ROW          80 THEN ADD ALL AICSIG*SIGK (rotor source contributions), LEAVING:   0.00000000    
 ROW          81 START WITH   1.75306308    
 ROW          81 FIRST OvErWrItE WITH AICQFF*QINF, i.e. Vinf_x. LEAVING:   1.75306308    
 ROW          81 THEN ADD ALL AICGTH*GTH (wake vortex contributions). LEAVING:   1.75306308    
 ROW          81 THEN ADD ALL AICSIG*SIGK (rotor source contributions), LEAVING:   1.75306308    
 ROW          82 START WITH   2.14612031    
 ROW          82 FIRST OvErWrItE WITH AICQFF*QINF, i.e. Vinf_x. LEAVING:   2.14612031    
 ROW          82 THEN ADD ALL AICGTH*GTH (wake vortex contributions). LEAVING:   2.14612031    
 ROW          82 THEN ADD ALL AICSIG*SIGK (rotor source contributions), LEAVING:   2.14612031    
 ROW          83 START WITH   2.72405005    
 ROW          83 FIRST OvErWrItE WITH AICQFF*QINF, i.e. Vinf_x. LEAVING:   2.72405005    
 ROW          83 THEN ADD ALL AICGTH*GTH (wake vortex contributions). LEAVING:   2.72405005    
 ROW          83 THEN ADD ALL AICSIG*SIGK (rotor source contributions), LEAVING:   2.72405005    
 ROW          84 START WITH   3.31119204    
 ROW          84 FIRST OvErWrItE WITH AICQFF*QINF, i.e. Vinf_x. LEAVING:   3.31119204    
 ROW          84 THEN ADD ALL AICGTH*GTH (wake vortex contributions). LEAVING:   3.31119204    
 ROW          84 THEN ADD ALL AICSIG*SIGK (rotor source contributions), LEAVING:   3.31119204    
 ROW          85 START WITH   3.71862555    
 ROW          85 FIRST OvErWrItE WITH AICQFF*QINF, i.e. Vinf_x. LEAVING:   3.71862555    
 ROW          85 THEN ADD ALL AICGTH*GTH (wake vortex contributions). LEAVING:   3.71862555    
 ROW          85 THEN ADD ALL AICSIG*SIGK (rotor source contributions), LEAVING:   3.71862555    
 ROW          86 START WITH   3.97761297    
 ROW          86 FIRST OvErWrItE WITH AICQFF*QINF, i.e. Vinf_x. LEAVING:   3.97761297    
 ROW          86 THEN ADD ALL AICGTH*GTH (wake vortex contributions). LEAVING:   3.97761297    
 ROW          86 THEN ADD ALL AICSIG*SIGK (rotor source contributions), LEAVING:   3.97761297    
 ROW          87 START WITH   4.07099628    
 ROW          87 FIRST OvErWrItE WITH AICQFF*QINF, i.e. Vinf_x. LEAVING:   4.07099628    
 ROW          87 THEN ADD ALL AICGTH*GTH (wake vortex contributions). LEAVING:   4.07099628    
 ROW          87 THEN ADD ALL AICSIG*SIGK (rotor source contributions), LEAVING:   4.07099628    
 ROW          88 START WITH   4.14974403    
 ROW          88 FIRST OvErWrItE WITH AICQFF*QINF, i.e. Vinf_x. LEAVING:   4.14974403    
 ROW          88 THEN ADD ALL AICGTH*GTH (wake vortex contributions). LEAVING:   4.14974403    
 ROW          88 THEN ADD ALL AICSIG*SIGK (rotor source contributions), LEAVING:   4.14974403    
 ROW          89 START WITH   4.19545126    
 ROW          89 FIRST OvErWrItE WITH AICQFF*QINF, i.e. Vinf_x. LEAVING:   4.19545126    
 ROW          89 THEN ADD ALL AICGTH*GTH (wake vortex contributions). LEAVING:   4.19545126    
 ROW          89 THEN ADD ALL AICSIG*SIGK (rotor source contributions), LEAVING:   4.19545126    
 ROW          90 START WITH   4.12780571    
 ROW          90 FIRST OvErWrItE WITH AICQFF*QINF, i.e. Vinf_x. LEAVING:   4.12780571    
 ROW          90 THEN ADD ALL AICGTH*GTH (wake vortex contributions). LEAVING:   4.12780571    
 ROW          90 THEN ADD ALL AICSIG*SIGK (rotor source contributions), LEAVING:   4.12780571    
 ROW          91 START WITH   3.98463941    
 ROW          91 FIRST OvErWrItE WITH AICQFF*QINF, i.e. Vinf_x. LEAVING:   3.98463941    
 ROW          91 THEN ADD ALL AICGTH*GTH (wake vortex contributions). LEAVING:   3.98463941    
 ROW          91 THEN ADD ALL AICSIG*SIGK (rotor source contributions), LEAVING:   3.98463941    
 ROW          92 START WITH   3.92402077    
 ROW          92 FIRST OvErWrItE WITH AICQFF*QINF, i.e. Vinf_x. LEAVING:   3.92402077    
 ROW          92 THEN ADD ALL AICGTH*GTH (wake vortex contributions). LEAVING:   3.92402077    
 ROW          92 THEN ADD ALL AICSIG*SIGK (rotor source contributions), LEAVING:   3.92402077    
 ROW          93 START WITH   3.71867752    
 ROW          93 FIRST OvErWrItE WITH AICQFF*QINF, i.e. Vinf_x. LEAVING:   3.71867752    
 ROW          93 THEN ADD ALL AICGTH*GTH (wake vortex contributions). LEAVING:   3.71867752    
 ROW          93 THEN ADD ALL AICSIG*SIGK (rotor source contributions), LEAVING:   3.71867752    
 ROW          94 START WITH   3.38651371    
 ROW          94 FIRST OvErWrItE WITH AICQFF*QINF, i.e. Vinf_x. LEAVING:   3.38651371    
 ROW          94 THEN ADD ALL AICGTH*GTH (wake vortex contributions). LEAVING:   3.38651371    
 ROW          94 THEN ADD ALL AICSIG*SIGK (rotor source contributions), LEAVING:   3.38651371    
 ROW          95 START WITH   3.09871101    
 ROW          95 FIRST OvErWrItE WITH AICQFF*QINF, i.e. Vinf_x. LEAVING:   3.09871101    
 ROW          95 THEN ADD ALL AICGTH*GTH (wake vortex contributions). LEAVING:   3.09871101    
 ROW          95 THEN ADD ALL AICSIG*SIGK (rotor source contributions), LEAVING:   3.09871101    
 ROW          96 START WITH   2.75123572    
 ROW          96 FIRST OvErWrItE WITH AICQFF*QINF, i.e. Vinf_x. LEAVING:   2.75123572    
 ROW          96 THEN ADD ALL AICGTH*GTH (wake vortex contributions). LEAVING:   2.75123572    
 ROW          96 THEN ADD ALL AICSIG*SIGK (rotor source contributions), LEAVING:   2.75123572    
 ROW          97 START WITH   2.29827094    
 ROW          97 FIRST OvErWrItE WITH AICQFF*QINF, i.e. Vinf_x. LEAVING:   2.29827094    
 ROW          97 THEN ADD ALL AICGTH*GTH (wake vortex contributions). LEAVING:   2.29827094    
 ROW          97 THEN ADD ALL AICSIG*SIGK (rotor source contributions), LEAVING:   2.29827094    
 ROW          98 START WITH   1.86932790    
 ROW          98 FIRST OvErWrItE WITH AICQFF*QINF, i.e. Vinf_x. LEAVING:   1.86932790    
 ROW          98 THEN ADD ALL AICGTH*GTH (wake vortex contributions). LEAVING:   1.86932790    
 ROW          98 THEN ADD ALL AICSIG*SIGK (rotor source contributions), LEAVING:   1.86932790    
 ROW          99 START WITH   1.50739861    
 ROW          99 FIRST OvErWrItE WITH AICQFF*QINF, i.e. Vinf_x. LEAVING:   1.50739861    
 ROW          99 THEN ADD ALL AICGTH*GTH (wake vortex contributions). LEAVING:   1.50739861    
 ROW          99 THEN ADD ALL AICSIG*SIGK (rotor source contributions), LEAVING:   1.50739861    
 ROW         100 START WITH   1.22734094    
 ROW         100 FIRST OvErWrItE WITH AICQFF*QINF, i.e. Vinf_x. LEAVING:   1.22734094    
 ROW         100 THEN ADD ALL AICGTH*GTH (wake vortex contributions). LEAVING:   1.22734094    
 ROW         100 THEN ADD ALL AICSIG*SIGK (rotor source contributions), LEAVING:   1.22734094    
 ROW         101 START WITH  0.979730725    
 ROW         101 FIRST OvErWrItE WITH AICQFF*QINF, i.e. Vinf_x. LEAVING:  0.979730725    
 ROW         101 THEN ADD ALL AICGTH*GTH (wake vortex contributions). LEAVING:  0.979730725    
 ROW         101 THEN ADD ALL AICSIG*SIGK (rotor source contributions), LEAVING:  0.979730725    
 ROW         102 START WITH  0.666884184    
 ROW         102 FIRST OvErWrItE WITH AICQFF*QINF, i.e. Vinf_x. LEAVING:  0.666884184    
 ROW         102 THEN ADD ALL AICGTH*GTH (wake vortex contributions). LEAVING:  0.666884184    
 ROW         102 THEN ADD ALL AICSIG*SIGK (rotor source contributions), LEAVING:  0.666884184    
 ROW         103 START WITH  0.372196198    
 ROW         103 FIRST OvErWrItE WITH AICQFF*QINF, i.e. Vinf_x. LEAVING:  0.372196198    
 ROW         103 THEN ADD ALL AICGTH*GTH (wake vortex contributions). LEAVING:  0.372196198    
 ROW         103 THEN ADD ALL AICSIG*SIGK (rotor source contributions), LEAVING:  0.372196198    
 ROW         104 START WITH  0.163938850    
 ROW         104 FIRST OvErWrItE WITH AICQFF*QINF, i.e. Vinf_x. LEAVING:  0.163938850    
 ROW         104 THEN ADD ALL AICGTH*GTH (wake vortex contributions). LEAVING:  0.163938850    
 ROW         104 THEN ADD ALL AICSIG*SIGK (rotor source contributions), LEAVING:  0.163938850    
 ROW         105 START WITH  -5.62775843E-02
 ROW         105 FIRST OvErWrItE WITH AICQFF*QINF, i.e. Vinf_x. LEAVING:  -5.62775843E-02
 ROW         105 THEN ADD ALL AICGTH*GTH (wake vortex contributions). LEAVING:  -5.62775843E-02
 ROW         105 THEN ADD ALL AICSIG*SIGK (rotor source contributions), LEAVING:  -5.62775843E-02
 ROW         106 START WITH -0.301774800    
 ROW         106 FIRST OvErWrItE WITH AICQFF*QINF, i.e. Vinf_x. LEAVING: -0.301774800    
 ROW         106 THEN ADD ALL AICGTH*GTH (wake vortex contributions). LEAVING: -0.301774800    
 ROW         106 THEN ADD ALL AICSIG*SIGK (rotor source contributions), LEAVING: -0.301774800    
 ROW         107 START WITH -0.508402288    
 ROW         107 FIRST OvErWrItE WITH AICQFF*QINF, i.e. Vinf_x. LEAVING: -0.508402288    
 ROW         107 THEN ADD ALL AICGTH*GTH (wake vortex contributions). LEAVING: -0.508402288    
 ROW         107 THEN ADD ALL AICSIG*SIGK (rotor source contributions), LEAVING: -0.508402288    
 ROW         108 START WITH -0.706223786    
 ROW         108 FIRST OvErWrItE WITH AICQFF*QINF, i.e. Vinf_x. LEAVING: -0.706223786    
 ROW         108 THEN ADD ALL AICGTH*GTH (wake vortex contributions). LEAVING: -0.706223786    
 ROW         108 THEN ADD ALL AICSIG*SIGK (rotor source contributions), LEAVING: -0.706223786    
 ROW         109 START WITH -0.928072095    
 ROW         109 FIRST OvErWrItE WITH AICQFF*QINF, i.e. Vinf_x. LEAVING: -0.928072095    
 ROW         109 THEN ADD ALL AICGTH*GTH (wake vortex contributions). LEAVING: -0.928072095    
 ROW         109 THEN ADD ALL AICSIG*SIGK (rotor source contributions), LEAVING: -0.928072095    
 ROW         110 START WITH  -1.15583861    
 ROW         110 FIRST OvErWrItE WITH AICQFF*QINF, i.e. Vinf_x. LEAVING:  -1.15583861    
 ROW         110 THEN ADD ALL AICGTH*GTH (wake vortex contributions). LEAVING:  -1.15583861    
 ROW         110 THEN ADD ALL AICSIG*SIGK (rotor source contributions), LEAVING:  -1.15583861    
 ROW         111 START WITH  -1.38110864    
 ROW         111 FIRST OvErWrItE WITH AICQFF*QINF, i.e. Vinf_x. LEAVING:  -1.38110864    
 ROW         111 THEN ADD ALL AICGTH*GTH (wake vortex contributions). LEAVING:  -1.38110864    
 ROW         111 THEN ADD ALL AICSIG*SIGK (rotor source contributions), LEAVING:  -1.38110864    
 ROW         112 START WITH  -1.60380197    
 ROW         112 FIRST OvErWrItE WITH AICQFF*QINF, i.e. Vinf_x. LEAVING:  -1.60380197    
 ROW         112 THEN ADD ALL AICGTH*GTH (wake vortex contributions). LEAVING:  -1.60380197    
 ROW         112 THEN ADD ALL AICSIG*SIGK (rotor source contributions), LEAVING:  -1.60380197    
 ROW         113 START WITH  -1.85128820    
 ROW         113 FIRST OvErWrItE WITH AICQFF*QINF, i.e. Vinf_x. LEAVING:  -1.85128820    
 ROW         113 THEN ADD ALL AICGTH*GTH (wake vortex contributions). LEAVING:  -1.85128820    
 ROW         113 THEN ADD ALL AICSIG*SIGK (rotor source contributions), LEAVING:  -1.85128820    
 ROW         114 START WITH  -2.11215115    
 ROW         114 FIRST OvErWrItE WITH AICQFF*QINF, i.e. Vinf_x. LEAVING:  -2.11215115    
 ROW         114 THEN ADD ALL AICGTH*GTH (wake vortex contributions). LEAVING:  -2.11215115    
 ROW         114 THEN ADD ALL AICSIG*SIGK (rotor source contributions), LEAVING:  -2.11215115    
 ROW         115 START WITH  -2.35382605    
 ROW         115 FIRST OvErWrItE WITH AICQFF*QINF, i.e. Vinf_x. LEAVING:  -2.35382605    
 ROW         115 THEN ADD ALL AICGTH*GTH (wake vortex contributions). LEAVING:  -2.35382605    
 ROW         115 THEN ADD ALL AICSIG*SIGK (rotor source contributions), LEAVING:  -2.35382605    
 ROW         116 START WITH  -2.64909887    
 ROW         116 FIRST OvErWrItE WITH AICQFF*QINF, i.e. Vinf_x. LEAVING:  -2.64909887    
 ROW         116 THEN ADD ALL AICGTH*GTH (wake vortex contributions). LEAVING:  -2.64909887    
 ROW         116 THEN ADD ALL AICSIG*SIGK (rotor source contributions), LEAVING:  -2.64909887    
 ROW         117 START WITH  -2.97995043    
 ROW         117 FIRST OvErWrItE WITH AICQFF*QINF, i.e. Vinf_x. LEAVING:  -2.97995043    
 ROW         117 THEN ADD ALL AICGTH*GTH (wake vortex contributions). LEAVING:  -2.97995043    
 ROW         117 THEN ADD ALL AICSIG*SIGK (rotor source contributions), LEAVING:  -2.97995043    
 ROW         118 START WITH  -3.31289744    
 ROW         118 FIRST OvErWrItE WITH AICQFF*QINF, i.e. Vinf_x. LEAVING:  -3.31289744    
 ROW         118 THEN ADD ALL AICGTH*GTH (wake vortex contributions). LEAVING:  -3.31289744    
 ROW         118 THEN ADD ALL AICSIG*SIGK (rotor source contributions), LEAVING:  -3.31289744    
 ROW         119 START WITH  -3.72612381    
 ROW         119 FIRST OvErWrItE WITH AICQFF*QINF, i.e. Vinf_x. LEAVING:  -3.72612381    
 ROW         119 THEN ADD ALL AICGTH*GTH (wake vortex contributions). LEAVING:  -3.72612381    
 ROW         119 THEN ADD ALL AICSIG*SIGK (rotor source contributions), LEAVING:  -3.72612381    
 ROW         120 START WITH  -4.16402149    
 ROW         120 FIRST OvErWrItE WITH AICQFF*QINF, i.e. Vinf_x. LEAVING:  -4.16402149    
 ROW         120 THEN ADD ALL AICGTH*GTH (wake vortex contributions). LEAVING:  -4.16402149    
 ROW         120 THEN ADD ALL AICSIG*SIGK (rotor source contributions), LEAVING:  -4.16402149    
 ROW         121 START WITH  -4.61395550    
 ROW         121 FIRST OvErWrItE WITH AICQFF*QINF, i.e. Vinf_x. LEAVING:  -4.61395550    
 ROW         121 THEN ADD ALL AICGTH*GTH (wake vortex contributions). LEAVING:  -4.61395550    
 ROW         121 THEN ADD ALL AICSIG*SIGK (rotor source contributions), LEAVING:  -4.61395550    
 ROW         122 START WITH  -5.18991756    
 ROW         122 FIRST OvErWrItE WITH AICQFF*QINF, i.e. Vinf_x. LEAVING:  -5.18991756    
 ROW         122 THEN ADD ALL AICGTH*GTH (wake vortex contributions). LEAVING:  -5.18991756    
 ROW         122 THEN ADD ALL AICSIG*SIGK (rotor source contributions), LEAVING:  -5.18991756    
 ROW         123 START WITH  -5.91834831    
 ROW         123 FIRST OvErWrItE WITH AICQFF*QINF, i.e. Vinf_x. LEAVING:  -5.91834831    
 ROW         123 THEN ADD ALL AICGTH*GTH (wake vortex contributions). LEAVING:  -5.91834831    
 ROW         123 THEN ADD ALL AICSIG*SIGK (rotor source contributions), LEAVING:  -5.91834831    
 ROW         124 START WITH  -6.53694677    
 ROW         124 FIRST OvErWrItE WITH AICQFF*QINF, i.e. Vinf_x. LEAVING:  -6.53694677    
 ROW         124 THEN ADD ALL AICGTH*GTH (wake vortex contributions). LEAVING:  -6.53694677    
 ROW         124 THEN ADD ALL AICSIG*SIGK (rotor source contributions), LEAVING:  -6.53694677    
 ROW         125 START WITH  -7.60047674    
 ROW         125 FIRST OvErWrItE WITH AICQFF*QINF, i.e. Vinf_x. LEAVING:  -7.60047674    
 ROW         125 THEN ADD ALL AICGTH*GTH (wake vortex contributions). LEAVING:  -7.60047674    
 ROW         125 THEN ADD ALL AICSIG*SIGK (rotor source contributions), LEAVING:  -7.60047674    
 ROW         126 START WITH  -8.42417622    
 ROW         126 FIRST OvErWrItE WITH AICQFF*QINF, i.e. Vinf_x. LEAVING:  -8.42417622    
 ROW         126 THEN ADD ALL AICGTH*GTH (wake vortex contributions). LEAVING:  -8.42417622    
 ROW         126 THEN ADD ALL AICSIG*SIGK (rotor source contributions), LEAVING:  -8.42417622    
 ROW         127 START WITH  -12.1457920    
 ROW         127 FIRST OvErWrItE WITH AICQFF*QINF, i.e. Vinf_x. LEAVING:  -12.1457920    
 ROW         127 THEN ADD ALL AICGTH*GTH (wake vortex contributions). LEAVING:  -12.1457920    
 ROW         127 THEN ADD ALL AICSIG*SIGK (rotor source contributions), LEAVING:  -12.1457920    
 ROW         128 START WITH  -17.4313374    
 ROW         128 FIRST OvErWrItE WITH AICQFF*QINF, i.e. Vinf_x. LEAVING:  -17.4313374    
 ROW         128 THEN ADD ALL AICGTH*GTH (wake vortex contributions). LEAVING:  -17.4313374    
 ROW         128 THEN ADD ALL AICSIG*SIGK (rotor source contributions), LEAVING:  -17.4313374    
 ROW         129 START WITH  -18.5369511    
 ROW         129 FIRST OvErWrItE WITH AICQFF*QINF, i.e. Vinf_x. LEAVING:  -18.5369511    
 ROW         129 THEN ADD ALL AICGTH*GTH (wake vortex contributions). LEAVING:  -18.5369511    
 ROW         129 THEN ADD ALL AICSIG*SIGK (rotor source contributions), LEAVING:  -18.5369511    
 ROW         130 START WITH  -18.6346588    
 ROW         130 FIRST OvErWrItE WITH AICQFF*QINF, i.e. Vinf_x. LEAVING:  -18.6346588    
 ROW         130 THEN ADD ALL AICGTH*GTH (wake vortex contributions). LEAVING:  -18.6346588    
 ROW         130 THEN ADD ALL AICSIG*SIGK (rotor source contributions), LEAVING:  -18.6346588    
 ROW         131 START WITH  -17.6619930    
 ROW         131 FIRST OvErWrItE WITH AICQFF*QINF, i.e. Vinf_x. LEAVING:  -17.6619930    
 ROW         131 THEN ADD ALL AICGTH*GTH (wake vortex contributions). LEAVING:  -17.6619930    
 ROW         131 THEN ADD ALL AICSIG*SIGK (rotor source contributions), LEAVING:  -17.6619930    
 ROW         132 START WITH  -13.6069870    
 ROW         132 FIRST OvErWrItE WITH AICQFF*QINF, i.e. Vinf_x. LEAVING:  -13.6069870    
 ROW         132 THEN ADD ALL AICGTH*GTH (wake vortex contributions). LEAVING:  -13.6069870    
 ROW         132 THEN ADD ALL AICSIG*SIGK (rotor source contributions), LEAVING:  -13.6069870    
 ROW         133 START WITH  -9.03540897    
 ROW         133 FIRST OvErWrItE WITH AICQFF*QINF, i.e. Vinf_x. LEAVING:  -9.03540897    
 ROW         133 THEN ADD ALL AICGTH*GTH (wake vortex contributions). LEAVING:  -9.03540897    
 ROW         133 THEN ADD ALL AICSIG*SIGK (rotor source contributions), LEAVING:  -9.03540897    
 ROW         134 START WITH  -7.77051926    
 ROW         134 FIRST OvErWrItE WITH AICQFF*QINF, i.e. Vinf_x. LEAVING:  -7.77051926    
 ROW         134 THEN ADD ALL AICGTH*GTH (wake vortex contributions). LEAVING:  -7.77051926    
 ROW         134 THEN ADD ALL AICSIG*SIGK (rotor source contributions), LEAVING:  -7.77051926    
 ROW         135 START WITH  -6.93673563    
 ROW         135 FIRST OvErWrItE WITH AICQFF*QINF, i.e. Vinf_x. LEAVING:  -6.93673563    
 ROW         135 THEN ADD ALL AICGTH*GTH (wake vortex contributions). LEAVING:  -6.93673563    
 ROW         135 THEN ADD ALL AICSIG*SIGK (rotor source contributions), LEAVING:  -6.93673563    
 ROW         136 START WITH  -6.12147760    
 ROW         136 FIRST OvErWrItE WITH AICQFF*QINF, i.e. Vinf_x. LEAVING:  -6.12147760    
 ROW         136 THEN ADD ALL AICGTH*GTH (wake vortex contributions). LEAVING:  -6.12147760    
 ROW         136 THEN ADD ALL AICSIG*SIGK (rotor source contributions), LEAVING:  -6.12147760    
 ROW         137 START WITH  -5.55167675    
 ROW         137 FIRST OvErWrItE WITH AICQFF*QINF, i.e. Vinf_x. LEAVING:  -5.55167675    
 ROW         137 THEN ADD ALL AICGTH*GTH (wake vortex contributions). LEAVING:  -5.55167675    
 ROW         137 THEN ADD ALL AICSIG*SIGK (rotor source contributions), LEAVING:  -5.55167675    
 ROW         138 START WITH  -4.96101713    
 ROW         138 FIRST OvErWrItE WITH AICQFF*QINF, i.e. Vinf_x. LEAVING:  -4.96101713    
 ROW         138 THEN ADD ALL AICGTH*GTH (wake vortex contributions). LEAVING:  -4.96101713    
 ROW         138 THEN ADD ALL AICSIG*SIGK (rotor source contributions), LEAVING:  -4.96101713    
 ROW         139 START WITH  -4.49387884    
 ROW         139 FIRST OvErWrItE WITH AICQFF*QINF, i.e. Vinf_x. LEAVING:  -4.49387884    
 ROW         139 THEN ADD ALL AICGTH*GTH (wake vortex contributions). LEAVING:  -4.49387884    
 ROW         139 THEN ADD ALL AICSIG*SIGK (rotor source contributions), LEAVING:  -4.49387884    
 ROW         140 START WITH  -4.13529873    
 ROW         140 FIRST OvErWrItE WITH AICQFF*QINF, i.e. Vinf_x. LEAVING:  -4.13529873    
 ROW         140 THEN ADD ALL AICGTH*GTH (wake vortex contributions). LEAVING:  -4.13529873    
 ROW         140 THEN ADD ALL AICSIG*SIGK (rotor source contributions), LEAVING:  -4.13529873    
 ROW         141 START WITH  -3.76330137    
 ROW         141 FIRST OvErWrItE WITH AICQFF*QINF, i.e. Vinf_x. LEAVING:  -3.76330137    
 ROW         141 THEN ADD ALL AICGTH*GTH (wake vortex contributions). LEAVING:  -3.76330137    
 ROW         141 THEN ADD ALL AICSIG*SIGK (rotor source contributions), LEAVING:  -3.76330137    
 ROW         142 START WITH  -3.40845537    
 ROW         142 FIRST OvErWrItE WITH AICQFF*QINF, i.e. Vinf_x. LEAVING:  -3.40845537    
 ROW         142 THEN ADD ALL AICGTH*GTH (wake vortex contributions). LEAVING:  -3.40845537    
 ROW         142 THEN ADD ALL AICSIG*SIGK (rotor source contributions), LEAVING:  -3.40845537    
 ROW         143 START WITH  -3.11460066    
 ROW         143 FIRST OvErWrItE WITH AICQFF*QINF, i.e. Vinf_x. LEAVING:  -3.11460066    
 ROW         143 THEN ADD ALL AICGTH*GTH (wake vortex contributions). LEAVING:  -3.11460066    
 ROW         143 THEN ADD ALL AICSIG*SIGK (rotor source contributions), LEAVING:  -3.11460066    
 ROW         144 START WITH  -2.83940697    
 ROW         144 FIRST OvErWrItE WITH AICQFF*QINF, i.e. Vinf_x. LEAVING:  -2.83940697    
 ROW         144 THEN ADD ALL AICGTH*GTH (wake vortex contributions). LEAVING:  -2.83940697    
 ROW         144 THEN ADD ALL AICSIG*SIGK (rotor source contributions), LEAVING:  -2.83940697    
 ROW         145 START WITH  -2.56845927    
 ROW         145 FIRST OvErWrItE WITH AICQFF*QINF, i.e. Vinf_x. LEAVING:  -2.56845927    
 ROW         145 THEN ADD ALL AICGTH*GTH (wake vortex contributions). LEAVING:  -2.56845927    
 ROW         145 THEN ADD ALL AICSIG*SIGK (rotor source contributions), LEAVING:  -2.56845927    
 ROW         146 START WITH  -2.33200192    
 ROW         146 FIRST OvErWrItE WITH AICQFF*QINF, i.e. Vinf_x. LEAVING:  -2.33200192    
 ROW         146 THEN ADD ALL AICGTH*GTH (wake vortex contributions). LEAVING:  -2.33200192    
 ROW         146 THEN ADD ALL AICSIG*SIGK (rotor source contributions), LEAVING:  -2.33200192    
 ROW         147 START WITH  -2.13123655    
 ROW         147 FIRST OvErWrItE WITH AICQFF*QINF, i.e. Vinf_x. LEAVING:  -2.13123655    
 ROW         147 THEN ADD ALL AICGTH*GTH (wake vortex contributions). LEAVING:  -2.13123655    
 ROW         147 THEN ADD ALL AICSIG*SIGK (rotor source contributions), LEAVING:  -2.13123655    
 ROW         148 START WITH  -1.91738534    
 ROW         148 FIRST OvErWrItE WITH AICQFF*QINF, i.e. Vinf_x. LEAVING:  -1.91738534    
 ROW         148 THEN ADD ALL AICGTH*GTH (wake vortex contributions). LEAVING:  -1.91738534    
 ROW         148 THEN ADD ALL AICSIG*SIGK (rotor source contributions), LEAVING:  -1.91738534    
 ROW         149 START WITH  -1.70377481    
 ROW         149 FIRST OvErWrItE WITH AICQFF*QINF, i.e. Vinf_x. LEAVING:  -1.70377481    
 ROW         149 THEN ADD ALL AICGTH*GTH (wake vortex contributions). LEAVING:  -1.70377481    
 ROW         149 THEN ADD ALL AICSIG*SIGK (rotor source contributions), LEAVING:  -1.70377481    
 ROW         150 START WITH  -1.51103997    
 ROW         150 FIRST OvErWrItE WITH AICQFF*QINF, i.e. Vinf_x. LEAVING:  -1.51103997    
 ROW         150 THEN ADD ALL AICGTH*GTH (wake vortex contributions). LEAVING:  -1.51103997    
 ROW         150 THEN ADD ALL AICSIG*SIGK (rotor source contributions), LEAVING:  -1.51103997    
 ROW         151 START WITH  -1.32707727    
 ROW         151 FIRST OvErWrItE WITH AICQFF*QINF, i.e. Vinf_x. LEAVING:  -1.32707727    
 ROW         151 THEN ADD ALL AICGTH*GTH (wake vortex contributions). LEAVING:  -1.32707727    
 ROW         151 THEN ADD ALL AICSIG*SIGK (rotor source contributions), LEAVING:  -1.32707727    
 ROW         152 START WITH  -1.14002287    
 ROW         152 FIRST OvErWrItE WITH AICQFF*QINF, i.e. Vinf_x. LEAVING:  -1.14002287    
 ROW         152 THEN ADD ALL AICGTH*GTH (wake vortex contributions). LEAVING:  -1.14002287    
 ROW         152 THEN ADD ALL AICSIG*SIGK (rotor source contributions), LEAVING:  -1.14002287    
 ROW         153 START WITH -0.950845957    
 ROW         153 FIRST OvErWrItE WITH AICQFF*QINF, i.e. Vinf_x. LEAVING: -0.950845957    
 ROW         153 THEN ADD ALL AICGTH*GTH (wake vortex contributions). LEAVING: -0.950845957    
 ROW         153 THEN ADD ALL AICSIG*SIGK (rotor source contributions), LEAVING: -0.950845957    
 ROW         154 START WITH -0.763385952    
 ROW         154 FIRST OvErWrItE WITH AICQFF*QINF, i.e. Vinf_x. LEAVING: -0.763385952    
 ROW         154 THEN ADD ALL AICGTH*GTH (wake vortex contributions). LEAVING: -0.763385952    
 ROW         154 THEN ADD ALL AICSIG*SIGK (rotor source contributions), LEAVING: -0.763385952    
 ROW         155 START WITH -0.593363106    
 ROW         155 FIRST OvErWrItE WITH AICQFF*QINF, i.e. Vinf_x. LEAVING: -0.593363106    
 ROW         155 THEN ADD ALL AICGTH*GTH (wake vortex contributions). LEAVING: -0.593363106    
 ROW         155 THEN ADD ALL AICSIG*SIGK (rotor source contributions), LEAVING: -0.593363106    
 ROW         156 START WITH -0.433102220    
 ROW         156 FIRST OvErWrItE WITH AICQFF*QINF, i.e. Vinf_x. LEAVING: -0.433102220    
 ROW         156 THEN ADD ALL AICGTH*GTH (wake vortex contributions). LEAVING: -0.433102220    
 ROW         156 THEN ADD ALL AICSIG*SIGK (rotor source contributions), LEAVING: -0.433102220    
 ROW         157 START WITH -0.249920204    
 ROW         157 FIRST OvErWrItE WITH AICQFF*QINF, i.e. Vinf_x. LEAVING: -0.249920204    
 ROW         157 THEN ADD ALL AICGTH*GTH (wake vortex contributions). LEAVING: -0.249920204    
 ROW         157 THEN ADD ALL AICSIG*SIGK (rotor source contributions), LEAVING: -0.249920204    
 ROW         158 START WITH  -4.52058055E-02
 ROW         158 FIRST OvErWrItE WITH AICQFF*QINF, i.e. Vinf_x. LEAVING:  -4.52058055E-02
 ROW         158 THEN ADD ALL AICGTH*GTH (wake vortex contributions). LEAVING:  -4.52058055E-02
 ROW         158 THEN ADD ALL AICSIG*SIGK (rotor source contributions), LEAVING:  -4.52058055E-02
 ROW         159 START WITH  0.139612973    
 ROW         159 FIRST OvErWrItE WITH AICQFF*QINF, i.e. Vinf_x. LEAVING:  0.139612973    
 ROW         159 THEN ADD ALL AICGTH*GTH (wake vortex contributions). LEAVING:  0.139612973    
 ROW         159 THEN ADD ALL AICSIG*SIGK (rotor source contributions), LEAVING:  0.139612973    
 ROW         160 START WITH  0.302122056    
 ROW         160 FIRST OvErWrItE WITH AICQFF*QINF, i.e. Vinf_x. LEAVING:  0.302122056    
 ROW         160 THEN ADD ALL AICGTH*GTH (wake vortex contributions). LEAVING:  0.302122056    
 ROW         160 THEN ADD ALL AICSIG*SIGK (rotor source contributions), LEAVING:  0.302122056    
 ROW         161 START WITH  0.518164098    
 ROW         161 FIRST OvErWrItE WITH AICQFF*QINF, i.e. Vinf_x. LEAVING:  0.518164098    
 ROW         161 THEN ADD ALL AICGTH*GTH (wake vortex contributions). LEAVING:  0.518164098    
 ROW         161 THEN ADD ALL AICSIG*SIGK (rotor source contributions), LEAVING:  0.518164098    
 ROW         162 START WITH  0.783914804    
 ROW         162 FIRST OvErWrItE WITH AICQFF*QINF, i.e. Vinf_x. LEAVING:  0.783914804    
 ROW         162 THEN ADD ALL AICGTH*GTH (wake vortex contributions). LEAVING:  0.783914804    
 ROW         162 THEN ADD ALL AICSIG*SIGK (rotor source contributions), LEAVING:  0.783914804    
 ROW         163 START WITH   1.02935648    
 ROW         163 FIRST OvErWrItE WITH AICQFF*QINF, i.e. Vinf_x. LEAVING:   1.02935648    
 ROW         163 THEN ADD ALL AICGTH*GTH (wake vortex contributions). LEAVING:   1.02935648    
 ROW         163 THEN ADD ALL AICSIG*SIGK (rotor source contributions), LEAVING:   1.02935648    
 ROW         164 START WITH   1.23119557    
 ROW         164 FIRST OvErWrItE WITH AICQFF*QINF, i.e. Vinf_x. LEAVING:   1.23119557    
 ROW         164 THEN ADD ALL AICGTH*GTH (wake vortex contributions). LEAVING:   1.23119557    
 ROW         164 THEN ADD ALL AICSIG*SIGK (rotor source contributions), LEAVING:   1.23119557    
 ROW         165 START WITH   1.45679808    
 ROW         165 FIRST OvErWrItE WITH AICQFF*QINF, i.e. Vinf_x. LEAVING:   1.45679808    
 ROW         165 THEN ADD ALL AICGTH*GTH (wake vortex contributions). LEAVING:   1.45679808    
 ROW         165 THEN ADD ALL AICSIG*SIGK (rotor source contributions), LEAVING:   1.45679808    
 ROW         166 START WITH   1.73977637    
 ROW         166 FIRST OvErWrItE WITH AICQFF*QINF, i.e. Vinf_x. LEAVING:   1.73977637    
 ROW         166 THEN ADD ALL AICGTH*GTH (wake vortex contributions). LEAVING:   1.73977637    
 ROW         166 THEN ADD ALL AICSIG*SIGK (rotor source contributions), LEAVING:   1.73977637    
 ROW         167 START WITH   2.07177258    
 ROW         167 FIRST OvErWrItE WITH AICQFF*QINF, i.e. Vinf_x. LEAVING:   2.07177258    
 ROW         167 THEN ADD ALL AICGTH*GTH (wake vortex contributions). LEAVING:   2.07177258    
 ROW         167 THEN ADD ALL AICSIG*SIGK (rotor source contributions), LEAVING:   2.07177258    
 ROW         168 START WITH   2.44881964    
 ROW         168 FIRST OvErWrItE WITH AICQFF*QINF, i.e. Vinf_x. LEAVING:   2.44881964    
 ROW         168 THEN ADD ALL AICGTH*GTH (wake vortex contributions). LEAVING:   2.44881964    
 ROW         168 THEN ADD ALL AICSIG*SIGK (rotor source contributions), LEAVING:   2.44881964    
 ROW         169 START WITH   2.81283569    
 ROW         169 FIRST OvErWrItE WITH AICQFF*QINF, i.e. Vinf_x. LEAVING:   2.81283569    
 ROW         169 THEN ADD ALL AICGTH*GTH (wake vortex contributions). LEAVING:   2.81283569    
 ROW         169 THEN ADD ALL AICSIG*SIGK (rotor source contributions), LEAVING:   2.81283569    
 ROW         170 START WITH   3.09558392    
 ROW         170 FIRST OvErWrItE WITH AICQFF*QINF, i.e. Vinf_x. LEAVING:   3.09558392    
 ROW         170 THEN ADD ALL AICGTH*GTH (wake vortex contributions). LEAVING:   3.09558392    
 ROW         170 THEN ADD ALL AICSIG*SIGK (rotor source contributions), LEAVING:   3.09558392    
 ROW         171 START WITH   3.32844043    
 ROW         171 FIRST OvErWrItE WITH AICQFF*QINF, i.e. Vinf_x. LEAVING:   3.32844043    
 ROW         171 THEN ADD ALL AICGTH*GTH (wake vortex contributions). LEAVING:   3.32844043    
 ROW         171 THEN ADD ALL AICSIG*SIGK (rotor source contributions), LEAVING:   3.32844043    
 ROW         172 START WITH   3.60698581    
 ROW         172 FIRST OvErWrItE WITH AICQFF*QINF, i.e. Vinf_x. LEAVING:   3.60698581    
 ROW         172 THEN ADD ALL AICGTH*GTH (wake vortex contributions). LEAVING:   3.60698581    
 ROW         172 THEN ADD ALL AICSIG*SIGK (rotor source contributions), LEAVING:   3.60698581    
 ROW         173 START WITH   3.84402847    
 ROW         173 FIRST OvErWrItE WITH AICQFF*QINF, i.e. Vinf_x. LEAVING:   3.84402847    
 ROW         173 THEN ADD ALL AICGTH*GTH (wake vortex contributions). LEAVING:   3.84402847    
 ROW         173 THEN ADD ALL AICSIG*SIGK (rotor source contributions), LEAVING:   3.84402847    
 ROW         174 START WITH   3.94722080    
 ROW         174 FIRST OvErWrItE WITH AICQFF*QINF, i.e. Vinf_x. LEAVING:   3.94722080    
 ROW         174 THEN ADD ALL AICGTH*GTH (wake vortex contributions). LEAVING:   3.94722080    
 ROW         174 THEN ADD ALL AICSIG*SIGK (rotor source contributions), LEAVING:   3.94722080    
 ROW         175 START WITH   3.99924970    
 ROW         175 FIRST OvErWrItE WITH AICQFF*QINF, i.e. Vinf_x. LEAVING:   3.99924970    
 ROW         175 THEN ADD ALL AICGTH*GTH (wake vortex contributions). LEAVING:   3.99924970    
 ROW         175 THEN ADD ALL AICSIG*SIGK (rotor source contributions), LEAVING:   3.99924970    
 ROW         176 START WITH   4.12563276    
 ROW         176 FIRST OvErWrItE WITH AICQFF*QINF, i.e. Vinf_x. LEAVING:   4.12563276    
 ROW         176 THEN ADD ALL AICGTH*GTH (wake vortex contributions). LEAVING:   4.12563276    
 ROW         176 THEN ADD ALL AICSIG*SIGK (rotor source contributions), LEAVING:   4.12563276    
 ROW         177 START WITH   4.19401550    
 ROW         177 FIRST OvErWrItE WITH AICQFF*QINF, i.e. Vinf_x. LEAVING:   4.19401550    
 ROW         177 THEN ADD ALL AICGTH*GTH (wake vortex contributions). LEAVING:   4.19401550    
 ROW         177 THEN ADD ALL AICSIG*SIGK (rotor source contributions), LEAVING:   4.19401550    
 ROW         178 START WITH   4.17610264    
 ROW         178 FIRST OvErWrItE WITH AICQFF*QINF, i.e. Vinf_x. LEAVING:   4.17610264    
