 ROW            2 IS FLOW TANGENCY  (QC dot n) AT POINT IC=           1 WHERE QC=   20.0000000       0.00000000     AND NHAT=  0.255679607      0.966761529     VALUE OF RES(K) IS NOW   5.11359215    
 ROW            3 IS FLOW TANGENCY  (QC dot n) AT POINT IC=           2 WHERE QC=   20.0000000       0.00000000     AND NHAT=  0.255680352      0.966761470     VALUE OF RES(K) IS NOW   5.11360693    
 ROW            4 IS FLOW TANGENCY  (QC dot n) AT POINT IC=           3 WHERE QC=   20.0000000       0.00000000     AND NHAT=  0.255681634      0.966761053     VALUE OF RES(K) IS NOW   5.11363268    
 ROW            5 IS FLOW TANGENCY  (QC dot n) AT POINT IC=           4 WHERE QC=   20.0000000       0.00000000     AND NHAT=  0.255678594      0.966761887     VALUE OF RES(K) IS NOW   5.11357212    
 ROW            6 IS FLOW TANGENCY  (QC dot n) AT POINT IC=           5 WHERE QC=   20.0000000       0.00000000     AND NHAT=  0.255682796      0.966760695     VALUE OF RES(K) IS NOW   5.11365604    
 ROW            7 IS FLOW TANGENCY  (QC dot n) AT POINT IC=           6 WHERE QC=   20.0000000       0.00000000     AND NHAT=  0.255679041      0.966761708     VALUE OF RES(K) IS NOW   5.11358070    
 ROW            8 IS FLOW TANGENCY  (QC dot n) AT POINT IC=           7 WHERE QC=   20.0000000       0.00000000     AND NHAT=  0.255680442      0.966761351     VALUE OF RES(K) IS NOW   5.11360884    
 ROW            9 IS FLOW TANGENCY  (QC dot n) AT POINT IC=           8 WHERE QC=   20.0000000       0.00000000     AND NHAT=  0.255678892      0.966761768     VALUE OF RES(K) IS NOW   5.11357784    
 ROW           10 IS FLOW TANGENCY  (QC dot n) AT POINT IC=           9 WHERE QC=   20.0000000       0.00000000     AND NHAT=  0.255680710      0.966761351     VALUE OF RES(K) IS NOW   5.11361408    
 ROW           11 IS FLOW TANGENCY  (QC dot n) AT POINT IC=          10 WHERE QC=   20.0000000       0.00000000     AND NHAT=  0.255677581      0.966762125     VALUE OF RES(K) IS NOW   5.11355162    
 ROW           12 IS FLOW TANGENCY  (QC dot n) AT POINT IC=          11 WHERE QC=   20.0000000       0.00000000     AND NHAT=  0.255683661      0.966760457     VALUE OF RES(K) IS NOW   5.11367321    
 ROW           13 IS FLOW TANGENCY  (QC dot n) AT POINT IC=          12 WHERE QC=   20.0000000       0.00000000     AND NHAT=  0.255693018      0.966757953     VALUE OF RES(K) IS NOW   5.11386013    
 ROW           14 IS FLOW TANGENCY  (QC dot n) AT POINT IC=          13 WHERE QC=   20.0000000       0.00000000     AND NHAT=  0.255663991      0.966765702     VALUE OF RES(K) IS NOW   5.11327982    
 ROW           15 IS FLOW TANGENCY  (QC dot n) AT POINT IC=          14 WHERE QC=   20.0000000       0.00000000     AND NHAT=  0.255620927      0.966777146     VALUE OF RES(K) IS NOW   5.11241865    
 ROW           16 IS FLOW TANGENCY  (QC dot n) AT POINT IC=          15 WHERE QC=   20.0000000       0.00000000     AND NHAT=  0.255758107      0.966740787     VALUE OF RES(K) IS NOW   5.11516190    
 ROW           17 IS FLOW TANGENCY  (QC dot n) AT POINT IC=          16 WHERE QC=   20.0000000       0.00000000     AND NHAT=  0.255913168      0.966699719     VALUE OF RES(K) IS NOW   5.11826324    
 ROW           18 IS FLOW TANGENCY  (QC dot n) AT POINT IC=          17 WHERE QC=   20.0000000       0.00000000     AND NHAT=  0.255430192      0.966827512     VALUE OF RES(K) IS NOW   5.10860395    
 ROW           19 IS FLOW TANGENCY  (QC dot n) AT POINT IC=          18 WHERE QC=   20.0000000       0.00000000     AND NHAT=  0.254757285      0.967005014     VALUE OF RES(K) IS NOW   5.09514570    
 ROW           20 IS FLOW TANGENCY  (QC dot n) AT POINT IC=          19 WHERE QC=   20.0000000       0.00000000     AND NHAT=  0.256090283      0.966652870     VALUE OF RES(K) IS NOW   5.12180567    
 ROW           21 IS FLOW TANGENCY  (QC dot n) AT POINT IC=          20 WHERE QC=   20.0000000       0.00000000     AND NHAT=  0.258892417      0.965906143     VALUE OF RES(K) IS NOW   5.17784834    
 ROW           22 IS FLOW TANGENCY  (QC dot n) AT POINT IC=          21 WHERE QC=   20.0000000       0.00000000     AND NHAT=  0.257003039      0.966410637     VALUE OF RES(K) IS NOW   5.14006090    
 ROW           23 IS FLOW TANGENCY  (QC dot n) AT POINT IC=          22 WHERE QC=   20.0000000       0.00000000     AND NHAT=  0.247741997      0.968825996     VALUE OF RES(K) IS NOW   4.95483971    
 ROW           24 IS FLOW TANGENCY  (QC dot n) AT POINT IC=          23 WHERE QC=   20.0000000       0.00000000     AND NHAT=  0.242466837      0.970159769     VALUE OF RES(K) IS NOW   4.84933662    
 ROW           25 IS FLOW TANGENCY  (QC dot n) AT POINT IC=          24 WHERE QC=   20.0000000       0.00000000     AND NHAT=  0.258422464      0.966031969     VALUE OF RES(K) IS NOW   5.16844940    
 ROW           26 IS FLOW TANGENCY  (QC dot n) AT POINT IC=          25 WHERE QC=   20.0000000       0.00000000     AND NHAT=  0.290076226      0.957003593     VALUE OF RES(K) IS NOW   5.80152464    
 ROW           27 IS FLOW TANGENCY  (QC dot n) AT POINT IC=          26 WHERE QC=   20.0000000       0.00000000     AND NHAT=  0.309941262      0.950755715     VALUE OF RES(K) IS NOW   6.19882536    
 ROW           28 IS FLOW TANGENCY  (QC dot n) AT POINT IC=          27 WHERE QC=   20.0000000       0.00000000     AND NHAT=  0.284355044      0.958719075     VALUE OF RES(K) IS NOW   5.68710089    
 ROW           29 IS FLOW TANGENCY  (QC dot n) AT POINT IC=          28 WHERE QC=   20.0000000       0.00000000     AND NHAT=  0.223700419      0.974657893     VALUE OF RES(K) IS NOW   4.47400856    
 ROW           30 IS FLOW TANGENCY  (QC dot n) AT POINT IC=          29 WHERE QC=   20.0000000       0.00000000     AND NHAT=  0.139583692      0.990210235     VALUE OF RES(K) IS NOW   2.79167390    
 ROW           31 IS FLOW TANGENCY  (QC dot n) AT POINT IC=          30 WHERE QC=   20.0000000       0.00000000     AND NHAT=   5.46907671E-02  0.998503327     VALUE OF RES(K) IS NOW   1.09381533    
 ROW           32 IS FLOW TANGENCY  (QC dot n) AT POINT IC=          31 WHERE QC=   20.0000000       0.00000000     AND NHAT=  -7.27251498E-03  0.999973536     VALUE OF RES(K) IS NOW -0.145450294    
 ROW           33 IS FLOW TANGENCY  (QC dot n) AT POINT IC=          32 WHERE QC=   20.0000000       0.00000000     AND NHAT=  -3.95555496E-02  0.999217331     VALUE OF RES(K) IS NOW -0.791110992    
 ROW           34 IS FLOW TANGENCY  (QC dot n) AT POINT IC=          33 WHERE QC=   20.0000000       0.00000000     AND NHAT=  -3.07966787E-02  0.999525666     VALUE OF RES(K) IS NOW -0.615933597    
 ROW           35 IS FLOW TANGENCY  (QC dot n) AT POINT IC=          34 WHERE QC=   20.0000000       0.00000000     AND NHAT=  -2.99827568E-03  0.999995530     VALUE OF RES(K) IS NOW  -5.99655136E-02
 ROW           36 IS FLOW TANGENCY  (QC dot n) AT POINT IC=          35 WHERE QC=   20.0000000       0.00000000     AND NHAT=   1.04239071E-02  0.999945700     VALUE OF RES(K) IS NOW  0.208478138    
 ROW           37 IS FLOW TANGENCY  (QC dot n) AT POINT IC=          36 WHERE QC=   20.0000000       0.00000000     AND NHAT=   6.94750436E-03  0.999975860     VALUE OF RES(K) IS NOW  0.138950080    
 ROW           38 IS FLOW TANGENCY  (QC dot n) AT POINT IC=          37 WHERE QC=   20.0000000       0.00000000     AND NHAT=  -9.97356954E-04  0.999999523     VALUE OF RES(K) IS NOW  -1.99471395E-02
 ROW           39 IS FLOW TANGENCY  (QC dot n) AT POINT IC=          38 WHERE QC=   20.0000000       0.00000000     AND NHAT=  -2.78454297E-03  0.999996126     VALUE OF RES(K) IS NOW  -5.56908585E-02
 ROW           40 IS FLOW TANGENCY  (QC dot n) AT POINT IC=          39 WHERE QC=   20.0000000       0.00000000     AND NHAT=  -4.19343967E-04  0.999999881     VALUE OF RES(K) IS NOW  -8.38687923E-03
 ROW           41 IS FLOW TANGENCY  (QC dot n) AT POINT IC=          40 WHERE QC=   20.0000000       0.00000000     AND NHAT=   7.58920680E-04  0.999999642     VALUE OF RES(K) IS NOW   1.51784141E-02
 ROW           42 IS FLOW TANGENCY  (QC dot n) AT POINT IC=          41 WHERE QC=   20.0000000       0.00000000     AND NHAT=   3.07405251E-04  0.999999940     VALUE OF RES(K) IS NOW   6.14810502E-03
 ROW           43 IS FLOW TANGENCY  (QC dot n) AT POINT IC=          42 WHERE QC=   20.0000000       0.00000000     AND NHAT=  -1.66942831E-04   1.00000000     VALUE OF RES(K) IS NOW  -3.33885662E-03
 ROW           44 IS FLOW TANGENCY  (QC dot n) AT POINT IC=          43 WHERE QC=   20.0000000       0.00000000     AND NHAT=  -1.27451582E-04   1.00000000     VALUE OF RES(K) IS NOW  -2.54903175E-03
 ROW           45 IS FLOW TANGENCY  (QC dot n) AT POINT IC=          44 WHERE QC=   20.0000000       0.00000000     AND NHAT=   2.98047780E-05   1.00000000     VALUE OF RES(K) IS NOW   5.96095575E-04
 ROW           46 IS FLOW TANGENCY  (QC dot n) AT POINT IC=          45 WHERE QC=   20.0000000       0.00000000     AND NHAT=   4.21917866E-05  0.999999940     VALUE OF RES(K) IS NOW   8.43835762E-04
 ROW           47 IS FLOW TANGENCY  (QC dot n) AT POINT IC=          46 WHERE QC=   20.0000000       0.00000000     AND NHAT=  -5.58226111E-06   1.00000000     VALUE OF RES(K) IS NOW  -1.11645219E-04
 ROW           48 IS FLOW TANGENCY  (QC dot n) AT POINT IC=          47 WHERE QC=   20.0000000       0.00000000     AND NHAT=  -9.30166789E-06   1.00000000     VALUE OF RES(K) IS NOW  -1.86033358E-04
 ROW           49 IS FLOW TANGENCY  (QC dot n) AT POINT IC=          48 WHERE QC=   20.0000000       0.00000000     AND NHAT=   3.72041814E-06   1.00000000     VALUE OF RES(K) IS NOW   7.44083663E-05
 ROW           50 IS FLOW TANGENCY  (QC dot n) AT POINT IC=          49 WHERE QC=   20.0000000       0.00000000     AND NHAT=  -7.44144518E-06   1.00000000     VALUE OF RES(K) IS NOW  -1.48828898E-04
 ROW           51 IS FLOW TANGENCY  (QC dot n) AT POINT IC=          50 WHERE QC=   20.0000000       0.00000000     AND NHAT=  -9.92399418E-06  0.999999940     VALUE OF RES(K) IS NOW  -1.98479887E-04
 ROW           52 IS FLOW TANGENCY  (QC dot n) AT POINT IC=          51 WHERE QC=   20.0000000       0.00000000     AND NHAT=   3.78560799E-05   1.00000000     VALUE OF RES(K) IS NOW   7.57121597E-04
 ROW           53 IS FLOW TANGENCY  (QC dot n) AT POINT IC=          52 WHERE QC=   20.0000000       0.00000000     AND NHAT=   2.29897068E-05   1.00000000     VALUE OF RES(K) IS NOW   4.59794130E-04
 ROW           54 IS FLOW TANGENCY  (QC dot n) AT POINT IC=          53 WHERE QC=   20.0000000       0.00000000     AND NHAT=  -1.68777842E-04  0.999999940     VALUE OF RES(K) IS NOW  -3.37555679E-03
 ROW           55 IS FLOW TANGENCY  (QC dot n) AT POINT IC=          54 WHERE QC=   20.0000000       0.00000000     AND NHAT=   4.90210223E-05  0.999999940     VALUE OF RES(K) IS NOW   9.80420504E-04
 ROW           56 IS FLOW TANGENCY  (QC dot n) AT POINT IC=          55 WHERE QC=   20.0000000       0.00000000     AND NHAT=   6.30081224E-04  0.999999821     VALUE OF RES(K) IS NOW   1.26016242E-02
 ROW           57 IS FLOW TANGENCY  (QC dot n) AT POINT IC=          56 WHERE QC=   20.0000000       0.00000000     AND NHAT=  -6.82682963E-04  0.999999702     VALUE OF RES(K) IS NOW  -1.36536593E-02
 ROW           58 IS FLOW TANGENCY  (QC dot n) AT POINT IC=          57 WHERE QC=   20.0000000       0.00000000     AND NHAT=  -1.49339447E-02  0.999888539     VALUE OF RES(K) IS NOW -0.298678905    
 ROW           59 IS FLOW TANGENCY  (QC dot n) AT POINT IC=          58 WHERE QC=   20.0000000       0.00000000     AND NHAT=  -6.38247803E-02  0.997961104     VALUE OF RES(K) IS NOW  -1.27649558    
 ROW           60 IS FLOW TANGENCY  (QC dot n) AT POINT IC=          59 WHERE QC=   20.0000000       0.00000000     AND NHAT= -0.138950899      0.990299284     VALUE OF RES(K) IS NOW  -2.77901793    
 ROW           61 IS FLOW TANGENCY  (QC dot n) AT POINT IC=          60 WHERE QC=   20.0000000       0.00000000     AND NHAT= -0.218375102      0.975864947     VALUE OF RES(K) IS NOW  -4.36750221    
 ROW           62 IS FLOW TANGENCY  (QC dot n) AT POINT IC=          61 WHERE QC=   20.0000000       0.00000000     AND NHAT= -0.290958166      0.956735730     VALUE OF RES(K) IS NOW  -5.81916332    
 ROW           63 IS FLOW TANGENCY  (QC dot n) AT POINT IC=          62 WHERE QC=   20.0000000       0.00000000     AND NHAT= -0.357477158      0.933921874     VALUE OF RES(K) IS NOW  -7.14954329    
 ROW           64 IS FLOW TANGENCY  (QC dot n) AT POINT IC=          63 WHERE QC=   20.0000000       0.00000000     AND NHAT= -0.421866089      0.906658113     VALUE OF RES(K) IS NOW  -8.43732166    
 ROW           65 IS FLOW TANGENCY  (QC dot n) AT POINT IC=          64 WHERE QC=   20.0000000       0.00000000     AND NHAT= -0.485396475      0.874294162     VALUE OF RES(K) IS NOW  -9.70792961    
 ROW           66 IS FLOW TANGENCY  (QC dot n) AT POINT IC=          65 WHERE QC=   20.0000000       0.00000000     AND NHAT= -0.547242105      0.836974382     VALUE OF RES(K) IS NOW  -10.9448423    
 ROW           67 IS FLOW TANGENCY  (QC dot n) AT POINT IC=          66 WHERE QC=   20.0000000       0.00000000     AND NHAT= -0.605952621      0.795500755     VALUE OF RES(K) IS NOW  -12.1190529    
 ROW           68 IS FLOW TANGENCY  (QC dot n) AT POINT IC=          67 WHERE QC=   20.0000000       0.00000000     AND NHAT= -0.661291182      0.750129402     VALUE OF RES(K) IS NOW  -13.2258234    
 ROW           69 IS FLOW TANGENCY  (QC dot n) AT POINT IC=          68 WHERE QC=   20.0000000       0.00000000     AND NHAT= -0.713811040      0.700338304     VALUE OF RES(K) IS NOW  -14.2762203    
 ROW           70 IS FLOW TANGENCY  (QC dot n) AT POINT IC=          69 WHERE QC=   20.0000000       0.00000000     AND NHAT= -0.763232231      0.646124363     VALUE OF RES(K) IS NOW  -15.2646446    
 ROW           71 IS FLOW TANGENCY  (QC dot n) AT POINT IC=          70 WHERE QC=   20.0000000       0.00000000     AND NHAT= -0.808619976      0.588331223     VALUE OF RES(K) IS NOW  -16.1723995    
 ROW           72 IS FLOW TANGENCY  (QC dot n) AT POINT IC=          71 WHERE QC=   20.0000000       0.00000000     AND NHAT= -0.849565387      0.527483344     VALUE OF RES(K) IS NOW  -16.9913082    
 ROW           73 IS FLOW TANGENCY  (QC dot n) AT POINT IC=          72 WHERE QC=   20.0000000       0.00000000     AND NHAT= -0.885973930      0.463735074     VALUE OF RES(K) IS NOW  -17.7194786    
 ROW           74 IS FLOW TANGENCY  (QC dot n) AT POINT IC=          73 WHERE QC=   20.0000000       0.00000000     AND NHAT= -0.917616427      0.397467107     VALUE OF RES(K) IS NOW  -18.3523293    
 ROW           75 IS FLOW TANGENCY  (QC dot n) AT POINT IC=          74 WHERE QC=   20.0000000       0.00000000     AND NHAT= -0.944364011      0.328902125     VALUE OF RES(K) IS NOW  -18.8872795    
 ROW           76 IS FLOW TANGENCY  (QC dot n) AT POINT IC=          75 WHERE QC=   20.0000000       0.00000000     AND NHAT= -0.965971947      0.258646727     VALUE OF RES(K) IS NOW  -19.3194389    
 ROW           77 IS FLOW TANGENCY  (QC dot n) AT POINT IC=          76 WHERE QC=   20.0000000       0.00000000     AND NHAT= -0.982354045      0.187030330     VALUE OF RES(K) IS NOW  -19.6470814    
 ROW           78 IS FLOW TANGENCY  (QC dot n) AT POINT IC=          77 WHERE QC=   20.0000000       0.00000000     AND NHAT= -0.993517816      0.113675945     VALUE OF RES(K) IS NOW  -19.8703556    
 ROW           79 IS FLOW TANGENCY  (QC dot n) AT POINT IC=          78 WHERE QC=   20.0000000       0.00000000     AND NHAT= -0.999255240       3.85882929E-02 VALUE OF RES(K) IS NOW  -19.9851055    
 ROW           81 IS FLOW TANGENCY  (QC dot n) AT POINT IC=          79 WHERE QC=   20.0000000       0.00000000     AND NHAT=   8.76531526E-02  0.996151030     VALUE OF RES(K) IS NOW   1.75306308    
 ROW           82 IS FLOW TANGENCY  (QC dot n) AT POINT IC=          80 WHERE QC=   20.0000000       0.00000000     AND NHAT=  0.107306018      0.994226038     VALUE OF RES(K) IS NOW   2.14612031    
 ROW           83 IS FLOW TANGENCY  (QC dot n) AT POINT IC=          81 WHERE QC=   20.0000000       0.00000000     AND NHAT=  0.136202499      0.990680993     VALUE OF RES(K) IS NOW   2.72405005    
 ROW           84 IS FLOW TANGENCY  (QC dot n) AT POINT IC=          82 WHERE QC=   20.0000000       0.00000000     AND NHAT=  0.165559605      0.986199737     VALUE OF RES(K) IS NOW   3.31119204    
 ROW           85 IS FLOW TANGENCY  (QC dot n) AT POINT IC=          83 WHERE QC=   20.0000000       0.00000000     AND NHAT=  0.185931280      0.982562721     VALUE OF RES(K) IS NOW   3.71862555    
 ROW           86 IS FLOW TANGENCY  (QC dot n) AT POINT IC=          84 WHERE QC=   20.0000000       0.00000000     AND NHAT=  0.198880643      0.980023742     VALUE OF RES(K) IS NOW   3.97761297    
 ROW           87 IS FLOW TANGENCY  (QC dot n) AT POINT IC=          85 WHERE QC=   20.0000000       0.00000000     AND NHAT=  0.203549802      0.979064584     VALUE OF RES(K) IS NOW   4.07099628    
 ROW           88 IS FLOW TANGENCY  (QC dot n) AT POINT IC=          86 WHERE QC=   20.0000000       0.00000000     AND NHAT=  0.207487211      0.978237808     VALUE OF RES(K) IS NOW   4.14974403    
 ROW           89 IS FLOW TANGENCY  (QC dot n) AT POINT IC=          87 WHERE QC=   20.0000000       0.00000000     AND NHAT=  0.209772572      0.977750182     VALUE OF RES(K) IS NOW   4.19545126    
 ROW           90 IS FLOW TANGENCY  (QC dot n) AT POINT IC=          88 WHERE QC=   20.0000000       0.00000000     AND NHAT=  0.206390277      0.978469670     VALUE OF RES(K) IS NOW   4.12780571    
 ROW           91 IS FLOW TANGENCY  (QC dot n) AT POINT IC=          89 WHERE QC=   20.0000000       0.00000000     AND NHAT=  0.199231967      0.979952395     VALUE OF RES(K) IS NOW   3.98463941    
 ROW           92 IS FLOW TANGENCY  (QC dot n) AT POINT IC=          90 WHERE QC=   20.0000000       0.00000000     AND NHAT=  0.196201041      0.980563700     VALUE OF RES(K) IS NOW   3.92402077    
 ROW           93 IS FLOW TANGENCY  (QC dot n) AT POINT IC=          91 WHERE QC=   20.0000000       0.00000000     AND NHAT=  0.185933873      0.982562304     VALUE OF RES(K) IS NOW   3.71867752    
 ROW           94 IS FLOW TANGENCY  (QC dot n) AT POINT IC=          92 WHERE QC=   20.0000000       0.00000000     AND NHAT=  0.169325680      0.985560119     VALUE OF RES(K) IS NOW   3.38651371    
 ROW           95 IS FLOW TANGENCY  (QC dot n) AT POINT IC=          93 WHERE QC=   20.0000000       0.00000000     AND NHAT=  0.154935554      0.987924516     VALUE OF RES(K) IS NOW   3.09871101    
 ROW           96 IS FLOW TANGENCY  (QC dot n) AT POINT IC=          94 WHERE QC=   20.0000000       0.00000000     AND NHAT=  0.137561783      0.990493119     VALUE OF RES(K) IS NOW   2.75123572    
 ROW           97 IS FLOW TANGENCY  (QC dot n) AT POINT IC=          95 WHERE QC=   20.0000000       0.00000000     AND NHAT=  0.114913546      0.993375480     VALUE OF RES(K) IS NOW   2.29827094    
 ROW           98 IS FLOW TANGENCY  (QC dot n) AT POINT IC=          96 WHERE QC=   20.0000000       0.00000000     AND NHAT=   9.34663936E-02  0.995622396     VALUE OF RES(K) IS NOW   1.86932790    
 ROW           99 IS FLOW TANGENCY  (QC dot n) AT POINT IC=          97 WHERE QC=   20.0000000       0.00000000     AND NHAT=   7.53699318E-02  0.997155666     VALUE OF RES(K) IS NOW   1.50739861    
 ROW          100 IS FLOW TANGENCY  (QC dot n) AT POINT IC=          98 WHERE QC=   20.0000000       0.00000000     AND NHAT=   6.13670461E-02  0.998115301     VALUE OF RES(K) IS NOW   1.22734094    
 ROW          101 IS FLOW TANGENCY  (QC dot n) AT POINT IC=          99 WHERE QC=   20.0000000       0.00000000     AND NHAT=   4.89865355E-02  0.998799384     VALUE OF RES(K) IS NOW  0.979730725    
 ROW          102 IS FLOW TANGENCY  (QC dot n) AT POINT IC=         100 WHERE QC=   20.0000000       0.00000000     AND NHAT=   3.33442092E-02  0.999444008     VALUE OF RES(K) IS NOW  0.666884184    
 ROW          103 IS FLOW TANGENCY  (QC dot n) AT POINT IC=         101 WHERE QC=   20.0000000       0.00000000     AND NHAT=   1.86098106E-02  0.999826849     VALUE OF RES(K) IS NOW  0.372196198    
 ROW          104 IS FLOW TANGENCY  (QC dot n) AT POINT IC=         102 WHERE QC=   20.0000000       0.00000000     AND NHAT=   8.19694251E-03  0.999966443     VALUE OF RES(K) IS NOW  0.163938850    
 ROW          105 IS FLOW TANGENCY  (QC dot n) AT POINT IC=         103 WHERE QC=   20.0000000       0.00000000     AND NHAT=  -2.81387917E-03  0.999996006     VALUE OF RES(K) IS NOW  -5.62775843E-02
 ROW          106 IS FLOW TANGENCY  (QC dot n) AT POINT IC=         104 WHERE QC=   20.0000000       0.00000000     AND NHAT=  -1.50887407E-02  0.999886155     VALUE OF RES(K) IS NOW -0.301774800    
 ROW          107 IS FLOW TANGENCY  (QC dot n) AT POINT IC=         105 WHERE QC=   20.0000000       0.00000000     AND NHAT=  -2.54201144E-02  0.999676824     VALUE OF RES(K) IS NOW -0.508402288    
 ROW          108 IS FLOW TANGENCY  (QC dot n) AT POINT IC=         106 WHERE QC=   20.0000000       0.00000000     AND NHAT=  -3.53111885E-02  0.999376297     VALUE OF RES(K) IS NOW -0.706223786    
 ROW          109 IS FLOW TANGENCY  (QC dot n) AT POINT IC=         107 WHERE QC=   20.0000000       0.00000000     AND NHAT=  -4.64036055E-02  0.998922825     VALUE OF RES(K) IS NOW -0.928072095    
 ROW          110 IS FLOW TANGENCY  (QC dot n) AT POINT IC=         108 WHERE QC=   20.0000000       0.00000000     AND NHAT=  -5.77919297E-02  0.998328686     VALUE OF RES(K) IS NOW  -1.15583861    
 ROW          111 IS FLOW TANGENCY  (QC dot n) AT POINT IC=         109 WHERE QC=   20.0000000       0.00000000     AND NHAT=  -6.90554306E-02  0.997612834     VALUE OF RES(K) IS NOW  -1.38110864    
 ROW          112 IS FLOW TANGENCY  (QC dot n) AT POINT IC=         110 WHERE QC=   20.0000000       0.00000000     AND NHAT=  -8.01900998E-02  0.996779561     VALUE OF RES(K) IS NOW  -1.60380197    
 ROW          113 IS FLOW TANGENCY  (QC dot n) AT POINT IC=         111 WHERE QC=   20.0000000       0.00000000     AND NHAT=  -9.25644115E-02  0.995706677     VALUE OF RES(K) IS NOW  -1.85128820    
 ROW          114 IS FLOW TANGENCY  (QC dot n) AT POINT IC=         112 WHERE QC=   20.0000000       0.00000000     AND NHAT= -0.105607554      0.994407833     VALUE OF RES(K) IS NOW  -2.11215115    
 ROW          115 IS FLOW TANGENCY  (QC dot n) AT POINT IC=         113 WHERE QC=   20.0000000       0.00000000     AND NHAT= -0.117691308      0.993050277     VALUE OF RES(K) IS NOW  -2.35382605    
 ROW          116 IS FLOW TANGENCY  (QC dot n) AT POINT IC=         114 WHERE QC=   20.0000000       0.00000000     AND NHAT= -0.132454947      0.991189003     VALUE OF RES(K) IS NOW  -2.64909887    
 ROW          117 IS FLOW TANGENCY  (QC dot n) AT POINT IC=         115 WHERE QC=   20.0000000       0.00000000     AND NHAT= -0.148997515      0.988837600     VALUE OF RES(K) IS NOW  -2.97995043    
 ROW          118 IS FLOW TANGENCY  (QC dot n) AT POINT IC=         116 WHERE QC=   20.0000000       0.00000000     AND NHAT= -0.165644869      0.986185431     VALUE OF RES(K) IS NOW  -3.31289744    
 ROW          119 IS FLOW TANGENCY  (QC dot n) AT POINT IC=         117 WHERE QC=   20.0000000       0.00000000     AND NHAT= -0.186306193      0.982491732     VALUE OF RES(K) IS NOW  -3.72612381    
 ROW          120 IS FLOW TANGENCY  (QC dot n) AT POINT IC=         118 WHERE QC=   20.0000000       0.00000000     AND NHAT= -0.208201081      0.978086114     VALUE OF RES(K) IS NOW  -4.16402149    
 ROW          121 IS FLOW TANGENCY  (QC dot n) AT POINT IC=         119 WHERE QC=   20.0000000       0.00000000     AND NHAT= -0.230697766      0.973025501     VALUE OF RES(K) IS NOW  -4.61395550    
 ROW          122 IS FLOW TANGENCY  (QC dot n) AT POINT IC=         120 WHERE QC=   20.0000000       0.00000000     AND NHAT= -0.259495884      0.965744257     VALUE OF RES(K) IS NOW  -5.18991756    
 ROW          123 IS FLOW TANGENCY  (QC dot n) AT POINT IC=         121 WHERE QC=   20.0000000       0.00000000     AND NHAT= -0.295917422      0.955213547     VALUE OF RES(K) IS NOW  -5.91834831    
 ROW          124 IS FLOW TANGENCY  (QC dot n) AT POINT IC=         122 WHERE QC=   20.0000000       0.00000000     AND NHAT= -0.326847345      0.945077121     VALUE OF RES(K) IS NOW  -6.53694677    
 ROW          125 IS FLOW TANGENCY  (QC dot n) AT POINT IC=         123 WHERE QC=   20.0000000       0.00000000     AND NHAT= -0.380023837      0.924976647     VALUE OF RES(K) IS NOW  -7.60047674    
 ROW          126 IS FLOW TANGENCY  (QC dot n) AT POINT IC=         124 WHERE QC=   20.0000000       0.00000000     AND NHAT= -0.421208829      0.906963706     VALUE OF RES(K) IS NOW  -8.42417622    
 ROW          127 IS FLOW TANGENCY  (QC dot n) AT POINT IC=         125 WHERE QC=   20.0000000       0.00000000     AND NHAT= -0.607289612      0.794480562     VALUE OF RES(K) IS NOW  -12.1457920    
 ROW          128 IS FLOW TANGENCY  (QC dot n) AT POINT IC=         126 WHERE QC=   20.0000000       0.00000000     AND NHAT= -0.871566832      0.490276664     VALUE OF RES(K) IS NOW  -17.4313374    
 ROW          129 IS FLOW TANGENCY  (QC dot n) AT POINT IC=         127 WHERE QC=   20.0000000       0.00000000     AND NHAT= -0.926847577      0.375437796     VALUE OF RES(K) IS NOW  -18.5369511    
 ROW          130 IS FLOW TANGENCY  (QC dot n) AT POINT IC=         128 WHERE QC=   20.0000000       0.00000000     AND NHAT= -0.931732953     -0.363144159     VALUE OF RES(K) IS NOW  -18.6346588    
 ROW          131 IS FLOW TANGENCY  (QC dot n) AT POINT IC=         129 WHERE QC=   20.0000000       0.00000000     AND NHAT= -0.883099616     -0.469185412     VALUE OF RES(K) IS NOW  -17.6619930    
 ROW          132 IS FLOW TANGENCY  (QC dot n) AT POINT IC=         130 WHERE QC=   20.0000000       0.00000000     AND NHAT= -0.680349350     -0.732887983     VALUE OF RES(K) IS NOW  -13.6069870    
 ROW          133 IS FLOW TANGENCY  (QC dot n) AT POINT IC=         131 WHERE QC=   20.0000000       0.00000000     AND NHAT= -0.451770455     -0.892134249     VALUE OF RES(K) IS NOW  -9.03540897    
 ROW          134 IS FLOW TANGENCY  (QC dot n) AT POINT IC=         132 WHERE QC=   20.0000000       0.00000000     AND NHAT= -0.388525963     -0.921437800     VALUE OF RES(K) IS NOW  -7.77051926    
 ROW          135 IS FLOW TANGENCY  (QC dot n) AT POINT IC=         133 WHERE QC=   20.0000000       0.00000000     AND NHAT= -0.346836776     -0.937925518     VALUE OF RES(K) IS NOW  -6.93673563    
 ROW          136 IS FLOW TANGENCY  (QC dot n) AT POINT IC=         134 WHERE QC=   20.0000000       0.00000000     AND NHAT= -0.306073874     -0.952007771     VALUE OF RES(K) IS NOW  -6.12147760    
 ROW          137 IS FLOW TANGENCY  (QC dot n) AT POINT IC=         135 WHERE QC=   20.0000000       0.00000000     AND NHAT= -0.277583838     -0.960701466     VALUE OF RES(K) IS NOW  -5.55167675    
 ROW          138 IS FLOW TANGENCY  (QC dot n) AT POINT IC=         136 WHERE QC=   20.0000000       0.00000000     AND NHAT= -0.248050854     -0.968746960     VALUE OF RES(K) IS NOW  -4.96101713    
 ROW          139 IS FLOW TANGENCY  (QC dot n) AT POINT IC=         137 WHERE QC=   20.0000000       0.00000000     AND NHAT= -0.224693939     -0.974429309     VALUE OF RES(K) IS NOW  -4.49387884    
 ROW          140 IS FLOW TANGENCY  (QC dot n) AT POINT IC=         138 WHERE QC=   20.0000000       0.00000000     AND NHAT= -0.206764936     -0.978390634     VALUE OF RES(K) IS NOW  -4.13529873    
 ROW          141 IS FLOW TANGENCY  (QC dot n) AT POINT IC=         139 WHERE QC=   20.0000000       0.00000000     AND NHAT= -0.188165069     -0.982137382     VALUE OF RES(K) IS NOW  -3.76330137    
 ROW          142 IS FLOW TANGENCY  (QC dot n) AT POINT IC=         140 WHERE QC=   20.0000000       0.00000000     AND NHAT= -0.170422763     -0.985370994     VALUE OF RES(K) IS NOW  -3.40845537    
 ROW          143 IS FLOW TANGENCY  (QC dot n) AT POINT IC=         141 WHERE QC=   20.0000000       0.00000000     AND NHAT= -0.155730039     -0.987799644     VALUE OF RES(K) IS NOW  -3.11460066    
 ROW          144 IS FLOW TANGENCY  (QC dot n) AT POINT IC=         142 WHERE QC=   20.0000000       0.00000000     AND NHAT= -0.141970351     -0.989870965     VALUE OF RES(K) IS NOW  -2.83940697    
 ROW          145 IS FLOW TANGENCY  (QC dot n) AT POINT IC=         143 WHERE QC=   20.0000000       0.00000000     AND NHAT= -0.128422961     -0.991719484     VALUE OF RES(K) IS NOW  -2.56845927    
 ROW          146 IS FLOW TANGENCY  (QC dot n) AT POINT IC=         144 WHERE QC=   20.0000000       0.00000000     AND NHAT= -0.116600096     -0.993178904     VALUE OF RES(K) IS NOW  -2.33200192    
 ROW          147 IS FLOW TANGENCY  (QC dot n) AT POINT IC=         145 WHERE QC=   20.0000000       0.00000000     AND NHAT= -0.106561832     -0.994306087     VALUE OF RES(K) IS NOW  -2.13123655    
 ROW          148 IS FLOW TANGENCY  (QC dot n) AT POINT IC=         146 WHERE QC=   20.0000000       0.00000000     AND NHAT=  -9.58692655E-02 -0.995393932     VALUE OF RES(K) IS NOW  -1.91738534    
 ROW          149 IS FLOW TANGENCY  (QC dot n) AT POINT IC=         147 WHERE QC=   20.0000000       0.00000000     AND NHAT=  -8.51887390E-02 -0.996364951     VALUE OF RES(K) IS NOW  -1.70377481    
 ROW          150 IS FLOW TANGENCY  (QC dot n) AT POINT IC=         148 WHERE QC=   20.0000000       0.00000000     AND NHAT=  -7.55520016E-02 -0.997141778     VALUE OF RES(K) IS NOW  -1.51103997    
 ROW          151 IS FLOW TANGENCY  (QC dot n) AT POINT IC=         149 WHERE QC=   20.0000000       0.00000000     AND NHAT=  -6.63538650E-02 -0.997796178     VALUE OF RES(K) IS NOW  -1.32707727    
 ROW          152 IS FLOW TANGENCY  (QC dot n) AT POINT IC=         150 WHERE QC=   20.0000000       0.00000000     AND NHAT=  -5.70011437E-02 -0.998374045     VALUE OF RES(K) IS NOW  -1.14002287    
 ROW          153 IS FLOW TANGENCY  (QC dot n) AT POINT IC=         151 WHERE QC=   20.0000000       0.00000000     AND NHAT=  -4.75422964E-02 -0.998869240     VALUE OF RES(K) IS NOW -0.950845957    
 ROW          154 IS FLOW TANGENCY  (QC dot n) AT POINT IC=         152 WHERE QC=   20.0000000       0.00000000     AND NHAT=  -3.81692983E-02 -0.999271274     VALUE OF RES(K) IS NOW -0.763385952    
 ROW          155 IS FLOW TANGENCY  (QC dot n) AT POINT IC=         153 WHERE QC=   20.0000000       0.00000000     AND NHAT=  -2.96681561E-02 -0.999559820     VALUE OF RES(K) IS NOW -0.593363106    
 ROW          156 IS FLOW TANGENCY  (QC dot n) AT POINT IC=         154 WHERE QC=   20.0000000       0.00000000     AND NHAT=  -2.16551106E-02 -0.999765456     VALUE OF RES(K) IS NOW -0.433102220    
 ROW          157 IS FLOW TANGENCY  (QC dot n) AT POINT IC=         155 WHERE QC=   20.0000000       0.00000000     AND NHAT=  -1.24960104E-02 -0.999921858     VALUE OF RES(K) IS NOW -0.249920204    
 ROW          158 IS FLOW TANGENCY  (QC dot n) AT POINT IC=         156 WHERE QC=   20.0000000       0.00000000     AND NHAT=  -2.26029032E-03 -0.999997377     VALUE OF RES(K) IS NOW  -4.52058055E-02
 ROW          159 IS FLOW TANGENCY  (QC dot n) AT POINT IC=         157 WHERE QC=   20.0000000       0.00000000     AND NHAT=   6.98064826E-03 -0.999975622     VALUE OF RES(K) IS NOW  0.139612973    
 ROW          160 IS FLOW TANGENCY  (QC dot n) AT POINT IC=         158 WHERE QC=   20.0000000       0.00000000     AND NHAT=   1.51061025E-02 -0.999885917     VALUE OF RES(K) IS NOW  0.302122056    
 ROW          161 IS FLOW TANGENCY  (QC dot n) AT POINT IC=         159 WHERE QC=   20.0000000       0.00000000     AND NHAT=   2.59082057E-02 -0.999664307     VALUE OF RES(K) IS NOW  0.518164098    
 ROW          162 IS FLOW TANGENCY  (QC dot n) AT POINT IC=         160 WHERE QC=   20.0000000       0.00000000     AND NHAT=   3.91957387E-02 -0.999231577     VALUE OF RES(K) IS NOW  0.783914804    
 ROW          163 IS FLOW TANGENCY  (QC dot n) AT POINT IC=         161 WHERE QC=   20.0000000       0.00000000     AND NHAT=   5.14678247E-02 -0.998674631     VALUE OF RES(K) IS NOW   1.02935648    
 ROW          164 IS FLOW TANGENCY  (QC dot n) AT POINT IC=         162 WHERE QC=   20.0000000       0.00000000     AND NHAT=   6.15597777E-02 -0.998103380     VALUE OF RES(K) IS NOW   1.23119557    
 ROW          165 IS FLOW TANGENCY  (QC dot n) AT POINT IC=         163 WHERE QC=   20.0000000       0.00000000     AND NHAT=   7.28399009E-02 -0.997343600     VALUE OF RES(K) IS NOW   1.45679808    
 ROW          166 IS FLOW TANGENCY  (QC dot n) AT POINT IC=         164 WHERE QC=   20.0000000       0.00000000     AND NHAT=   8.69888216E-02 -0.996209264     VALUE OF RES(K) IS NOW   1.73977637    
 ROW          167 IS FLOW TANGENCY  (QC dot n) AT POINT IC=         165 WHERE QC=   20.0000000       0.00000000     AND NHAT=  0.103588633     -0.994620204     VALUE OF RES(K) IS NOW   2.07177258    
 ROW          168 IS FLOW TANGENCY  (QC dot n) AT POINT IC=         166 WHERE QC=   20.0000000       0.00000000     AND NHAT=  0.122440986     -0.992475748     VALUE OF RES(K) IS NOW   2.44881964    
 ROW          169 IS FLOW TANGENCY  (QC dot n) AT POINT IC=         167 WHERE QC=   20.0000000       0.00000000     AND NHAT=  0.140641779     -0.990060568     VALUE OF RES(K) IS NOW   2.81283569    
 ROW          170 IS FLOW TANGENCY  (QC dot n) AT POINT IC=         168 WHERE QC=   20.0000000       0.00000000     AND NHAT=  0.154779196     -0.987949073     VALUE OF RES(K) IS NOW   3.09558392    
 ROW          171 IS FLOW TANGENCY  (QC dot n) AT POINT IC=         169 WHERE QC=   20.0000000       0.00000000     AND NHAT=  0.166422024     -0.986054659     VALUE OF RES(K) IS NOW   3.32844043    
 ROW          172 IS FLOW TANGENCY  (QC dot n) AT POINT IC=         170 WHERE QC=   20.0000000       0.00000000     AND NHAT=  0.180349290     -0.983602583     VALUE OF RES(K) IS NOW   3.60698581    
 ROW          173 IS FLOW TANGENCY  (QC dot n) AT POINT IC=         171 WHERE QC=   20.0000000       0.00000000     AND NHAT=  0.192201421     -0.981355488     VALUE OF RES(K) IS NOW   3.84402847    
 ROW          174 IS FLOW TANGENCY  (QC dot n) AT POINT IC=         172 WHERE QC=   20.0000000       0.00000000     AND NHAT=  0.197361037     -0.980330884     VALUE OF RES(K) IS NOW   3.94722080    
 ROW          175 IS FLOW TANGENCY  (QC dot n) AT POINT IC=         173 WHERE QC=   20.0000000       0.00000000     AND NHAT=  0.199962482     -0.979803622     VALUE OF RES(K) IS NOW   3.99924970    
 ROW          176 IS FLOW TANGENCY  (QC dot n) AT POINT IC=         174 WHERE QC=   20.0000000       0.00000000     AND NHAT=  0.206281647     -0.978492618     VALUE OF RES(K) IS NOW   4.12563276    
 ROW          177 IS FLOW TANGENCY  (QC dot n) AT POINT IC=         175 WHERE QC=   20.0000000       0.00000000     AND NHAT=  0.209700778     -0.977765620     VALUE OF RES(K) IS NOW   4.19401550    
 ROW          178 IS FLOW TANGENCY  (QC dot n) AT POINT IC=         176 WHERE QC=   20.0000000       0.00000000     AND NHAT=  0.208805129     -0.977957308     VALUE OF RES(K) IS NOW   4.17610264    
 ROW          179 IS FLOW TANGENCY  (QC dot n) AT POINT IC=         177 WHERE QC=   20.0000000       0.00000000     AND NHAT=  0.205584332     -0.978639364     VALUE OF RES(K) IS NOW   4.11168671    
 ROW          180 IS FLOW TANGENCY  (QC dot n) AT POINT IC=         178 WHERE QC=   20.0000000       0.00000000     AND NHAT=  0.202631712     -0.979255021     VALUE OF RES(K) IS NOW   4.05263424    
 ROW          181 IS FLOW TANGENCY  (QC dot n) AT POINT IC=         179 WHERE QC=   20.0000000       0.00000000     AND NHAT=  0.197919577     -0.980218291     VALUE OF RES(K) IS NOW   3.95839167    
 ROW          182 IS FLOW TANGENCY  (QC dot n) AT POINT IC=         180 WHERE QC=   20.0000000       0.00000000     AND NHAT=  0.186838955     -0.982390523     VALUE OF RES(K) IS NOW   3.73677921    
 ROW          183 IS FLOW TANGENCY  (QC dot n) AT POINT IC=         181 WHERE QC=   20.0000000       0.00000000     AND NHAT=  0.171137854     -0.985247195     VALUE OF RES(K) IS NOW   3.42275715    
 ROW          184 IS FLOW TANGENCY  (QC dot n) AT POINT IC=         182 WHERE QC=   20.0000000       0.00000000     AND NHAT=  0.148545519     -0.988905489     VALUE OF RES(K) IS NOW   2.97091031    
 ROW          185 IS FLOW TANGENCY  (QC dot n) AT POINT IC=         183 WHERE QC=   20.0000000       0.00000000     AND NHAT=  0.122866385     -0.992423236     VALUE OF RES(K) IS NOW   2.45732760    
 ROW          186 IS FLOW TANGENCY  (QC dot n) AT POINT IC=         184 WHERE QC=   20.0000000       0.00000000     AND NHAT=  0.101178654     -0.994868159     VALUE OF RES(K) IS NOW   2.02357316    
 ROW          187 IS FLOW TANGENCY  (QC dot n) AT POINT IC=         185 WHERE QC=   20.0000000       0.00000000     AND NHAT=   8.61504674E-02 -0.996282101     VALUE OF RES(K) IS NOW   1.72300935    
 ROW          188 IS THE BASIC KUTTA CONDITION, SETTING FIRST AND LAST BODY GAMMAS TO BE EQUAL TO THE WAKE STRENGTH OF THE FIRST BODY WAKE PANEL. (G1+GN=-GW)VALUE OF RES(K) IS NOW   0.00000000    
 ROW          189 IS THE 0 INTERNAL VELOCITY (QC dot NHAT) on point,        1972 WHERE QC=   20.0000000       0.00000000     AND NHAT=  0.999954045      -9.58715752E-03 VALUE OF RES(K) IS V dot nhat =   19.9990807    
 ROW            1 IS AN EXPLICITLY SET VORTEX STRENGTH.VALUE OF RES(K) IS NOW   0.00000000    
 ROW           80 IS AN EXPLICITLY SET VORTEX STRENGTH.VALUE OF RES(K) IS NOW   0.00000000    
