
 ----------------------------------------------------------------------------
 DFDC  Case:  Lewis with Rotor                
 ----------------------------------------------------------------------------
 Flow Condition and total Forces                 No blade blockage correction

  Vinf(m/s) :    20.000    Alt.(km)   :    0.000     DeltaT(dgC):   0.0000
 rho(kg/m3) :     1.2260   Vsound(m/s):  340.000     mu(kg/m-s) : 0.1780E-04
 Thrust(N)  :   286.       Power(W)   :  0.707E+04   Efficiency :   0.8081
 Tvisc (N)  :    -2.5326   Pvisc(W)   :   226.       Induced Eff:   0.8421
 Tduct(N)   :    71.9655   torQue(N-m):   67.6       Ideal Eff  :   0.8767

  Area:    1.73655  Radius:    0.76050 Omega:  104.71976  Reference data
    Ct:    0.15683      Cp:    0.15312     J:    0.78895  by(Rho,N,Dia)
    Tc:    0.64161      Pc:    0.79401   adv:    0.25113  by(Rho,Vinf,Area)  
   CT0:    0.02117     CP0:    0.00658   FOM:    0.23408  by(Rho,R*Omg,Area)
 ----------------------------------------------------------------------------
 Disk #  1    Bladed Rotor                  
 # blades   :  5           RPM        :   1000.000   adv. ratio :   0.2511
 Thrust(N)  :   214.       Power(W)   :  0.707E+04   Efficiency :   0.6046
 Tvisc (N)  :    -2.5326   Pvisc(W)   :   226.       Induced Eff:   0.6319
 torQue(N-m):    67.5608   Qvisc(N-m) :   65.4       Ideal Eff  :   0.9023
 radius(m)  :   0.7605     hub rad.(m):   0.1600     VAavg (m/s):  30.8640

  Area:    1.73655  Radius:    0.76050 Omega:  104.71976  Reference data
    Ct:    0.11735      Cp:    0.15312     J:    0.78895  by(Rho,N,Dia)
    Tc:    0.48008      Pc:    0.79401   adv:    0.25113  by(Rho,Vinf,Area)  
   CT0:    0.01584     CP0:    0.00658                    by(Rho,R*Omg,Area)
 Sigma:    0.09938 CT0/Sig:    0.15939
 ----------------------------------------------------------------------------
   i   r/R    c/R     beta deg alfa     CL     CD    REx10^3   Mach    B*Gam
   1  0.250  0.1115   64.23   5.86    0.643  0.0135  199.94   0.101    4.667
   2  0.329  0.1008   56.32   6.34    0.697  0.0138  201.78   0.112    5.101
   3  0.408  0.0912   50.29   6.84    0.751  0.0142  204.28   0.126    5.571
   4  0.487  0.0828   45.55   7.23    0.794  0.0146  207.22   0.141    5.974
   5  0.566  0.0756   41.76   7.49    0.825  0.0149  210.28   0.156    6.292
   6  0.645  0.0694   38.66   7.62    0.841  0.0151  213.32   0.173    6.511
   7  0.724  0.0641   36.08   7.63    0.844  0.0152  216.28   0.190    6.628
   8  0.803  0.0594   33.90   7.51    0.835  0.0152  219.12   0.207    6.642
   9  0.882  0.0554   32.01   7.28    0.813  0.0151  221.85   0.225    6.551
  10  0.961  0.0519   30.35   6.93    0.778  0.0149  224.46   0.243    6.344


 Force Summary
 -----------------------------------------------
 Lewis with Rotor                                  

 Qinf   =   20.000        Rho  =   1.2260    
 Qref   =   20.000        Mach =   0.0000    
 q_ref  =   245.20    
 -----------------------------------------------
 Total Forces
 Fx    =  -70.774         Cx    = -0.28864    
 Fxinv =  -70.774         Cxinv = -0.28864    
 Fxvis =   0.0000         Cxvis =   0.0000    
 -----------------------------------------------
 Element  1
 Fx    =  -1.7648         Cx    = -0.71975E-02
 Fxinv =  -1.7648         Cxinv = -0.71975E-02
 Fxvis =   0.0000         Cxvis =   0.0000    
 QnDOF=  0.70729E-02
 -----------------------------------------------
 Element  2
 Fx    =  -70.201         Cx    = -0.28630    
 Fxinv =  -70.201         Cxinv = -0.28630    
 Fxvis =   0.0000         Cxvis =   0.0000    
 QnDOF=  0.15001E-02
 -----------------------------------------------
 Element  3
 Fx    =   1.2141         Cx    =  0.49516E-02
 Fxinv =   1.2141         Cxinv =  0.49516E-02
 Fxvis =   0.0000         Cxvis =   0.0000    
 QnDOF=  -0.0000    
