 ROW            1 IS FLOW TANGENCY  (QC dot n) AT POINT IC=           1 WHERE QC=   517.544800       71.6962509     AND NHAT=  0.255683124      0.966760695     VALUE OF RES(K) IS NOW   201.640594    
 ROW            2 IS FLOW TANGENCY  (QC dot n) AT POINT IC=           2 WHERE QC=   474.455383       78.8194122     AND NHAT=  0.255679727      0.966761589     VALUE OF RES(K) IS NOW   197.508209    
 ROW            3 IS FLOW TANGENCY  (QC dot n) AT POINT IC=           3 WHERE QC=   446.694824       75.8753815     AND NHAT=  0.255678654      0.966761768     VALUE OF RES(K) IS NOW   187.563751    
 ROW            4 IS FLOW TANGENCY  (QC dot n) AT POINT IC=           4 WHERE QC=   423.696075       71.2349319     AND NHAT=  0.255680293      0.966761410     VALUE OF RES(K) IS NOW   177.197906    
 ROW            5 IS FLOW TANGENCY  (QC dot n) AT POINT IC=           5 WHERE QC=   403.219879       66.2589569     AND NHAT=  0.255681127      0.966761231     VALUE OF RES(K) IS NOW   167.152298    
 ROW            6 IS FLOW TANGENCY  (QC dot n) AT POINT IC=           6 WHERE QC=   384.318542       61.2201996     AND NHAT=  0.255680054      0.966761410     VALUE OF RES(K) IS NOW   157.447906    
 ROW            7 IS FLOW TANGENCY  (QC dot n) AT POINT IC=           7 WHERE QC=   366.519257       56.1878891     AND NHAT=  0.255679935      0.966761470     VALUE OF RES(K) IS NOW   148.031906    
 ROW            8 IS FLOW TANGENCY  (QC dot n) AT POINT IC=           8 WHERE QC=   349.553192       51.1765633     AND NHAT=  0.255680531      0.966761351     VALUE OF RES(K) IS NOW   138.849472    
 ROW            9 IS FLOW TANGENCY  (QC dot n) AT POINT IC=           9 WHERE QC=   333.251984       46.1891670     AND NHAT=  0.255680382      0.966761351     VALUE OF RES(K) IS NOW   129.859894    
 ROW           10 IS FLOW TANGENCY  (QC dot n) AT POINT IC=          10 WHERE QC=   317.499023       41.2238617     AND NHAT=  0.255680948      0.966761172     VALUE OF RES(K) IS NOW   121.032082    
 ROW           11 IS FLOW TANGENCY  (QC dot n) AT POINT IC=          11 WHERE QC=   302.207397       36.2745399     AND NHAT=  0.255679727      0.966761470     VALUE OF RES(K) IS NOW   112.337128    
 ROW           12 IS FLOW TANGENCY  (QC dot n) AT POINT IC=          12 WHERE QC=   287.314240       31.3342857     AND NHAT=  0.255680650      0.966761291     VALUE OF RES(K) IS NOW   103.753464    
 ROW           13 IS FLOW TANGENCY  (QC dot n) AT POINT IC=          13 WHERE QC=   272.764893       26.3895187     AND NHAT=  0.255679220      0.966761649     VALUE OF RES(K) IS NOW   95.2526932    
 ROW           14 IS FLOW TANGENCY  (QC dot n) AT POINT IC=          14 WHERE QC=   258.512329       21.4241714     AND NHAT=  0.255681008      0.966761172     VALUE OF RES(K) IS NOW   86.8087540    
 ROW           15 IS FLOW TANGENCY  (QC dot n) AT POINT IC=          15 WHERE QC=   244.516388       16.4174824     AND NHAT=  0.255681127      0.966761112     VALUE OF RES(K) IS NOW   78.3900070    
 ROW           16 IS FLOW TANGENCY  (QC dot n) AT POINT IC=          16 WHERE QC=   230.774628       11.3427572     AND NHAT=  0.255678326      0.966761887     VALUE OF RES(K) IS NOW   69.9698181    
 ROW           17 IS FLOW TANGENCY  (QC dot n) AT POINT IC=          17 WHERE QC=   217.260757       6.22347164     AND NHAT=  0.255682319      0.966760874     VALUE OF RES(K) IS NOW   61.5663452    
 ROW           18 IS FLOW TANGENCY  (QC dot n) AT POINT IC=          18 WHERE QC=   203.903961      0.985339522     AND NHAT=  0.255682230      0.966760814     VALUE OF RES(K) IS NOW   53.0872078    
 ROW           19 IS FLOW TANGENCY  (QC dot n) AT POINT IC=          19 WHERE QC=   190.670578      -4.43384504     AND NHAT=  0.255645305      0.966770649     VALUE OF RES(K) IS NOW   44.4575272    
 ROW           20 IS FLOW TANGENCY  (QC dot n) AT POINT IC=          20 WHERE QC=   177.497925      -10.1067209     AND NHAT=  0.255840242      0.966719091     VALUE OF RES(K) IS NOW   35.6407547    
 ROW           21 IS FLOW TANGENCY  (QC dot n) AT POINT IC=          21 WHERE QC=   164.479904      -16.1549015     AND NHAT=  0.255155683      0.966900051     VALUE OF RES(K) IS NOW   26.3478088    
 ROW           22 IS FLOW TANGENCY  (QC dot n) AT POINT IC=          22 WHERE QC=   151.536743      -22.5819988     AND NHAT=  0.256778508      0.966470301     VALUE OF RES(K) IS NOW   17.0865498    
 ROW           23 IS FLOW TANGENCY  (QC dot n) AT POINT IC=          23 WHERE QC=   138.798248      -29.2879276     AND NHAT=  0.255991280      0.966679156     VALUE OF RES(K) IS NOW   7.21911049    
 ROW           24 IS FLOW TANGENCY  (QC dot n) AT POINT IC=          24 WHERE QC=   128.041840      -36.2651749     AND NHAT=  0.245544344      0.969385386     VALUE OF RES(K) IS NOW  -3.71498108    
 ROW           25 IS FLOW TANGENCY  (QC dot n) AT POINT IC=          25 WHERE QC=   117.435471      -42.4126205     AND NHAT=  0.271064579      0.962561131     VALUE OF RES(K) IS NOW  -8.99214554    
 ROW           26 IS FLOW TANGENCY  (QC dot n) AT POINT IC=          26 WHERE QC=   102.682678      -46.3605194     AND NHAT=  0.295216948      0.955430269     VALUE OF RES(K) IS NOW  -13.9805756    
 ROW           27 IS FLOW TANGENCY  (QC dot n) AT POINT IC=          27 WHERE QC=   88.5088120      -50.0908928     AND NHAT=  0.226481438      0.974015415     VALUE OF RES(K) IS NOW  -28.7437000    
 ROW           28 IS FLOW TANGENCY  (QC dot n) AT POINT IC=          28 WHERE QC=   84.8165054      -54.6607552     AND NHAT=   8.52607191E-02  0.996358693     VALUE OF RES(K) IS NOW  -47.2302017    
 ROW           29 IS FLOW TANGENCY  (QC dot n) AT POINT IC=          29 WHERE QC=   91.4615479      -57.4089394     AND NHAT=  -2.30152328E-02  0.999735117     VALUE OF RES(K) IS NOW  -59.4987411    
 ROW           30 IS FLOW TANGENCY  (QC dot n) AT POINT IC=          30 WHERE QC=   97.4493256      -57.5225334     AND NHAT=  -2.65754052E-02  0.999646842     VALUE OF RES(K) IS NOW  -60.0919762    
 ROW           31 IS FLOW TANGENCY  (QC dot n) AT POINT IC=          31 WHERE QC=   97.0179062      -56.1529732     AND NHAT=   8.00762419E-03  0.999967992     VALUE OF RES(K) IS NOW  -55.3742943    
 ROW           32 IS FLOW TANGENCY  (QC dot n) AT POINT IC=          32 WHERE QC=   93.6135025      -54.3621292     AND NHAT=   1.02298264E-03  0.999999464     VALUE OF RES(K) IS NOW  -54.2663345    
 ROW           33 IS FLOW TANGENCY  (QC dot n) AT POINT IC=          33 WHERE QC=   89.5696182      -52.6387100     AND NHAT=  -1.15677994E-03  0.999999285     VALUE OF RES(K) IS NOW  -52.7422829    
 ROW           34 IS FLOW TANGENCY  (QC dot n) AT POINT IC=          34 WHERE QC=   84.5767365      -51.1781311     AND NHAT=   4.26882762E-04  0.999999940     VALUE OF RES(K) IS NOW  -51.1420212    
 ROW           35 IS FLOW TANGENCY  (QC dot n) AT POINT IC=          35 WHERE QC=   79.0685883      -49.8967361     AND NHAT=  -1.23132078E-04   1.00000000     VALUE OF RES(K) IS NOW  -49.9064713    
 ROW           36 IS FLOW TANGENCY  (QC dot n) AT POINT IC=          36 WHERE QC=   73.3956146      -48.5903206     AND NHAT=   3.16924525E-05   1.00000000     VALUE OF RES(K) IS NOW  -48.5879936    
 ROW           37 IS FLOW TANGENCY  (QC dot n) AT POINT IC=          37 WHERE QC=   67.7097473      -47.0607185     AND NHAT=  -7.44339332E-06   1.00000000     VALUE OF RES(K) IS NOW  -47.0612221    
 ROW           38 IS FLOW TANGENCY  (QC dot n) AT POINT IC=          38 WHERE QC=   62.1389885      -45.1104393     AND NHAT=   1.23988252E-06   1.00000000     VALUE OF RES(K) IS NOW  -45.1103630    
 ROW           39 IS FLOW TANGENCY  (QC dot n) AT POINT IC=          39 WHERE QC=   56.7857895      -42.4942207     AND NHAT=  -6.19838318E-07   1.00000000     VALUE OF RES(K) IS NOW  -42.4942551    
 ROW           40 IS FLOW TANGENCY  (QC dot n) AT POINT IC=          40 WHERE QC=   51.7592316      -38.8111267     AND NHAT=  -6.19809100E-07   1.00000000     VALUE OF RES(K) IS NOW  -38.8111572    
 ROW           41 IS FLOW TANGENCY  (QC dot n) AT POINT IC=          41 WHERE QC=   47.1898880      -33.0650177     AND NHAT=   6.16266732E-07   1.00000000     VALUE OF RES(K) IS NOW  -33.0649872    
 ROW           42 IS FLOW TANGENCY  (QC dot n) AT POINT IC=          42 WHERE QC=   43.3905106      -22.5435429     AND NHAT=   0.00000000       1.00000000     VALUE OF RES(K) IS NOW  -22.5435429    
 ROW           43 IS FLOW TANGENCY  (QC dot n) AT POINT IC=          43 WHERE QC=   40.3841515      -16.7969646     AND NHAT=   0.00000000      0.999999940     VALUE OF RES(K) IS NOW  -16.7969627    
 ROW           44 IS FLOW TANGENCY  (QC dot n) AT POINT IC=          44 WHERE QC=   37.8834686      -13.0685663     AND NHAT=   0.00000000       1.00000000     VALUE OF RES(K) IS NOW  -13.0685663    
 ROW           45 IS FLOW TANGENCY  (QC dot n) AT POINT IC=          45 WHERE QC=   35.7719383      -10.3951283     AND NHAT=   0.00000000       1.00000000     VALUE OF RES(K) IS NOW  -10.3951283    
 ROW           46 IS FLOW TANGENCY  (QC dot n) AT POINT IC=          46 WHERE QC=   33.9750366      -8.39646244     AND NHAT=  -6.16278101E-07  0.999999940     VALUE OF RES(K) IS NOW  -8.39648247    
 ROW           47 IS FLOW TANGENCY  (QC dot n) AT POINT IC=          47 WHERE QC=   32.4376259      -6.86521244     AND NHAT=   1.84893020E-06   1.00000000     VALUE OF RES(K) IS NOW  -6.86515236    
 ROW           48 IS FLOW TANGENCY  (QC dot n) AT POINT IC=          48 WHERE QC=   31.1166267      -5.67206430     AND NHAT=  -5.54801409E-06  0.999999940     VALUE OF RES(K) IS NOW  -5.67223644    
 ROW           49 IS FLOW TANGENCY  (QC dot n) AT POINT IC=          49 WHERE QC=   29.9773598      -4.73026896     AND NHAT=   1.60386699E-05   1.00000000     VALUE OF RES(K) IS NOW  -4.72978830    
 ROW           50 IS FLOW TANGENCY  (QC dot n) AT POINT IC=          50 WHERE QC=   28.9919453      -3.97939467     AND NHAT=  -4.26620099E-05   1.00000000     VALUE OF RES(K) IS NOW  -3.98063159    
 ROW           51 IS FLOW TANGENCY  (QC dot n) AT POINT IC=          51 WHERE QC=   28.1388512      -3.37655807     AND NHAT=   9.96671733E-05   1.00000000     VALUE OF RES(K) IS NOW  -3.37375355    
 ROW           52 IS FLOW TANGENCY  (QC dot n) AT POINT IC=          52 WHERE QC=   27.4040375      -2.89230990     AND NHAT=  -1.47196944E-04  0.999999940     VALUE OF RES(K) IS NOW  -2.89634347    
 ROW           53 IS FLOW TANGENCY  (QC dot n) AT POINT IC=          53 WHERE QC=   26.7830925      -2.50835252     AND NHAT=  -3.66251741E-04  0.999999940     VALUE OF RES(K) IS NOW  -2.51816154    
 ROW           54 IS FLOW TANGENCY  (QC dot n) AT POINT IC=          54 WHERE QC=   26.2789917      -2.21462178     AND NHAT=   4.11964860E-03  0.999991477     VALUE OF RES(K) IS NOW  -2.10634279    
 ROW           55 IS FLOW TANGENCY  (QC dot n) AT POINT IC=          55 WHERE QC=   25.8974857      -2.00118899     AND NHAT=  -1.32173756E-02  0.999912679     VALUE OF RES(K) IS NOW  -2.34331107    
 ROW           56 IS FLOW TANGENCY  (QC dot n) AT POINT IC=          56 WHERE QC=   25.6183739      -1.84401858     AND NHAT=  -7.14112520E-02  0.997446954     VALUE OF RES(K) IS NOW  -3.66875076    
 ROW           57 IS FLOW TANGENCY  (QC dot n) AT POINT IC=          57 WHERE QC=   25.3976173      -1.71248817     AND NHAT= -0.151853442      0.988403022     VALUE OF RES(K) IS NOW  -5.54934406    
 ROW           58 IS FLOW TANGENCY  (QC dot n) AT POINT IC=          58 WHERE QC=   25.2063599      -1.59073508     AND NHAT= -0.223395944      0.974727809     VALUE OF RES(K) IS NOW  -7.18153238    
 ROW           59 IS FLOW TANGENCY  (QC dot n) AT POINT IC=          59 WHERE QC=   25.0354805      -1.47543907     AND NHAT= -0.294072270      0.955783188     VALUE OF RES(K) IS NOW  -8.77244091    
 ROW           60 IS FLOW TANGENCY  (QC dot n) AT POINT IC=          60 WHERE QC=   24.8816547      -1.36546302     AND NHAT= -0.362641156      0.931928933     VALUE OF RES(K) IS NOW  -10.2956266    
 ROW           61 IS FLOW TANGENCY  (QC dot n) AT POINT IC=          61 WHERE QC=   24.7428589      -1.26000679     AND NHAT= -0.429210782      0.903204441     VALUE OF RES(K) IS NOW  -11.7579451    
 ROW           62 IS FLOW TANGENCY  (QC dot n) AT POINT IC=          62 WHERE QC=   24.6176453      -1.15906036     AND NHAT= -0.493492395      0.869750082     VALUE OF RES(K) IS NOW  -13.1567135    
 ROW           63 IS FLOW TANGENCY  (QC dot n) AT POINT IC=          63 WHERE QC=   24.5048561      -1.06209004     AND NHAT= -0.555166185      0.831739485     VALUE OF RES(K) IS NOW  -14.4876490    
 ROW           64 IS FLOW TANGENCY  (QC dot n) AT POINT IC=          64 WHERE QC=   24.4035091     -0.968879640     AND NHAT= -0.613920748      0.789367676     VALUE OF RES(K) IS NOW  -15.7466230    
 ROW           65 IS FLOW TANGENCY  (QC dot n) AT POINT IC=          65 WHERE QC=   24.3127193     -0.879282296     AND NHAT= -0.669452310      0.742855072     VALUE OF RES(K) IS NOW  -16.9293861    
 ROW           66 IS FLOW TANGENCY  (QC dot n) AT POINT IC=          66 WHERE QC=   24.2317791     -0.792679131     AND NHAT= -0.721470535      0.692445219     VALUE OF RES(K) IS NOW  -18.0314026    
 ROW           67 IS FLOW TANGENCY  (QC dot n) AT POINT IC=          67 WHERE QC=   24.1599998     -0.708995819     AND NHAT= -0.769702971      0.638402045     VALUE OF RES(K) IS NOW  -19.0486488    
 ROW           68 IS FLOW TANGENCY  (QC dot n) AT POINT IC=          68 WHERE QC=   24.0968323     -0.628034353     AND NHAT= -0.813898683      0.581006706     VALUE OF RES(K) IS NOW  -19.9772739    
 ROW           69 IS FLOW TANGENCY  (QC dot n) AT POINT IC=          69 WHERE QC=   24.0417767     -0.549334884     AND NHAT= -0.853823066      0.520563483     VALUE OF RES(K) IS NOW  -20.8133869    
 ROW           70 IS FLOW TANGENCY  (QC dot n) AT POINT IC=          70 WHERE QC=   23.9944267     -0.472539455     AND NHAT= -0.889268100      0.457386374     VALUE OF RES(K) IS NOW  -21.5536118    
 ROW           71 IS FLOW TANGENCY  (QC dot n) AT POINT IC=          71 WHERE QC=   23.9544067     -0.397599906     AND NHAT= -0.920049250      0.391802669     VALUE OF RES(K) IS NOW  -22.1950150    
 ROW           72 IS FLOW TANGENCY  (QC dot n) AT POINT IC=          72 WHERE QC=   23.9214268     -0.324226052     AND NHAT= -0.946008742      0.324141026     VALUE OF RES(K) IS NOW  -22.7349739    
 ROW           73 IS FLOW TANGENCY  (QC dot n) AT POINT IC=          73 WHERE QC=   23.8952560     -0.251582593     AND NHAT= -0.967010915      0.254734814     VALUE OF RES(K) IS NOW  -23.1710606    
 ROW           74 IS FLOW TANGENCY  (QC dot n) AT POINT IC=          74 WHERE QC=   23.8756771     -0.179876596     AND NHAT= -0.982958317      0.183828548     VALUE OF RES(K) IS NOW  -23.5018616    
 ROW           75 IS FLOW TANGENCY  (QC dot n) AT POINT IC=          75 WHERE QC=   23.8625717     -0.108143874     AND NHAT= -0.993756473      0.111571312     VALUE OF RES(K) IS NOW  -23.7256508    
 ROW           76 IS FLOW TANGENCY  (QC dot n) AT POINT IC=          76 WHERE QC=   23.8559418      -3.56441364E-02 AND NHAT= -0.999294996       3.75438221E-02 VALUE OF RES(K) IS NOW  -23.8404617    
 ROW           79 IS FLOW TANGENCY  (QC dot n) AT POINT IC=          77 WHERE QC=   17.4729290      -1.78004932     AND NHAT=   6.02536537E-02  0.998183131     VALUE OF RES(K) IS NOW -0.724007368    
 ROW           80 IS FLOW TANGENCY  (QC dot n) AT POINT IC=          78 WHERE QC=   17.6797695      -2.04912090     AND NHAT=  0.111315474      0.993785083     VALUE OF RES(K) IS NOW  -6.83538914E-02
 ROW           81 IS FLOW TANGENCY  (QC dot n) AT POINT IC=          79 WHERE QC=   17.9122238      -2.20489526     AND NHAT=  0.143199861      0.989693701     VALUE OF RES(K) IS NOW  0.382857084    
 ROW           82 IS FLOW TANGENCY  (QC dot n) AT POINT IC=          80 WHERE QC=   18.1289883      -2.30204940     AND NHAT=  0.167155057      0.985930681     VALUE OF RES(K) IS NOW  0.760690928    
 ROW           83 IS FLOW TANGENCY  (QC dot n) AT POINT IC=          81 WHERE QC=   18.3278427      -2.36737061     AND NHAT=  0.184446961      0.982842445     VALUE OF RES(K) IS NOW   1.05376244    
 ROW           84 IS FLOW TANGENCY  (QC dot n) AT POINT IC=          82 WHERE QC=   18.5104656      -2.41245461     AND NHAT=  0.196564987      0.980490744     VALUE OF RES(K) IS NOW   1.27312016    
 ROW           85 IS FLOW TANGENCY  (QC dot n) AT POINT IC=          83 WHERE QC=   18.6802597      -2.44427061     AND NHAT=  0.204049140      0.978960633     VALUE OF RES(K) IS NOW   1.41884637    
 ROW           86 IS FLOW TANGENCY  (QC dot n) AT POINT IC=          84 WHERE QC=   18.8401241      -2.46622491     AND NHAT=  0.208057866      0.978116512     VALUE OF RES(K) IS NOW   1.50758076    
 ROW           87 IS FLOW TANGENCY  (QC dot n) AT POINT IC=          85 WHERE QC=   18.9910221      -2.47927880     AND NHAT=  0.209505901      0.977807403     VALUE OF RES(K) IS NOW   1.55447388    
 ROW           88 IS FLOW TANGENCY  (QC dot n) AT POINT IC=          86 WHERE QC=   19.1306858      -2.48367786     AND NHAT=  0.207164913      0.978306055     VALUE OF RES(K) IS NOW   1.53340960    
 ROW           89 IS FLOW TANGENCY  (QC dot n) AT POINT IC=          87 WHERE QC=   19.2577286      -2.48061919     AND NHAT=  0.201140493      0.979562461     VALUE OF RES(K) IS NOW   1.44358754    
 ROW           90 IS FLOW TANGENCY  (QC dot n) AT POINT IC=          88 WHERE QC=   19.3746414      -2.47142100     AND NHAT=  0.192227706      0.981350362     VALUE OF RES(K) IS NOW   1.29901290    
 ROW           91 IS FLOW TANGENCY  (QC dot n) AT POINT IC=          89 WHERE QC=   19.4842587      -2.45678306     AND NHAT=  0.182497203      0.983206451     VALUE OF RES(K) IS NOW   1.14029765    
 ROW           92 IS FLOW TANGENCY  (QC dot n) AT POINT IC=          90 WHERE QC=   19.5872250      -2.43706584     AND NHAT=  0.172612548      0.984989762     VALUE OF RES(K) IS NOW  0.980515957    
 ROW           93 IS FLOW TANGENCY  (QC dot n) AT POINT IC=          91 WHERE QC=   19.6823750      -2.41333795     AND NHAT=  0.159359902      0.987220645     VALUE OF RES(K) IS NOW  0.754084349    
 ROW           94 IS FLOW TANGENCY  (QC dot n) AT POINT IC=          92 WHERE QC=   19.7692337      -2.38713908     AND NHAT=  0.141690910      0.989910960     VALUE OF RES(K) IS NOW  0.438065529    
 ROW           95 IS FLOW TANGENCY  (QC dot n) AT POINT IC=          93 WHERE QC=   19.8493996      -2.35945868     AND NHAT=  0.118610129      0.992940903     VALUE OF RES(K) IS NOW   1.15368366E-02
 ROW           96 IS FLOW TANGENCY  (QC dot n) AT POINT IC=          94 WHERE QC=   19.9256191      -2.33017325     AND NHAT=   9.43712294E-02  0.995537043     VALUE OF RES(K) IS NOW -0.439368486    
 ROW           97 IS FLOW TANGENCY  (QC dot n) AT POINT IC=          95 WHERE QC=   20.0002899      -2.29817176     AND NHAT=   7.30180591E-02  0.997330666     VALUE OF RES(K) IS NOW -0.831654906    
 ROW           98 IS FLOW TANGENCY  (QC dot n) AT POINT IC=          96 WHERE QC=   20.0742855      -2.26218057     AND NHAT=   5.56856617E-02  0.998448372     VALUE OF RES(K) IS NOW  -1.14082074    
 ROW           99 IS FLOW TANGENCY  (QC dot n) AT POINT IC=          97 WHERE QC=   20.1468716      -2.22150016     AND NHAT=   4.18282300E-02  0.999124765     VALUE OF RES(K) IS NOW  -1.37684786    
 ROW          100 IS FLOW TANGENCY  (QC dot n) AT POINT IC=          98 WHERE QC=   20.2163639      -2.17637944     AND NHAT=   2.93196328E-02  0.999570131     VALUE OF RES(K) IS NOW  -1.58270752    
 ROW          101 IS FLOW TANGENCY  (QC dot n) AT POINT IC=          99 WHERE QC=   20.2814999      -2.12756681     AND NHAT=   1.72348861E-02  0.999851465     VALUE OF RES(K) IS NOW  -1.77770162    
 ROW          102 IS FLOW TANGENCY  (QC dot n) AT POINT IC=         100 WHERE QC=   20.3415852      -2.07591343     AND NHAT=   6.04417734E-03  0.999981642     VALUE OF RES(K) IS NOW  -1.95292711    
 ROW          103 IS FLOW TANGENCY  (QC dot n) AT POINT IC=         101 WHERE QC=   20.3962860      -2.02239394     AND NHAT=  -4.97122435E-03  0.999987662     VALUE OF RES(K) IS NOW  -2.12376332    
 ROW          104 IS FLOW TANGENCY  (QC dot n) AT POINT IC=         102 WHERE QC=   20.4456978      -1.96797299     AND NHAT=  -1.61811672E-02  0.999868989     VALUE OF RES(K) IS NOW  -2.29855037    
 ROW          105 IS FLOW TANGENCY  (QC dot n) AT POINT IC=         103 WHERE QC=   20.4901791      -1.91331804     AND NHAT=  -2.67324429E-02  0.999642670     VALUE OF RES(K) IS NOW  -2.46038699    
 ROW          106 IS FLOW TANGENCY  (QC dot n) AT POINT IC=         104 WHERE QC=   20.5302162      -1.85895860     AND NHAT=  -3.78421694E-02  0.999283731     VALUE OF RES(K) IS NOW  -2.63453484    
 ROW          107 IS FLOW TANGENCY  (QC dot n) AT POINT IC=         105 WHERE QC=   20.5662613      -1.80529904     AND NHAT=  -4.85671014E-02  0.998819888     VALUE OF RES(K) IS NOW  -2.80201221    
 ROW          108 IS FLOW TANGENCY  (QC dot n) AT POINT IC=         106 WHERE QC=   20.5987511      -1.75256073     AND NHAT=  -5.94919808E-02  0.998228788     VALUE OF RES(K) IS NOW  -2.97491693    
 ROW          109 IS FLOW TANGENCY  (QC dot n) AT POINT IC=         107 WHERE QC=   20.6280499      -1.70095921     AND NHAT=  -7.08279684E-02  0.997488558     VALUE OF RES(K) IS NOW  -3.15773010    
 ROW          110 IS FLOW TANGENCY  (QC dot n) AT POINT IC=         108 WHERE QC=   20.6544628      -1.65066433     AND NHAT=  -8.26440826E-02  0.996579170     VALUE OF RES(K) IS NOW  -3.35198689    
 ROW          111 IS FLOW TANGENCY  (QC dot n) AT POINT IC=         109 WHERE QC=   20.6783180      -1.60171378     AND NHAT=  -9.50528309E-02  0.995472193     VALUE OF RES(K) IS NOW  -3.55999422    
 ROW          112 IS FLOW TANGENCY  (QC dot n) AT POINT IC=         110 WHERE QC=   20.6998997      -1.55409753     AND NHAT= -0.107975855      0.994153500     VALUE OF RES(K) IS NOW  -3.78010082    
 ROW          113 IS FLOW TANGENCY  (QC dot n) AT POINT IC=         111 WHERE QC=   20.7193584      -1.50802588     AND NHAT= -0.121616274      0.992577136     VALUE OF RES(K) IS NOW  -4.01664305    
 ROW          114 IS FLOW TANGENCY  (QC dot n) AT POINT IC=         112 WHERE QC=   20.7368584      -1.46366656     AND NHAT= -0.136213541      0.990679562     VALUE OF RES(K) IS NOW  -4.27466536    
 ROW          115 IS FLOW TANGENCY  (QC dot n) AT POINT IC=         113 WHERE QC=   20.7525787      -1.42127311     AND NHAT= -0.152823105      0.988253593     VALUE OF RES(K) IS NOW  -4.57605171    
 ROW          116 IS FLOW TANGENCY  (QC dot n) AT POINT IC=         114 WHERE QC=   20.7667694      -1.38096595     AND NHAT= -0.171548739      0.985175669     VALUE OF RES(K) IS NOW  -4.92300701    
 ROW          117 IS FLOW TANGENCY  (QC dot n) AT POINT IC=         115 WHERE QC=   20.7796707      -1.34272695     AND NHAT= -0.191483289      0.981495857     VALUE OF RES(K) IS NOW  -5.29684067    
 ROW          118 IS FLOW TANGENCY  (QC dot n) AT POINT IC=         116 WHERE QC=   20.7913799      -1.30687118     AND NHAT= -0.212936044      0.977066159     VALUE OF RES(K) IS NOW  -5.70413399    
 ROW          119 IS FLOW TANGENCY  (QC dot n) AT POINT IC=         117 WHERE QC=   20.8019180      -1.27408254     AND NHAT= -0.237799704      0.971314192     VALUE OF RES(K) IS NOW  -6.18422461    
 ROW          120 IS FLOW TANGENCY  (QC dot n) AT POINT IC=         118 WHERE QC=   20.8113842      -1.24512231     AND NHAT= -0.268687606      0.963227332     VALUE OF RES(K) IS NOW  -6.79109669    
 ROW          121 IS FLOW TANGENCY  (QC dot n) AT POINT IC=         119 WHERE QC=   20.8199749      -1.22038007     AND NHAT= -0.305183858      0.952293456     VALUE OF RES(K) IS NOW  -7.51608038    
 ROW          122 IS FLOW TANGENCY  (QC dot n) AT POINT IC=         120 WHERE QC=   20.8276978      -1.20000315     AND NHAT= -0.341312915      0.939949751     VALUE OF RES(K) IS NOW  -8.23670483    
 ROW          123 IS FLOW TANGENCY  (QC dot n) AT POINT IC=         121 WHERE QC=   20.8344994      -1.18394983     AND NHAT= -0.383084983      0.923713088     VALUE OF RES(K) IS NOW  -9.07501411    
 ROW          124 IS FLOW TANGENCY  (QC dot n) AT POINT IC=         122 WHERE QC=   20.8409004      -1.17197013     AND NHAT= -0.468632191      0.883393407     VALUE OF RES(K) IS NOW  -10.8020277    
 ROW          125 IS FLOW TANGENCY  (QC dot n) AT POINT IC=         123 WHERE QC=   20.8479691      -1.16397679     AND NHAT= -0.623751342      0.781622767     VALUE OF RES(K) IS NOW  -13.9137392    
 ROW          126 IS FLOW TANGENCY  (QC dot n) AT POINT IC=         124 WHERE QC=   20.8566933      -1.16031075     AND NHAT= -0.822167337      0.569245815     VALUE OF RES(K) IS NOW  -17.8081932    
 ROW          127 IS FLOW TANGENCY  (QC dot n) AT POINT IC=         125 WHERE QC=   20.8674088      -1.16159844     AND NHAT= -0.976431072      0.215829268     VALUE OF RES(K) IS NOW  -20.6262932    
 ROW          128 IS FLOW TANGENCY  (QC dot n) AT POINT IC=         126 WHERE QC=   20.8794594      -1.16818619     AND NHAT= -0.976859450     -0.213882178     VALUE OF RES(K) IS NOW  -20.1464424    
 ROW          129 IS FLOW TANGENCY  (QC dot n) AT POINT IC=         127 WHERE QC=   20.8916130      -1.17947996     AND NHAT= -0.824875534     -0.565314412     VALUE OF RES(K) IS NOW  -16.5662041    
 ROW          130 IS FLOW TANGENCY  (QC dot n) AT POINT IC=         128 WHERE QC=   20.9029980      -1.19446909     AND NHAT= -0.627800941     -0.778373957     VALUE OF RES(K) IS NOW  -12.1931782    
 ROW          131 IS FLOW TANGENCY  (QC dot n) AT POINT IC=         129 WHERE QC=   20.9136105      -1.21283305     AND NHAT= -0.471976697     -0.881611168     VALUE OF RES(K) IS NOW  -8.80148983    
 ROW          132 IS FLOW TANGENCY  (QC dot n) AT POINT IC=         130 WHERE QC=   20.9242859      -1.23537302     AND NHAT= -0.384893209     -0.922961116     VALUE OF RES(K) IS NOW  -6.91341448    
 ROW          133 IS FLOW TANGENCY  (QC dot n) AT POINT IC=         131 WHERE QC=   20.9360847      -1.26363349     AND NHAT= -0.342523962     -0.939509153     VALUE OF RES(K) IS NOW  -5.98391533    
 ROW          134 IS FLOW TANGENCY  (QC dot n) AT POINT IC=         132 WHERE QC=   20.9493160      -1.29866648     AND NHAT= -0.306602061     -0.951837718     VALUE OF RES(K) IS NOW  -5.18698359    
 ROW          135 IS FLOW TANGENCY  (QC dot n) AT POINT IC=         133 WHERE QC=   20.9634666      -1.34049904     AND NHAT= -0.270154566     -0.962816954     VALUE OF RES(K) IS NOW  -4.37272120    
 ROW          136 IS FLOW TANGENCY  (QC dot n) AT POINT IC=         134 WHERE QC=   20.9779015      -1.38895380     AND NHAT= -0.239114687     -0.970991373     VALUE OF RES(K) IS NOW  -3.66746211    
 ROW          137 IS FLOW TANGENCY  (QC dot n) AT POINT IC=         135 WHERE QC=   20.9920940      -1.44375944     AND NHAT= -0.214160144     -0.976798654     VALUE OF RES(K) IS NOW  -3.08540773    
 ROW          138 IS FLOW TANGENCY  (QC dot n) AT POINT IC=         136 WHERE QC=   21.0054474      -1.50400651     AND NHAT= -0.192727700     -0.981252372     VALUE OF RES(K) IS NOW  -2.57252169    
 ROW          139 IS FLOW TANGENCY  (QC dot n) AT POINT IC=         137 WHERE QC=   21.0173721      -1.56867540     AND NHAT= -0.172875836     -0.984943569     VALUE OF RES(K) IS NOW  -2.08833885    
 ROW          140 IS FLOW TANGENCY  (QC dot n) AT POINT IC=         138 WHERE QC=   21.0274086      -1.63732481     AND NHAT= -0.154183224     -0.988042355     VALUE OF RES(K) IS NOW  -1.62432730    
 ROW          141 IS FLOW TANGENCY  (QC dot n) AT POINT IC=         139 WHERE QC=   21.0352783      -1.70996904     AND NHAT= -0.137515590     -0.990499556     VALUE OF RES(K) IS NOW  -1.19895518    
 ROW          142 IS FLOW TANGENCY  (QC dot n) AT POINT IC=         140 WHERE QC=   21.0406742      -1.78651559     AND NHAT= -0.122906283     -0.992418349     VALUE OF RES(K) IS NOW -0.813060045    
 ROW          143 IS FLOW TANGENCY  (QC dot n) AT POINT IC=         141 WHERE QC=   21.0433502      -1.86652386     AND NHAT= -0.109311245     -0.994007528     VALUE OF RES(K) IS NOW -0.444936037    
 ROW          144 IS FLOW TANGENCY  (QC dot n) AT POINT IC=         142 WHERE QC=   21.0430679      -1.94960535     AND NHAT=  -9.64325815E-02 -0.995339513     VALUE OF RES(K) IS NOW  -8.87180567E-02
 ROW          145 IS FLOW TANGENCY  (QC dot n) AT POINT IC=         143 WHERE QC=   21.0396824      -2.03534341     AND NHAT=  -8.40740725E-02 -0.996459484     VALUE OF RES(K) IS NOW  0.259245396    
 ROW          146 IS FLOW TANGENCY  (QC dot n) AT POINT IC=         144 WHERE QC=   21.0331650      -2.12361979     AND NHAT=  -7.22934231E-02 -0.997383416     VALUE OF RES(K) IS NOW  0.597503662    
 ROW          147 IS FLOW TANGENCY  (QC dot n) AT POINT IC=         145 WHERE QC=   21.0236053      -2.21440196     AND NHAT=  -6.10046871E-02 -0.998137474     VALUE OF RES(K) IS NOW  0.927739143    
 ROW          148 IS FLOW TANGENCY  (QC dot n) AT POINT IC=         146 WHERE QC=   21.0112419      -2.30767441     AND NHAT=  -5.01257814E-02 -0.998742938     VALUE OF RES(K) IS NOW   1.25156868    
 ROW          149 IS FLOW TANGENCY  (QC dot n) AT POINT IC=         147 WHERE QC=   20.9965611      -2.40374589     AND NHAT=  -3.95233519E-02 -0.999218702     VALUE OF RES(K) IS NOW   1.57201338    
 ROW          150 IS FLOW TANGENCY  (QC dot n) AT POINT IC=         148 WHERE QC=   20.9802284      -2.50356722     AND NHAT=  -2.85199471E-02 -0.999593318     VALUE OF RES(K) IS NOW   1.90419412    
 ROW          151 IS FLOW TANGENCY  (QC dot n) AT POINT IC=         149 WHERE QC=   20.9632187      -2.60928631     AND NHAT=  -1.80438738E-02 -0.999837101     VALUE OF RES(K) IS NOW   2.23060346    
 ROW          152 IS FLOW TANGENCY  (QC dot n) AT POINT IC=         150 WHERE QC=   20.9468842      -2.72578454     AND NHAT=  -7.04455329E-03 -0.999975204     VALUE OF RES(K) IS NOW   2.57815552    
 ROW          153 IS FLOW TANGENCY  (QC dot n) AT POINT IC=         151 WHERE QC=   20.9331875      -2.86700320     AND NHAT=   3.91811226E-03 -0.999992311     VALUE OF RES(K) IS NOW   2.94899988    
 ROW          154 IS FLOW TANGENCY  (QC dot n) AT POINT IC=         152 WHERE QC=   20.9257126      -3.07430267     AND NHAT=   1.48657011E-02 -0.999889553     VALUE OF RES(K) IS NOW   3.38503861    
 ROW          155 IS FLOW TANGENCY  (QC dot n) AT POINT IC=         153 WHERE QC=   20.9243927      -3.20382619     AND NHAT=   2.60332506E-02 -0.999661088     VALUE OF RES(K) IS NOW   3.74747038    
 ROW          156 IS FLOW TANGENCY  (QC dot n) AT POINT IC=         154 WHERE QC=   20.9267540      -3.28417683     AND NHAT=   3.69811878E-02 -0.999315917     VALUE OF RES(K) IS NOW   4.05582619    
 ROW          157 IS FLOW TANGENCY  (QC dot n) AT POINT IC=         155 WHERE QC=   20.9330463      -3.33838034     AND NHAT=   4.84482236E-02 -0.998825610     VALUE OF RES(K) IS NOW   4.34862852    
 ROW          158 IS FLOW TANGENCY  (QC dot n) AT POINT IC=         156 WHERE QC=   20.9432507      -3.37125015     AND NHAT=   6.18702471E-02 -0.998084188     VALUE OF RES(K) IS NOW   4.66055536    
 ROW          159 IS FLOW TANGENCY  (QC dot n) AT POINT IC=         157 WHERE QC=   20.9576797      -3.38414931     AND NHAT=   7.83030838E-02 -0.996929586     VALUE OF RES(K) IS NOW   5.01480961    
 ROW          160 IS FLOW TANGENCY  (QC dot n) AT POINT IC=         158 WHERE QC=   20.9734612      -3.37763977     AND NHAT=   9.79163498E-02 -0.995194733     VALUE OF RES(K) IS NOW   5.41505432    
 ROW          161 IS FLOW TANGENCY  (QC dot n) AT POINT IC=         159 WHERE QC=   20.9880142      -3.35183167     AND NHAT=  0.119610861     -0.992820859     VALUE OF RES(K) IS NOW   5.83816242    
 ROW          162 IS FLOW TANGENCY  (QC dot n) AT POINT IC=         160 WHERE QC=   20.9981651      -3.30751729     AND NHAT=  0.140333295     -0.990104318     VALUE OF RES(K) IS NOW   6.22152901    
 ROW          163 IS FLOW TANGENCY  (QC dot n) AT POINT IC=         161 WHERE QC=   21.0047379      -3.24666858     AND NHAT=  0.156729698     -0.987641513     VALUE OF RES(K) IS NOW   6.49861097    
 ROW          164 IS FLOW TANGENCY  (QC dot n) AT POINT IC=         162 WHERE QC=   21.0107231      -3.17172551     AND NHAT=  0.169428900     -0.985542476     VALUE OF RES(K) IS NOW   6.68569374    
 ROW          165 IS FLOW TANGENCY  (QC dot n) AT POINT IC=         163 WHERE QC=   21.0186367      -3.08627200     AND NHAT=  0.178865477     -0.983873546     VALUE OF RES(K) IS NOW   6.79601002    
 ROW          166 IS FLOW TANGENCY  (QC dot n) AT POINT IC=         164 WHERE QC=   21.0291252      -2.99253607     AND NHAT=  0.187454015     -0.982273340     VALUE OF RES(K) IS NOW   6.88148212    
 ROW          167 IS FLOW TANGENCY  (QC dot n) AT POINT IC=         165 WHERE QC=   21.0402584      -2.89093781     AND NHAT=  0.196034253     -0.980597079     VALUE OF RES(K) IS NOW   6.95945644    
 ROW          168 IS FLOW TANGENCY  (QC dot n) AT POINT IC=         166 WHERE QC=   21.0497150      -2.78134441     AND NHAT=  0.203264102     -0.979123950     VALUE OF RES(K) IS NOW   7.00193214    
 ROW          169 IS FLOW TANGENCY  (QC dot n) AT POINT IC=         167 WHERE QC=   21.0592232      -2.66388893     AND NHAT=  0.207924575     -0.978144825     VALUE OF RES(K) IS NOW   6.98439884    
 ROW          170 IS FLOW TANGENCY  (QC dot n) AT POINT IC=         168 WHERE QC=   21.0672092      -2.54437947     AND NHAT=  0.209551379     -0.977797627     VALUE OF RES(K) IS NOW   6.90255070    
 ROW          171 IS FLOW TANGENCY  (QC dot n) AT POINT IC=         169 WHERE QC=   21.0750370      -2.42878056     AND NHAT=  0.208175004     -0.978091598     VALUE OF RES(K) IS NOW   6.76286554    
 ROW          172 IS FLOW TANGENCY  (QC dot n) AT POINT IC=         170 WHERE QC=   21.0794907      -2.32003474     AND NHAT=  0.204857036     -0.978791893     VALUE OF RES(K) IS NOW   6.58911324    
 ROW          173 IS FLOW TANGENCY  (QC dot n) AT POINT IC=         171 WHERE QC=   21.0782051      -2.21747804     AND NHAT=  0.199001774     -0.979999125     VALUE OF RES(K) IS NOW   6.36772633    
 ROW          174 IS FLOW TANGENCY  (QC dot n) AT POINT IC=         172 WHERE QC=   21.0664787      -2.12075973     AND NHAT=  0.189581141     -0.981865048     VALUE OF RES(K) IS NOW   6.07610703    
 ROW          175 IS FLOW TANGENCY  (QC dot n) AT POINT IC=         173 WHERE QC=   21.0482464      -2.02542520     AND NHAT=  0.176520929     -0.984296858     VALUE OF RES(K) IS NOW   5.70907593    
 ROW          176 IS FLOW TANGENCY  (QC dot n) AT POINT IC=         174 WHERE QC=   21.0152359      -1.93181884     AND NHAT=  0.158293203     -0.987392128     VALUE OF RES(K) IS NOW   5.23403168    
 ROW          177 IS FLOW TANGENCY  (QC dot n) AT POINT IC=         175 WHERE QC=   20.9837151      -1.83075893     AND NHAT=  0.135772601     -0.990740061     VALUE OF RES(K) IS NOW   4.66281986    
 ROW          178 IS FLOW TANGENCY  (QC dot n) AT POINT IC=         176 WHERE QC=   20.9502754      -1.71839070     AND NHAT=  0.103811271     -0.994597018     VALUE OF RES(K) IS NOW   3.88398123    
 ROW          179 IS FLOW TANGENCY  (QC dot n) AT POINT IC=         177 WHERE QC=   20.9153595      -1.57995152     AND NHAT=   5.71425818E-02 -0.998365998     VALUE OF RES(K) IS NOW   2.77252769    
 ROW           78 IS THE 0 INTERNAL TANGENTIAL VELOCITY (QC dot NHAT) on point,        1971 WHERE QC=   169.738663      -1.41369021     AND NHAT=  0.677543998     -0.735482275     VALUE OF RES(K) IS NOW   116.045151    
 ROW          180 IS THE BASIC KUTTA CONDITION, SETTING FIRST AND LAST BODY GAMMAS TO BE EQUAL TO THE WAKE STRENGTH OF THE FIRST BODY WAKE PANEL. (G1+GN=-GW)VALUE OF RES(K) IS NOW   7.09574986    
 ROW          181 IS THE 0 INTERNAL TANGENTIAL VELOCITY (QC dot NHAT) on point,        1972 WHERE QC=   17.3197327      -1.68931997     AND NHAT=  0.999986172      -5.24889724E-03 VALUE OF RES(K) IS NOW   17.3283596    
 ROW           77 IS AN EXPLICITLY SET VORTEX STRENGTH.VALUE OF RES(K) IS NOW   0.00000000    
