 ROW           1 START WITH   6.97617435    
 ROW           1 FIRST ADD AICQFF*QINF, i.e. Vinf_x. LEAVING:   6.97617435    
 ROW           1 THEN ADD ALL AICGTH*GTH (wake vortex contributions). LEAVING:   6.97617435    
 ROW           1 THEN ADD ALL AICSIG*SIGK (rotor source contributions), LEAVING:   6.97617435    
 ROW           2 START WITH   6.47117376    
 ROW           2 FIRST ADD AICQFF*QINF, i.e. Vinf_x. LEAVING:   6.47117376    
 ROW           2 THEN ADD ALL AICGTH*GTH (wake vortex contributions). LEAVING:   6.47117376    
 ROW           2 THEN ADD ALL AICSIG*SIGK (rotor source contributions), LEAVING:   6.47117376    
 ROW           3 START WITH   5.75417423    
 ROW           3 FIRST ADD AICQFF*QINF, i.e. Vinf_x. LEAVING:   5.75417423    
 ROW           3 THEN ADD ALL AICGTH*GTH (wake vortex contributions). LEAVING:   5.75417423    
 ROW           3 THEN ADD ALL AICSIG*SIGK (rotor source contributions), LEAVING:   5.75417423    
 ROW           4 START WITH   5.00992775    
 ROW           4 FIRST ADD AICQFF*QINF, i.e. Vinf_x. LEAVING:   5.00992775    
 ROW           4 THEN ADD ALL AICGTH*GTH (wake vortex contributions). LEAVING:   5.00992775    
 ROW           4 THEN ADD ALL AICSIG*SIGK (rotor source contributions), LEAVING:   5.00992775    
 ROW           5 START WITH   4.26883316    
 ROW           5 FIRST ADD AICQFF*QINF, i.e. Vinf_x. LEAVING:   4.26883316    
 ROW           5 THEN ADD ALL AICGTH*GTH (wake vortex contributions). LEAVING:   4.26883316    
 ROW           5 THEN ADD ALL AICSIG*SIGK (rotor source contributions), LEAVING:   4.26883316    
 ROW           6 START WITH   3.56434202    
 ROW           6 FIRST ADD AICQFF*QINF, i.e. Vinf_x. LEAVING:   3.56434202    
 ROW           6 THEN ADD ALL AICGTH*GTH (wake vortex contributions). LEAVING:   3.56434202    
 ROW           6 THEN ADD ALL AICSIG*SIGK (rotor source contributions), LEAVING:   3.56434202    
 ROW           7 START WITH   2.90925407    
 ROW           7 FIRST ADD AICQFF*QINF, i.e. Vinf_x. LEAVING:   2.90925407    
 ROW           7 THEN ADD ALL AICGTH*GTH (wake vortex contributions). LEAVING:   2.90925407    
 ROW           7 THEN ADD ALL AICSIG*SIGK (rotor source contributions), LEAVING:   2.90925407    
 ROW           8 START WITH   2.29813480    
 ROW           8 FIRST ADD AICQFF*QINF, i.e. Vinf_x. LEAVING:   2.29813480    
 ROW           8 THEN ADD ALL AICGTH*GTH (wake vortex contributions). LEAVING:   2.29813480    
 ROW           8 THEN ADD ALL AICSIG*SIGK (rotor source contributions), LEAVING:   2.29813480    
 ROW           9 START WITH   1.71412480    
 ROW           9 FIRST ADD AICQFF*QINF, i.e. Vinf_x. LEAVING:   1.71412480    
 ROW           9 THEN ADD ALL AICGTH*GTH (wake vortex contributions). LEAVING:   1.71412480    
 ROW           9 THEN ADD ALL AICSIG*SIGK (rotor source contributions), LEAVING:   1.71412480    
 ROW          10 START WITH   1.14550507    
 ROW          10 FIRST ADD AICQFF*QINF, i.e. Vinf_x. LEAVING:   1.14550507    
 ROW          10 THEN ADD ALL AICGTH*GTH (wake vortex contributions). LEAVING:   1.14550507    
 ROW          10 THEN ADD ALL AICSIG*SIGK (rotor source contributions), LEAVING:   1.14550507    
 ROW          11 START WITH  0.607140124    
 ROW          11 FIRST ADD AICQFF*QINF, i.e. Vinf_x. LEAVING:  0.607140124    
 ROW          11 THEN ADD ALL AICGTH*GTH (wake vortex contributions). LEAVING:  0.607140124    
 ROW          11 THEN ADD ALL AICSIG*SIGK (rotor source contributions), LEAVING:  0.607140124    
 ROW          12 START WITH  0.196669340    
 ROW          12 FIRST ADD AICQFF*QINF, i.e. Vinf_x. LEAVING:  0.196669340    
 ROW          12 THEN ADD ALL AICGTH*GTH (wake vortex contributions). LEAVING:  0.196669340    
 ROW          12 THEN ADD ALL AICSIG*SIGK (rotor source contributions), LEAVING:  0.196669340    
 ROW          13 START WITH   1.75203793E-02
 ROW          13 FIRST ADD AICQFF*QINF, i.e. Vinf_x. LEAVING:   1.75203793E-02
 ROW          13 THEN ADD ALL AICGTH*GTH (wake vortex contributions). LEAVING:   1.75203793E-02
 ROW          13 THEN ADD ALL AICSIG*SIGK (rotor source contributions), LEAVING:   1.75203793E-02
 ROW          14 START WITH   1.35539388E-02
 ROW          14 FIRST ADD AICQFF*QINF, i.e. Vinf_x. LEAVING:   1.35539388E-02
 ROW          14 THEN ADD ALL AICGTH*GTH (wake vortex contributions). LEAVING:   1.35539388E-02
 ROW          14 THEN ADD ALL AICSIG*SIGK (rotor source contributions), LEAVING:   1.35539388E-02
 ROW          15 START WITH   2.72326022E-02
 ROW          15 FIRST ADD AICQFF*QINF, i.e. Vinf_x. LEAVING:   2.72326022E-02
 ROW          15 THEN ADD ALL AICGTH*GTH (wake vortex contributions). LEAVING:   2.72326022E-02
 ROW          15 THEN ADD ALL AICSIG*SIGK (rotor source contributions), LEAVING:   2.72326022E-02
 ROW          16 START WITH   2.26374269E-02
 ROW          16 FIRST ADD AICQFF*QINF, i.e. Vinf_x. LEAVING:   2.26374269E-02
 ROW          16 THEN ADD ALL AICGTH*GTH (wake vortex contributions). LEAVING:   2.26374269E-02
 ROW          16 THEN ADD ALL AICSIG*SIGK (rotor source contributions), LEAVING:   2.26374269E-02
 ROW          17 START WITH   1.88155789E-02
 ROW          17 FIRST ADD AICQFF*QINF, i.e. Vinf_x. LEAVING:   1.88155789E-02
 ROW          17 THEN ADD ALL AICGTH*GTH (wake vortex contributions). LEAVING:   1.88155789E-02
 ROW          17 THEN ADD ALL AICSIG*SIGK (rotor source contributions), LEAVING:   1.88155789E-02
 ROW          18 START WITH   1.89393423E-02
 ROW          18 FIRST ADD AICQFF*QINF, i.e. Vinf_x. LEAVING:   1.89393423E-02
 ROW          18 THEN ADD ALL AICGTH*GTH (wake vortex contributions). LEAVING:   1.89393423E-02
 ROW          18 THEN ADD ALL AICSIG*SIGK (rotor source contributions), LEAVING:   1.89393423E-02
 ROW          19 START WITH   1.98247079E-02
 ROW          19 FIRST ADD AICQFF*QINF, i.e. Vinf_x. LEAVING:   1.98247079E-02
 ROW          19 THEN ADD ALL AICGTH*GTH (wake vortex contributions). LEAVING:   1.98247079E-02
 ROW          19 THEN ADD ALL AICSIG*SIGK (rotor source contributions), LEAVING:   1.98247079E-02
 ROW          20 START WITH   2.01586969E-02
 ROW          20 FIRST ADD AICQFF*QINF, i.e. Vinf_x. LEAVING:   2.01586969E-02
 ROW          20 THEN ADD ALL AICGTH*GTH (wake vortex contributions). LEAVING:   2.01586969E-02
 ROW          20 THEN ADD ALL AICSIG*SIGK (rotor source contributions), LEAVING:   2.01586969E-02
 ROW          21 START WITH   1.99553203E-02
 ROW          21 FIRST ADD AICQFF*QINF, i.e. Vinf_x. LEAVING:   1.99553203E-02
 ROW          21 THEN ADD ALL AICGTH*GTH (wake vortex contributions). LEAVING:   1.99553203E-02
 ROW          21 THEN ADD ALL AICSIG*SIGK (rotor source contributions), LEAVING:   1.99553203E-02
 ROW          22 START WITH   1.94224883E-02
 ROW          22 FIRST ADD AICQFF*QINF, i.e. Vinf_x. LEAVING:   1.94224883E-02
 ROW          22 THEN ADD ALL AICGTH*GTH (wake vortex contributions). LEAVING:   1.94224883E-02
 ROW          22 THEN ADD ALL AICSIG*SIGK (rotor source contributions), LEAVING:   1.94224883E-02
 ROW          23 START WITH   1.90622378E-02
 ROW          23 FIRST ADD AICQFF*QINF, i.e. Vinf_x. LEAVING:   1.90622378E-02
 ROW          23 THEN ADD ALL AICGTH*GTH (wake vortex contributions). LEAVING:   1.90622378E-02
 ROW          23 THEN ADD ALL AICSIG*SIGK (rotor source contributions), LEAVING:   1.90622378E-02
 ROW          24 START WITH   1.92311797E-02
 ROW          24 FIRST ADD AICQFF*QINF, i.e. Vinf_x. LEAVING:   1.92311797E-02
 ROW          24 THEN ADD ALL AICGTH*GTH (wake vortex contributions). LEAVING:   1.92311797E-02
 ROW          24 THEN ADD ALL AICSIG*SIGK (rotor source contributions), LEAVING:   1.92311797E-02
 ROW          25 START WITH   2.01840252E-02
 ROW          25 FIRST ADD AICQFF*QINF, i.e. Vinf_x. LEAVING:   2.01840252E-02
 ROW          25 THEN ADD ALL AICGTH*GTH (wake vortex contributions). LEAVING:   2.01840252E-02
 ROW          25 THEN ADD ALL AICSIG*SIGK (rotor source contributions), LEAVING:   2.01840252E-02
 ROW          26 START WITH   2.15784181E-02
 ROW          26 FIRST ADD AICQFF*QINF, i.e. Vinf_x. LEAVING:   2.15784181E-02
 ROW          26 THEN ADD ALL AICGTH*GTH (wake vortex contributions). LEAVING:   2.15784181E-02
 ROW          26 THEN ADD ALL AICSIG*SIGK (rotor source contributions), LEAVING:   2.15784181E-02
 ROW          27 START WITH   2.00231913E-02
 ROW          27 FIRST ADD AICQFF*QINF, i.e. Vinf_x. LEAVING:   2.00231913E-02
 ROW          27 THEN ADD ALL AICGTH*GTH (wake vortex contributions). LEAVING:   2.00231913E-02
 ROW          27 THEN ADD ALL AICSIG*SIGK (rotor source contributions), LEAVING:   2.00231913E-02
 ROW          28 START WITH   1.71318594E-02
 ROW          28 FIRST ADD AICQFF*QINF, i.e. Vinf_x. LEAVING:   1.71318594E-02
 ROW          28 THEN ADD ALL AICGTH*GTH (wake vortex contributions). LEAVING:   1.71318594E-02
 ROW          28 THEN ADD ALL AICSIG*SIGK (rotor source contributions), LEAVING:   1.71318594E-02
 ROW          29 START WITH   2.23977603E-02
 ROW          29 FIRST ADD AICQFF*QINF, i.e. Vinf_x. LEAVING:   2.23977603E-02
 ROW          29 THEN ADD ALL AICGTH*GTH (wake vortex contributions). LEAVING:   2.23977603E-02
 ROW          29 THEN ADD ALL AICSIG*SIGK (rotor source contributions), LEAVING:   2.23977603E-02
 ROW          30 START WITH   2.29563713E-02
 ROW          30 FIRST ADD AICQFF*QINF, i.e. Vinf_x. LEAVING:   2.29563713E-02
 ROW          30 THEN ADD ALL AICGTH*GTH (wake vortex contributions). LEAVING:   2.29563713E-02
 ROW          30 THEN ADD ALL AICSIG*SIGK (rotor source contributions), LEAVING:   2.29563713E-02
 ROW          31 START WITH  -2.30159867E-03
 ROW          31 FIRST ADD AICQFF*QINF, i.e. Vinf_x. LEAVING:  -2.30159867E-03
 ROW          31 THEN ADD ALL AICGTH*GTH (wake vortex contributions). LEAVING:  -2.30159867E-03
 ROW          31 THEN ADD ALL AICSIG*SIGK (rotor source contributions), LEAVING:  -2.30159867E-03
 ROW          32 START WITH   4.96797934E-02
 ROW          32 FIRST ADD AICQFF*QINF, i.e. Vinf_x. LEAVING:   4.96797934E-02
 ROW          32 THEN ADD ALL AICGTH*GTH (wake vortex contributions). LEAVING:   4.96797934E-02
 ROW          32 THEN ADD ALL AICSIG*SIGK (rotor source contributions), LEAVING:   4.96797934E-02
 ROW          33 START WITH   9.62140486E-02
 ROW          33 FIRST ADD AICQFF*QINF, i.e. Vinf_x. LEAVING:   9.62140486E-02
 ROW          33 THEN ADD ALL AICGTH*GTH (wake vortex contributions). LEAVING:   9.62140486E-02
 ROW          33 THEN ADD ALL AICSIG*SIGK (rotor source contributions), LEAVING:   9.62140486E-02
 ROW          34 START WITH -0.144401491    
 ROW          34 FIRST ADD AICQFF*QINF, i.e. Vinf_x. LEAVING: -0.144401491    
 ROW          34 THEN ADD ALL AICGTH*GTH (wake vortex contributions). LEAVING: -0.144401491    
 ROW          34 THEN ADD ALL AICSIG*SIGK (rotor source contributions), LEAVING: -0.144401491    
 ROW          35 START WITH -0.530702591    
 ROW          35 FIRST ADD AICQFF*QINF, i.e. Vinf_x. LEAVING: -0.530702591    
 ROW          35 THEN ADD ALL AICGTH*GTH (wake vortex contributions). LEAVING: -0.530702591    
 ROW          35 THEN ADD ALL AICSIG*SIGK (rotor source contributions), LEAVING: -0.530702591    
 ROW          36 START WITH -0.879187107    
 ROW          36 FIRST ADD AICQFF*QINF, i.e. Vinf_x. LEAVING: -0.879187107    
 ROW          36 THEN ADD ALL AICGTH*GTH (wake vortex contributions). LEAVING: -0.879187107    
 ROW          36 THEN ADD ALL AICSIG*SIGK (rotor source contributions), LEAVING: -0.879187107    
 ROW          37 START WITH  -1.24366605    
 ROW          37 FIRST ADD AICQFF*QINF, i.e. Vinf_x. LEAVING:  -1.24366605    
 ROW          37 THEN ADD ALL AICGTH*GTH (wake vortex contributions). LEAVING:  -1.24366605    
 ROW          37 THEN ADD ALL AICSIG*SIGK (rotor source contributions), LEAVING:  -1.24366605    
 ROW          38 START WITH  -1.64469540    
 ROW          38 FIRST ADD AICQFF*QINF, i.e. Vinf_x. LEAVING:  -1.64469540    
 ROW          38 THEN ADD ALL AICGTH*GTH (wake vortex contributions). LEAVING:  -1.64469540    
 ROW          38 THEN ADD ALL AICSIG*SIGK (rotor source contributions), LEAVING:  -1.64469540    
 ROW          39 START WITH  -2.06865144    
 ROW          39 FIRST ADD AICQFF*QINF, i.e. Vinf_x. LEAVING:  -2.06865144    
 ROW          39 THEN ADD ALL AICGTH*GTH (wake vortex contributions). LEAVING:  -2.06865144    
 ROW          39 THEN ADD ALL AICSIG*SIGK (rotor source contributions), LEAVING:  -2.06865144    
 ROW          40 START WITH  -2.52111650    
 ROW          40 FIRST ADD AICQFF*QINF, i.e. Vinf_x. LEAVING:  -2.52111650    
 ROW          40 THEN ADD ALL AICGTH*GTH (wake vortex contributions). LEAVING:  -2.52111650    
 ROW          40 THEN ADD ALL AICSIG*SIGK (rotor source contributions), LEAVING:  -2.52111650    
 ROW          41 START WITH  -3.00682116    
 ROW          41 FIRST ADD AICQFF*QINF, i.e. Vinf_x. LEAVING:  -3.00682116    
 ROW          41 THEN ADD ALL AICGTH*GTH (wake vortex contributions). LEAVING:  -3.00682116    
 ROW          41 THEN ADD ALL AICSIG*SIGK (rotor source contributions), LEAVING:  -3.00682116    
 ROW          42 START WITH  -3.52191591    
 ROW          42 FIRST ADD AICQFF*QINF, i.e. Vinf_x. LEAVING:  -3.52191591    
 ROW          42 THEN ADD ALL AICGTH*GTH (wake vortex contributions). LEAVING:  -3.52191591    
 ROW          42 THEN ADD ALL AICSIG*SIGK (rotor source contributions), LEAVING:  -3.52191591    
 ROW          43 START WITH  -4.06834269    
 ROW          43 FIRST ADD AICQFF*QINF, i.e. Vinf_x. LEAVING:  -4.06834269    
 ROW          43 THEN ADD ALL AICGTH*GTH (wake vortex contributions). LEAVING:  -4.06834269    
 ROW          43 THEN ADD ALL AICSIG*SIGK (rotor source contributions), LEAVING:  -4.06834269    
 ROW          44 START WITH  -4.66241980    
 ROW          44 FIRST ADD AICQFF*QINF, i.e. Vinf_x. LEAVING:  -4.66241980    
 ROW          44 THEN ADD ALL AICGTH*GTH (wake vortex contributions). LEAVING:  -4.66241980    
 ROW          44 THEN ADD ALL AICSIG*SIGK (rotor source contributions), LEAVING:  -4.66241980    
 ROW          45 START WITH  -5.29762173    
 ROW          45 FIRST ADD AICQFF*QINF, i.e. Vinf_x. LEAVING:  -5.29762173    
 ROW          45 THEN ADD ALL AICGTH*GTH (wake vortex contributions). LEAVING:  -5.29762173    
 ROW          45 THEN ADD ALL AICSIG*SIGK (rotor source contributions), LEAVING:  -5.29762173    
 ROW          46 START WITH  -5.97594738    
 ROW          46 FIRST ADD AICQFF*QINF, i.e. Vinf_x. LEAVING:  -5.97594738    
 ROW          46 THEN ADD ALL AICGTH*GTH (wake vortex contributions). LEAVING:  -5.97594738    
 ROW          46 THEN ADD ALL AICSIG*SIGK (rotor source contributions), LEAVING:  -5.97594738    
 ROW          47 START WITH  -6.70562649    
 ROW          47 FIRST ADD AICQFF*QINF, i.e. Vinf_x. LEAVING:  -6.70562649    
 ROW          47 THEN ADD ALL AICGTH*GTH (wake vortex contributions). LEAVING:  -6.70562649    
 ROW          47 THEN ADD ALL AICSIG*SIGK (rotor source contributions), LEAVING:  -6.70562649    
 ROW          48 START WITH  -7.49205208    
 ROW          48 FIRST ADD AICQFF*QINF, i.e. Vinf_x. LEAVING:  -7.49205208    
 ROW          48 THEN ADD ALL AICGTH*GTH (wake vortex contributions). LEAVING:  -7.49205208    
 ROW          48 THEN ADD ALL AICSIG*SIGK (rotor source contributions), LEAVING:  -7.49205208    
 ROW          49 START WITH  -8.33683777    
 ROW          49 FIRST ADD AICQFF*QINF, i.e. Vinf_x. LEAVING:  -8.33683777    
 ROW          49 THEN ADD ALL AICGTH*GTH (wake vortex contributions). LEAVING:  -8.33683777    
 ROW          49 THEN ADD ALL AICSIG*SIGK (rotor source contributions), LEAVING:  -8.33683777    
 ROW          50 START WITH  -9.24588394    
 ROW          50 FIRST ADD AICQFF*QINF, i.e. Vinf_x. LEAVING:  -9.24588394    
 ROW          50 THEN ADD ALL AICGTH*GTH (wake vortex contributions). LEAVING:  -9.24588394    
 ROW          50 THEN ADD ALL AICSIG*SIGK (rotor source contributions), LEAVING:  -9.24588394    
 ROW          51 START WITH  -10.2214231    
 ROW          51 FIRST ADD AICQFF*QINF, i.e. Vinf_x. LEAVING:  -10.2214231    
 ROW          51 THEN ADD ALL AICGTH*GTH (wake vortex contributions). LEAVING:  -10.2214231    
 ROW          51 THEN ADD ALL AICSIG*SIGK (rotor source contributions), LEAVING:  -10.2214231    
 ROW          52 START WITH  -11.2610893    
 ROW          52 FIRST ADD AICQFF*QINF, i.e. Vinf_x. LEAVING:  -11.2610893    
 ROW          52 THEN ADD ALL AICGTH*GTH (wake vortex contributions). LEAVING:  -11.2610893    
 ROW          52 THEN ADD ALL AICSIG*SIGK (rotor source contributions), LEAVING:  -11.2610893    
 ROW          53 START WITH  -12.3647404    
 ROW          53 FIRST ADD AICQFF*QINF, i.e. Vinf_x. LEAVING:  -12.3647404    
 ROW          53 THEN ADD ALL AICGTH*GTH (wake vortex contributions). LEAVING:  -12.3647404    
 ROW          53 THEN ADD ALL AICSIG*SIGK (rotor source contributions), LEAVING:  -12.3647404    
 ROW          54 START WITH  -13.5226707    
 ROW          54 FIRST ADD AICQFF*QINF, i.e. Vinf_x. LEAVING:  -13.5226707    
 ROW          54 THEN ADD ALL AICGTH*GTH (wake vortex contributions). LEAVING:  -13.5226707    
 ROW          54 THEN ADD ALL AICSIG*SIGK (rotor source contributions), LEAVING:  -13.5226707    
 ROW          55 START WITH  -14.7061872    
 ROW          55 FIRST ADD AICQFF*QINF, i.e. Vinf_x. LEAVING:  -14.7061872    
 ROW          55 THEN ADD ALL AICGTH*GTH (wake vortex contributions). LEAVING:  -14.7061872    
 ROW          55 THEN ADD ALL AICSIG*SIGK (rotor source contributions), LEAVING:  -14.7061872    
 ROW          56 START WITH  -15.9062662    
 ROW          56 FIRST ADD AICQFF*QINF, i.e. Vinf_x. LEAVING:  -15.9062662    
 ROW          56 THEN ADD ALL AICGTH*GTH (wake vortex contributions). LEAVING:  -15.9062662    
 ROW          56 THEN ADD ALL AICSIG*SIGK (rotor source contributions), LEAVING:  -15.9062662    
 ROW          57 START WITH  -17.0485325    
 ROW          57 FIRST ADD AICQFF*QINF, i.e. Vinf_x. LEAVING:  -17.0485325    
 ROW          57 THEN ADD ALL AICGTH*GTH (wake vortex contributions). LEAVING:  -17.0485325    
 ROW          57 THEN ADD ALL AICSIG*SIGK (rotor source contributions), LEAVING:  -17.0485325    
 ROW          58 START WITH  -18.0954952    
 ROW          58 FIRST ADD AICQFF*QINF, i.e. Vinf_x. LEAVING:  -18.0954952    
 ROW          58 THEN ADD ALL AICGTH*GTH (wake vortex contributions). LEAVING:  -18.0954952    
 ROW          58 THEN ADD ALL AICSIG*SIGK (rotor source contributions), LEAVING:  -18.0954952    
 ROW          59 START WITH  -18.9714909    
 ROW          59 FIRST ADD AICQFF*QINF, i.e. Vinf_x. LEAVING:  -18.9714909    
 ROW          59 THEN ADD ALL AICGTH*GTH (wake vortex contributions). LEAVING:  -18.9714909    
 ROW          59 THEN ADD ALL AICSIG*SIGK (rotor source contributions), LEAVING:  -18.9714909    
 ROW          60 START WITH  -19.6056747    
 ROW          60 FIRST ADD AICQFF*QINF, i.e. Vinf_x. LEAVING:  -19.6056747    
 ROW          60 THEN ADD ALL AICGTH*GTH (wake vortex contributions). LEAVING:  -19.6056747    
 ROW          60 THEN ADD ALL AICSIG*SIGK (rotor source contributions), LEAVING:  -19.6056747    
 ROW          61 START WITH  -19.9547310    
 ROW          61 FIRST ADD AICQFF*QINF, i.e. Vinf_x. LEAVING:  -19.9547310    
 ROW          61 THEN ADD ALL AICGTH*GTH (wake vortex contributions). LEAVING:  -19.9547310    
 ROW          61 THEN ADD ALL AICSIG*SIGK (rotor source contributions), LEAVING:  -19.9547310    
 ROW          62 START WITH   0.00000000    
 ROW          62 FIRST ADD AICQFF*QINF, i.e. Vinf_x. LEAVING:   0.00000000    
 ROW          62 THEN ADD ALL AICGTH*GTH (wake vortex contributions). LEAVING:   0.00000000    
 ROW          62 THEN ADD ALL AICSIG*SIGK (rotor source contributions), LEAVING:   0.00000000    
 ROW          63 START WITH   7.82083988    
 ROW          63 FIRST ADD AICQFF*QINF, i.e. Vinf_x. LEAVING:   7.82083988    
 ROW          63 THEN ADD ALL AICGTH*GTH (wake vortex contributions). LEAVING:   7.82083988    
 ROW          63 THEN ADD ALL AICSIG*SIGK (rotor source contributions), LEAVING:   7.82083988    
 ROW          64 START WITH   7.61836720    
 ROW          64 FIRST ADD AICQFF*QINF, i.e. Vinf_x. LEAVING:   7.61836720    
 ROW          64 THEN ADD ALL AICGTH*GTH (wake vortex contributions). LEAVING:   7.61836720    
 ROW          64 THEN ADD ALL AICSIG*SIGK (rotor source contributions), LEAVING:   7.61836720    
 ROW          65 START WITH   7.49572706    
 ROW          65 FIRST ADD AICQFF*QINF, i.e. Vinf_x. LEAVING:   7.49572706    
 ROW          65 THEN ADD ALL AICGTH*GTH (wake vortex contributions). LEAVING:   7.49572706    
 ROW          65 THEN ADD ALL AICSIG*SIGK (rotor source contributions), LEAVING:   7.49572706    
 ROW          66 START WITH   7.34819984    
 ROW          66 FIRST ADD AICQFF*QINF, i.e. Vinf_x. LEAVING:   7.34819984    
 ROW          66 THEN ADD ALL AICGTH*GTH (wake vortex contributions). LEAVING:   7.34819984    
 ROW          66 THEN ADD ALL AICSIG*SIGK (rotor source contributions), LEAVING:   7.34819984    
 ROW          67 START WITH   7.18952465    
 ROW          67 FIRST ADD AICQFF*QINF, i.e. Vinf_x. LEAVING:   7.18952465    
 ROW          67 THEN ADD ALL AICGTH*GTH (wake vortex contributions). LEAVING:   7.18952465    
 ROW          67 THEN ADD ALL AICSIG*SIGK (rotor source contributions), LEAVING:   7.18952465    
 ROW          68 START WITH   7.01964188    
 ROW          68 FIRST ADD AICQFF*QINF, i.e. Vinf_x. LEAVING:   7.01964188    
 ROW          68 THEN ADD ALL AICGTH*GTH (wake vortex contributions). LEAVING:   7.01964188    
 ROW          68 THEN ADD ALL AICSIG*SIGK (rotor source contributions), LEAVING:   7.01964188    
 ROW          69 START WITH   6.86279106    
 ROW          69 FIRST ADD AICQFF*QINF, i.e. Vinf_x. LEAVING:   6.86279106    
 ROW          69 THEN ADD ALL AICGTH*GTH (wake vortex contributions). LEAVING:   6.86279106    
 ROW          69 THEN ADD ALL AICSIG*SIGK (rotor source contributions), LEAVING:   6.86279106    
 ROW          70 START WITH   6.69492912    
 ROW          70 FIRST ADD AICQFF*QINF, i.e. Vinf_x. LEAVING:   6.69492912    
 ROW          70 THEN ADD ALL AICGTH*GTH (wake vortex contributions). LEAVING:   6.69492912    
 ROW          70 THEN ADD ALL AICSIG*SIGK (rotor source contributions), LEAVING:   6.69492912    
 ROW          71 START WITH   6.53399754    
 ROW          71 FIRST ADD AICQFF*QINF, i.e. Vinf_x. LEAVING:   6.53399754    
 ROW          71 THEN ADD ALL AICGTH*GTH (wake vortex contributions). LEAVING:   6.53399754    
 ROW          71 THEN ADD ALL AICSIG*SIGK (rotor source contributions), LEAVING:   6.53399754    
 ROW          72 START WITH   6.37089968    
 ROW          72 FIRST ADD AICQFF*QINF, i.e. Vinf_x. LEAVING:   6.37089968    
 ROW          72 THEN ADD ALL AICGTH*GTH (wake vortex contributions). LEAVING:   6.37089968    
 ROW          72 THEN ADD ALL AICSIG*SIGK (rotor source contributions), LEAVING:   6.37089968    
 ROW          73 START WITH   6.20848370    
 ROW          73 FIRST ADD AICQFF*QINF, i.e. Vinf_x. LEAVING:   6.20848370    
 ROW          73 THEN ADD ALL AICGTH*GTH (wake vortex contributions). LEAVING:   6.20848370    
 ROW          73 THEN ADD ALL AICSIG*SIGK (rotor source contributions), LEAVING:   6.20848370    
 ROW          74 START WITH   6.04084873    
 ROW          74 FIRST ADD AICQFF*QINF, i.e. Vinf_x. LEAVING:   6.04084873    
 ROW          74 THEN ADD ALL AICGTH*GTH (wake vortex contributions). LEAVING:   6.04084873    
 ROW          74 THEN ADD ALL AICSIG*SIGK (rotor source contributions), LEAVING:   6.04084873    
 ROW          75 START WITH   5.86969852    
 ROW          75 FIRST ADD AICQFF*QINF, i.e. Vinf_x. LEAVING:   5.86969852    
 ROW          75 THEN ADD ALL AICGTH*GTH (wake vortex contributions). LEAVING:   5.86969852    
 ROW          75 THEN ADD ALL AICSIG*SIGK (rotor source contributions), LEAVING:   5.86969852    
 ROW          76 START WITH   5.70095921    
 ROW          76 FIRST ADD AICQFF*QINF, i.e. Vinf_x. LEAVING:   5.70095921    
 ROW          76 THEN ADD ALL AICGTH*GTH (wake vortex contributions). LEAVING:   5.70095921    
 ROW          76 THEN ADD ALL AICSIG*SIGK (rotor source contributions), LEAVING:   5.70095921    
 ROW          77 START WITH   5.52566051    
 ROW          77 FIRST ADD AICQFF*QINF, i.e. Vinf_x. LEAVING:   5.52566051    
 ROW          77 THEN ADD ALL AICGTH*GTH (wake vortex contributions). LEAVING:   5.52566051    
 ROW          77 THEN ADD ALL AICSIG*SIGK (rotor source contributions), LEAVING:   5.52566051    
 ROW          78 START WITH   5.34254503    
 ROW          78 FIRST ADD AICQFF*QINF, i.e. Vinf_x. LEAVING:   5.34254503    
 ROW          78 THEN ADD ALL AICGTH*GTH (wake vortex contributions). LEAVING:   5.34254503    
 ROW          78 THEN ADD ALL AICSIG*SIGK (rotor source contributions), LEAVING:   5.34254503    
 ROW          79 START WITH   5.15523243    
 ROW          79 FIRST ADD AICQFF*QINF, i.e. Vinf_x. LEAVING:   5.15523243    
 ROW          79 THEN ADD ALL AICGTH*GTH (wake vortex contributions). LEAVING:   5.15523243    
 ROW          79 THEN ADD ALL AICSIG*SIGK (rotor source contributions), LEAVING:   5.15523243    
 ROW          80 START WITH   4.95969391    
 ROW          80 FIRST ADD AICQFF*QINF, i.e. Vinf_x. LEAVING:   4.95969391    
 ROW          80 THEN ADD ALL AICGTH*GTH (wake vortex contributions). LEAVING:   4.95969391    
 ROW          80 THEN ADD ALL AICSIG*SIGK (rotor source contributions), LEAVING:   4.95969391    
 ROW          81 START WITH   4.75719643    
 ROW          81 FIRST ADD AICQFF*QINF, i.e. Vinf_x. LEAVING:   4.75719643    
 ROW          81 THEN ADD ALL AICGTH*GTH (wake vortex contributions). LEAVING:   4.75719643    
 ROW          81 THEN ADD ALL AICSIG*SIGK (rotor source contributions), LEAVING:   4.75719643    
 ROW          82 START WITH   4.54837275    
 ROW          82 FIRST ADD AICQFF*QINF, i.e. Vinf_x. LEAVING:   4.54837275    
 ROW          82 THEN ADD ALL AICGTH*GTH (wake vortex contributions). LEAVING:   4.54837275    
 ROW          82 THEN ADD ALL AICSIG*SIGK (rotor source contributions), LEAVING:   4.54837275    
 ROW          83 START WITH   4.32334042    
 ROW          83 FIRST ADD AICQFF*QINF, i.e. Vinf_x. LEAVING:   4.32334042    
 ROW          83 THEN ADD ALL AICGTH*GTH (wake vortex contributions). LEAVING:   4.32334042    
 ROW          83 THEN ADD ALL AICSIG*SIGK (rotor source contributions), LEAVING:   4.32334042    
 ROW          84 START WITH   4.08428097    
 ROW          84 FIRST ADD AICQFF*QINF, i.e. Vinf_x. LEAVING:   4.08428097    
 ROW          84 THEN ADD ALL AICGTH*GTH (wake vortex contributions). LEAVING:   4.08428097    
 ROW          84 THEN ADD ALL AICSIG*SIGK (rotor source contributions), LEAVING:   4.08428097    
 ROW          85 START WITH   3.83952999    
 ROW          85 FIRST ADD AICQFF*QINF, i.e. Vinf_x. LEAVING:   3.83952999    
 ROW          85 THEN ADD ALL AICGTH*GTH (wake vortex contributions). LEAVING:   3.83952999    
 ROW          85 THEN ADD ALL AICSIG*SIGK (rotor source contributions), LEAVING:   3.83952999    
 ROW          86 START WITH   3.57575417    
 ROW          86 FIRST ADD AICQFF*QINF, i.e. Vinf_x. LEAVING:   3.57575417    
 ROW          86 THEN ADD ALL AICGTH*GTH (wake vortex contributions). LEAVING:   3.57575417    
 ROW          86 THEN ADD ALL AICSIG*SIGK (rotor source contributions), LEAVING:   3.57575417    
 ROW          87 START WITH   3.29655385    
 ROW          87 FIRST ADD AICQFF*QINF, i.e. Vinf_x. LEAVING:   3.29655385    
 ROW          87 THEN ADD ALL AICGTH*GTH (wake vortex contributions). LEAVING:   3.29655385    
 ROW          87 THEN ADD ALL AICSIG*SIGK (rotor source contributions), LEAVING:   3.29655385    
 ROW          88 START WITH   2.98984790    
 ROW          88 FIRST ADD AICQFF*QINF, i.e. Vinf_x. LEAVING:   2.98984790    
 ROW          88 THEN ADD ALL AICGTH*GTH (wake vortex contributions). LEAVING:   2.98984790    
 ROW          88 THEN ADD ALL AICSIG*SIGK (rotor source contributions), LEAVING:   2.98984790    
 ROW          89 START WITH   2.59480429    
 ROW          89 FIRST ADD AICQFF*QINF, i.e. Vinf_x. LEAVING:   2.59480429    
 ROW          89 THEN ADD ALL AICGTH*GTH (wake vortex contributions). LEAVING:   2.59480429    
 ROW          89 THEN ADD ALL AICSIG*SIGK (rotor source contributions), LEAVING:   2.59480429    
 ROW          90 START WITH   2.14629745    
 ROW          90 FIRST ADD AICQFF*QINF, i.e. Vinf_x. LEAVING:   2.14629745    
 ROW          90 THEN ADD ALL AICGTH*GTH (wake vortex contributions). LEAVING:   2.14629745    
 ROW          90 THEN ADD ALL AICSIG*SIGK (rotor source contributions), LEAVING:   2.14629745    
 ROW          91 START WITH   1.69248092    
 ROW          91 FIRST ADD AICQFF*QINF, i.e. Vinf_x. LEAVING:   1.69248092    
 ROW          91 THEN ADD ALL AICGTH*GTH (wake vortex contributions). LEAVING:   1.69248092    
 ROW          91 THEN ADD ALL AICSIG*SIGK (rotor source contributions), LEAVING:   1.69248092    
 ROW          92 START WITH   1.21013367    
 ROW          92 FIRST ADD AICQFF*QINF, i.e. Vinf_x. LEAVING:   1.21013367    
 ROW          92 THEN ADD ALL AICGTH*GTH (wake vortex contributions). LEAVING:   1.21013367    
 ROW          92 THEN ADD ALL AICSIG*SIGK (rotor source contributions), LEAVING:   1.21013367    
 ROW          93 START WITH  0.706083775    
 ROW          93 FIRST ADD AICQFF*QINF, i.e. Vinf_x. LEAVING:  0.706083775    
 ROW          93 THEN ADD ALL AICGTH*GTH (wake vortex contributions). LEAVING:  0.706083775    
 ROW          93 THEN ADD ALL AICSIG*SIGK (rotor source contributions), LEAVING:  0.706083775    
 ROW          94 START WITH  0.176283196    
 ROW          94 FIRST ADD AICQFF*QINF, i.e. Vinf_x. LEAVING:  0.176283196    
 ROW          94 THEN ADD ALL AICGTH*GTH (wake vortex contributions). LEAVING:  0.176283196    
 ROW          94 THEN ADD ALL AICSIG*SIGK (rotor source contributions), LEAVING:  0.176283196    
 ROW          95 START WITH -0.376695096    
 ROW          95 FIRST ADD AICQFF*QINF, i.e. Vinf_x. LEAVING: -0.376695096    
 ROW          95 THEN ADD ALL AICGTH*GTH (wake vortex contributions). LEAVING: -0.376695096    
 ROW          95 THEN ADD ALL AICSIG*SIGK (rotor source contributions), LEAVING: -0.376695096    
 ROW          96 START WITH -0.956596136    
 ROW          96 FIRST ADD AICQFF*QINF, i.e. Vinf_x. LEAVING: -0.956596136    
 ROW          96 THEN ADD ALL AICGTH*GTH (wake vortex contributions). LEAVING: -0.956596136    
 ROW          96 THEN ADD ALL AICSIG*SIGK (rotor source contributions), LEAVING: -0.956596136    
 ROW          97 START WITH  -1.57158780    
 ROW          97 FIRST ADD AICQFF*QINF, i.e. Vinf_x. LEAVING:  -1.57158780    
 ROW          97 THEN ADD ALL AICGTH*GTH (wake vortex contributions). LEAVING:  -1.57158780    
 ROW          97 THEN ADD ALL AICSIG*SIGK (rotor source contributions), LEAVING:  -1.57158780    
 ROW          98 START WITH  -2.21496940    
 ROW          98 FIRST ADD AICQFF*QINF, i.e. Vinf_x. LEAVING:  -2.21496940    
 ROW          98 THEN ADD ALL AICGTH*GTH (wake vortex contributions). LEAVING:  -2.21496940    
 ROW          98 THEN ADD ALL AICSIG*SIGK (rotor source contributions), LEAVING:  -2.21496940    
 ROW          99 START WITH  -2.88863134    
 ROW          99 FIRST ADD AICQFF*QINF, i.e. Vinf_x. LEAVING:  -2.88863134    
 ROW          99 THEN ADD ALL AICGTH*GTH (wake vortex contributions). LEAVING:  -2.88863134    
 ROW          99 THEN ADD ALL AICSIG*SIGK (rotor source contributions), LEAVING:  -2.88863134    
 ROW         100 START WITH  -3.60225463    
 ROW         100 FIRST ADD AICQFF*QINF, i.e. Vinf_x. LEAVING:  -3.60225463    
 ROW         100 THEN ADD ALL AICGTH*GTH (wake vortex contributions). LEAVING:  -3.60225463    
 ROW         100 THEN ADD ALL AICSIG*SIGK (rotor source contributions), LEAVING:  -3.60225463    
 ROW         101 START WITH  -4.35890245    
 ROW         101 FIRST ADD AICQFF*QINF, i.e. Vinf_x. LEAVING:  -4.35890245    
 ROW         101 THEN ADD ALL AICGTH*GTH (wake vortex contributions). LEAVING:  -4.35890245    
 ROW         101 THEN ADD ALL AICSIG*SIGK (rotor source contributions), LEAVING:  -4.35890245    
 ROW         102 START WITH  -5.15287495    
 ROW         102 FIRST ADD AICQFF*QINF, i.e. Vinf_x. LEAVING:  -5.15287495    
 ROW         102 THEN ADD ALL AICGTH*GTH (wake vortex contributions). LEAVING:  -5.15287495    
 ROW         102 THEN ADD ALL AICSIG*SIGK (rotor source contributions), LEAVING:  -5.15287495    
 ROW         103 START WITH  -5.98540211    
 ROW         103 FIRST ADD AICQFF*QINF, i.e. Vinf_x. LEAVING:  -5.98540211    
 ROW         103 THEN ADD ALL AICGTH*GTH (wake vortex contributions). LEAVING:  -5.98540211    
 ROW         103 THEN ADD ALL AICSIG*SIGK (rotor source contributions), LEAVING:  -5.98540211    
 ROW         104 START WITH  -6.87328577    
 ROW         104 FIRST ADD AICQFF*QINF, i.e. Vinf_x. LEAVING:  -6.87328577    
 ROW         104 THEN ADD ALL AICGTH*GTH (wake vortex contributions). LEAVING:  -6.87328577    
 ROW         104 THEN ADD ALL AICSIG*SIGK (rotor source contributions), LEAVING:  -6.87328577    
 ROW         105 START WITH  -7.82194090    
 ROW         105 FIRST ADD AICQFF*QINF, i.e. Vinf_x. LEAVING:  -7.82194090    
 ROW         105 THEN ADD ALL AICGTH*GTH (wake vortex contributions). LEAVING:  -7.82194090    
 ROW         105 THEN ADD ALL AICSIG*SIGK (rotor source contributions), LEAVING:  -7.82194090    
 ROW         106 START WITH  -8.82196331    
 ROW         106 FIRST ADD AICQFF*QINF, i.e. Vinf_x. LEAVING:  -8.82196331    
 ROW         106 THEN ADD ALL AICGTH*GTH (wake vortex contributions). LEAVING:  -8.82196331    
 ROW         106 THEN ADD ALL AICSIG*SIGK (rotor source contributions), LEAVING:  -8.82196331    
 ROW         107 START WITH  -9.89692020    
 ROW         107 FIRST ADD AICQFF*QINF, i.e. Vinf_x. LEAVING:  -9.89692020    
 ROW         107 THEN ADD ALL AICGTH*GTH (wake vortex contributions). LEAVING:  -9.89692020    
 ROW         107 THEN ADD ALL AICSIG*SIGK (rotor source contributions), LEAVING:  -9.89692020    
 ROW         108 START WITH  -11.0256205    
 ROW         108 FIRST ADD AICQFF*QINF, i.e. Vinf_x. LEAVING:  -11.0256205    
 ROW         108 THEN ADD ALL AICGTH*GTH (wake vortex contributions). LEAVING:  -11.0256205    
 ROW         108 THEN ADD ALL AICSIG*SIGK (rotor source contributions), LEAVING:  -11.0256205    
 ROW         109 START WITH  -12.2406235    
 ROW         109 FIRST ADD AICQFF*QINF, i.e. Vinf_x. LEAVING:  -12.2406235    
 ROW         109 THEN ADD ALL AICGTH*GTH (wake vortex contributions). LEAVING:  -12.2406235    
 ROW         109 THEN ADD ALL AICSIG*SIGK (rotor source contributions), LEAVING:  -12.2406235    
 ROW         110 START WITH  -13.5185776    
 ROW         110 FIRST ADD AICQFF*QINF, i.e. Vinf_x. LEAVING:  -13.5185776    
 ROW         110 THEN ADD ALL AICGTH*GTH (wake vortex contributions). LEAVING:  -13.5185776    
 ROW         110 THEN ADD ALL AICSIG*SIGK (rotor source contributions), LEAVING:  -13.5185776    
 ROW         111 START WITH  -14.8562698    
 ROW         111 FIRST ADD AICQFF*QINF, i.e. Vinf_x. LEAVING:  -14.8562698    
 ROW         111 THEN ADD ALL AICGTH*GTH (wake vortex contributions). LEAVING:  -14.8562698    
 ROW         111 THEN ADD ALL AICSIG*SIGK (rotor source contributions), LEAVING:  -14.8562698    
 ROW         112 START WITH  -16.2240887    
 ROW         112 FIRST ADD AICQFF*QINF, i.e. Vinf_x. LEAVING:  -16.2240887    
 ROW         112 THEN ADD ALL AICGTH*GTH (wake vortex contributions). LEAVING:  -16.2240887    
 ROW         112 THEN ADD ALL AICSIG*SIGK (rotor source contributions), LEAVING:  -16.2240887    
 ROW         113 START WITH  -17.5488777    
 ROW         113 FIRST ADD AICQFF*QINF, i.e. Vinf_x. LEAVING:  -17.5488777    
 ROW         113 THEN ADD ALL AICGTH*GTH (wake vortex contributions). LEAVING:  -17.5488777    
 ROW         113 THEN ADD ALL AICSIG*SIGK (rotor source contributions), LEAVING:  -17.5488777    
 ROW         114 START WITH  -18.7245216    
 ROW         114 FIRST ADD AICQFF*QINF, i.e. Vinf_x. LEAVING:  -18.7245216    
 ROW         114 THEN ADD ALL AICGTH*GTH (wake vortex contributions). LEAVING:  -18.7245216    
 ROW         114 THEN ADD ALL AICSIG*SIGK (rotor source contributions), LEAVING:  -18.7245216    
 ROW         115 START WITH  -19.5891800    
 ROW         115 FIRST ADD AICQFF*QINF, i.e. Vinf_x. LEAVING:  -19.5891800    
 ROW         115 THEN ADD ALL AICGTH*GTH (wake vortex contributions). LEAVING:  -19.5891800    
 ROW         115 THEN ADD ALL AICSIG*SIGK (rotor source contributions), LEAVING:  -19.5891800    
 ROW         116 START WITH  -19.9878082    
 ROW         116 FIRST ADD AICQFF*QINF, i.e. Vinf_x. LEAVING:  -19.9878082    
 ROW         116 THEN ADD ALL AICGTH*GTH (wake vortex contributions). LEAVING:  -19.9878082    
 ROW         116 THEN ADD ALL AICSIG*SIGK (rotor source contributions), LEAVING:  -19.9878082    
 ROW         117 START WITH  -19.7789612    
 ROW         117 FIRST ADD AICQFF*QINF, i.e. Vinf_x. LEAVING:  -19.7789612    
 ROW         117 THEN ADD ALL AICGTH*GTH (wake vortex contributions). LEAVING:  -19.7789612    
 ROW         117 THEN ADD ALL AICSIG*SIGK (rotor source contributions), LEAVING:  -19.7789612    
 ROW         118 START WITH  -18.8219471    
 ROW         118 FIRST ADD AICQFF*QINF, i.e. Vinf_x. LEAVING:  -18.8219471    
 ROW         118 THEN ADD ALL AICGTH*GTH (wake vortex contributions). LEAVING:  -18.8219471    
 ROW         118 THEN ADD ALL AICSIG*SIGK (rotor source contributions), LEAVING:  -18.8219471    
 ROW         119 START WITH  -17.2069397    
 ROW         119 FIRST ADD AICQFF*QINF, i.e. Vinf_x. LEAVING:  -17.2069397    
 ROW         119 THEN ADD ALL AICGTH*GTH (wake vortex contributions). LEAVING:  -17.2069397    
 ROW         119 THEN ADD ALL AICSIG*SIGK (rotor source contributions), LEAVING:  -17.2069397    
 ROW         120 START WITH  -15.2019777    
 ROW         120 FIRST ADD AICQFF*QINF, i.e. Vinf_x. LEAVING:  -15.2019777    
 ROW         120 THEN ADD ALL AICGTH*GTH (wake vortex contributions). LEAVING:  -15.2019777    
 ROW         120 THEN ADD ALL AICSIG*SIGK (rotor source contributions), LEAVING:  -15.2019777    
 ROW         121 START WITH  -13.1319036    
 ROW         121 FIRST ADD AICQFF*QINF, i.e. Vinf_x. LEAVING:  -13.1319036    
 ROW         121 THEN ADD ALL AICGTH*GTH (wake vortex contributions). LEAVING:  -13.1319036    
 ROW         121 THEN ADD ALL AICSIG*SIGK (rotor source contributions), LEAVING:  -13.1319036    
 ROW         122 START WITH  -11.1576509    
 ROW         122 FIRST ADD AICQFF*QINF, i.e. Vinf_x. LEAVING:  -11.1576509    
 ROW         122 THEN ADD ALL AICGTH*GTH (wake vortex contributions). LEAVING:  -11.1576509    
 ROW         122 THEN ADD ALL AICSIG*SIGK (rotor source contributions), LEAVING:  -11.1576509    
 ROW         123 START WITH  -9.38672543    
 ROW         123 FIRST ADD AICQFF*QINF, i.e. Vinf_x. LEAVING:  -9.38672543    
 ROW         123 THEN ADD ALL AICGTH*GTH (wake vortex contributions). LEAVING:  -9.38672543    
 ROW         123 THEN ADD ALL AICSIG*SIGK (rotor source contributions), LEAVING:  -9.38672543    
 ROW         124 START WITH  -7.82594156    
 ROW         124 FIRST ADD AICQFF*QINF, i.e. Vinf_x. LEAVING:  -7.82594156    
 ROW         124 THEN ADD ALL AICGTH*GTH (wake vortex contributions). LEAVING:  -7.82594156    
 ROW         124 THEN ADD ALL AICSIG*SIGK (rotor source contributions), LEAVING:  -7.82594156    
 ROW         125 START WITH  -6.46560431    
 ROW         125 FIRST ADD AICQFF*QINF, i.e. Vinf_x. LEAVING:  -6.46560431    
 ROW         125 THEN ADD ALL AICGTH*GTH (wake vortex contributions). LEAVING:  -6.46560431    
 ROW         125 THEN ADD ALL AICSIG*SIGK (rotor source contributions), LEAVING:  -6.46560431    
 ROW         126 START WITH  -5.28799725    
 ROW         126 FIRST ADD AICQFF*QINF, i.e. Vinf_x. LEAVING:  -5.28799725    
 ROW         126 THEN ADD ALL AICGTH*GTH (wake vortex contributions). LEAVING:  -5.28799725    
 ROW         126 THEN ADD ALL AICSIG*SIGK (rotor source contributions), LEAVING:  -5.28799725    
 ROW         127 START WITH  -4.27809286    
 ROW         127 FIRST ADD AICQFF*QINF, i.e. Vinf_x. LEAVING:  -4.27809286    
 ROW         127 THEN ADD ALL AICGTH*GTH (wake vortex contributions). LEAVING:  -4.27809286    
 ROW         127 THEN ADD ALL AICSIG*SIGK (rotor source contributions), LEAVING:  -4.27809286    
 ROW         128 START WITH  -3.40083694    
 ROW         128 FIRST ADD AICQFF*QINF, i.e. Vinf_x. LEAVING:  -3.40083694    
 ROW         128 THEN ADD ALL AICGTH*GTH (wake vortex contributions). LEAVING:  -3.40083694    
 ROW         128 THEN ADD ALL AICSIG*SIGK (rotor source contributions), LEAVING:  -3.40083694    
 ROW         129 START WITH  -2.66651201    
 ROW         129 FIRST ADD AICQFF*QINF, i.e. Vinf_x. LEAVING:  -2.66651201    
 ROW         129 THEN ADD ALL AICGTH*GTH (wake vortex contributions). LEAVING:  -2.66651201    
 ROW         129 THEN ADD ALL AICSIG*SIGK (rotor source contributions), LEAVING:  -2.66651201    
 ROW         130 START WITH  -2.03173733    
 ROW         130 FIRST ADD AICQFF*QINF, i.e. Vinf_x. LEAVING:  -2.03173733    
 ROW         130 THEN ADD ALL AICGTH*GTH (wake vortex contributions). LEAVING:  -2.03173733    
 ROW         130 THEN ADD ALL AICSIG*SIGK (rotor source contributions), LEAVING:  -2.03173733    
 ROW         131 START WITH  -1.50227809    
 ROW         131 FIRST ADD AICQFF*QINF, i.e. Vinf_x. LEAVING:  -1.50227809    
 ROW         131 THEN ADD ALL AICGTH*GTH (wake vortex contributions). LEAVING:  -1.50227809    
 ROW         131 THEN ADD ALL AICSIG*SIGK (rotor source contributions), LEAVING:  -1.50227809    
 ROW         132 START WITH  -1.06118405    
 ROW         132 FIRST ADD AICQFF*QINF, i.e. Vinf_x. LEAVING:  -1.06118405    
 ROW         132 THEN ADD ALL AICGTH*GTH (wake vortex contributions). LEAVING:  -1.06118405    
 ROW         132 THEN ADD ALL AICSIG*SIGK (rotor source contributions), LEAVING:  -1.06118405    
 ROW         133 START WITH -0.699264407    
 ROW         133 FIRST ADD AICQFF*QINF, i.e. Vinf_x. LEAVING: -0.699264407    
 ROW         133 THEN ADD ALL AICGTH*GTH (wake vortex contributions). LEAVING: -0.699264407    
 ROW         133 THEN ADD ALL AICSIG*SIGK (rotor source contributions), LEAVING: -0.699264407    
 ROW         134 START WITH -0.405912846    
 ROW         134 FIRST ADD AICQFF*QINF, i.e. Vinf_x. LEAVING: -0.405912846    
 ROW         134 THEN ADD ALL AICGTH*GTH (wake vortex contributions). LEAVING: -0.405912846    
 ROW         134 THEN ADD ALL AICSIG*SIGK (rotor source contributions), LEAVING: -0.405912846    
 ROW         135 START WITH -0.175409555    
 ROW         135 FIRST ADD AICQFF*QINF, i.e. Vinf_x. LEAVING: -0.175409555    
 ROW         135 THEN ADD ALL AICGTH*GTH (wake vortex contributions). LEAVING: -0.175409555    
 ROW         135 THEN ADD ALL AICSIG*SIGK (rotor source contributions), LEAVING: -0.175409555    
 ROW         136 START WITH  -4.39314218E-03
 ROW         136 FIRST ADD AICQFF*QINF, i.e. Vinf_x. LEAVING:  -4.39314218E-03
 ROW         136 THEN ADD ALL AICGTH*GTH (wake vortex contributions). LEAVING:  -4.39314218E-03
 ROW         136 THEN ADD ALL AICSIG*SIGK (rotor source contributions), LEAVING:  -4.39314218E-03
 ROW         137 START WITH  0.114806585    
 ROW         137 FIRST ADD AICQFF*QINF, i.e. Vinf_x. LEAVING:  0.114806585    
 ROW         137 THEN ADD ALL AICGTH*GTH (wake vortex contributions). LEAVING:  0.114806585    
 ROW         137 THEN ADD ALL AICSIG*SIGK (rotor source contributions), LEAVING:  0.114806585    
 ROW         138 START WITH  0.186451942    
 ROW         138 FIRST ADD AICQFF*QINF, i.e. Vinf_x. LEAVING:  0.186451942    
 ROW         138 THEN ADD ALL AICGTH*GTH (wake vortex contributions). LEAVING:  0.186451942    
 ROW         138 THEN ADD ALL AICSIG*SIGK (rotor source contributions), LEAVING:  0.186451942    
 ROW         139 START WITH  0.203316733    
 ROW         139 FIRST ADD AICQFF*QINF, i.e. Vinf_x. LEAVING:  0.203316733    
 ROW         139 THEN ADD ALL AICGTH*GTH (wake vortex contributions). LEAVING:  0.203316733    
 ROW         139 THEN ADD ALL AICSIG*SIGK (rotor source contributions), LEAVING:  0.203316733    
 ROW         140 START WITH  0.210562766    
 ROW         140 FIRST ADD AICQFF*QINF, i.e. Vinf_x. LEAVING:  0.210562766    
 ROW         140 THEN ADD ALL AICGTH*GTH (wake vortex contributions). LEAVING:  0.210562766    
 ROW         140 THEN ADD ALL AICSIG*SIGK (rotor source contributions), LEAVING:  0.210562766    
 ROW         141 START WITH  0.264444858    
 ROW         141 FIRST ADD AICQFF*QINF, i.e. Vinf_x. LEAVING:  0.264444858    
 ROW         141 THEN ADD ALL AICGTH*GTH (wake vortex contributions). LEAVING:  0.264444858    
 ROW         141 THEN ADD ALL AICSIG*SIGK (rotor source contributions), LEAVING:  0.264444858    
 ROW         142 START WITH  0.335116655    
 ROW         142 FIRST ADD AICQFF*QINF, i.e. Vinf_x. LEAVING:  0.335116655    
 ROW         142 THEN ADD ALL AICGTH*GTH (wake vortex contributions). LEAVING:  0.335116655    
 ROW         142 THEN ADD ALL AICSIG*SIGK (rotor source contributions), LEAVING:  0.335116655    
 ROW         143 START WITH  0.391927809    
 ROW         143 FIRST ADD AICQFF*QINF, i.e. Vinf_x. LEAVING:  0.391927809    
 ROW         143 THEN ADD ALL AICGTH*GTH (wake vortex contributions). LEAVING:  0.391927809    
 ROW         143 THEN ADD ALL AICSIG*SIGK (rotor source contributions), LEAVING:  0.391927809    
 ROW         144 START WITH  0.430150747    
 ROW         144 FIRST ADD AICQFF*QINF, i.e. Vinf_x. LEAVING:  0.430150747    
 ROW         144 THEN ADD ALL AICGTH*GTH (wake vortex contributions). LEAVING:  0.430150747    
 ROW         144 THEN ADD ALL AICSIG*SIGK (rotor source contributions), LEAVING:  0.430150747    
 ROW         145 START WITH  0.460466743    
 ROW         145 FIRST ADD AICQFF*QINF, i.e. Vinf_x. LEAVING:  0.460466743    
 ROW         145 THEN ADD ALL AICGTH*GTH (wake vortex contributions). LEAVING:  0.460466743    
 ROW         145 THEN ADD ALL AICSIG*SIGK (rotor source contributions), LEAVING:  0.460466743    
 ROW         146 START WITH  0.482930690    
 ROW         146 FIRST ADD AICQFF*QINF, i.e. Vinf_x. LEAVING:  0.482930690    
 ROW         146 THEN ADD ALL AICGTH*GTH (wake vortex contributions). LEAVING:  0.482930690    
 ROW         146 THEN ADD ALL AICSIG*SIGK (rotor source contributions), LEAVING:  0.482930690    
 ROW         147 START WITH  0.494979948    
 ROW         147 FIRST ADD AICQFF*QINF, i.e. Vinf_x. LEAVING:  0.494979948    
 ROW         147 THEN ADD ALL AICGTH*GTH (wake vortex contributions). LEAVING:  0.494979948    
 ROW         147 THEN ADD ALL AICSIG*SIGK (rotor source contributions), LEAVING:  0.494979948    
 ROW         148 START WITH  0.500104725    
 ROW         148 FIRST ADD AICQFF*QINF, i.e. Vinf_x. LEAVING:  0.500104725    
 ROW         148 THEN ADD ALL AICGTH*GTH (wake vortex contributions). LEAVING:  0.500104725    
 ROW         148 THEN ADD ALL AICSIG*SIGK (rotor source contributions), LEAVING:  0.500104725    
 ROW         149 START WITH  0.496857315    
 ROW         149 FIRST ADD AICQFF*QINF, i.e. Vinf_x. LEAVING:  0.496857315    
 ROW         149 THEN ADD ALL AICGTH*GTH (wake vortex contributions). LEAVING:  0.496857315    
 ROW         149 THEN ADD ALL AICSIG*SIGK (rotor source contributions), LEAVING:  0.496857315    
 ROW         150 START WITH  0.485315889    
 ROW         150 FIRST ADD AICQFF*QINF, i.e. Vinf_x. LEAVING:  0.485315889    
 ROW         150 THEN ADD ALL AICGTH*GTH (wake vortex contributions). LEAVING:  0.485315889    
 ROW         150 THEN ADD ALL AICSIG*SIGK (rotor source contributions), LEAVING:  0.485315889    
 ROW         151 START WITH  0.468561649    
 ROW         151 FIRST ADD AICQFF*QINF, i.e. Vinf_x. LEAVING:  0.468561649    
 ROW         151 THEN ADD ALL AICGTH*GTH (wake vortex contributions). LEAVING:  0.468561649    
 ROW         151 THEN ADD ALL AICSIG*SIGK (rotor source contributions), LEAVING:  0.468561649    
 ROW         152 START WITH  0.450944245    
 ROW         152 FIRST ADD AICQFF*QINF, i.e. Vinf_x. LEAVING:  0.450944245    
 ROW         152 THEN ADD ALL AICGTH*GTH (wake vortex contributions). LEAVING:  0.450944245    
 ROW         152 THEN ADD ALL AICSIG*SIGK (rotor source contributions), LEAVING:  0.450944245    
 ROW         153 START WITH  0.426457286    
 ROW         153 FIRST ADD AICQFF*QINF, i.e. Vinf_x. LEAVING:  0.426457286    
 ROW         153 THEN ADD ALL AICGTH*GTH (wake vortex contributions). LEAVING:  0.426457286    
 ROW         153 THEN ADD ALL AICSIG*SIGK (rotor source contributions), LEAVING:  0.426457286    
 ROW         154 START WITH  0.395255357    
 ROW         154 FIRST ADD AICQFF*QINF, i.e. Vinf_x. LEAVING:  0.395255357    
 ROW         154 THEN ADD ALL AICGTH*GTH (wake vortex contributions). LEAVING:  0.395255357    
 ROW         154 THEN ADD ALL AICSIG*SIGK (rotor source contributions), LEAVING:  0.395255357    
 ROW         155 START WITH  0.363807231    
 ROW         155 FIRST ADD AICQFF*QINF, i.e. Vinf_x. LEAVING:  0.363807231    
 ROW         155 THEN ADD ALL AICGTH*GTH (wake vortex contributions). LEAVING:  0.363807231    
 ROW         155 THEN ADD ALL AICSIG*SIGK (rotor source contributions), LEAVING:  0.363807231    
 ROW         156 START WITH  0.334544420    
 ROW         156 FIRST ADD AICQFF*QINF, i.e. Vinf_x. LEAVING:  0.334544420    
 ROW         156 THEN ADD ALL AICGTH*GTH (wake vortex contributions). LEAVING:  0.334544420    
 ROW         156 THEN ADD ALL AICSIG*SIGK (rotor source contributions), LEAVING:  0.334544420    
 ROW         157 START WITH  0.302568704    
 ROW         157 FIRST ADD AICQFF*QINF, i.e. Vinf_x. LEAVING:  0.302568704    
 ROW         157 THEN ADD ALL AICGTH*GTH (wake vortex contributions). LEAVING:  0.302568704    
 ROW         157 THEN ADD ALL AICSIG*SIGK (rotor source contributions), LEAVING:  0.302568704    
 ROW         158 START WITH  0.267311692    
 ROW         158 FIRST ADD AICQFF*QINF, i.e. Vinf_x. LEAVING:  0.267311692    
 ROW         158 THEN ADD ALL AICGTH*GTH (wake vortex contributions). LEAVING:  0.267311692    
 ROW         158 THEN ADD ALL AICSIG*SIGK (rotor source contributions), LEAVING:  0.267311692    
 ROW         159 START WITH  0.233296633    
 ROW         159 FIRST ADD AICQFF*QINF, i.e. Vinf_x. LEAVING:  0.233296633    
 ROW         159 THEN ADD ALL AICGTH*GTH (wake vortex contributions). LEAVING:  0.233296633    
 ROW         159 THEN ADD ALL AICSIG*SIGK (rotor source contributions), LEAVING:  0.233296633    
 ROW         160 START WITH  0.197785571    
 ROW         160 FIRST ADD AICQFF*QINF, i.e. Vinf_x. LEAVING:  0.197785571    
 ROW         160 THEN ADD ALL AICGTH*GTH (wake vortex contributions). LEAVING:  0.197785571    
 ROW         160 THEN ADD ALL AICSIG*SIGK (rotor source contributions), LEAVING:  0.197785571    
 ROW         161 START WITH  0.165124536    
 ROW         161 FIRST ADD AICQFF*QINF, i.e. Vinf_x. LEAVING:  0.165124536    
 ROW         161 THEN ADD ALL AICGTH*GTH (wake vortex contributions). LEAVING:  0.165124536    
 ROW         161 THEN ADD ALL AICSIG*SIGK (rotor source contributions), LEAVING:  0.165124536    
 ROW         162 START WITH  0.135545865    
 ROW         162 FIRST ADD AICQFF*QINF, i.e. Vinf_x. LEAVING:  0.135545865    
 ROW         162 THEN ADD ALL AICGTH*GTH (wake vortex contributions). LEAVING:  0.135545865    
 ROW         162 THEN ADD ALL AICSIG*SIGK (rotor source contributions), LEAVING:  0.135545865    
 ROW         163 START WITH  0.100392476    
 ROW         163 FIRST ADD AICQFF*QINF, i.e. Vinf_x. LEAVING:  0.100392476    
 ROW         163 THEN ADD ALL AICGTH*GTH (wake vortex contributions). LEAVING:  0.100392476    
 ROW         163 THEN ADD ALL AICSIG*SIGK (rotor source contributions), LEAVING:  0.100392476    
 ROW         164 START WITH   7.28733987E-02
 ROW         164 FIRST ADD AICQFF*QINF, i.e. Vinf_x. LEAVING:   7.28733987E-02
 ROW         164 THEN ADD ALL AICGTH*GTH (wake vortex contributions). LEAVING:   7.28733987E-02
 ROW         164 THEN ADD ALL AICSIG*SIGK (rotor source contributions), LEAVING:   7.28733987E-02
 ROW         165 START WITH   4.99249101E-02
 ROW         165 FIRST ADD AICQFF*QINF, i.e. Vinf_x. LEAVING:   4.99249101E-02
 ROW         165 THEN ADD ALL AICGTH*GTH (wake vortex contributions). LEAVING:   4.99249101E-02
 ROW         165 THEN ADD ALL AICSIG*SIGK (rotor source contributions), LEAVING:   4.99249101E-02
 ROW         166 START WITH   2.48112120E-02
 ROW         166 FIRST ADD AICQFF*QINF, i.e. Vinf_x. LEAVING:   2.48112120E-02
 ROW         166 THEN ADD ALL AICGTH*GTH (wake vortex contributions). LEAVING:   2.48112120E-02
 ROW         166 THEN ADD ALL AICSIG*SIGK (rotor source contributions), LEAVING:   2.48112120E-02
 ROW         167 START WITH   7.66503671E-03
 ROW         167 FIRST ADD AICQFF*QINF, i.e. Vinf_x. LEAVING:   7.66503671E-03
 ROW         167 THEN ADD ALL AICGTH*GTH (wake vortex contributions). LEAVING:   7.66503671E-03
 ROW         167 THEN ADD ALL AICSIG*SIGK (rotor source contributions), LEAVING:   7.66503671E-03
 ROW         168 START WITH  -3.23731499E-03
 ROW         168 FIRST ADD AICQFF*QINF, i.e. Vinf_x. LEAVING:  -3.23731499E-03
 ROW         168 THEN ADD ALL AICGTH*GTH (wake vortex contributions). LEAVING:  -3.23731499E-03
 ROW         168 THEN ADD ALL AICSIG*SIGK (rotor source contributions), LEAVING:  -3.23731499E-03
 ROW         169 START WITH  -1.09392079E-02
 ROW         169 FIRST ADD AICQFF*QINF, i.e. Vinf_x. LEAVING:  -1.09392079E-02
 ROW         169 THEN ADD ALL AICGTH*GTH (wake vortex contributions). LEAVING:  -1.09392079E-02
 ROW         169 THEN ADD ALL AICSIG*SIGK (rotor source contributions), LEAVING:  -1.09392079E-02
 ROW         170 START WITH   0.00000000    
