 ROW            1 IS FLOW TANGENCY  (QC dot n) AT POINT IC=           1 WHERE QC=   20.0000000       0.00000000     AND NHAT=  0.348808706      0.937193930     VALUE OF RES(K) IS NOW   6.97617435    
 ROW            2 IS FLOW TANGENCY  (QC dot n) AT POINT IC=           2 WHERE QC=   20.0000000       0.00000000     AND NHAT=  0.323558688      0.946208060     VALUE OF RES(K) IS NOW   6.47117376    
 ROW            3 IS FLOW TANGENCY  (QC dot n) AT POINT IC=           3 WHERE QC=   20.0000000       0.00000000     AND NHAT=  0.287708700      0.957718015     VALUE OF RES(K) IS NOW   5.75417423    
 ROW            4 IS FLOW TANGENCY  (QC dot n) AT POINT IC=           4 WHERE QC=   20.0000000       0.00000000     AND NHAT=  0.250496387      0.968117535     VALUE OF RES(K) IS NOW   5.00992775    
 ROW            5 IS FLOW TANGENCY  (QC dot n) AT POINT IC=           5 WHERE QC=   20.0000000       0.00000000     AND NHAT=  0.213441670      0.976955771     VALUE OF RES(K) IS NOW   4.26883316    
 ROW            6 IS FLOW TANGENCY  (QC dot n) AT POINT IC=           6 WHERE QC=   20.0000000       0.00000000     AND NHAT=  0.178217098      0.983991146     VALUE OF RES(K) IS NOW   3.56434202    
 ROW            7 IS FLOW TANGENCY  (QC dot n) AT POINT IC=           7 WHERE QC=   20.0000000       0.00000000     AND NHAT=  0.145462707      0.989363730     VALUE OF RES(K) IS NOW   2.90925407    
 ROW            8 IS FLOW TANGENCY  (QC dot n) AT POINT IC=           8 WHERE QC=   20.0000000       0.00000000     AND NHAT=  0.114906736      0.993376255     VALUE OF RES(K) IS NOW   2.29813480    
 ROW            9 IS FLOW TANGENCY  (QC dot n) AT POINT IC=           9 WHERE QC=   20.0000000       0.00000000     AND NHAT=   8.57062414E-02  0.996320486     VALUE OF RES(K) IS NOW   1.71412480    
 ROW           10 IS FLOW TANGENCY  (QC dot n) AT POINT IC=          10 WHERE QC=   20.0000000       0.00000000     AND NHAT=   5.72752543E-02  0.998358488     VALUE OF RES(K) IS NOW   1.14550507    
 ROW           11 IS FLOW TANGENCY  (QC dot n) AT POINT IC=          11 WHERE QC=   20.0000000       0.00000000     AND NHAT=   3.03570069E-02  0.999539137     VALUE OF RES(K) IS NOW  0.607140124    
 ROW           12 IS FLOW TANGENCY  (QC dot n) AT POINT IC=          12 WHERE QC=   20.0000000       0.00000000     AND NHAT=   9.83346719E-03  0.999951601     VALUE OF RES(K) IS NOW  0.196669340    
 ROW           13 IS FLOW TANGENCY  (QC dot n) AT POINT IC=          13 WHERE QC=   20.0000000       0.00000000     AND NHAT=   8.76018952E-04  0.999999583     VALUE OF RES(K) IS NOW   1.75203793E-02
 ROW           14 IS FLOW TANGENCY  (QC dot n) AT POINT IC=          14 WHERE QC=   20.0000000       0.00000000     AND NHAT=   6.77696953E-04  0.999999762     VALUE OF RES(K) IS NOW   1.35539388E-02
 ROW           15 IS FLOW TANGENCY  (QC dot n) AT POINT IC=          15 WHERE QC=   20.0000000       0.00000000     AND NHAT=   1.36163016E-03  0.999999106     VALUE OF RES(K) IS NOW   2.72326022E-02
 ROW           16 IS FLOW TANGENCY  (QC dot n) AT POINT IC=          16 WHERE QC=   20.0000000       0.00000000     AND NHAT=   1.13187137E-03  0.999999404     VALUE OF RES(K) IS NOW   2.26374269E-02
 ROW           17 IS FLOW TANGENCY  (QC dot n) AT POINT IC=          17 WHERE QC=   20.0000000       0.00000000     AND NHAT=   9.40778933E-04  0.999999583     VALUE OF RES(K) IS NOW   1.88155789E-02
 ROW           18 IS FLOW TANGENCY  (QC dot n) AT POINT IC=          18 WHERE QC=   20.0000000       0.00000000     AND NHAT=   9.46967164E-04  0.999999523     VALUE OF RES(K) IS NOW   1.89393423E-02
 ROW           19 IS FLOW TANGENCY  (QC dot n) AT POINT IC=          19 WHERE QC=   20.0000000       0.00000000     AND NHAT=   9.91235371E-04  0.999999523     VALUE OF RES(K) IS NOW   1.98247079E-02
 ROW           20 IS FLOW TANGENCY  (QC dot n) AT POINT IC=          20 WHERE QC=   20.0000000       0.00000000     AND NHAT=   1.00793480E-03  0.999999523     VALUE OF RES(K) IS NOW   2.01586969E-02
 ROW           21 IS FLOW TANGENCY  (QC dot n) AT POINT IC=          21 WHERE QC=   20.0000000       0.00000000     AND NHAT=   9.97766037E-04  0.999999464     VALUE OF RES(K) IS NOW   1.99553203E-02
 ROW           22 IS FLOW TANGENCY  (QC dot n) AT POINT IC=          22 WHERE QC=   20.0000000       0.00000000     AND NHAT=   9.71124391E-04  0.999999583     VALUE OF RES(K) IS NOW   1.94224883E-02
 ROW           23 IS FLOW TANGENCY  (QC dot n) AT POINT IC=          23 WHERE QC=   20.0000000       0.00000000     AND NHAT=   9.53111856E-04  0.999999523     VALUE OF RES(K) IS NOW   1.90622378E-02
 ROW           24 IS FLOW TANGENCY  (QC dot n) AT POINT IC=          24 WHERE QC=   20.0000000       0.00000000     AND NHAT=   9.61558952E-04  0.999999583     VALUE OF RES(K) IS NOW   1.92311797E-02
 ROW           25 IS FLOW TANGENCY  (QC dot n) AT POINT IC=          25 WHERE QC=   20.0000000       0.00000000     AND NHAT=   1.00920128E-03  0.999999464     VALUE OF RES(K) IS NOW   2.01840252E-02
 ROW           26 IS FLOW TANGENCY  (QC dot n) AT POINT IC=          26 WHERE QC=   20.0000000       0.00000000     AND NHAT=   1.07892090E-03  0.999999344     VALUE OF RES(K) IS NOW   2.15784181E-02
 ROW           27 IS FLOW TANGENCY  (QC dot n) AT POINT IC=          27 WHERE QC=   20.0000000       0.00000000     AND NHAT=   1.00115954E-03  0.999999523     VALUE OF RES(K) IS NOW   2.00231913E-02
 ROW           28 IS FLOW TANGENCY  (QC dot n) AT POINT IC=          28 WHERE QC=   20.0000000       0.00000000     AND NHAT=   8.56592960E-04  0.999999583     VALUE OF RES(K) IS NOW   1.71318594E-02
 ROW           29 IS FLOW TANGENCY  (QC dot n) AT POINT IC=          29 WHERE QC=   20.0000000       0.00000000     AND NHAT=   1.11988804E-03  0.999999404     VALUE OF RES(K) IS NOW   2.23977603E-02
 ROW           30 IS FLOW TANGENCY  (QC dot n) AT POINT IC=          30 WHERE QC=   20.0000000       0.00000000     AND NHAT=   1.14781852E-03  0.999999344     VALUE OF RES(K) IS NOW   2.29563713E-02
 ROW           31 IS FLOW TANGENCY  (QC dot n) AT POINT IC=          31 WHERE QC=   20.0000000       0.00000000     AND NHAT=  -1.15079936E-04  0.999999940     VALUE OF RES(K) IS NOW  -2.30159867E-03
 ROW           32 IS FLOW TANGENCY  (QC dot n) AT POINT IC=          32 WHERE QC=   20.0000000       0.00000000     AND NHAT=   2.48398958E-03  0.999996960     VALUE OF RES(K) IS NOW   4.96797934E-02
 ROW           33 IS FLOW TANGENCY  (QC dot n) AT POINT IC=          33 WHERE QC=   20.0000000       0.00000000     AND NHAT=   4.81070252E-03  0.999988437     VALUE OF RES(K) IS NOW   9.62140486E-02
 ROW           34 IS FLOW TANGENCY  (QC dot n) AT POINT IC=          34 WHERE QC=   20.0000000       0.00000000     AND NHAT=  -7.22007453E-03  0.999973893     VALUE OF RES(K) IS NOW -0.144401491    
 ROW           35 IS FLOW TANGENCY  (QC dot n) AT POINT IC=          35 WHERE QC=   20.0000000       0.00000000     AND NHAT=  -2.65351292E-02  0.999647915     VALUE OF RES(K) IS NOW -0.530702591    
 ROW           36 IS FLOW TANGENCY  (QC dot n) AT POINT IC=          36 WHERE QC=   20.0000000       0.00000000     AND NHAT=  -4.39593568E-02  0.999033332     VALUE OF RES(K) IS NOW -0.879187107    
 ROW           37 IS FLOW TANGENCY  (QC dot n) AT POINT IC=          37 WHERE QC=   20.0000000       0.00000000     AND NHAT=  -6.21833019E-02  0.998064756     VALUE OF RES(K) IS NOW  -1.24366605    
 ROW           38 IS FLOW TANGENCY  (QC dot n) AT POINT IC=          38 WHERE QC=   20.0000000       0.00000000     AND NHAT=  -8.22347701E-02  0.996612906     VALUE OF RES(K) IS NOW  -1.64469540    
 ROW           39 IS FLOW TANGENCY  (QC dot n) AT POINT IC=          39 WHERE QC=   20.0000000       0.00000000     AND NHAT= -0.103432573      0.994636416     VALUE OF RES(K) IS NOW  -2.06865144    
 ROW           40 IS FLOW TANGENCY  (QC dot n) AT POINT IC=          40 WHERE QC=   20.0000000       0.00000000     AND NHAT= -0.126055822      0.992023170     VALUE OF RES(K) IS NOW  -2.52111650    
 ROW           41 IS FLOW TANGENCY  (QC dot n) AT POINT IC=          41 WHERE QC=   20.0000000       0.00000000     AND NHAT= -0.150341064      0.988634169     VALUE OF RES(K) IS NOW  -3.00682116    
 ROW           42 IS FLOW TANGENCY  (QC dot n) AT POINT IC=          42 WHERE QC=   20.0000000       0.00000000     AND NHAT= -0.176095799      0.984373093     VALUE OF RES(K) IS NOW  -3.52191591    
 ROW           43 IS FLOW TANGENCY  (QC dot n) AT POINT IC=          43 WHERE QC=   20.0000000       0.00000000     AND NHAT= -0.203417137      0.979092121     VALUE OF RES(K) IS NOW  -4.06834269    
 ROW           44 IS FLOW TANGENCY  (QC dot n) AT POINT IC=          44 WHERE QC=   20.0000000       0.00000000     AND NHAT= -0.233120993      0.972447753     VALUE OF RES(K) IS NOW  -4.66241980    
 ROW           45 IS FLOW TANGENCY  (QC dot n) AT POINT IC=          45 WHERE QC=   20.0000000       0.00000000     AND NHAT= -0.264881074      0.964281023     VALUE OF RES(K) IS NOW  -5.29762173    
 ROW           46 IS FLOW TANGENCY  (QC dot n) AT POINT IC=          46 WHERE QC=   20.0000000       0.00000000     AND NHAT= -0.298797369      0.954316616     VALUE OF RES(K) IS NOW  -5.97594738    
 ROW           47 IS FLOW TANGENCY  (QC dot n) AT POINT IC=          47 WHERE QC=   20.0000000       0.00000000     AND NHAT= -0.335281312      0.942118049     VALUE OF RES(K) IS NOW  -6.70562649    
 ROW           48 IS FLOW TANGENCY  (QC dot n) AT POINT IC=          48 WHERE QC=   20.0000000       0.00000000     AND NHAT= -0.374602616      0.927185476     VALUE OF RES(K) IS NOW  -7.49205208    
 ROW           49 IS FLOW TANGENCY  (QC dot n) AT POINT IC=          49 WHERE QC=   20.0000000       0.00000000     AND NHAT= -0.416841865      0.908979058     VALUE OF RES(K) IS NOW  -8.33683777    
 ROW           50 IS FLOW TANGENCY  (QC dot n) AT POINT IC=          50 WHERE QC=   20.0000000       0.00000000     AND NHAT= -0.462294221      0.886726618     VALUE OF RES(K) IS NOW  -9.24588394    
 ROW           51 IS FLOW TANGENCY  (QC dot n) AT POINT IC=          51 WHERE QC=   20.0000000       0.00000000     AND NHAT= -0.511071146      0.859538376     VALUE OF RES(K) IS NOW  -10.2214231    
 ROW           52 IS FLOW TANGENCY  (QC dot n) AT POINT IC=          52 WHERE QC=   20.0000000       0.00000000     AND NHAT= -0.563054442      0.826419771     VALUE OF RES(K) IS NOW  -11.2610893    
 ROW           53 IS FLOW TANGENCY  (QC dot n) AT POINT IC=          53 WHERE QC=   20.0000000       0.00000000     AND NHAT= -0.618237019      0.785991728     VALUE OF RES(K) IS NOW  -12.3647404    
 ROW           54 IS FLOW TANGENCY  (QC dot n) AT POINT IC=          54 WHERE QC=   20.0000000       0.00000000     AND NHAT= -0.676133513      0.736779094     VALUE OF RES(K) IS NOW  -13.5226707    
 ROW           55 IS FLOW TANGENCY  (QC dot n) AT POINT IC=          55 WHERE QC=   20.0000000       0.00000000     AND NHAT= -0.735309362      0.677731574     VALUE OF RES(K) IS NOW  -14.7061872    
 ROW           56 IS FLOW TANGENCY  (QC dot n) AT POINT IC=          56 WHERE QC=   20.0000000       0.00000000     AND NHAT= -0.795313299      0.606198609     VALUE OF RES(K) IS NOW  -15.9062662    
 ROW           57 IS FLOW TANGENCY  (QC dot n) AT POINT IC=          57 WHERE QC=   20.0000000       0.00000000     AND NHAT= -0.852426589      0.522846937     VALUE OF RES(K) IS NOW  -17.0485325    
 ROW           58 IS FLOW TANGENCY  (QC dot n) AT POINT IC=          58 WHERE QC=   20.0000000       0.00000000     AND NHAT= -0.904774725      0.425890446     VALUE OF RES(K) IS NOW  -18.0954952    
 ROW           59 IS FLOW TANGENCY  (QC dot n) AT POINT IC=          59 WHERE QC=   20.0000000       0.00000000     AND NHAT= -0.948574543      0.316553831     VALUE OF RES(K) IS NOW  -18.9714909    
 ROW           60 IS FLOW TANGENCY  (QC dot n) AT POINT IC=          60 WHERE QC=   20.0000000       0.00000000     AND NHAT= -0.980283737      0.197594717     VALUE OF RES(K) IS NOW  -19.6056747    
 ROW           61 IS FLOW TANGENCY  (QC dot n) AT POINT IC=          61 WHERE QC=   20.0000000       0.00000000     AND NHAT= -0.997736573       6.72440305E-02 VALUE OF RES(K) IS NOW  -19.9547310    
 ROW           64 IS FLOW TANGENCY  (QC dot n) AT POINT IC=          62 WHERE QC=   20.0000000       0.00000000     AND NHAT=  0.380918354      0.924608707     VALUE OF RES(K) IS NOW   7.61836720    
 ROW           65 IS FLOW TANGENCY  (QC dot n) AT POINT IC=          63 WHERE QC=   20.0000000       0.00000000     AND NHAT=  0.374786347      0.927111208     VALUE OF RES(K) IS NOW   7.49572706    
 ROW           66 IS FLOW TANGENCY  (QC dot n) AT POINT IC=          64 WHERE QC=   20.0000000       0.00000000     AND NHAT=  0.367410004      0.930059075     VALUE OF RES(K) IS NOW   7.34819984    
 ROW           67 IS FLOW TANGENCY  (QC dot n) AT POINT IC=          65 WHERE QC=   20.0000000       0.00000000     AND NHAT=  0.359476238      0.933154285     VALUE OF RES(K) IS NOW   7.18952465    
 ROW           68 IS FLOW TANGENCY  (QC dot n) AT POINT IC=          66 WHERE QC=   20.0000000       0.00000000     AND NHAT=  0.350982100      0.936382174     VALUE OF RES(K) IS NOW   7.01964188    
 ROW           69 IS FLOW TANGENCY  (QC dot n) AT POINT IC=          67 WHERE QC=   20.0000000       0.00000000     AND NHAT=  0.343139559      0.939284384     VALUE OF RES(K) IS NOW   6.86279106    
 ROW           70 IS FLOW TANGENCY  (QC dot n) AT POINT IC=          68 WHERE QC=   20.0000000       0.00000000     AND NHAT=  0.334746450      0.942308187     VALUE OF RES(K) IS NOW   6.69492912    
 ROW           71 IS FLOW TANGENCY  (QC dot n) AT POINT IC=          69 WHERE QC=   20.0000000       0.00000000     AND NHAT=  0.326699883      0.945128143     VALUE OF RES(K) IS NOW   6.53399754    
 ROW           72 IS FLOW TANGENCY  (QC dot n) AT POINT IC=          70 WHERE QC=   20.0000000       0.00000000     AND NHAT=  0.318544984      0.947907686     VALUE OF RES(K) IS NOW   6.37089968    
 ROW           73 IS FLOW TANGENCY  (QC dot n) AT POINT IC=          71 WHERE QC=   20.0000000       0.00000000     AND NHAT=  0.310424179      0.950598121     VALUE OF RES(K) IS NOW   6.20848370    
 ROW           74 IS FLOW TANGENCY  (QC dot n) AT POINT IC=          72 WHERE QC=   20.0000000       0.00000000     AND NHAT=  0.302042425      0.953294456     VALUE OF RES(K) IS NOW   6.04084873    
 ROW           75 IS FLOW TANGENCY  (QC dot n) AT POINT IC=          73 WHERE QC=   20.0000000       0.00000000     AND NHAT=  0.293484926      0.955963671     VALUE OF RES(K) IS NOW   5.86969852    
 ROW           76 IS FLOW TANGENCY  (QC dot n) AT POINT IC=          74 WHERE QC=   20.0000000       0.00000000     AND NHAT=  0.285047948      0.958513260     VALUE OF RES(K) IS NOW   5.70095921    
 ROW           77 IS FLOW TANGENCY  (QC dot n) AT POINT IC=          75 WHERE QC=   20.0000000       0.00000000     AND NHAT=  0.276283026      0.961076379     VALUE OF RES(K) IS NOW   5.52566051    
 ROW           78 IS FLOW TANGENCY  (QC dot n) AT POINT IC=          76 WHERE QC=   20.0000000       0.00000000     AND NHAT=  0.267127246      0.963661313     VALUE OF RES(K) IS NOW   5.34254503    
 ROW           79 IS FLOW TANGENCY  (QC dot n) AT POINT IC=          77 WHERE QC=   20.0000000       0.00000000     AND NHAT=  0.257761627      0.966208518     VALUE OF RES(K) IS NOW   5.15523243    
 ROW           80 IS FLOW TANGENCY  (QC dot n) AT POINT IC=          78 WHERE QC=   20.0000000       0.00000000     AND NHAT=  0.247984707      0.968763947     VALUE OF RES(K) IS NOW   4.95969391    
 ROW           81 IS FLOW TANGENCY  (QC dot n) AT POINT IC=          79 WHERE QC=   20.0000000       0.00000000     AND NHAT=  0.237859815      0.971299529     VALUE OF RES(K) IS NOW   4.75719643    
 ROW           82 IS FLOW TANGENCY  (QC dot n) AT POINT IC=          80 WHERE QC=   20.0000000       0.00000000     AND NHAT=  0.227418646      0.973797083     VALUE OF RES(K) IS NOW   4.54837275    
 ROW           83 IS FLOW TANGENCY  (QC dot n) AT POINT IC=          81 WHERE QC=   20.0000000       0.00000000     AND NHAT=  0.216167018      0.976356328     VALUE OF RES(K) IS NOW   4.32334042    
 ROW           84 IS FLOW TANGENCY  (QC dot n) AT POINT IC=          82 WHERE QC=   20.0000000       0.00000000     AND NHAT=  0.204214036      0.978926301     VALUE OF RES(K) IS NOW   4.08428097    
 ROW           85 IS FLOW TANGENCY  (QC dot n) AT POINT IC=          83 WHERE QC=   20.0000000       0.00000000     AND NHAT=  0.191976503      0.981399536     VALUE OF RES(K) IS NOW   3.83952999    
 ROW           86 IS FLOW TANGENCY  (QC dot n) AT POINT IC=          84 WHERE QC=   20.0000000       0.00000000     AND NHAT=  0.178787708      0.983887792     VALUE OF RES(K) IS NOW   3.57575417    
 ROW           87 IS FLOW TANGENCY  (QC dot n) AT POINT IC=          85 WHERE QC=   20.0000000       0.00000000     AND NHAT=  0.164827690      0.986322403     VALUE OF RES(K) IS NOW   3.29655385    
 ROW           88 IS FLOW TANGENCY  (QC dot n) AT POINT IC=          86 WHERE QC=   20.0000000       0.00000000     AND NHAT=  0.149492398      0.988762856     VALUE OF RES(K) IS NOW   2.98984790    
 ROW           89 IS FLOW TANGENCY  (QC dot n) AT POINT IC=          87 WHERE QC=   20.0000000       0.00000000     AND NHAT=  0.129740208      0.991548061     VALUE OF RES(K) IS NOW   2.59480429    
 ROW           90 IS FLOW TANGENCY  (QC dot n) AT POINT IC=          88 WHERE QC=   20.0000000       0.00000000     AND NHAT=  0.107314877      0.994225085     VALUE OF RES(K) IS NOW   2.14629745    
 ROW           91 IS FLOW TANGENCY  (QC dot n) AT POINT IC=          89 WHERE QC=   20.0000000       0.00000000     AND NHAT=   8.46240446E-02  0.996412873     VALUE OF RES(K) IS NOW   1.69248092    
 ROW           92 IS FLOW TANGENCY  (QC dot n) AT POINT IC=          90 WHERE QC=   20.0000000       0.00000000     AND NHAT=   6.05066828E-02  0.998167813     VALUE OF RES(K) IS NOW   1.21013367    
 ROW           93 IS FLOW TANGENCY  (QC dot n) AT POINT IC=          91 WHERE QC=   20.0000000       0.00000000     AND NHAT=   3.53041887E-02  0.999376595     VALUE OF RES(K) IS NOW  0.706083775    
 ROW           94 IS FLOW TANGENCY  (QC dot n) AT POINT IC=          92 WHERE QC=   20.0000000       0.00000000     AND NHAT=   8.81415978E-03  0.999961197     VALUE OF RES(K) IS NOW  0.176283196    
 ROW           95 IS FLOW TANGENCY  (QC dot n) AT POINT IC=          93 WHERE QC=   20.0000000       0.00000000     AND NHAT=  -1.88347548E-02  0.999822617     VALUE OF RES(K) IS NOW -0.376695096    
 ROW           96 IS FLOW TANGENCY  (QC dot n) AT POINT IC=          94 WHERE QC=   20.0000000       0.00000000     AND NHAT=  -4.78298068E-02  0.998855412     VALUE OF RES(K) IS NOW -0.956596136    
 ROW           97 IS FLOW TANGENCY  (QC dot n) AT POINT IC=          95 WHERE QC=   20.0000000       0.00000000     AND NHAT=  -7.85793886E-02  0.996907771     VALUE OF RES(K) IS NOW  -1.57158780    
 ROW           98 IS FLOW TANGENCY  (QC dot n) AT POINT IC=          96 WHERE QC=   20.0000000       0.00000000     AND NHAT= -0.110748470      0.993848503     VALUE OF RES(K) IS NOW  -2.21496940    
 ROW           99 IS FLOW TANGENCY  (QC dot n) AT POINT IC=          97 WHERE QC=   20.0000000       0.00000000     AND NHAT= -0.144431561      0.989514828     VALUE OF RES(K) IS NOW  -2.88863134    
 ROW          100 IS FLOW TANGENCY  (QC dot n) AT POINT IC=          98 WHERE QC=   20.0000000       0.00000000     AND NHAT= -0.180112734      0.983645976     VALUE OF RES(K) IS NOW  -3.60225463    
 ROW          101 IS FLOW TANGENCY  (QC dot n) AT POINT IC=          99 WHERE QC=   20.0000000       0.00000000     AND NHAT= -0.217945114      0.975960970     VALUE OF RES(K) IS NOW  -4.35890245    
 ROW          102 IS FLOW TANGENCY  (QC dot n) AT POINT IC=         100 WHERE QC=   20.0000000       0.00000000     AND NHAT= -0.257643759      0.966240048     VALUE OF RES(K) IS NOW  -5.15287495    
 ROW          103 IS FLOW TANGENCY  (QC dot n) AT POINT IC=         101 WHERE QC=   20.0000000       0.00000000     AND NHAT= -0.299270093      0.954168439     VALUE OF RES(K) IS NOW  -5.98540211    
 ROW          104 IS FLOW TANGENCY  (QC dot n) AT POINT IC=         102 WHERE QC=   20.0000000       0.00000000     AND NHAT= -0.343664289      0.939092636     VALUE OF RES(K) IS NOW  -6.87328577    
 ROW          105 IS FLOW TANGENCY  (QC dot n) AT POINT IC=         103 WHERE QC=   20.0000000       0.00000000     AND NHAT= -0.391097039      0.920349419     VALUE OF RES(K) IS NOW  -7.82194090    
 ROW          106 IS FLOW TANGENCY  (QC dot n) AT POINT IC=         104 WHERE QC=   20.0000000       0.00000000     AND NHAT= -0.441098183      0.897458851     VALUE OF RES(K) IS NOW  -8.82196331    
 ROW          107 IS FLOW TANGENCY  (QC dot n) AT POINT IC=         105 WHERE QC=   20.0000000       0.00000000     AND NHAT= -0.494846016      0.868980646     VALUE OF RES(K) IS NOW  -9.89692020    
 ROW          108 IS FLOW TANGENCY  (QC dot n) AT POINT IC=         106 WHERE QC=   20.0000000       0.00000000     AND NHAT= -0.551281035      0.834319651     VALUE OF RES(K) IS NOW  -11.0256205    
 ROW          109 IS FLOW TANGENCY  (QC dot n) AT POINT IC=         107 WHERE QC=   20.0000000       0.00000000     AND NHAT= -0.612031162      0.790833652     VALUE OF RES(K) IS NOW  -12.2406235    
 ROW          110 IS FLOW TANGENCY  (QC dot n) AT POINT IC=         108 WHERE QC=   20.0000000       0.00000000     AND NHAT= -0.675928891      0.736966848     VALUE OF RES(K) IS NOW  -13.5185776    
 ROW          111 IS FLOW TANGENCY  (QC dot n) AT POINT IC=         109 WHERE QC=   20.0000000       0.00000000     AND NHAT= -0.742813468      0.669498444     VALUE OF RES(K) IS NOW  -14.8562698    
 ROW          112 IS FLOW TANGENCY  (QC dot n) AT POINT IC=         110 WHERE QC=   20.0000000       0.00000000     AND NHAT= -0.811204433      0.584762514     VALUE OF RES(K) IS NOW  -16.2240887    
 ROW          113 IS FLOW TANGENCY  (QC dot n) AT POINT IC=         111 WHERE QC=   20.0000000       0.00000000     AND NHAT= -0.877443850      0.479679316     VALUE OF RES(K) IS NOW  -17.5488777    
 ROW          114 IS FLOW TANGENCY  (QC dot n) AT POINT IC=         112 WHERE QC=   20.0000000       0.00000000     AND NHAT= -0.936226070      0.351398140     VALUE OF RES(K) IS NOW  -18.7245216    
 ROW          115 IS FLOW TANGENCY  (QC dot n) AT POINT IC=         113 WHERE QC=   20.0000000       0.00000000     AND NHAT= -0.979459047      0.201643020     VALUE OF RES(K) IS NOW  -19.5891800    
 ROW          116 IS FLOW TANGENCY  (QC dot n) AT POINT IC=         114 WHERE QC=   20.0000000       0.00000000     AND NHAT= -0.999390364       3.49122211E-02 VALUE OF RES(K) IS NOW  -19.9878082    
 ROW          117 IS FLOW TANGENCY  (QC dot n) AT POINT IC=         115 WHERE QC=   20.0000000       0.00000000     AND NHAT= -0.988948107     -0.148261935     VALUE OF RES(K) IS NOW  -19.7789612    
 ROW          118 IS FLOW TANGENCY  (QC dot n) AT POINT IC=         116 WHERE QC=   20.0000000       0.00000000     AND NHAT= -0.941097379     -0.338135689     VALUE OF RES(K) IS NOW  -18.8219471    
 ROW          119 IS FLOW TANGENCY  (QC dot n) AT POINT IC=         117 WHERE QC=   20.0000000       0.00000000     AND NHAT= -0.860347033     -0.509708643     VALUE OF RES(K) IS NOW  -17.2069397    
 ROW          120 IS FLOW TANGENCY  (QC dot n) AT POINT IC=         118 WHERE QC=   20.0000000       0.00000000     AND NHAT= -0.760098875     -0.649807453     VALUE OF RES(K) IS NOW  -15.2019777    
 ROW          121 IS FLOW TANGENCY  (QC dot n) AT POINT IC=         119 WHERE QC=   20.0000000       0.00000000     AND NHAT= -0.656595170     -0.754243135     VALUE OF RES(K) IS NOW  -13.1319036    
 ROW          122 IS FLOW TANGENCY  (QC dot n) AT POINT IC=         120 WHERE QC=   20.0000000       0.00000000     AND NHAT= -0.557882547     -0.829919875     VALUE OF RES(K) IS NOW  -11.1576509    
 ROW          123 IS FLOW TANGENCY  (QC dot n) AT POINT IC=         121 WHERE QC=   20.0000000       0.00000000     AND NHAT= -0.469336271     -0.883019507     VALUE OF RES(K) IS NOW  -9.38672543    
 ROW          124 IS FLOW TANGENCY  (QC dot n) AT POINT IC=         122 WHERE QC=   20.0000000       0.00000000     AND NHAT= -0.391297072     -0.920264423     VALUE OF RES(K) IS NOW  -7.82594156    
 ROW          125 IS FLOW TANGENCY  (QC dot n) AT POINT IC=         123 WHERE QC=   20.0000000       0.00000000     AND NHAT= -0.323280215     -0.946303308     VALUE OF RES(K) IS NOW  -6.46560431    
 ROW          126 IS FLOW TANGENCY  (QC dot n) AT POINT IC=         124 WHERE QC=   20.0000000       0.00000000     AND NHAT= -0.264399856     -0.964413166     VALUE OF RES(K) IS NOW  -5.28799725    
 ROW          127 IS FLOW TANGENCY  (QC dot n) AT POINT IC=         125 WHERE QC=   20.0000000       0.00000000     AND NHAT= -0.213904649     -0.976854563     VALUE OF RES(K) IS NOW  -4.27809286    
 ROW          128 IS FLOW TANGENCY  (QC dot n) AT POINT IC=         126 WHERE QC=   20.0000000       0.00000000     AND NHAT= -0.170041844     -0.985436857     VALUE OF RES(K) IS NOW  -3.40083694    
 ROW          129 IS FLOW TANGENCY  (QC dot n) AT POINT IC=         127 WHERE QC=   20.0000000       0.00000000     AND NHAT= -0.133325607     -0.991072237     VALUE OF RES(K) IS NOW  -2.66651201    
 ROW          130 IS FLOW TANGENCY  (QC dot n) AT POINT IC=         128 WHERE QC=   20.0000000       0.00000000     AND NHAT= -0.101586871     -0.994826674     VALUE OF RES(K) IS NOW  -2.03173733    
 ROW          131 IS FLOW TANGENCY  (QC dot n) AT POINT IC=         129 WHERE QC=   20.0000000       0.00000000     AND NHAT=  -7.51139075E-02 -0.997174919     VALUE OF RES(K) IS NOW  -1.50227809    
 ROW          132 IS FLOW TANGENCY  (QC dot n) AT POINT IC=         130 WHERE QC=   20.0000000       0.00000000     AND NHAT=  -5.30592017E-02 -0.998591363     VALUE OF RES(K) IS NOW  -1.06118405    
 ROW          133 IS FLOW TANGENCY  (QC dot n) AT POINT IC=         131 WHERE QC=   20.0000000       0.00000000     AND NHAT=  -3.49632204E-02 -0.999388635     VALUE OF RES(K) IS NOW -0.699264407    
 ROW          134 IS FLOW TANGENCY  (QC dot n) AT POINT IC=         132 WHERE QC=   20.0000000       0.00000000     AND NHAT=  -2.02956423E-02 -0.999794006     VALUE OF RES(K) IS NOW -0.405912846    
 ROW          135 IS FLOW TANGENCY  (QC dot n) AT POINT IC=         133 WHERE QC=   20.0000000       0.00000000     AND NHAT=  -8.77047796E-03 -0.999961436     VALUE OF RES(K) IS NOW -0.175409555    
 ROW          136 IS FLOW TANGENCY  (QC dot n) AT POINT IC=         134 WHERE QC=   20.0000000       0.00000000     AND NHAT=  -2.19657115E-04  -1.00000000     VALUE OF RES(K) IS NOW  -4.39314218E-03
 ROW          137 IS FLOW TANGENCY  (QC dot n) AT POINT IC=         135 WHERE QC=   20.0000000       0.00000000     AND NHAT=   5.74032916E-03 -0.999983490     VALUE OF RES(K) IS NOW  0.114806585    
 ROW          138 IS FLOW TANGENCY  (QC dot n) AT POINT IC=         136 WHERE QC=   20.0000000       0.00000000     AND NHAT=   9.32259671E-03 -0.999956548     VALUE OF RES(K) IS NOW  0.186451942    
 ROW          139 IS FLOW TANGENCY  (QC dot n) AT POINT IC=         137 WHERE QC=   20.0000000       0.00000000     AND NHAT=   1.01658367E-02 -0.999948382     VALUE OF RES(K) IS NOW  0.203316733    
 ROW          140 IS FLOW TANGENCY  (QC dot n) AT POINT IC=         138 WHERE QC=   20.0000000       0.00000000     AND NHAT=   1.05281379E-02 -0.999944568     VALUE OF RES(K) IS NOW  0.210562766    
 ROW          141 IS FLOW TANGENCY  (QC dot n) AT POINT IC=         139 WHERE QC=   20.0000000       0.00000000     AND NHAT=   1.32222427E-02 -0.999912560     VALUE OF RES(K) IS NOW  0.264444858    
 ROW          142 IS FLOW TANGENCY  (QC dot n) AT POINT IC=         140 WHERE QC=   20.0000000       0.00000000     AND NHAT=   1.67558324E-02 -0.999859631     VALUE OF RES(K) IS NOW  0.335116655    
 ROW          143 IS FLOW TANGENCY  (QC dot n) AT POINT IC=         141 WHERE QC=   20.0000000       0.00000000     AND NHAT=   1.95963904E-02 -0.999807954     VALUE OF RES(K) IS NOW  0.391927809    
 ROW          144 IS FLOW TANGENCY  (QC dot n) AT POINT IC=         142 WHERE QC=   20.0000000       0.00000000     AND NHAT=   2.15075370E-02 -0.999768734     VALUE OF RES(K) IS NOW  0.430150747    
 ROW          145 IS FLOW TANGENCY  (QC dot n) AT POINT IC=         143 WHERE QC=   20.0000000       0.00000000     AND NHAT=   2.30233371E-02 -0.999734879     VALUE OF RES(K) IS NOW  0.460466743    
 ROW          146 IS FLOW TANGENCY  (QC dot n) AT POINT IC=         144 WHERE QC=   20.0000000       0.00000000     AND NHAT=   2.41465345E-02 -0.999708414     VALUE OF RES(K) IS NOW  0.482930690    
 ROW          147 IS FLOW TANGENCY  (QC dot n) AT POINT IC=         145 WHERE QC=   20.0000000       0.00000000     AND NHAT=   2.47489978E-02 -0.999693632     VALUE OF RES(K) IS NOW  0.494979948    
 ROW          148 IS FLOW TANGENCY  (QC dot n) AT POINT IC=         146 WHERE QC=   20.0000000       0.00000000     AND NHAT=   2.50052363E-02 -0.999687374     VALUE OF RES(K) IS NOW  0.500104725    
 ROW          149 IS FLOW TANGENCY  (QC dot n) AT POINT IC=         147 WHERE QC=   20.0000000       0.00000000     AND NHAT=   2.48428658E-02 -0.999691367     VALUE OF RES(K) IS NOW  0.496857315    
 ROW          150 IS FLOW TANGENCY  (QC dot n) AT POINT IC=         148 WHERE QC=   20.0000000       0.00000000     AND NHAT=   2.42657941E-02 -0.999705493     VALUE OF RES(K) IS NOW  0.485315889    
 ROW          151 IS FLOW TANGENCY  (QC dot n) AT POINT IC=         149 WHERE QC=   20.0000000       0.00000000     AND NHAT=   2.34280825E-02 -0.999725521     VALUE OF RES(K) IS NOW  0.468561649    
 ROW          152 IS FLOW TANGENCY  (QC dot n) AT POINT IC=         150 WHERE QC=   20.0000000       0.00000000     AND NHAT=   2.25472115E-02 -0.999745786     VALUE OF RES(K) IS NOW  0.450944245    
 ROW          153 IS FLOW TANGENCY  (QC dot n) AT POINT IC=         151 WHERE QC=   20.0000000       0.00000000     AND NHAT=   2.13228650E-02 -0.999772727     VALUE OF RES(K) IS NOW  0.426457286    
 ROW          154 IS FLOW TANGENCY  (QC dot n) AT POINT IC=         152 WHERE QC=   20.0000000       0.00000000     AND NHAT=   1.97627675E-02 -0.999804616     VALUE OF RES(K) IS NOW  0.395255357    
 ROW          155 IS FLOW TANGENCY  (QC dot n) AT POINT IC=         153 WHERE QC=   20.0000000       0.00000000     AND NHAT=   1.81903616E-02 -0.999834538     VALUE OF RES(K) IS NOW  0.363807231    
 ROW          156 IS FLOW TANGENCY  (QC dot n) AT POINT IC=         154 WHERE QC=   20.0000000       0.00000000     AND NHAT=   1.67272203E-02 -0.999860108     VALUE OF RES(K) IS NOW  0.334544420    
 ROW          157 IS FLOW TANGENCY  (QC dot n) AT POINT IC=         155 WHERE QC=   20.0000000       0.00000000     AND NHAT=   1.51284356E-02 -0.999885499     VALUE OF RES(K) IS NOW  0.302568704    
 ROW          158 IS FLOW TANGENCY  (QC dot n) AT POINT IC=         156 WHERE QC=   20.0000000       0.00000000     AND NHAT=   1.33655844E-02 -0.999910712     VALUE OF RES(K) IS NOW  0.267311692    
 ROW          159 IS FLOW TANGENCY  (QC dot n) AT POINT IC=         157 WHERE QC=   20.0000000       0.00000000     AND NHAT=   1.16648320E-02 -0.999931931     VALUE OF RES(K) IS NOW  0.233296633    
 ROW          160 IS FLOW TANGENCY  (QC dot n) AT POINT IC=         158 WHERE QC=   20.0000000       0.00000000     AND NHAT=   9.88927856E-03 -0.999951124     VALUE OF RES(K) IS NOW  0.197785571    
 ROW          161 IS FLOW TANGENCY  (QC dot n) AT POINT IC=         159 WHERE QC=   20.0000000       0.00000000     AND NHAT=   8.25622678E-03 -0.999965847     VALUE OF RES(K) IS NOW  0.165124536    
 ROW          162 IS FLOW TANGENCY  (QC dot n) AT POINT IC=         160 WHERE QC=   20.0000000       0.00000000     AND NHAT=   6.77729305E-03 -0.999976993     VALUE OF RES(K) IS NOW  0.135545865    
 ROW          163 IS FLOW TANGENCY  (QC dot n) AT POINT IC=         161 WHERE QC=   20.0000000       0.00000000     AND NHAT=   5.01962379E-03 -0.999987364     VALUE OF RES(K) IS NOW  0.100392476    
 ROW          164 IS FLOW TANGENCY  (QC dot n) AT POINT IC=         162 WHERE QC=   20.0000000       0.00000000     AND NHAT=   3.64367012E-03 -0.999993384     VALUE OF RES(K) IS NOW   7.28733987E-02
 ROW          165 IS FLOW TANGENCY  (QC dot n) AT POINT IC=         163 WHERE QC=   20.0000000       0.00000000     AND NHAT=   2.49624555E-03 -0.999996901     VALUE OF RES(K) IS NOW   4.99249101E-02
 ROW          166 IS FLOW TANGENCY  (QC dot n) AT POINT IC=         164 WHERE QC=   20.0000000       0.00000000     AND NHAT=   1.24056055E-03 -0.999999225     VALUE OF RES(K) IS NOW   2.48112120E-02
 ROW          167 IS FLOW TANGENCY  (QC dot n) AT POINT IC=         165 WHERE QC=   20.0000000       0.00000000     AND NHAT=   3.83251841E-04 -0.999999881     VALUE OF RES(K) IS NOW   7.66503671E-03
 ROW          168 IS FLOW TANGENCY  (QC dot n) AT POINT IC=         166 WHERE QC=   20.0000000       0.00000000     AND NHAT=  -1.61865755E-04  -1.00000000     VALUE OF RES(K) IS NOW  -3.23731499E-03
 ROW          169 IS FLOW TANGENCY  (QC dot n) AT POINT IC=         167 WHERE QC=   20.0000000       0.00000000     AND NHAT=  -5.46960393E-04 -0.999999881     VALUE OF RES(K) IS NOW  -1.09392079E-02
 ROW           63 IS THE 0 INTERNAL VELOCITY (QC dot NHAT) on point,        1971 WHERE QC=   20.0000000       0.00000000     AND NHAT=  0.391041994     -0.920372784     VALUE OF RES(K) IS V dot nhat =   7.82083988    
 ROW          170 IS THE BASIC KUTTA CONDITION, SETTING FIRST AND LAST BODY GAMMAS TO BE EQUAL TO THE WAKE STRENGTH OF THE FIRST BODY WAKE PANEL. (G1+GN=-GW)VALUE OF RES(K) IS NOW   0.00000000    
 ROW          171 IS THE 0 INTERNAL VELOCITY (QC dot NHAT) on point,        1972 WHERE QC=   20.0000000       0.00000000     AND NHAT=  0.973941565     -0.226799160     VALUE OF RES(K) IS V dot nhat =   19.4788322    
 ROW           62 IS AN EXPLICITLY SET VORTEX STRENGTH.VALUE OF RES(K) IS NOW   0.00000000    
