 CP_Q = [
  -3.18702795E-02   1.18807042E-02
  -3.46454084E-02   1.18489498E-02
  -3.69905643E-02   1.10844681E-02
  -3.86469178E-02   9.97118838E-03
  -3.98583673E-02   8.70210119E-03
  -4.07108106E-02   7.36159226E-03
  -4.12615053E-02   6.03451859E-03
  -4.15921770E-02   4.78702225E-03
  -4.17641513E-02   3.58153298E-03
  -4.17166762E-02   2.34460947E-03
  -4.13414240E-02   1.19994371E-03
  -4.07138132E-02   4.18002834E-04
  -4.01054621E-02   8.97206046E-05
  -3.96632701E-02  -1.72622931E-05
  -3.93795595E-02  -2.36968481E-06
  -3.92343737E-02   4.74487315E-05
  -3.91731001E-02   5.85723028E-05
  -3.91377434E-02   4.15362410E-05
  -3.91137302E-02   3.13347118E-05
  -3.91080827E-02   3.41215746E-05
  -3.91226858E-02   3.79612793E-05
  -3.91504988E-02   3.77366814E-05
  -3.91858891E-02   3.53651594E-05
  -3.92260551E-02   3.21526750E-05
  -3.92697379E-02   3.21439620E-05
  -3.93236093E-02   4.33702699E-05
  -3.94055657E-02   6.36969780E-05
  -3.95216718E-02   5.60983790E-05
  -3.96397933E-02  -3.34853894E-06
  -3.97495180E-02  -3.56555865E-05
  -3.99451479E-02   5.83258225E-05
  -4.03326191E-02   1.94039589E-04
  -4.08585034E-02   8.98398794E-05
  -4.13138494E-02  -3.50291783E-04
  -4.15256545E-02  -1.08306424E-03
  -4.14573662E-02  -1.86660211E-03
  -4.12274152E-02  -2.60965084E-03
  -4.08853963E-02  -3.39536904E-03
  -4.04057205E-02  -4.23047459E-03
  -3.97773571E-02  -5.09240571E-03
  -3.90069559E-02  -5.96362911E-03
  -3.81081179E-02  -6.84025884E-03
  -3.70790660E-02  -7.73469079E-03
  -3.59100737E-02  -8.63773841E-03
  -3.46022397E-02  -9.53307841E-03
  -3.31601128E-02  -1.04128588E-02
  -3.15895341E-02  -1.12688933E-02
  -2.98862178E-02  -1.20989773E-02
  -2.80418769E-02  -1.28866518E-02
  -2.60549616E-02  -1.36074340E-02
  -2.39132773E-02  -1.42430235E-02
  -2.16079764E-02  -1.47489440E-02
  -1.91357601E-02  -1.50753232E-02
  -1.64990909E-02  -1.51579343E-02
  -1.37109011E-02  -1.49102695E-02
  -1.08317966E-02  -1.42236408E-02
  -7.96637777E-03  -1.30048795E-02
  -5.24790073E-03  -1.11764409E-02
  -2.89713359E-03  -8.69702827E-03
  -1.13119581E-03  -5.62238321E-03
  -1.31503897E-04  -1.96861499E-03
   2.34564213E-04  -9.61158657E-05
   3.63896455E-04  -1.46609949E-04
   4.52686450E-04  -1.78306829E-04
   5.27724624E-04  -2.02656272E-04
   5.93823264E-04  -2.22160335E-04
   6.54550502E-04  -2.38574081E-04
   7.12892506E-04  -2.52898753E-04
   7.70108774E-04  -2.65691284E-04
   8.27346812E-04  -2.77572952E-04
   8.85964371E-04  -2.88756477E-04
   9.46351443E-04  -2.99308653E-04
   1.00924762E-03  -3.09519324E-04
   1.07547746E-03  -3.19397077E-04
   1.14571594E-03  -3.28875438E-04
   1.22052711E-03  -3.37982172E-04
   1.30082527E-03  -3.46660701E-04
   1.38725457E-03  -3.54691001E-04
   1.48050953E-03  -3.62183288E-04
   1.58267817E-03  -3.69314337E-04
   1.69409066E-03  -3.74800205E-04
   1.81602500E-03  -3.78576864E-04
   1.94970053E-03  -3.80880170E-04
   2.09866324E-03  -3.81465012E-04
   2.26474646E-03  -3.78748460E-04
   2.44985591E-03  -3.69079062E-04
   2.65351566E-03  -3.47931869E-04
   2.87242234E-03  -3.11164709E-04
   3.10879597E-03  -2.63627007E-04
   3.36815417E-03  -2.05114513E-04
   3.65359965E-03  -1.30034634E-04
   3.96836409E-03  -3.58839825E-05
   4.31854464E-03   8.02461946E-05
   4.70753992E-03   2.24388335E-04
   5.14097046E-03   4.02923906E-04
   5.62712457E-03   6.24121225E-04
   6.16570795E-03   8.97540769E-04
   6.76990347E-03   1.23661733E-03
   7.44980481E-03   1.65916444E-03
   8.21039733E-03   2.18374748E-03
   9.06643644E-03   2.83643906E-03
   1.00266915E-02   3.66073637E-03
   1.10894656E-02   4.70106909E-03
   1.22596575E-02   6.01372868E-03
   1.35248853E-02   7.67834159E-03
   1.48582477E-02   9.79558658E-03
   1.61751155E-02   1.24816662E-02
   1.73706841E-02   1.58839524E-02
   1.82026848E-02   2.01359708E-02
   1.83389876E-02   2.53478698E-02
   1.73689798E-02   3.16166766E-02
   1.45011768E-02   3.84477675E-02
   9.41753201E-03   4.53903973E-02
   1.89182011E-03   5.15413694E-02
  -8.31156410E-03   5.58029003E-02
  -2.03309245E-02   5.66165969E-02
  -3.16435732E-02   5.34612238E-02
  -4.04548720E-02   4.73376773E-02
  -4.63022254E-02   4.02656235E-02
  -4.96546812E-02   3.33503373E-02
  -5.11349067E-02   2.71453131E-02
  -5.15267402E-02   2.18846016E-02
  -5.12553714E-02   1.74920820E-02
  -5.06295115E-02   1.38887279E-02
  -4.98582944E-02   1.08970823E-02
  -4.89817001E-02   8.44325591E-03
  -4.81026545E-02   6.45757653E-03
  -4.72606681E-02   4.82536154E-03
  -4.64649461E-02   3.49839171E-03
  -4.57262248E-02   2.42709415E-03
  -4.50371839E-02   1.57127669E-03
  -4.44060378E-02   9.02195345E-04
  -4.38365415E-02   3.89508641E-04
  -4.33198363E-02   5.55183897E-06
  -4.28496227E-02  -2.56079045E-04
  -4.24592458E-02  -3.77379271E-04
  -4.21957113E-02  -4.24136058E-04
  -4.20850478E-02  -4.79990675E-04
  -4.20065448E-02  -5.67443203E-04
  -4.19029184E-02  -6.86544809E-04
  -4.17653769E-02  -8.08151439E-04
  -4.16023880E-02  -8.95501522E-04
  -4.14300710E-02  -9.57652286E-04
  -4.12572585E-02  -9.99331824E-04
  -4.10794988E-02  -1.02061545E-03
  -4.09068987E-02  -1.02299685E-03
  -4.07376215E-02  -1.00849452E-03
  -4.05829512E-02  -9.83113772E-04
  -4.04355451E-02  -9.50890826E-04
  -4.02871892E-02  -9.09432594E-04
  -4.01478186E-02  -8.55329912E-04
  -4.00240943E-02  -7.92564126E-04
  -3.99023257E-02  -7.28663639E-04
  -3.98018807E-02  -6.65400526E-04
  -3.96989621E-02  -5.99073421E-04
  -3.96019854E-02  -5.29077544E-04
  -3.95108648E-02  -4.58754832E-04
  -3.94304022E-02  -3.92293179E-04
  -3.93485166E-02  -3.27930320E-04
  -3.92786451E-02  -2.63041293E-04
  -3.92004028E-02  -1.98860318E-04
  -3.91365737E-02  -1.40652890E-04
  -3.90789397E-02  -9.14543489E-05
  -3.90151776E-02  -5.07860241E-05
  -3.89500633E-02  -1.97005174E-05
  -3.88899781E-02   3.75873037E-06
  -3.88030820E-02   2.12512441E-05
  -4.01474424E-02  -1.95763540E-04
  -4.04138565E-02  -5.24397066E-04
  -4.08074856E-02  -4.51875734E-04
  -4.10219394E-02  -1.84629011E-04
  -4.10921685E-02   1.41505716E-05
  -4.12421040E-02   8.26107498E-05
  -4.14472967E-02   6.34171010E-05
  -4.16783914E-02  -3.11949152E-05
  -4.19026576E-02  -1.87293932E-04
  -4.20849994E-02  -3.72283946E-04
  -4.09161821E-02   9.73160099E-03
  -4.12869714E-02   7.63296988E-03
  -4.17466536E-02   6.11234456E-03
  -4.22081985E-02   4.88257036E-03
  -4.26673852E-02   3.85770272E-03
  -4.31184545E-02   2.99831131E-03
  -4.35546376E-02   2.28395895E-03
  -4.39679548E-02   1.70060270E-03
  -4.43500876E-02   1.23582757E-03
  -4.46938947E-02   8.76127218E-04
  -4.49941531E-02   6.06531452E-04
  -4.52488139E-02   4.10954177E-04
  -4.54587191E-02   2.73431389E-04
  -4.56273817E-02   1.79281138E-04
  -4.57599424E-02   1.16292860E-04
  -4.58622836E-02   7.49098763E-05
  -4.59402725E-02   4.82439027E-05
  -4.59998995E-02   3.18058010E-05
  -4.60464992E-02   2.60683064E-05
  -3.98442186E-02  -4.04554739E-04
  -3.96717526E-02  -2.50859011E-04
  -3.95545587E-02  -1.65695004E-04
  -3.94644849E-02  -1.09672437E-04
  -3.93875986E-02  -7.60110415E-05
  -3.93221788E-02  -5.81329405E-05
  -3.92669328E-02  -4.75975066E-05
  -3.92191075E-02  -3.86524443E-05
  -3.91768813E-02  -2.89400577E-05
  -3.91403958E-02  -1.75934656E-05
  -3.91112827E-02  -3.81500422E-06
  -3.90922166E-02   1.37588504E-05
  -3.90862077E-02   3.74395531E-05
  -3.90958972E-02   6.96944917E-05
  -3.91255133E-02   1.12080059E-04
  -3.91843356E-02   1.67801161E-04
  -3.92862856E-02   2.49064353E-04
  -3.94424759E-02   3.83307866E-04
  -3.96475755E-02   6.08492759E-04
  -3.98664735E-02   9.53701965E-04
  -4.00396697E-02   1.41403393E-03
  -4.01196107E-02   1.95411406E-03
  -4.00861837E-02   2.54237745E-03
  -3.99320535E-02   3.15153017E-03
  -3.96559015E-02   3.74837336E-03
  -3.92611586E-02   4.29570815E-03
  -3.87549512E-02   4.75540105E-03
  -3.81522216E-02   5.08685503E-03
  -3.74858752E-02   5.24770375E-03
  -3.68183702E-02   5.20729413E-03
  -3.63708586E-02   5.05233509E-03
  -3.60809676E-02   4.87681292E-03
  -3.57786454E-02   4.59671905E-03
  -3.55192050E-02   4.22012061E-03
  -3.53325307E-02   3.76241980E-03
  -3.52373645E-02   3.25421989E-03
  -3.52365673E-02   2.73087225E-03
  -3.53195891E-02   2.22474104E-03
  -3.54678370E-02   1.76028651E-03
  -3.56598645E-02   1.35318947E-03
  -3.58746909E-02   1.01116719E-03
  -3.60939540E-02   7.35213980E-04
  -3.63031588E-02   5.21076436E-04
  -3.64922956E-02   3.60908016E-04
  -3.66558284E-02   2.45043309E-04
  -3.67920846E-02   1.63536257E-04
  -3.69020738E-02   1.07757929E-04
  -3.69888358E-02   7.05777275E-05
  -3.70567031E-02   4.69856241E-05
  -3.71145010E-02   3.56939854E-05
  -4.01528366E-02  -5.31797472E-04
  -4.01301794E-02  -3.40566447E-04
  -4.00973968E-02  -2.42983486E-04
  -4.00579870E-02  -1.85402663E-04
  -4.00141999E-02  -1.50481326E-04
  -3.99681255E-02  -1.28627435E-04
  -3.99215668E-02  -1.13399496E-04
  -3.98757495E-02  -1.00261699E-04
  -3.98318619E-02  -8.61937515E-05
  -3.97910699E-02  -6.90869783E-05
  -3.97549793E-02  -4.72054599E-05
  -3.97254601E-02  -1.87679088E-05
  -3.97043750E-02   1.83184602E-05
  -3.96939777E-02   6.66463238E-05
  -3.96966413E-02   1.29749780E-04
  -3.97150367E-02   2.13105392E-04
  -3.97503935E-02   3.24939232E-04
  -3.98007035E-02   4.77208290E-04
  -3.98562886E-02   6.81065489E-04
  -3.98984291E-02   9.35587334E-04
  -3.99076156E-02   1.22467161E-03
  -3.98723558E-02   1.53101631E-03
  -3.97852771E-02   1.84677064E-03
  -3.96402813E-02   2.16255314E-03
  -3.94360684E-02   2.46026157E-03
  -3.91790457E-02   2.71913991E-03
  -3.88801098E-02   2.92258756E-03
  -3.85528915E-02   3.05885007E-03
  -3.82150710E-02   3.12056323E-03
  -3.78898978E-02   3.10761062E-03
  -3.76704820E-02   3.05565214E-03
  -3.75211202E-02   2.99786357E-03
  -3.73507291E-02   2.90432107E-03
  -3.71785834E-02   2.77199829E-03
  -3.70156281E-02   2.59611290E-03
  -3.68749760E-02   2.37629120E-03
  -3.67696881E-02   2.11820262E-03
  -3.67097445E-02   1.83366204E-03
  -3.66994366E-02   1.53873593E-03
  -3.67364064E-02   1.25056063E-03
  -3.68126892E-02   9.84277809E-04
  -3.69167738E-02   7.50747102E-04
  -3.70359682E-02   5.55731182E-04
  -3.71586345E-02   4.00078832E-04
  -3.72754410E-02   2.80848704E-04
  -3.73803154E-02   1.92756343E-04
  -3.74698229E-02   1.29864071E-04
  -3.75435278E-02   8.65543116E-05
  -3.76034863E-02   5.83277870E-05
  -3.76492143E-02   3.64356238E-05
  -4.07795571E-02  -3.32053722E-04
  -4.08562087E-02  -2.62846181E-04
  -4.08859774E-02  -2.24096104E-04
  -4.08843048E-02  -2.00400493E-04
  -4.08629924E-02  -1.85842349E-04
  -4.08293270E-02  -1.76028116E-04
  -4.07881700E-02  -1.67575243E-04
  -4.07425240E-02  -1.57818766E-04
  -4.06949557E-02  -1.44715304E-04
  -4.06473987E-02  -1.26596016E-04
  -4.06015590E-02  -1.01950332E-04
  -4.05588560E-02  -6.92738104E-05
  -4.05207500E-02  -2.68419481E-05
  -4.04882990E-02   2.74217273E-05
  -4.04620916E-02   9.61291007E-05
  -4.04420793E-02   1.82691801E-04
  -4.04268168E-02   2.90930882E-04
  -4.04126234E-02   4.25247476E-04
  -4.03931178E-02   5.87313378E-04
  -4.03607972E-02   7.70471815E-04
  -4.03102487E-02   9.61953949E-04
  -4.02386375E-02   1.15265651E-03
  -4.01426852E-02   1.34055573E-03
  -4.00191694E-02   1.52226223E-03
  -3.98685187E-02   1.68915349E-03
  -3.96955125E-02   1.83149334E-03
  -3.95066328E-02   1.94242864E-03
  -3.93087752E-02   2.01821304E-03
  -3.91097181E-02   2.05730181E-03
  -3.89191546E-02   2.06096983E-03
  -3.87892239E-02   2.04373267E-03
  -3.86987403E-02   2.02164915E-03
  -3.85919660E-02   1.98359555E-03
  -3.84784043E-02   1.92684936E-03
  -3.83618698E-02   1.84725050E-03
  -3.82482745E-02   1.74151931E-03
  -3.81450281E-02   1.60832994E-03
  -3.80603410E-02   1.44949614E-03
  -3.80017422E-02   1.27049105E-03
  -3.79741602E-02   1.08015013E-03
  -3.79787609E-02   8.89226270E-04
  -3.80125754E-02   7.08384265E-04
  -3.80692296E-02   5.46249154E-04
  -3.81404534E-02   4.08199587E-04
  -3.82177122E-02   2.96106329E-04
  -3.82937677E-02   2.09002945E-04
  -3.83631699E-02   1.44025573E-04
  -3.84232104E-02   9.77356249E-05
  -3.84735949E-02   6.68746652E-05
  -3.85156721E-02   5.09267447E-05
  -4.11409885E-02  -8.96319107E-05
  -4.12100367E-02  -1.42362740E-04
  -4.12408225E-02  -1.72163695E-04
  -4.12421785E-02  -1.92132473E-04
  -4.12224047E-02  -2.06198936E-04
  -4.11878116E-02  -2.15311666E-04
  -4.11429927E-02  -2.19303853E-04
  -4.10912856E-02  -2.17609355E-04
  -4.10355367E-02  -2.09492326E-04
  -4.09777053E-02  -1.94198685E-04
  -4.09195758E-02  -1.70907544E-04
  -4.08624038E-02  -1.38751682E-04
  -4.08070832E-02  -9.67067899E-05
  -4.07542288E-02  -4.36214177E-05
  -4.07039374E-02   2.18460245E-05
  -4.06555347E-02   1.01201127E-04
  -4.06074971E-02   1.95652290E-04
  -4.05570455E-02   3.06281843E-04
  -4.05010693E-02   4.31810186E-04
  -4.04374190E-02   5.65572351E-04
  -4.03657667E-02   6.98574411E-04
  -4.02857587E-02   8.25909432E-04
  -4.01948504E-02   9.47716704E-04
  -4.00908925E-02   1.06308702E-03
  -3.99746150E-02   1.16781821E-03
  -3.98492105E-02   1.25715032E-03
  -3.97182480E-02   1.32806983E-03
  -3.95850241E-02   1.37927046E-03
  -3.94531414E-02   1.41044240E-03
  -3.93272676E-02   1.42234098E-03
  -3.92410047E-02   1.42019673E-03
  -3.91801931E-02   1.41331309E-03
  -3.91073450E-02   1.39888853E-03
  -3.90279852E-02   1.37476879E-03
  -3.89435813E-02   1.33814849E-03
  -3.88568118E-02   1.28621364E-03
  -3.87716107E-02   1.21664500E-03
  -3.86931077E-02   1.12831197E-03
  -3.86270620E-02   1.02200045E-03
  -3.85790728E-02   9.00940620E-04
  -3.85531262E-02   7.70690443E-04
  -3.85507159E-02   6.38400787E-04
  -3.85702550E-02   5.11488412E-04
  -3.86073627E-02   3.96256655E-04
  -3.86559069E-02   2.96942104E-04
  -3.87094356E-02   2.15584470E-04
  -3.87621149E-02   1.52028428E-04
  -3.88101861E-02   1.05122104E-04
  -3.88525464E-02   7.28860105E-05
  -3.88944149E-02   5.26143594E-05
  -4.12056930E-02   1.27742242E-05
  -4.12273034E-02  -7.87287790E-05
  -4.12277021E-02  -1.47257495E-04
  -4.12090011E-02  -1.98580092E-04
  -4.11741808E-02  -2.36546213E-04
  -4.11266685E-02  -2.63360329E-04
  -4.10695784E-02  -2.80213950E-04
  -4.10055481E-02  -2.87750649E-04
  -4.09369096E-02  -2.86189897E-04
  -4.08655144E-02  -2.75544502E-04
  -4.07928973E-02  -2.55727296E-04
  -4.07202579E-02  -2.26513977E-04
  -4.06483337E-02  -1.87640399E-04
  -4.05775607E-02  -1.38784919E-04
  -4.05078605E-02  -7.95884916E-05
  -4.04387861E-02  -9.73663373E-06
  -4.03694212E-02   7.06466817E-05
  -4.02978845E-02   1.61313685E-04
  -4.02229540E-02   2.60259287E-04
  -4.01450731E-02   3.61931336E-04
  -4.00658883E-02   4.59960080E-04
  -3.99852432E-02   5.51647972E-04
  -3.99007648E-02   6.37963763E-04
  -3.98104861E-02   7.19017291E-04
  -3.97149399E-02   7.92646315E-04
  -3.96163426E-02   8.56305240E-04
  -3.95167507E-02   9.08523740E-04
  -3.94177958E-02   9.48843313E-04
  -3.93212922E-02   9.77212563E-04
  -3.92297655E-02   9.94007103E-04
  -3.91670205E-02   9.99682001E-04
  -3.91225852E-02   1.00064359E-03
  -3.90690751E-02   9.98274656E-04
  -3.90101671E-02   9.90891480E-04
  -3.89464460E-02   9.76659823E-04
  -3.88793051E-02   9.53525712E-04
  -3.88108753E-02   9.19411483E-04
  -3.87443192E-02   8.72554665E-04
  -3.86836305E-02   8.11991282E-04
  -3.86332795E-02   7.38101662E-04
  -3.85973491E-02   6.52937859E-04
  -3.85787673E-02   5.60286921E-04
  -3.85783538E-02   4.65165009E-04
  -3.85945141E-02   3.72946088E-04
  -3.86234559E-02   2.88418058E-04
  -3.86600718E-02   2.15233595E-04
  -3.86992283E-02   1.55284361E-04
  -3.87369506E-02   1.09416971E-04
  -3.87718976E-02   7.77934911E-05
  -3.88046317E-02   5.77908286E-05
  -4.13486324E-02   2.35340685E-05
  -4.13285531E-02  -8.51858349E-05
  -4.12947647E-02  -1.72680186E-04
  -4.12484184E-02  -2.41879228E-04
  -4.11907658E-02  -2.95453006E-04
  -4.11234386E-02  -3.35145654E-04
  -4.10485119E-02  -3.62203602E-04
  -4.09677252E-02  -3.77578137E-04
  -4.08829302E-02  -3.81895457E-04
  -4.07958142E-02  -3.75672971E-04
  -4.07076254E-02  -3.59322439E-04
  -4.06194441E-02  -3.33196309E-04
  -4.05319817E-02  -2.97585415E-04
  -4.04456705E-02  -2.52775993E-04
  -4.03605253E-02  -1.99102156E-04
  -4.02762182E-02  -1.36907038E-04
  -4.01923545E-02  -6.69255387E-05
  -4.01078500E-02   1.01282512E-05
  -4.00223434E-02   9.22090112E-05
  -3.99376117E-02   1.74755609E-04
  -3.98558192E-02   2.53018225E-04
  -3.97765823E-02   3.25381290E-04
  -3.96974236E-02   3.93133465E-04
  -3.96163538E-02   4.56810463E-04
  -3.95337529E-02   5.15185180E-04
  -3.94512378E-02   5.66720963E-04
  -3.93700637E-02   6.10592950E-04
  -3.92910540E-02   6.46655215E-04
  -3.92151922E-02   6.74958748E-04
  -3.91440168E-02   6.95613737E-04
  -3.90954614E-02   7.06246356E-04
  -3.90611850E-02   7.11941277E-04
  -3.90198901E-02   7.16730312E-04
  -3.89743671E-02   7.19137373E-04
  -3.89248878E-02   7.17968971E-04
  -3.88723128E-02   7.11739529E-04
  -3.88179310E-02   6.98775402E-04
  -3.87637280E-02   6.77335542E-04
  -3.87125015E-02   6.45832275E-04
  -3.86673696E-02   6.03332766E-04
  -3.86316814E-02   5.49924676E-04
  -3.86082903E-02   4.87032637E-04
  -3.85987982E-02   4.17517411E-04
  -3.86030339E-02   3.45310895E-04
  -3.86189297E-02   2.74823135E-04
  -3.86428908E-02   2.10284401E-04
  -3.86708118E-02   1.54908834E-04
  -3.86991911E-02   1.11060814E-04
  -3.87266129E-02   7.99879926E-05
  -3.87578197E-02   6.39195714E-05
  -4.15387340E-02  -3.92979455E-05
  -4.14798744E-02  -1.53342000E-04
  -4.14129458E-02  -2.48602271E-04
  -4.13381010E-02  -3.26695299E-04
  -4.12552170E-02  -3.89256747E-04
  -4.11650017E-02  -4.37181938E-04
  -4.10688892E-02  -4.71158070E-04
  -4.09683995E-02  -4.91974235E-04
  -4.08651121E-02  -5.00341353E-04
  -4.07604836E-02  -4.97029279E-04
  -4.06558476E-02  -4.82834148E-04
  -4.05520126E-02  -4.58481460E-04
  -4.04497534E-02  -4.24726662E-04
  -4.03496511E-02  -3.82278406E-04
  -4.02516536E-02  -3.31913732E-04
  -4.01556306E-02  -2.74362566E-04
  -4.00614813E-02  -2.10619881E-04
  -3.99683639E-02  -1.41563127E-04
  -3.98764238E-02  -6.90264278E-05
  -3.97878550E-02   3.11370036E-06
  -3.97050194E-02   7.10347449E-05
  -3.96272540E-02   1.33669470E-04
  -3.95517051E-02   1.92348234E-04
  -3.94765362E-02   2.47865653E-04
  -3.94019373E-02   2.99417385E-04
  -3.93291228E-02   3.45902663E-04
  -3.92589420E-02   3.86842963E-04
  -3.91919687E-02   4.22281941E-04
  -3.91287096E-02   4.52329812E-04
  -3.90703157E-02   4.76944551E-04
  -3.90309468E-02   4.91688610E-04
  -3.90033983E-02   5.01048635E-04
  -3.89704145E-02   5.11085847E-04
  -3.89343239E-02   5.20428119E-04
  -3.88954058E-02   5.28255012E-04
  -3.88542861E-02   5.33456623E-04
  -3.88118736E-02   5.34564722E-04
  -3.87696140E-02   5.29907644E-04
  -3.87292095E-02   5.17706154E-04
  -3.86928320E-02   4.96387947E-04
  -3.86627913E-02   4.64969868E-04
  -3.86411957E-02   4.23512305E-04
  -3.86295393E-02   3.73348157E-04
  -3.86282131E-02   3.17186146E-04
  -3.86361554E-02   2.58736167E-04
  -3.86509784E-02   2.02226685E-04
  -3.86697799E-02   1.51641434E-04
  -3.86898257E-02   1.10357090E-04
  -3.87096964E-02   8.04987576E-05
  -3.87335680E-02   6.07964466E-05
  -4.17458937E-02  -1.64062949E-04
  -4.16544043E-02  -2.73186044E-04
  -4.15594727E-02  -3.68894107E-04
  -4.14588712E-02  -4.50999651E-04
  -4.13511395E-02  -5.19099121E-04
  -4.12368067E-02  -5.72414661E-04
  -4.11175340E-02  -6.10741321E-04
  -4.09948863E-02  -6.34515251E-04
  -4.08710018E-02  -6.44502405E-04
  -4.07472886E-02  -6.41751336E-04
  -4.06251960E-02  -6.27432193E-04
  -4.05055992E-02  -6.02633227E-04
  -4.03890945E-02  -5.68402698E-04
  -4.02762592E-02  -5.25771640E-04
  -4.01673056E-02  -4.75822482E-04
  -4.00620252E-02  -4.19610442E-04
  -3.99602167E-02  -3.58292076E-04
  -3.98611985E-02  -2.92658166E-04
  -3.97651233E-02  -2.24288364E-04
  -3.96743678E-02  -1.56538343E-04
  -3.95907834E-02  -9.27145375E-05
  -3.95137481E-02  -3.36723788E-05
  -3.94403674E-02   2.19586454E-05
  -3.93685438E-02   7.48900420E-05
  -3.92985754E-02   1.24478916E-04
  -3.92312855E-02   1.69848354E-04
  -3.91672142E-02   2.10785598E-04
  -3.91069166E-02   2.47592980E-04
  -3.90509143E-02   2.80636101E-04
  -3.90002988E-02   3.09954485E-04
  -3.89669389E-02   3.29090602E-04
  -3.89440544E-02   3.42134183E-04
  -3.89171951E-02   3.57223762E-04
  -3.88884842E-02   3.72918323E-04
  -3.88584100E-02   3.88500077E-04
  -3.88275534E-02   4.02863778E-04
  -3.87966484E-02   4.14559501E-04
  -3.87665331E-02   4.21802339E-04
  -3.87381613E-02   4.22701181E-04
  -3.87126692E-02   4.15470742E-04
  -3.86913531E-02   3.98705306E-04
  -3.86754610E-02   3.71806178E-04
  -3.86659577E-02   3.35263088E-04
  -3.86632159E-02   2.90927856E-04
  -3.86667550E-02   2.41906688E-04
  -3.86752300E-02   1.92235879E-04
  -3.86865363E-02   1.46096878E-04
  -3.86991911E-02   1.07593180E-04
  -3.87130193E-02   7.98780748E-05
  -3.87309827E-02   6.61017839E-05
  -4.19391282E-02  -3.29757604E-04
  -4.18317206E-02  -4.25770180E-04
  -4.17214856E-02  -5.21354319E-04
  -4.16009016E-02  -6.09961688E-04
  -4.14687023E-02  -6.85175648E-04
  -4.13280353E-02  -7.43599783E-04
  -4.11825180E-02  -7.84590142E-04
  -4.10348326E-02  -8.08783341E-04
  -4.08876948E-02  -8.17302498E-04
  -4.07433137E-02  -8.11821374E-04
  -4.06030193E-02  -7.94322463E-04
  -4.04672809E-02  -7.66398327E-04
  -4.03364971E-02  -7.28951534E-04
  -4.02115770E-02  -6.82917773E-04
  -4.00931574E-02  -6.29932329E-04
  -3.99808772E-02  -5.71772980E-04
  -3.98739241E-02  -5.09720237E-04
  -3.97713408E-02  -4.44164907E-04
  -3.96732651E-02  -3.76206386E-04
  -3.95815261E-02  -3.08744726E-04
  -3.94973196E-02  -2.44610535E-04
  -3.94200124E-02  -1.84481105E-04
  -3.93470414E-02  -1.27150910E-04
  -3.92769091E-02  -7.23274643E-05
  -3.92096266E-02  -2.11593197E-05
  -3.91452014E-02   2.52384089E-05
  -3.90836522E-02   6.68290595E-05
  -3.90248857E-02   1.04631552E-04
  -3.89700457E-02   1.40333868E-04
  -3.89213078E-02   1.75314926E-04
  -3.88905667E-02   2.00740789E-04
  -3.88706028E-02   2.19454116E-04
  -3.88487913E-02   2.42078226E-04
  -3.88276279E-02   2.66309245E-04
  -3.88075933E-02   2.90720141E-04
  -3.87888774E-02   3.13703815E-04
  -3.87714431E-02   3.33673961E-04
  -3.87553088E-02   3.48969043E-04
  -3.87406200E-02   3.57908692E-04
  -3.87276709E-02   3.58923775E-04
  -3.87168899E-02   3.50691902E-04
  -3.87088135E-02   3.32447409E-04
  -3.87038253E-02   3.04350775E-04
  -3.87021266E-02   2.67765776E-04
  -3.87034826E-02   2.25397162E-04
  -3.87072861E-02   1.81002688E-04
  -3.87125500E-02   1.38714036E-04
  -3.87184769E-02   1.02951322E-04
  -3.87255028E-02   7.82056522E-05
  -3.87385488E-02   6.75505798E-05
  -3.87520678E-02   7.75694862E-05
  -3.87410559E-02   1.34515285E-04
  -3.87422591E-02   1.77305032E-04
  -3.87428403E-02   2.12472922E-04
  -3.87430713E-02   2.43324655E-04
  -3.87431942E-02   2.70260440E-04
  -3.87433060E-02   2.92896555E-04
  -3.87434401E-02   3.10423289E-04
  -3.87436263E-02   3.21507832E-04
  -3.87438796E-02   3.25031666E-04
  -3.87441851E-02   3.19739163E-04
  -3.87445465E-02   3.04933346E-04
  -3.87449078E-02   2.80633918E-04
  -3.87452543E-02   2.48074735E-04
  -3.87455262E-02   2.09669495E-04
  -3.87456939E-02   1.68911749E-04
  -3.87457386E-02   1.29763794E-04
  -3.87456231E-02   9.65400686E-05
  -3.87455076E-02   7.39082316E-05
  -3.87529209E-02   6.88888540E-05
 ]

