 CP = [
 -0.723041177    
 -0.837938786    
 -0.931979597    
 -0.995630443    
  -1.04026008    
  -1.06972706    
  -1.08682954    
  -1.09551561    
  -1.09816980    
  -1.09111130    
  -1.06909585    
  -1.03611827    
  -1.00528514    
 -0.983234465    
 -0.969218552    
 -0.962086320    
 -0.959084451    
 -0.957352936    
 -0.956178010    
 -0.955901980    
 -0.956616282    
 -0.957976937    
 -0.959709466    
 -0.961677849    
 -0.963820875    
 -0.966467559    
 -0.970501661    
 -0.976228595    
 -0.982070804    
 -0.987515926    
 -0.997261405    
  -1.01672375    
  -1.04339099    
  -1.06684792    
  -1.07847047    
  -1.07637346    
  -1.06656873    
  -1.05196524    
  -1.03157437    
  -1.00510669    
 -0.973192096    
 -0.936886132    
 -0.896676540    
 -0.852589965    
 -0.805121660    
 -0.755012989    
 -0.703054130    
 -0.649732053    
 -0.595257878    
 -0.540014565    
 -0.484192878    
 -0.427772522    
 -0.370901704    
 -0.313739359    
 -0.256440580    
 -0.199774846    
 -0.145368800    
  -9.52832997E-02
  -5.25197983E-02
  -2.05567479E-02
  -2.43296148E-03
  -4.01616417E-05
  -9.61969417E-05
  -1.47948973E-04
  -1.99726797E-04
  -2.51238263E-04
  -3.03346198E-04
  -3.57608456E-04
  -4.14787151E-04
  -4.75968409E-04
  -5.42695750E-04
  -6.15729194E-04
  -6.96489355E-04
  -7.86666351E-04
  -8.88014969E-04
  -1.00244884E-03
  -1.13270001E-03
  -1.28142571E-03
  -1.45192828E-03
  -1.65078964E-03
  -1.88151153E-03
  -2.15079193E-03
  -2.46650097E-03
  -2.84368964E-03
  -3.29532940E-03
  -3.83625785E-03
  -4.47637588E-03
  -5.21727139E-03
  -6.08381955E-03
  -7.11658411E-03
  -8.35356116E-03
  -9.84325074E-03
  -1.16601679E-02
  -1.38820522E-02
  -1.66199524E-02
  -2.00337842E-02
  -2.42634565E-02
  -2.96005122E-02
  -3.64077613E-02
  -4.51121107E-02
  -5.64035401E-02
  -7.12097064E-02
  -9.06726792E-02
 -0.116540089    
 -0.151174664    
 -0.197950646    
 -0.260891467    
 -0.346275389    
 -0.460496962    
 -0.611770630    
 -0.813309789    
  -1.05532181    
  -1.34311128    
  -1.66255736    
  -1.98940349    
  -2.26174092    
  -2.41213632    
  -2.42340755    
  -2.35326028    
  -2.23614502    
  -2.09477901    
  -1.95871294    
  -1.83317876    
  -1.72265255    
  -1.62787247    
  -1.54405975    
  -1.47222865    
  -1.41053426    
  -1.35701883    
  -1.31048644    
  -1.26926041    
  -1.23294377    
  -1.20112133    
  -1.17288017    
  -1.14759731    
  -1.12683129    
  -1.11291122    
  -1.10711372    
  -1.10304487    
  -1.09770370    
  -1.09062493    
  -1.08222532    
  -1.07335496    
  -1.06447506    
  -1.05535424    
  -1.04651296    
  -1.03785682    
  -1.02996397    
  -1.02246094    
  -1.01492786    
  -1.00786185    
  -1.00159764    
 -0.995454073    
 -0.990395308    
 -0.985229075    
 -0.980373144    
 -0.975824296    
 -0.971819043    
 -0.967758298    
 -0.964300692    
 -0.960444450    
 -0.957307100    
 -0.954482496    
 -0.951366782    
 -0.948192358    
 -0.945269048    
 -0.941049814    
  -1.00740969    
  -1.02097178    
  -1.04090953    
  -1.05177104    
  -1.05535412    
  -1.06307387    
  -1.07367647    
  -1.08568072    
  -1.09741747    
  -1.10705352    
  -1.10552359    
  -1.10179770    
  -1.11258984    
  -1.12835717    
  -1.14711726    
  -1.16761935    
  -1.18888938    
  -1.21004581    
  -1.23028600    
  -1.24894500    
  -1.26552594    
  -1.27976489    
  -1.29160619    
  -1.30118144    
  -1.30874121    
  -1.31459665    
  -1.31906939    
  -1.32249486    
  -1.32517552    
 -0.992328227    
 -0.983694315    
 -0.977869153    
 -0.973410964    
 -0.969617844    
 -0.966398120    
 -0.963683963    
 -0.961337388    
 -0.959267974    
 -0.957481861    
 -0.956057727    
 -0.955126047    
 -0.954833210    
 -0.955308676    
 -0.956761420    
 -0.959650218    
 -0.964671373    
 -0.972409785    
 -0.982687891    
 -0.993903220    
  -1.00323415    
  -1.00837612    
  -1.00835371    
  -1.00281310    
 -0.991650581    
 -0.974932253    
 -0.952849984    
 -0.925917566    
 -0.895455837    
 -0.864192784    
 -0.842728436    
 -0.828512132    
 -0.813275874    
 -0.799639583    
 -0.789089739    
 -0.782663524    
 -0.780670822    
 -0.782764256    
 -0.788166285    
 -0.795910716    
 -0.805009961    
 -0.814571261    
 -0.823869348    
 -0.832386136    
 -0.839818656    
 -0.846052647    
 -0.851109207    
 -0.855111897    
 -0.858250797    
 -0.860929668    
  -1.00783324    
  -1.00659204    
  -1.00491273    
  -1.00292289    
  -1.00072432    
 -0.998417199    
 -0.996090233    
 -0.993803322    
 -0.991615355    
 -0.989583790    
 -0.987787902    
 -0.986320317    
 -0.985273421    
 -0.984760046    
 -0.984900117    
 -0.985830963    
 -0.987624586    
 -0.990202248    
 -0.993117273    
 -0.995474875    
 -0.996323466    
 -0.995093048    
 -0.991424441    
 -0.985017776    
 -0.975785255    
 -0.963994622    
 -0.950127721    
 -0.934801340    
 -0.918830931    
 -0.903313458    
 -0.892751396    
 -0.885513604    
 -0.877195120    
 -0.868706822    
 -0.860560358    
 -0.853381515    
 -0.847810566    
 -0.844354808    
 -0.843260169    
 -0.844454706    
 -0.847589254    
 -0.852132320    
 -0.857482433    
 -0.863077521    
 -0.868460834    
 -0.873328209    
 -0.877502739    
 -0.880952418    
 -0.883766115    
 -0.885915458    
  -1.03942657    
  -1.04331172    
  -1.04482079    
  -1.04472911    
  -1.04363668    
  -1.04191554    
  -1.03981423    
  -1.03748620    
  -1.03506267    
  -1.03264201    
  -1.03031063    
  -1.02814102    
  -1.02620745    
  -1.02456450    
  -1.02324378    
  -1.02224708    
  -1.02150762    
  -1.02085054    
  -1.01996815    
  -1.01849222    
  -1.01615083    
  -1.01279783    
  -1.00827014    
  -1.00240695    
 -0.995220006    
 -0.986930072    
 -0.977841794    
 -0.968283176    
 -0.958626688    
 -0.949342549    
 -0.942987978    
 -0.938549697    
 -0.933296680    
 -0.927687764    
 -0.921903431    
 -0.916227162    
 -0.911018729    
 -0.906681716    
 -0.903591692    
 -0.902002275    
 -0.901985645    
 -0.903411150    
 -0.905977905    
 -0.909287989    
 -0.912925780    
 -0.916535258    
 -0.919846117    
 -0.922720313    
 -0.925138652    
 -0.927162230    
  -1.05786812    
  -1.06142974    
  -1.06302202    
  -1.06309640    
  -1.06208074    
  -1.06030142    
  -1.05799627    
  -1.05533814    
  -1.05247450    
  -1.04950631    
  -1.04652560    
  -1.04359722    
  -1.04076707    
  -1.03806818    
  -1.03550684    
  -1.03305185    
  -1.03062952    
  -1.02810490    
  -1.02532685    
  -1.02219057    
  -1.01867700    
  -1.01476526    
  -1.01032758    
  -1.00525618    
 -0.999583483    
 -0.993462503    
 -0.987064481    
 -0.980547845    
 -0.974087298    
 -0.967910647    
 -0.963670969    
 -0.960678220    
 -0.957088351    
 -0.953171015    
 -0.948995829    
 -0.944691420    
 -0.940448821    
 -0.936518431    
 -0.933184087    
 -0.930722773    
 -0.929335833    
 -0.929103136    
 -0.929953814    
 -0.931678295    
 -0.933979511    
 -0.936541796    
 -0.939077914    
 -0.941401064    
 -0.943453491    
 -0.945486426    
  -1.06119323    
  -1.06231058    
  -1.06234062    
  -1.06138825    
  -1.05960572    
  -1.05717027    
  -1.05424321    
  -1.05096114    
  -1.04744530    
  -1.04379141    
  -1.04007876    
  -1.03636909    
  -1.03270137    
  -1.02909851    
  -1.02555835    
  -1.02205968    
  -1.01855946    
  -1.01496601    
  -1.01122117    
  -1.00734854    
  -1.00342929    
 -0.999452651    
 -0.995298803    
 -0.990869939    
 -0.986190498    
 -0.981367409    
 -0.976499438    
 -0.971664250    
 -0.966949403    
 -0.962476671    
 -0.959409297    
 -0.957236230    
 -0.954618335    
 -0.951734483    
 -0.948612213    
 -0.945318580    
 -0.941955745    
 -0.938677251    
 -0.935676634    
 -0.933171988    
 -0.931363463    
 -0.930396974    
 -0.930316091    
 -0.931047142    
 -0.932409108    
 -0.934154570    
 -0.936033964    
 -0.937852144    
 -0.939541399    
 -0.941126764    
  -1.06856871    
  -1.06753528    
  -1.06580460    
  -1.06343150    
  -1.06047904    
  -1.05703092    
  -1.05319464    
  -1.04906070    
  -1.04472494    
  -1.04027486    
  -1.03577495    
  -1.03128135    
  -1.02683139    
  -1.02244759    
  -1.01813233    
  -1.01387036    
  -1.00964379    
  -1.00539982    
  -1.00112283    
 -0.996901929    
 -0.992844045    
 -0.988926589    
 -0.985024989    
 -0.981040120    
 -0.976989448    
 -0.972950995    
 -0.968984306    
 -0.965128005    
 -0.961429298    
 -0.957961321    
 -0.955596209    
 -0.953926861    
 -0.951916039    
 -0.949698925    
 -0.947288990    
 -0.944726944    
 -0.942075074    
 -0.939428329    
 -0.936921656    
 -0.934706032    
 -0.932943165    
 -0.931773245    
 -0.931275964    
 -0.931445897    
 -0.932185769    
 -0.933323264    
 -0.934659839    
 -0.936024785    
 -0.937348127    
 -0.938857794    
  -1.07841754    
  -1.07537711    
  -1.07193375    
  -1.06809080    
  -1.06384039    
  -1.05921793    
  -1.05429733    
  -1.04915738    
  -1.04387975    
  -1.03854001    
  -1.03320694    
  -1.02792251    
  -1.02272689    
  -1.01765025    
  -1.01269114    
  -1.00784373    
  -1.00310409    
 -0.998431444    
 -0.993833601    
 -0.989420772    
 -0.985308468    
 -0.981460750    
 -0.977734089    
 -0.974036455    
 -0.970376492    
 -0.966812193    
 -0.963383913    
 -0.960117877    
 -0.957037687    
 -0.954198122    
 -0.952285349    
 -0.950947583    
 -0.949346602    
 -0.947595239    
 -0.945707321    
 -0.943712592    
 -0.941654563    
 -0.939602315    
 -0.937637210    
 -0.935863495    
 -0.934392214    
 -0.933325887    
 -0.932738006    
 -0.932649732    
 -0.933012187    
 -0.933711827    
 -0.934609175    
 -0.935571790    
 -0.936529279    
 -0.937683105    
  -1.08921647    
  -1.08447754    
  -1.07957876    
  -1.07440090    
  -1.06886649    
  -1.06300116    
  -1.05689049    
  -1.05061460    
  -1.04428375    
  -1.03797102    
  -1.03175008    
  -1.02566671    
  -1.01975131    
  -1.01403332    
  -1.00852430    
  -1.00321376    
 -0.998092115    
 -0.993125379    
 -0.988322139    
 -0.983799994    
 -0.979649246    
 -0.975835860    
 -0.972214460    
 -0.968679905    
 -0.965245903    
 -0.961951733    
 -0.958821952    
 -0.955882728    
 -0.953158021    
 -0.950699627    
 -0.949081719    
 -0.947972775    
 -0.946672261    
 -0.945283413    
 -0.943829417    
 -0.942338288    
 -0.940844893    
 -0.939388692    
 -0.938014925    
 -0.936777055    
 -0.935737431    
 -0.934955955    
 -0.934480369    
 -0.934330463    
 -0.934485257    
 -0.934881449    
 -0.935418367    
 -0.936024308    
 -0.936690152    
 -0.937558293    
  -1.09937465    
  -1.09379625    
  -1.08809626    
  -1.08187926    
  -1.07507670    
  -1.06784976    
  -1.06038463    
  -1.05281973    
  -1.04529476    
  -1.03792298    
  -1.03077257    
  -1.02386773    
  -1.01722777    
  -1.01089847    
  -1.00491130    
 -0.999248445    
 -0.993868470    
 -0.988723040    
 -0.983818531    
 -0.979245186    
 -0.975061357    
 -0.971232235    
 -0.967628539    
 -0.964175463    
 -0.960871994    
 -0.957717061    
 -0.954710245    
 -0.951845527    
 -0.949177623    
 -0.946811795    
 -0.945322871    
 -0.944357395    
 -0.943304479    
 -0.942284763    
 -0.941321075    
 -0.940422058    
 -0.939585030    
 -0.938809693    
 -0.938102365    
 -0.937475801    
 -0.936950386    
 -0.936551630    
 -0.936299324    
 -0.936204016    
 -0.936256468    
 -0.936429322    
 -0.936675370    
 -0.936957002    
 -0.937294245    
 -0.937924922    
 -0.938580573    
 -0.938054681    
 -0.938121378    
 -0.938158035    
 -0.938177943    
 -0.938192606    
 -0.938205838    
 -0.938219070    
 -0.938232601    
 -0.938246071    
 -0.938258886    
 -0.938270509    
 -0.938279212    
 -0.938285172    
 -0.938287318    
 -0.938285828    
 -0.938280761    
 -0.938270509    
 -0.938262403    
 -0.938620985    
 ]

