 ROW            1 IS FLOW TANGENCY  (QC dot n) AT POINT IC=           1 WHERE QC=   93.1009064      -6.92621803     AND NHAT=  0.349128604      0.937074780     VALUE OF RES(K) IS NOW   26.0138054    
 ROW            2 IS FLOW TANGENCY  (QC dot n) AT POINT IC=           2 WHERE QC=   86.8426819      -6.11833096     AND NHAT=  0.322711796      0.946497321     VALUE OF RES(K) IS NOW   22.2341747    
 ROW            3 IS FLOW TANGENCY  (QC dot n) AT POINT IC=           3 WHERE QC=   82.5263596      -6.15559626     AND NHAT=  0.285129696      0.958488882     VALUE OF RES(K) IS NOW   17.6306458    
 ROW            4 IS FLOW TANGENCY  (QC dot n) AT POINT IC=           4 WHERE QC=   79.4951324      -6.53442574     AND NHAT=  0.246936485      0.969031632     VALUE OF RES(K) IS NOW   13.2981834    
 ROW            5 IS FLOW TANGENCY  (QC dot n) AT POINT IC=           5 WHERE QC=   77.0622711      -7.03766680     AND NHAT=  0.209544882      0.977799118     VALUE OF RES(K) IS NOW   9.26658058    
 ROW            6 IS FLOW TANGENCY  (QC dot n) AT POINT IC=           6 WHERE QC=   74.9778519      -7.57798195     AND NHAT=  0.173487052      0.984836221     VALUE OF RES(K) IS NOW   5.54461575    
 ROW            7 IS FLOW TANGENCY  (QC dot n) AT POINT IC=           7 WHERE QC=   73.1021729      -8.10708332     AND NHAT=  0.139852494      0.990172327     VALUE OF RES(K) IS NOW   2.19611168    
 ROW            8 IS FLOW TANGENCY  (QC dot n) AT POINT IC=           8 WHERE QC=   71.3416748      -8.59403229     AND NHAT=  0.109114558      0.994029164     VALUE OF RES(K) IS NOW -0.758303642    
 ROW            9 IS FLOW TANGENCY  (QC dot n) AT POINT IC=           9 WHERE QC=   69.6663055      -9.01226807     AND NHAT=   7.94333816E-02  0.996840179     VALUE OF RES(K) IS NOW  -3.44996119    
 ROW           10 IS FLOW TANGENCY  (QC dot n) AT POINT IC=          10 WHERE QC=   68.0973892      -9.33022881     AND NHAT=   4.95795719E-02  0.998770177     VALUE OF RES(K) IS NOW  -5.94251490    
 ROW           11 IS FLOW TANGENCY  (QC dot n) AT POINT IC=          11 WHERE QC=   66.6043472      -9.51697254     AND NHAT=   2.36101039E-02  0.999721169     VALUE OF RES(K) IS NOW  -7.94178295    
 ROW           12 IS FLOW TANGENCY  (QC dot n) AT POINT IC=          12 WHERE QC=   65.0357666      -9.56787014     AND NHAT=   7.48477783E-03  0.999971986     VALUE OF RES(K) IS NOW  -9.08082390    
 ROW           13 IS FLOW TANGENCY  (QC dot n) AT POINT IC=          13 WHERE QC=   63.2731781      -9.51174927     AND NHAT=   1.24659471E-03  0.999999225     VALUE OF RES(K) IS NOW  -9.43286610    
 ROW           14 IS FLOW TANGENCY  (QC dot n) AT POINT IC=          14 WHERE QC=   61.3710060      -9.36807919     AND NHAT=  -5.11315302E-04  0.999999940     VALUE OF RES(K) IS NOW  -9.39945793    
 ROW           15 IS FLOW TANGENCY  (QC dot n) AT POINT IC=          15 WHERE QC=   59.4729500      -9.14350796     AND NHAT=   3.90585657E-04  0.999999881     VALUE OF RES(K) IS NOW  -9.12027740    
 ROW           16 IS FLOW TANGENCY  (QC dot n) AT POINT IC=          16 WHERE QC=   57.7236710      -8.87843418     AND NHAT=   1.47793430E-03  0.999998868     VALUE OF RES(K) IS NOW  -8.79311180    
 ROW           17 IS FLOW TANGENCY  (QC dot n) AT POINT IC=          17 WHERE QC=   56.2436790      -8.79285622     AND NHAT=   1.42830249E-03  0.999998927     VALUE OF RES(K) IS NOW  -8.71251392    
 ROW           18 IS FLOW TANGENCY  (QC dot n) AT POINT IC=          18 WHERE QC=   54.7911949      -9.01055336     AND NHAT=   9.85263381E-04  0.999999464     VALUE OF RES(K) IS NOW  -8.95656490    
 ROW           19 IS FLOW TANGENCY  (QC dot n) AT POINT IC=          19 WHERE QC=   53.0725670      -9.37127304     AND NHAT=   8.43184069E-04  0.999999642     VALUE OF RES(K) IS NOW  -9.32651901    
 ROW           20 IS FLOW TANGENCY  (QC dot n) AT POINT IC=          20 WHERE QC=   51.1230736      -9.69303799     AND NHAT=   9.51192400E-04  0.999999583     VALUE OF RES(K) IS NOW  -9.64440632    
 ROW           21 IS FLOW TANGENCY  (QC dot n) AT POINT IC=          21 WHERE QC=   49.0387726      -9.92844009     AND NHAT=   1.02311466E-03  0.999999464     VALUE OF RES(K) IS NOW  -9.87826252    
 ROW           22 IS FLOW TANGENCY  (QC dot n) AT POINT IC=          22 WHERE QC=   46.8819733      -10.0787802     AND NHAT=   9.99970711E-04  0.999999583     VALUE OF RES(K) IS NOW  -10.0318956    
 ROW           23 IS FLOW TANGENCY  (QC dot n) AT POINT IC=          23 WHERE QC=   44.6919746      -10.1523685     AND NHAT=   9.31376184E-04  0.999999583     VALUE OF RES(K) IS NOW  -10.1107397    
 ROW           24 IS FLOW TANGENCY  (QC dot n) AT POINT IC=          24 WHERE QC=   42.4945374      -10.1571722     AND NHAT=   8.54408485E-04  0.999999702     VALUE OF RES(K) IS NOW  -10.1208620    
 ROW           25 IS FLOW TANGENCY  (QC dot n) AT POINT IC=          25 WHERE QC=   40.3100510      -10.0994720     AND NHAT=   8.82525812E-04  0.999999583     VALUE OF RES(K) IS NOW  -10.0638933    
 ROW           26 IS FLOW TANGENCY  (QC dot n) AT POINT IC=          26 WHERE QC=   38.1561432      -9.98186016     AND NHAT=   1.21066626E-03  0.999999225     VALUE OF RES(K) IS NOW  -9.93565845    
 ROW           27 IS FLOW TANGENCY  (QC dot n) AT POINT IC=          27 WHERE QC=   36.0431480      -9.80286026     AND NHAT=   1.69565727E-03  0.999998510     VALUE OF RES(K) IS NOW  -9.74172878    
 ROW           28 IS FLOW TANGENCY  (QC dot n) AT POINT IC=          28 WHERE QC=   33.9911995      -9.56287384     AND NHAT=   1.38592895E-03  0.999999106     VALUE OF RES(K) IS NOW  -9.51575565    
 ROW           29 IS FLOW TANGENCY  (QC dot n) AT POINT IC=          29 WHERE QC=   32.0199814      -9.24771118     AND NHAT=  -1.34189148E-04   1.00000000     VALUE OF RES(K) IS NOW  -9.25200748    
 ROW           30 IS FLOW TANGENCY  (QC dot n) AT POINT IC=          30 WHERE QC=   30.1366577      -8.84189796     AND NHAT=  -8.35970393E-04  0.999999702     VALUE OF RES(K) IS NOW  -8.86708832    
 ROW           31 IS FLOW TANGENCY  (QC dot n) AT POINT IC=          31 WHERE QC=   28.3595695      -8.31906033     AND NHAT=   1.54406962E-03  0.999998868     VALUE OF RES(K) IS NOW  -8.27526188    
 ROW           32 IS FLOW TANGENCY  (QC dot n) AT POINT IC=          32 WHERE QC=   26.6661148      -7.55515909     AND NHAT=   4.85487469E-03  0.999988258     VALUE OF RES(K) IS NOW  -7.42560959    
 ROW           33 IS FLOW TANGENCY  (QC dot n) AT POINT IC=          33 WHERE QC=   25.1246986      -6.32462740     AND NHAT=   2.24234583E-03  0.999997437     VALUE OF RES(K) IS NOW  -6.26827288    
 ROW           34 IS FLOW TANGENCY  (QC dot n) AT POINT IC=          34 WHERE QC=   23.7952843      -5.60498810     AND NHAT=  -8.43559206E-03  0.999964416     VALUE OF RES(K) IS NOW  -5.80551624    
 ROW           35 IS FLOW TANGENCY  (QC dot n) AT POINT IC=          35 WHERE QC=   22.6138992      -5.08834505     AND NHAT=  -2.60300767E-02  0.999661148     VALUE OF RES(K) IS NOW  -5.67526245    
 ROW           36 IS FLOW TANGENCY  (QC dot n) AT POINT IC=          36 WHERE QC=   21.5226841      -4.66127062     AND NHAT=  -4.49362285E-02  0.998989999     VALUE OF RES(K) IS NOW  -5.62371111    
 ROW           37 IS FLOW TANGENCY  (QC dot n) AT POINT IC=          37 WHERE QC=   20.5034294      -4.28896999     AND NHAT=  -6.31293729E-02  0.998005450     VALUE OF RES(K) IS NOW  -5.57478428    
 ROW           38 IS FLOW TANGENCY  (QC dot n) AT POINT IC=          38 WHERE QC=   19.5582924      -3.95851755     AND NHAT=  -8.27177465E-02  0.996572971     VALUE OF RES(K) IS NOW  -5.56276941    
 ROW           39 IS FLOW TANGENCY  (QC dot n) AT POINT IC=          39 WHERE QC=   18.6836929      -3.66018701     AND NHAT= -0.104086995      0.994568169     VALUE OF RES(K) IS NOW  -5.58503485    
 ROW           40 IS FLOW TANGENCY  (QC dot n) AT POINT IC=          40 WHERE QC=   17.8729954      -3.38666368     AND NHAT= -0.126942143      0.991910100     VALUE OF RES(K) IS NOW  -5.62810230    
 ROW           41 IS FLOW TANGENCY  (QC dot n) AT POINT IC=          41 WHERE QC=   17.1207695      -3.13315701     AND NHAT= -0.151085377      0.988520741     VALUE OF RES(K) IS NOW  -5.68388844    
 ROW           42 IS FLOW TANGENCY  (QC dot n) AT POINT IC=          42 WHERE QC=   16.4238663      -2.89686918     AND NHAT= -0.176627159      0.984277844     VALUE OF RES(K) IS NOW  -5.75222492    
 ROW           43 IS FLOW TANGENCY  (QC dot n) AT POINT IC=          43 WHERE QC=   15.7799778      -2.67584109     AND NHAT= -0.204158366      0.978937864     VALUE OF RES(K) IS NOW  -5.84109688    
 ROW           44 IS FLOW TANGENCY  (QC dot n) AT POINT IC=          44 WHERE QC=   15.1857910      -2.46813965     AND NHAT= -0.233820722      0.972279727     VALUE OF RES(K) IS NOW  -5.95047474    
 ROW           45 IS FLOW TANGENCY  (QC dot n) AT POINT IC=          45 WHERE QC=   14.6379356      -2.27213717     AND NHAT= -0.265560925      0.964093983     VALUE OF RES(K) IS NOW  -6.07781744    
 ROW           46 IS FLOW TANGENCY  (QC dot n) AT POINT IC=          46 WHERE QC=   14.1335840      -2.08662271     AND NHAT= -0.299544960      0.954082191     VALUE OF RES(K) IS NOW  -6.22445345    
 ROW           47 IS FLOW TANGENCY  (QC dot n) AT POINT IC=          47 WHERE QC=   13.6707039      -1.91074741     AND NHAT= -0.335940629      0.941883147     VALUE OF RES(K) IS NOW  -6.39224577    
 ROW           48 IS FLOW TANGENCY  (QC dot n) AT POINT IC=          48 WHERE QC=   13.2475424      -1.74378359     AND NHAT= -0.375199467      0.926944077     VALUE OF RES(K) IS NOW  -6.58686066    
 ROW           49 IS FLOW TANGENCY  (QC dot n) AT POINT IC=          49 WHERE QC=   12.8622742      -1.58494544     AND NHAT= -0.417516023      0.908669651     VALUE OF RES(K) IS NOW  -6.81039715    
 ROW           50 IS FLOW TANGENCY  (QC dot n) AT POINT IC=          50 WHERE QC=   12.5132141      -1.43354583     AND NHAT= -0.462874532      0.886423886     VALUE OF RES(K) IS NOW  -7.06277752    
 ROW           51 IS FLOW TANGENCY  (QC dot n) AT POINT IC=          51 WHERE QC=   12.1989832      -1.28897834     AND NHAT= -0.511665463      0.859184742     VALUE OF RES(K) IS NOW  -7.34926891    
 ROW           52 IS FLOW TANGENCY  (QC dot n) AT POINT IC=          52 WHERE QC=   11.9182634      -1.15063024     AND NHAT= -0.563703895      0.825976908     VALUE OF RES(K) IS NOW  -7.66876554    
 ROW           53 IS FLOW TANGENCY  (QC dot n) AT POINT IC=          53 WHERE QC=   11.6697426      -1.01787543     AND NHAT= -0.618781090      0.785563469     VALUE OF RES(K) IS NOW  -8.02062130    
 ROW           54 IS FLOW TANGENCY  (QC dot n) AT POINT IC=          54 WHERE QC=   11.4523335     -0.890190184     AND NHAT= -0.676484942      0.736456513     VALUE OF RES(K) IS NOW  -8.40291786    
 ROW           55 IS FLOW TANGENCY  (QC dot n) AT POINT IC=          55 WHERE QC=   11.2649069     -0.766895235     AND NHAT= -0.736032963      0.676945686     VALUE OF RES(K) IS NOW  -8.81048965    
 ROW           56 IS FLOW TANGENCY  (QC dot n) AT POINT IC=          56 WHERE QC=   11.1062260     -0.647213101     AND NHAT= -0.795513451      0.605935872     VALUE OF RES(K) IS NOW  -9.22732162    
 ROW           57 IS FLOW TANGENCY  (QC dot n) AT POINT IC=          57 WHERE QC=   10.9751654     -0.530427217     AND NHAT= -0.852667212      0.522454560     VALUE OF RES(K) IS NOW  -9.63528824    
 ROW           58 IS FLOW TANGENCY  (QC dot n) AT POINT IC=          58 WHERE QC=   10.8708010     -0.415566444     AND NHAT= -0.905119240      0.425157845     VALUE OF RES(K) IS NOW  -10.0160522    
 ROW           59 IS FLOW TANGENCY  (QC dot n) AT POINT IC=          59 WHERE QC=   10.7921848     -0.301333576     AND NHAT= -0.948683262      0.316227883     VALUE OF RES(K) IS NOW  -10.3336554    
 ROW           60 IS FLOW TANGENCY  (QC dot n) AT POINT IC=          60 WHERE QC=   10.7386408     -0.185931399     AND NHAT= -0.980293393      0.197547227     VALUE OF RES(K) IS NOW  -10.5637484    
 ROW           61 IS FLOW TANGENCY  (QC dot n) AT POINT IC=          61 WHERE QC=   10.7105541      -6.38456419E-02 AND NHAT= -0.997715592       6.75546527E-02 VALUE OF RES(K) IS NOW  -10.6904001    
 ROW           64 IS FLOW TANGENCY  (QC dot n) AT POINT IC=          62 WHERE QC=  -12.6305962      -18.9800835     AND NHAT=  0.380888045      0.924621105     VALUE OF RES(K) IS NOW  -22.3602276    
 ROW           65 IS FLOW TANGENCY  (QC dot n) AT POINT IC=          63 WHERE QC=  -11.0690098      -19.6061935     AND NHAT=  0.374874622      0.927075565     VALUE OF RES(K) IS NOW  -22.3259125    
 ROW           66 IS FLOW TANGENCY  (QC dot n) AT POINT IC=          64 WHERE QC=  -9.62467384      -19.9693737     AND NHAT=  0.367435038      0.930049181     VALUE OF RES(K) IS NOW  -22.1089420    
 ROW           67 IS FLOW TANGENCY  (QC dot n) AT POINT IC=          65 WHERE QC=  -8.29641533      -20.1870975     AND NHAT=  0.359293610      0.933224618     VALUE OF RES(K) IS NOW  -21.8199444    
 ROW           68 IS FLOW TANGENCY  (QC dot n) AT POINT IC=          66 WHERE QC=  -7.07189131      -20.2789516     AND NHAT=  0.351128429      0.936327279     VALUE OF RES(K) IS NOW  -21.4708786    
 ROW           69 IS FLOW TANGENCY  (QC dot n) AT POINT IC=          67 WHERE QC=  -5.93516207      -20.2598190     AND NHAT=  0.343112797      0.939294159     VALUE OF RES(K) IS NOW  -21.0663605    
 ROW           70 IS FLOW TANGENCY  (QC dot n) AT POINT IC=          68 WHERE QC=  -4.87549210      -20.1445999     AND NHAT=  0.334948003      0.942236662     VALUE OF RES(K) IS NOW  -20.6140156    
 ROW           71 IS FLOW TANGENCY  (QC dot n) AT POINT IC=          69 WHERE QC=  -3.88500881      -19.9469051     AND NHAT=  0.326730937      0.945117354     VALUE OF RES(K) IS NOW  -20.1215191    
 ROW           72 IS FLOW TANGENCY  (QC dot n) AT POINT IC=          70 WHERE QC=  -2.95822716      -19.6781540     AND NHAT=  0.318609238      0.947886109     VALUE OF RES(K) IS NOW  -19.5951672    
 ROW           73 IS FLOW TANGENCY  (QC dot n) AT POINT IC=          71 WHERE QC=  -2.09278011      -19.3489761     AND NHAT=  0.310385287      0.950610876     VALUE OF RES(K) IS NOW  -19.0429153    
 ROW           74 IS FLOW TANGENCY  (QC dot n) AT POINT IC=          72 WHERE QC=  -1.28638506      -18.9695511     AND NHAT=  0.302027434      0.953299284     VALUE OF RES(K) IS NOW  -18.4721832    
 ROW           75 IS FLOW TANGENCY  (QC dot n) AT POINT IC=          73 WHERE QC= -0.535741329      -18.5490685     AND NHAT=  0.293651462      0.955912590     VALUE OF RES(K) IS NOW  -17.8886108    
 ROW           76 IS FLOW TANGENCY  (QC dot n) AT POINT IC=          74 WHERE QC=  0.162594080      -18.0956135     AND NHAT=  0.285116106      0.958493054     VALUE OF RES(K) IS NOW  -17.2981625    
 ROW           77 IS FLOW TANGENCY  (QC dot n) AT POINT IC=          75 WHERE QC=  0.812460661      -17.6155052     AND NHAT=  0.276302189      0.961070836     VALUE OF RES(K) IS NOW  -16.7052631    
 ROW           78 IS FLOW TANGENCY  (QC dot n) AT POINT IC=          76 WHERE QC=   1.41764081      -17.1127644     AND NHAT=  0.267243207      0.963629067     VALUE OF RES(K) IS NOW  -16.1115017    
 ROW           79 IS FLOW TANGENCY  (QC dot n) AT POINT IC=          77 WHERE QC=   1.98074770      -16.5901661     AND NHAT=  0.257861078      0.966181993     VALUE OF RES(K) IS NOW  -15.5183620    
 ROW           80 IS FLOW TANGENCY  (QC dot n) AT POINT IC=          78 WHERE QC=   2.50340700      -16.0499134     AND NHAT=  0.248044029      0.968748808     VALUE OF RES(K) IS NOW  -14.9273787    
 ROW           81 IS FLOW TANGENCY  (QC dot n) AT POINT IC=          79 WHERE QC=   2.98670912      -15.4934511     AND NHAT=  0.237943888      0.971278906     VALUE OF RES(K) IS NOW  -14.3377924    
 ROW           82 IS FLOW TANGENCY  (QC dot n) AT POINT IC=          80 WHERE QC=   3.43015456      -14.9231367     AND NHAT=  0.227539062      0.973768950     VALUE OF RES(K) IS NOW  -13.7511930    
 ROW           83 IS FLOW TANGENCY  (QC dot n) AT POINT IC=          81 WHERE QC=   3.83240819      -14.3428078     AND NHAT=  0.216294065      0.976328254     VALUE OF RES(K) IS NOW  -13.1743612    
 ROW           84 IS FLOW TANGENCY  (QC dot n) AT POINT IC=          82 WHERE QC=   4.19319820      -13.7554922     AND NHAT=  0.204337150      0.978900492     VALUE OF RES(K) IS NOW  -12.6084318    
 ROW           85 IS FLOW TANGENCY  (QC dot n) AT POINT IC=          83 WHERE QC=   4.51235390      -13.1638508     AND NHAT=  0.191974118      0.981400013     VALUE OF RES(K) IS NOW  -12.0527487    
 ROW           86 IS FLOW TANGENCY  (QC dot n) AT POINT IC=          84 WHERE QC=   4.78885269      -12.5729303     AND NHAT=  0.179062590      0.983837664     VALUE OF RES(K) IS NOW  -11.5122185    
 ROW           87 IS FLOW TANGENCY  (QC dot n) AT POINT IC=          85 WHERE QC=   5.02167892      -11.9912567     AND NHAT=  0.165158823      0.986266971     VALUE OF RES(K) IS NOW  -10.9972057    
 ROW           88 IS FLOW TANGENCY  (QC dot n) AT POINT IC=          86 WHERE QC=   5.21171570      -11.4289894     AND NHAT=  0.149168074      0.988811791     VALUE OF RES(K) IS NOW  -10.5236979    
 ROW           89 IS FLOW TANGENCY  (QC dot n) AT POINT IC=          87 WHERE QC=   5.36288548      -10.8940697     AND NHAT=  0.130193099      0.991488636     VALUE OF RES(K) IS NOW  -10.1031351    
 ROW           90 IS FLOW TANGENCY  (QC dot n) AT POINT IC=          88 WHERE QC=   5.48159599      -10.3881607     AND NHAT=  0.107867733      0.994165242     VALUE OF RES(K) IS NOW  -9.73626041    
 ROW           91 IS FLOW TANGENCY  (QC dot n) AT POINT IC=          89 WHERE QC=   5.57393789      -9.90754414     AND NHAT=   8.46548304E-02  0.996410370     VALUE OF RES(K) IS NOW  -9.40011883    
 ROW           92 IS FLOW TANGENCY  (QC dot n) AT POINT IC=          90 WHERE QC=   5.64381647      -9.45042896     AND NHAT=   6.09312914E-02  0.998141885     VALUE OF RES(K) IS NOW  -9.08898354    
 ROW           93 IS FLOW TANGENCY  (QC dot n) AT POINT IC=          91 WHERE QC=   5.69449139      -9.01806259     AND NHAT=   3.57027464E-02  0.999362409     VALUE OF RES(K) IS NOW  -8.80900383    
 ROW           94 IS FLOW TANGENCY  (QC dot n) AT POINT IC=          92 WHERE QC=   5.72939301      -8.61074448     AND NHAT=   9.16748308E-03  0.999957979     VALUE OF RES(K) IS NOW  -8.55785847    
 ROW           95 IS FLOW TANGENCY  (QC dot n) AT POINT IC=          93 WHERE QC=   5.75160408      -8.22797394     AND NHAT=  -1.84642542E-02  0.999829471     VALUE OF RES(K) IS NOW  -8.33277035    
 ROW           96 IS FLOW TANGENCY  (QC dot n) AT POINT IC=          94 WHERE QC=   5.76387691      -7.86935234     AND NHAT=  -4.75068241E-02  0.998870969     VALUE OF RES(K) IS NOW  -8.13429070    
 ROW           97 IS FLOW TANGENCY  (QC dot n) AT POINT IC=          95 WHERE QC=   5.76871920      -7.53423166     AND NHAT=  -7.80399665E-02  0.996950269     VALUE OF RES(K) IS NOW  -7.96144485    
 ROW           98 IS FLOW TANGENCY  (QC dot n) AT POINT IC=          96 WHERE QC=   5.76832199      -7.22169542     AND NHAT= -0.110150658      0.993914902     VALUE OF RES(K) IS NOW  -7.81313515    
 ROW           99 IS FLOW TANGENCY  (QC dot n) AT POINT IC=          97 WHERE QC=   5.76459312      -6.93075180     AND NHAT= -0.143972844      0.989581645     VALUE OF RES(K) IS NOW  -7.68848991    
 ROW          100 IS FLOW TANGENCY  (QC dot n) AT POINT IC=          98 WHERE QC=   5.75917768      -6.66040421     AND NHAT= -0.179619864      0.983736038     VALUE OF RES(K) IS NOW  -7.58654213    
 ROW          101 IS FLOW TANGENCY  (QC dot n) AT POINT IC=          99 WHERE QC=   5.75350475      -6.40962410     AND NHAT= -0.217322618      0.976099849     VALUE OF RES(K) IS NOW  -7.50679970    
 ROW          102 IS FLOW TANGENCY  (QC dot n) AT POINT IC=         100 WHERE QC=   5.74879169      -6.17741394     AND NHAT= -0.256981224      0.966416419     VALUE OF RES(K) IS NOW  -7.44728613    
 ROW          103 IS FLOW TANGENCY  (QC dot n) AT POINT IC=         101 WHERE QC=   5.74604130      -5.96302319     AND NHAT= -0.298530102      0.954400301     VALUE OF RES(K) IS NOW  -7.40647745    
 ROW          104 IS FLOW TANGENCY  (QC dot n) AT POINT IC=         102 WHERE QC=   5.74621248      -5.76609087     AND NHAT= -0.342913002      0.939367175     VALUE OF RES(K) IS NOW  -7.38692760    
 ROW          105 IS FLOW TANGENCY  (QC dot n) AT POINT IC=         103 WHERE QC=   5.75024319      -5.58622122     AND NHAT= -0.390261978      0.920703948     VALUE OF RES(K) IS NOW  -7.38735676    
 ROW          106 IS FLOW TANGENCY  (QC dot n) AT POINT IC=         104 WHERE QC=   5.75889635      -5.42290020     AND NHAT= -0.440366119      0.897818267     VALUE OF RES(K) IS NOW  -7.40480137    
 ROW          107 IS FLOW TANGENCY  (QC dot n) AT POINT IC=         105 WHERE QC=   5.77281046      -5.27583075     AND NHAT= -0.493677855      0.869644880     VALUE OF RES(K) IS NOW  -7.43800735    
 ROW          108 IS FLOW TANGENCY  (QC dot n) AT POINT IC=         106 WHERE QC=   5.79255295      -5.14476585     AND NHAT= -0.550393820      0.834905088     VALUE OF RES(K) IS NOW  -7.48357677    
 ROW          109 IS FLOW TANGENCY  (QC dot n) AT POINT IC=         107 WHERE QC=   5.81865358      -5.02939224     AND NHAT= -0.610898614      0.791708827     VALUE OF RES(K) IS NOW  -7.53642178    
 ROW          110 IS FLOW TANGENCY  (QC dot n) AT POINT IC=         108 WHERE QC=   5.85160446      -4.92928505     AND NHAT= -0.674804449      0.737996519     VALUE OF RES(K) IS NOW  -7.58648396    
 ROW          111 IS FLOW TANGENCY  (QC dot n) AT POINT IC=         109 WHERE QC=   5.89193153      -4.84396982     AND NHAT= -0.741808653      0.670611560     VALUE OF RES(K) IS NOW  -7.61910772    
 ROW          112 IS FLOW TANGENCY  (QC dot n) AT POINT IC=         110 WHERE QC=   5.94027948      -4.77297783     AND NHAT= -0.810181618      0.586179137     VALUE OF RES(K) IS NOW  -7.61052513    
 ROW          113 IS FLOW TANGENCY  (QC dot n) AT POINT IC=         111 WHERE QC=   5.99738598      -4.71597576     AND NHAT= -0.876445472      0.481501132     VALUE OF RES(K) IS NOW  -7.52712965    
 ROW          114 IS FLOW TANGENCY  (QC dot n) AT POINT IC=         112 WHERE QC=   6.06409073      -4.67294931     AND NHAT= -0.935657144      0.352910310     VALUE OF RES(K) IS NOW  -7.32304192    
 ROW          115 IS FLOW TANGENCY  (QC dot n) AT POINT IC=         113 WHERE QC=   6.14111996      -4.64410591     AND NHAT= -0.979145050      0.203162417     VALUE OF RES(K) IS NOW  -6.95655489    
 ROW          116 IS FLOW TANGENCY  (QC dot n) AT POINT IC=         114 WHERE QC=   6.22945881      -4.62969875     AND NHAT= -0.999326646       3.66898105E-02 VALUE OF RES(K) IS NOW  -6.39512682    
 ROW          117 IS FLOW TANGENCY  (QC dot n) AT POINT IC=         115 WHERE QC=   6.32958889      -4.63069963     AND NHAT= -0.989090204     -0.147311136     VALUE OF RES(K) IS NOW  -5.57838058    
 ROW          118 IS FLOW TANGENCY  (QC dot n) AT POINT IC=         116 WHERE QC=   6.44109440      -4.64869308     AND NHAT= -0.941160381     -0.337960273     VALUE OF RES(K) IS NOW  -4.49102926    
 ROW          119 IS FLOW TANGENCY  (QC dot n) AT POINT IC=         117 WHERE QC=   6.56333542      -4.68455172     AND NHAT= -0.860557914     -0.509352684     VALUE OF RES(K) IS NOW  -3.26204133    
 ROW          120 IS FLOW TANGENCY  (QC dot n) AT POINT IC=         118 WHERE QC=   6.69583797      -4.73856544     AND NHAT= -0.760215402     -0.649671137     VALUE OF RES(K) IS NOW  -2.01177001    
 ROW          121 IS FLOW TANGENCY  (QC dot n) AT POINT IC=         119 WHERE QC=   6.83872461      -4.81105375     AND NHAT= -0.656211197     -0.754577219     VALUE OF RES(K) IS NOW -0.857336044    
 ROW          122 IS FLOW TANGENCY  (QC dot n) AT POINT IC=         120 WHERE QC=   6.99300957      -4.90284824     AND NHAT= -0.557564974     -0.830133319     VALUE OF RES(K) IS NOW  0.170960665    
 ROW          123 IS FLOW TANGENCY  (QC dot n) AT POINT IC=         121 WHERE QC=   7.16047478      -5.01567459     AND NHAT= -0.468892068     -0.883255482     VALUE OF RES(K) IS NOW   1.07263207    
 ROW          124 IS FLOW TANGENCY  (QC dot n) AT POINT IC=         122 WHERE QC=   7.34331131      -5.15206814     AND NHAT= -0.390933067     -0.920419097     VALUE OF RES(K) IS NOW   1.87131882    
 ROW          125 IS FLOW TANGENCY  (QC dot n) AT POINT IC=         123 WHERE QC=   7.54388523      -5.31533337     AND NHAT= -0.322991401     -0.946401894     VALUE OF RES(K) IS NOW   2.59383178    
 ROW          126 IS FLOW TANGENCY  (QC dot n) AT POINT IC=         124 WHERE QC=   7.76435089      -5.50917387     AND NHAT= -0.264556348     -0.964370251     VALUE OF RES(K) IS NOW   3.25877500    
 ROW          127 IS FLOW TANGENCY  (QC dot n) AT POINT IC=         125 WHERE QC=   8.00653648      -5.73772717     AND NHAT= -0.213530123     -0.976936400     VALUE OF RES(K) IS NOW   3.89575768    
 ROW          128 IS FLOW TANGENCY  (QC dot n) AT POINT IC=         126 WHERE QC=   8.27229214      -6.00577545     AND NHAT= -0.169880271     -0.985464692     VALUE OF RES(K) IS NOW   4.51318026    
 ROW          129 IS FLOW TANGENCY  (QC dot n) AT POINT IC=         127 WHERE QC=   8.56358242      -6.31876659     AND NHAT= -0.133062527     -0.991107643     VALUE OF RES(K) IS NOW   5.12308598    
 ROW          130 IS FLOW TANGENCY  (QC dot n) AT POINT IC=         128 WHERE QC=   8.88220406      -6.68285275     AND NHAT= -0.101583511     -0.994827032     VALUE OF RES(K) IS NOW   5.74599695    
 ROW          131 IS FLOW TANGENCY  (QC dot n) AT POINT IC=         129 WHERE QC=   9.23016167      -7.10555267     AND NHAT=  -7.50891492E-02 -0.997176826     VALUE OF RES(K) IS NOW   6.39240742    
 ROW          132 IS FLOW TANGENCY  (QC dot n) AT POINT IC=         130 WHERE QC=   9.61041546      -7.59687376     AND NHAT=  -5.30148707E-02 -0.998593748     VALUE OF RES(K) IS NOW   7.07669592    
 ROW          133 IS FLOW TANGENCY  (QC dot n) AT POINT IC=         131 WHERE QC=   10.0268593      -8.17012310     AND NHAT=  -3.48783620E-02 -0.999391556     VALUE OF RES(K) IS NOW   7.81543112    
 ROW          134 IS FLOW TANGENCY  (QC dot n) AT POINT IC=         132 WHERE QC=   10.4846087      -8.84348202     AND NHAT=  -2.03239303E-02 -0.999793470     VALUE OF RES(K) IS NOW   8.62856770    
 ROW          135 IS FLOW TANGENCY  (QC dot n) AT POINT IC=         133 WHERE QC=   10.9908009      -9.64334583     AND NHAT=  -8.89640767E-03 -0.999960423     VALUE OF RES(K) IS NOW   9.54518604    
 ROW          136 IS FLOW TANGENCY  (QC dot n) AT POINT IC=         134 WHERE QC=   11.5555029      -10.6110687     AND NHAT=  -1.39495736E-04  -1.00000000     VALUE OF RES(K) IS NOW   10.6094570    
 ROW          137 IS FLOW TANGENCY  (QC dot n) AT POINT IC=         135 WHERE QC=   12.1967125      -11.8258801     AND NHAT=   5.96464518E-03 -0.999982238     VALUE OF RES(K) IS NOW   11.8984194    
 ROW          138 IS FLOW TANGENCY  (QC dot n) AT POINT IC=         136 WHERE QC=   12.9490442      -13.4895744     AND NHAT=   8.87616538E-03 -0.999960601     VALUE OF RES(K) IS NOW   13.6039810    
 ROW          139 IS FLOW TANGENCY  (QC dot n) AT POINT IC=         137 WHERE QC=   13.8712978      -16.1576843     AND NHAT=   1.00395400E-02 -0.999949634     VALUE OF RES(K) IS NOW   16.2961311    
 ROW          140 IS FLOW TANGENCY  (QC dot n) AT POINT IC=         138 WHERE QC=   14.7991161      -18.1303272     AND NHAT=   1.14366384E-02 -0.999934614     VALUE OF RES(K) IS NOW   18.2983932    
 ROW          141 IS FLOW TANGENCY  (QC dot n) AT POINT IC=         139 WHERE QC=   15.5968513      -19.4225292     AND NHAT=   1.36897117E-02 -0.999906301     VALUE OF RES(K) IS NOW   19.6342258    
 ROW          142 IS FLOW TANGENCY  (QC dot n) AT POINT IC=         140 WHERE QC=   16.3666019      -20.4727364     AND NHAT=   1.67478584E-02 -0.999859810     VALUE OF RES(K) IS NOW   20.7439709    
 ROW          143 IS FLOW TANGENCY  (QC dot n) AT POINT IC=         141 WHERE QC=   17.1176510      -21.3354893     AND NHAT=   1.97640657E-02 -0.999804735     VALUE OF RES(K) IS NOW   21.6696377    
 ROW          144 IS FLOW TANGENCY  (QC dot n) AT POINT IC=         142 WHERE QC=   17.8632450      -22.0540104     AND NHAT=   2.18899250E-02 -0.999760389     VALUE OF RES(K) IS NOW   22.4397507    
 ROW          145 IS FLOW TANGENCY  (QC dot n) AT POINT IC=         143 WHERE QC=   18.6124878      -22.6623707     AND NHAT=   2.34333090E-02 -0.999725342     VALUE OF RES(K) IS NOW   23.0922985    
 ROW          146 IS FLOW TANGENCY  (QC dot n) AT POINT IC=         144 WHERE QC=   19.3681374      -23.1821079     AND NHAT=   2.44430769E-02 -0.999701202     VALUE OF RES(K) IS NOW   23.6485977    
 ROW          147 IS FLOW TANGENCY  (QC dot n) AT POINT IC=         145 WHERE QC=   20.1291237      -23.6288815     AND NHAT=   2.49308962E-02 -0.999689102     VALUE OF RES(K) IS NOW   24.1233711    
 ROW          148 IS FLOW TANGENCY  (QC dot n) AT POINT IC=         146 WHERE QC=   20.8981495      -24.0163631     AND NHAT=   2.49304976E-02 -0.999689102     VALUE OF RES(K) IS NOW   24.5298977    
 ROW          149 IS FLOW TANGENCY  (QC dot n) AT POINT IC=         147 WHERE QC=   21.6732063      -24.3536663     AND NHAT=   2.45227069E-02 -0.999699354     VALUE OF RES(K) IS NOW   24.8778305    
 ROW          150 IS FLOW TANGENCY  (QC dot n) AT POINT IC=         148 WHERE QC=   22.4480553      -24.6429863     AND NHAT=   2.38755476E-02 -0.999714971     VALUE OF RES(K) IS NOW   25.1719208    
 ROW          151 IS FLOW TANGENCY  (QC dot n) AT POINT IC=         149 WHERE QC=   23.2323608      -24.8844223     AND NHAT=   2.30137482E-02 -0.999735177     VALUE OF RES(K) IS NOW   25.4124966    
 ROW          152 IS FLOW TANGENCY  (QC dot n) AT POINT IC=         150 WHERE QC=   24.0167160      -25.0839958     AND NHAT=   2.18285099E-02 -0.999761760     VALUE OF RES(K) IS NOW   25.6022701    
 ROW          153 IS FLOW TANGENCY  (QC dot n) AT POINT IC=         151 WHERE QC=   24.8062592      -25.2497597     AND NHAT=   2.03190725E-02 -0.999793530     VALUE OF RES(K) IS NOW   25.7485867    
 ROW          154 IS FLOW TANGENCY  (QC dot n) AT POINT IC=         152 WHERE QC=   25.6068573      -25.4039383     AND NHAT=   1.87007487E-02 -0.999825180     VALUE OF RES(K) IS NOW   25.8783646    
 ROW          155 IS FLOW TANGENCY  (QC dot n) AT POINT IC=         153 WHERE QC=   26.3708591      -25.5943241     AND NHAT=   1.71666630E-02 -0.999852598     VALUE OF RES(K) IS NOW   26.0432510    
 ROW          156 IS FLOW TANGENCY  (QC dot n) AT POINT IC=         154 WHERE QC=   27.0866776      -25.6535892     AND NHAT=   1.56537332E-02 -0.999877512     VALUE OF RES(K) IS NOW   26.0744553    
 ROW          157 IS FLOW TANGENCY  (QC dot n) AT POINT IC=         155 WHERE QC=   27.8030148      -25.6286736     AND NHAT=   1.40467482E-02 -0.999901354     VALUE OF RES(K) IS NOW   26.0166874    
 ROW          158 IS FLOW TANGENCY  (QC dot n) AT POINT IC=         156 WHERE QC=   28.5089760      -25.5309925     AND NHAT=   1.23747466E-02 -0.999923408     VALUE OF RES(K) IS NOW   25.8818283    
 ROW          159 IS FLOW TANGENCY  (QC dot n) AT POINT IC=         157 WHERE QC=   29.1985512      -25.3623734     AND NHAT=   1.07602943E-02 -0.999942183     VALUE OF RES(K) IS NOW   25.6750908    
 ROW          160 IS FLOW TANGENCY  (QC dot n) AT POINT IC=         158 WHERE QC=   29.9135361      -25.1229935     AND NHAT=   9.21595749E-03 -0.999957502     VALUE OF RES(K) IS NOW   25.3976078    
 ROW          161 IS FLOW TANGENCY  (QC dot n) AT POINT IC=         159 WHERE QC=   30.6111870      -24.8130856     AND NHAT=   7.67783774E-03 -0.999970555     VALUE OF RES(K) IS NOW   25.0473824    
 ROW          162 IS FLOW TANGENCY  (QC dot n) AT POINT IC=         160 WHERE QC=   31.3045082      -24.4301090     AND NHAT=   6.12099376E-03 -0.999981284     VALUE OF RES(K) IS NOW   24.6212654    
 ROW          163 IS FLOW TANGENCY  (QC dot n) AT POINT IC=         161 WHERE QC=   31.9952850      -23.9683781     AND NHAT=   4.60824557E-03 -0.999989331     VALUE OF RES(K) IS NOW   24.1155643    
 ROW          164 IS FLOW TANGENCY  (QC dot n) AT POINT IC=         162 WHERE QC=   32.6684151      -23.4245090     AND NHAT=   3.26277968E-03 -0.999994755     VALUE OF RES(K) IS NOW   23.5309772    
 ROW          165 IS FLOW TANGENCY  (QC dot n) AT POINT IC=         163 WHERE QC=   33.3327065      -22.8002987     AND NHAT=   2.11240747E-03 -0.999997735     VALUE OF RES(K) IS NOW   22.8706589    
 ROW          166 IS FLOW TANGENCY  (QC dot n) AT POINT IC=         164 WHERE QC=   34.0300217      -22.1068840     AND NHAT=   1.16139161E-03 -0.999999344     VALUE OF RES(K) IS NOW   22.1463909    
 ROW          167 IS FLOW TANGENCY  (QC dot n) AT POINT IC=         165 WHERE QC=   34.6446228      -21.3718948     AND NHAT=   4.27091029E-04 -0.999999881     VALUE OF RES(K) IS NOW   21.3866901    
 ROW          168 IS FLOW TANGENCY  (QC dot n) AT POINT IC=         166 WHERE QC=   35.1656075      -20.6141834     AND NHAT=  -1.46897321E-04 -0.999999940     VALUE OF RES(K) IS NOW   20.6090164    
 ROW          169 IS FLOW TANGENCY  (QC dot n) AT POINT IC=         167 WHERE QC=   35.5786629      -19.6234360     AND NHAT=  -5.68875112E-04 -0.999999821     VALUE OF RES(K) IS NOW   19.6031933    
 ROW           63 IS THE 0 INTERNAL TANGENTIAL VELOCITY (QC dot NHAT) on point,        1971 WHERE QC=   43.4307938      -3.85270977     AND NHAT=  0.398876727     -0.917004585     VALUE OF RES(K) IS NOW   20.8564854    
 ROW          170 IS THE BASIC KUTTA CONDITION, SETTING FIRST AND LAST BODY GAMMAS TO BE EQUAL TO THE WAKE STRENGTH OF THE FIRST BODY WAKE PANEL. (G1+GN=-GW)VALUE OF RES(K) IS NOW   99.8434601    
 ROW          171 IS THE 0 INTERNAL TANGENTIAL VELOCITY (QC dot NHAT) on point,        1972 WHERE QC=  -13.6839275      -18.5817833     AND NHAT=  0.972766995     -0.231784970     VALUE OF RES(K) IS NOW  -9.00429440    
 ROW           62 IS AN EXPLICITLY SET VORTEX STRENGTH.VALUE OF RES(K) IS NOW   0.00000000    
