 ROW           1 START WITH   0.00000000    
 ROW           1 FIRST OvErWrItE WITH AICQFF*QINF, i.e. Vinf_x. LEAVING:   0.00000000    
 ROW           1 THEN ADD ALL AICGTH*GTH (wake vortex contributions). LEAVING:   0.00000000    
 ROW           1 THEN ADD ALL AICSIG*SIGK (rotor source contributions), LEAVING:   0.00000000    
 ROW           2 START WITH   5.11359215    
 ROW           2 FIRST OvErWrItE WITH AICQFF*QINF, i.e. Vinf_x. LEAVING:   5.11359215    
 ROW           2 THEN ADD ALL AICGTH*GTH (wake vortex contributions). LEAVING:   5.11359215    
 ROW           2 THEN ADD ALL AICSIG*SIGK (rotor source contributions), LEAVING:   5.11359215    
 ROW           3 START WITH   5.11360693    
 ROW           3 FIRST OvErWrItE WITH AICQFF*QINF, i.e. Vinf_x. LEAVING:   5.11360693    
 ROW           3 THEN ADD ALL AICGTH*GTH (wake vortex contributions). LEAVING:   5.11360693    
 ROW           3 THEN ADD ALL AICSIG*SIGK (rotor source contributions), LEAVING:   5.11360693    
 ROW           4 START WITH   5.11363268    
 ROW           4 FIRST OvErWrItE WITH AICQFF*QINF, i.e. Vinf_x. LEAVING:   5.11363268    
 ROW           4 THEN ADD ALL AICGTH*GTH (wake vortex contributions). LEAVING:   5.11363268    
 ROW           4 THEN ADD ALL AICSIG*SIGK (rotor source contributions), LEAVING:   5.11363268    
 ROW           5 START WITH   5.11357212    
 ROW           5 FIRST OvErWrItE WITH AICQFF*QINF, i.e. Vinf_x. LEAVING:   5.11357212    
 ROW           5 THEN ADD ALL AICGTH*GTH (wake vortex contributions). LEAVING:   5.11357212    
 ROW           5 THEN ADD ALL AICSIG*SIGK (rotor source contributions), LEAVING:   5.11357212    
 ROW           6 START WITH   5.11365604    
 ROW           6 FIRST OvErWrItE WITH AICQFF*QINF, i.e. Vinf_x. LEAVING:   5.11365604    
 ROW           6 THEN ADD ALL AICGTH*GTH (wake vortex contributions). LEAVING:   5.11365604    
 ROW           6 THEN ADD ALL AICSIG*SIGK (rotor source contributions), LEAVING:   5.11365604    
 ROW           7 START WITH   5.11358070    
 ROW           7 FIRST OvErWrItE WITH AICQFF*QINF, i.e. Vinf_x. LEAVING:   5.11358070    
 ROW           7 THEN ADD ALL AICGTH*GTH (wake vortex contributions). LEAVING:   5.11358070    
 ROW           7 THEN ADD ALL AICSIG*SIGK (rotor source contributions), LEAVING:   5.11358070    
 ROW           8 START WITH   5.11360884    
 ROW           8 FIRST OvErWrItE WITH AICQFF*QINF, i.e. Vinf_x. LEAVING:   5.11360884    
 ROW           8 THEN ADD ALL AICGTH*GTH (wake vortex contributions). LEAVING:   5.11360884    
 ROW           8 THEN ADD ALL AICSIG*SIGK (rotor source contributions), LEAVING:   5.11360884    
 ROW           9 START WITH   5.11357784    
 ROW           9 FIRST OvErWrItE WITH AICQFF*QINF, i.e. Vinf_x. LEAVING:   5.11357784    
 ROW           9 THEN ADD ALL AICGTH*GTH (wake vortex contributions). LEAVING:   5.11357784    
 ROW           9 THEN ADD ALL AICSIG*SIGK (rotor source contributions), LEAVING:   5.11357784    
 ROW          10 START WITH   5.11361408    
 ROW          10 FIRST OvErWrItE WITH AICQFF*QINF, i.e. Vinf_x. LEAVING:   5.11361408    
 ROW          10 THEN ADD ALL AICGTH*GTH (wake vortex contributions). LEAVING:   5.11361408    
 ROW          10 THEN ADD ALL AICSIG*SIGK (rotor source contributions), LEAVING:   5.11361408    
 ROW          11 START WITH   5.11355162    
 ROW          11 FIRST OvErWrItE WITH AICQFF*QINF, i.e. Vinf_x. LEAVING:   5.11355162    
 ROW          11 THEN ADD ALL AICGTH*GTH (wake vortex contributions). LEAVING:   5.11355162    
 ROW          11 THEN ADD ALL AICSIG*SIGK (rotor source contributions), LEAVING:   5.11355162    
 ROW          12 START WITH   5.11367321    
 ROW          12 FIRST OvErWrItE WITH AICQFF*QINF, i.e. Vinf_x. LEAVING:   5.11367321    
 ROW          12 THEN ADD ALL AICGTH*GTH (wake vortex contributions). LEAVING:   5.11367321    
 ROW          12 THEN ADD ALL AICSIG*SIGK (rotor source contributions), LEAVING:   5.11367321    
 ROW          13 START WITH   5.11386013    
 ROW          13 FIRST OvErWrItE WITH AICQFF*QINF, i.e. Vinf_x. LEAVING:   5.11386013    
 ROW          13 THEN ADD ALL AICGTH*GTH (wake vortex contributions). LEAVING:   5.11386013    
 ROW          13 THEN ADD ALL AICSIG*SIGK (rotor source contributions), LEAVING:   5.11386013    
 ROW          14 START WITH   5.11327982    
 ROW          14 FIRST OvErWrItE WITH AICQFF*QINF, i.e. Vinf_x. LEAVING:   5.11327982    
 ROW          14 THEN ADD ALL AICGTH*GTH (wake vortex contributions). LEAVING:   5.11327982    
 ROW          14 THEN ADD ALL AICSIG*SIGK (rotor source contributions), LEAVING:   5.11327982    
 ROW          15 START WITH   5.11241865    
 ROW          15 FIRST OvErWrItE WITH AICQFF*QINF, i.e. Vinf_x. LEAVING:   5.11241865    
 ROW          15 THEN ADD ALL AICGTH*GTH (wake vortex contributions). LEAVING:   5.11241865    
 ROW          15 THEN ADD ALL AICSIG*SIGK (rotor source contributions), LEAVING:   5.11241865    
 ROW          16 START WITH   5.11516190    
 ROW          16 FIRST OvErWrItE WITH AICQFF*QINF, i.e. Vinf_x. LEAVING:   5.11516190    
 ROW          16 THEN ADD ALL AICGTH*GTH (wake vortex contributions). LEAVING:   5.11516190    
 ROW          16 THEN ADD ALL AICSIG*SIGK (rotor source contributions), LEAVING:   5.11516190    
 ROW          17 START WITH   5.11826324    
 ROW          17 FIRST OvErWrItE WITH AICQFF*QINF, i.e. Vinf_x. LEAVING:   5.11826324    
 ROW          17 THEN ADD ALL AICGTH*GTH (wake vortex contributions). LEAVING:   5.11826324    
 ROW          17 THEN ADD ALL AICSIG*SIGK (rotor source contributions), LEAVING:   5.11826324    
 ROW          18 START WITH   5.10860395    
 ROW          18 FIRST OvErWrItE WITH AICQFF*QINF, i.e. Vinf_x. LEAVING:   5.10860395    
 ROW          18 THEN ADD ALL AICGTH*GTH (wake vortex contributions). LEAVING:   5.10860395    
 ROW          18 THEN ADD ALL AICSIG*SIGK (rotor source contributions), LEAVING:   5.10860395    
 ROW          19 START WITH   5.09514570    
 ROW          19 FIRST OvErWrItE WITH AICQFF*QINF, i.e. Vinf_x. LEAVING:   5.09514570    
 ROW          19 THEN ADD ALL AICGTH*GTH (wake vortex contributions). LEAVING:   5.09514570    
 ROW          19 THEN ADD ALL AICSIG*SIGK (rotor source contributions), LEAVING:   5.09514570    
 ROW          20 START WITH   5.12180567    
 ROW          20 FIRST OvErWrItE WITH AICQFF*QINF, i.e. Vinf_x. LEAVING:   5.12180567    
 ROW          20 THEN ADD ALL AICGTH*GTH (wake vortex contributions). LEAVING:   5.12180567    
 ROW          20 THEN ADD ALL AICSIG*SIGK (rotor source contributions), LEAVING:   5.12180567    
 ROW          21 START WITH   5.17784834    
 ROW          21 FIRST OvErWrItE WITH AICQFF*QINF, i.e. Vinf_x. LEAVING:   5.17784834    
 ROW          21 THEN ADD ALL AICGTH*GTH (wake vortex contributions). LEAVING:   5.17784834    
 ROW          21 THEN ADD ALL AICSIG*SIGK (rotor source contributions), LEAVING:   5.17784834    
 ROW          22 START WITH   5.14006090    
 ROW          22 FIRST OvErWrItE WITH AICQFF*QINF, i.e. Vinf_x. LEAVING:   5.14006090    
 ROW          22 THEN ADD ALL AICGTH*GTH (wake vortex contributions). LEAVING:   5.14006090    
 ROW          22 THEN ADD ALL AICSIG*SIGK (rotor source contributions), LEAVING:   5.14006090    
 ROW          23 START WITH   4.95483971    
 ROW          23 FIRST OvErWrItE WITH AICQFF*QINF, i.e. Vinf_x. LEAVING:   4.95483971    
 ROW          23 THEN ADD ALL AICGTH*GTH (wake vortex contributions). LEAVING:   4.95483971    
 ROW          23 THEN ADD ALL AICSIG*SIGK (rotor source contributions), LEAVING:   4.95483971    
 ROW          24 START WITH   4.84933662    
 ROW          24 FIRST OvErWrItE WITH AICQFF*QINF, i.e. Vinf_x. LEAVING:   4.84933662    
 ROW          24 THEN ADD ALL AICGTH*GTH (wake vortex contributions). LEAVING:   4.84933662    
 ROW          24 THEN ADD ALL AICSIG*SIGK (rotor source contributions), LEAVING:   4.84933662    
 ROW          25 START WITH   5.16844940    
 ROW          25 FIRST OvErWrItE WITH AICQFF*QINF, i.e. Vinf_x. LEAVING:   5.16844940    
 ROW          25 THEN ADD ALL AICGTH*GTH (wake vortex contributions). LEAVING:   5.16844940    
 ROW          25 THEN ADD ALL AICSIG*SIGK (rotor source contributions), LEAVING:   5.16844940    
 ROW          26 START WITH   5.80152464    
 ROW          26 FIRST OvErWrItE WITH AICQFF*QINF, i.e. Vinf_x. LEAVING:   5.80152464    
 ROW          26 THEN ADD ALL AICGTH*GTH (wake vortex contributions). LEAVING:   5.80152464    
 ROW          26 THEN ADD ALL AICSIG*SIGK (rotor source contributions), LEAVING:   5.80152464    
 ROW          27 START WITH   6.19882536    
 ROW          27 FIRST OvErWrItE WITH AICQFF*QINF, i.e. Vinf_x. LEAVING:   6.19882536    
 ROW          27 THEN ADD ALL AICGTH*GTH (wake vortex contributions). LEAVING:   6.19882536    
 ROW          27 THEN ADD ALL AICSIG*SIGK (rotor source contributions), LEAVING:   6.19882536    
 ROW          28 START WITH   5.68710089    
 ROW          28 FIRST OvErWrItE WITH AICQFF*QINF, i.e. Vinf_x. LEAVING:   5.68710089    
 ROW          28 THEN ADD ALL AICGTH*GTH (wake vortex contributions). LEAVING:   5.68710089    
 ROW          28 THEN ADD ALL AICSIG*SIGK (rotor source contributions), LEAVING:   5.68710089    
 ROW          29 START WITH   4.47400856    
 ROW          29 FIRST OvErWrItE WITH AICQFF*QINF, i.e. Vinf_x. LEAVING:   4.47400856    
 ROW          29 THEN ADD ALL AICGTH*GTH (wake vortex contributions). LEAVING:   4.47400856    
 ROW          29 THEN ADD ALL AICSIG*SIGK (rotor source contributions), LEAVING:   4.47400856    
 ROW          30 START WITH   2.79167390    
 ROW          30 FIRST OvErWrItE WITH AICQFF*QINF, i.e. Vinf_x. LEAVING:   2.79167390    
 ROW          30 THEN ADD ALL AICGTH*GTH (wake vortex contributions). LEAVING:   2.79167390    
 ROW          30 THEN ADD ALL AICSIG*SIGK (rotor source contributions), LEAVING:   2.79167390    
 ROW          31 START WITH   1.09381533    
 ROW          31 FIRST OvErWrItE WITH AICQFF*QINF, i.e. Vinf_x. LEAVING:   1.09381533    
 ROW          31 THEN ADD ALL AICGTH*GTH (wake vortex contributions). LEAVING:   1.09381533    
 ROW          31 THEN ADD ALL AICSIG*SIGK (rotor source contributions), LEAVING:   1.09381533    
 ROW          32 START WITH -0.145450294    
 ROW          32 FIRST OvErWrItE WITH AICQFF*QINF, i.e. Vinf_x. LEAVING: -0.145450294    
 ROW          32 THEN ADD ALL AICGTH*GTH (wake vortex contributions). LEAVING: -0.145450294    
 ROW          32 THEN ADD ALL AICSIG*SIGK (rotor source contributions), LEAVING: -0.145450294    
 ROW          33 START WITH -0.791110992    
 ROW          33 FIRST OvErWrItE WITH AICQFF*QINF, i.e. Vinf_x. LEAVING: -0.791110992    
 ROW          33 THEN ADD ALL AICGTH*GTH (wake vortex contributions). LEAVING: -0.791110992    
 ROW          33 THEN ADD ALL AICSIG*SIGK (rotor source contributions), LEAVING: -0.791110992    
 ROW          34 START WITH -0.615933597    
 ROW          34 FIRST OvErWrItE WITH AICQFF*QINF, i.e. Vinf_x. LEAVING: -0.615933597    
 ROW          34 THEN ADD ALL AICGTH*GTH (wake vortex contributions). LEAVING: -0.615933597    
 ROW          34 THEN ADD ALL AICSIG*SIGK (rotor source contributions), LEAVING: -0.615933597    
 ROW          35 START WITH  -5.99655136E-02
 ROW          35 FIRST OvErWrItE WITH AICQFF*QINF, i.e. Vinf_x. LEAVING:  -5.99655136E-02
 ROW          35 THEN ADD ALL AICGTH*GTH (wake vortex contributions). LEAVING:  -5.99655136E-02
 ROW          35 THEN ADD ALL AICSIG*SIGK (rotor source contributions), LEAVING:  -5.99655136E-02
 ROW          36 START WITH  0.208478138    
 ROW          36 FIRST OvErWrItE WITH AICQFF*QINF, i.e. Vinf_x. LEAVING:  0.208478138    
 ROW          36 THEN ADD ALL AICGTH*GTH (wake vortex contributions). LEAVING:  0.208478138    
 ROW          36 THEN ADD ALL AICSIG*SIGK (rotor source contributions), LEAVING:  0.208478138    
 ROW          37 START WITH  0.138950080    
 ROW          37 FIRST OvErWrItE WITH AICQFF*QINF, i.e. Vinf_x. LEAVING:  0.138950080    
 ROW          37 THEN ADD ALL AICGTH*GTH (wake vortex contributions). LEAVING:  0.138950080    
 ROW          37 THEN ADD ALL AICSIG*SIGK (rotor source contributions), LEAVING:  0.138950080    
 ROW          38 START WITH  -1.99471395E-02
 ROW          38 FIRST OvErWrItE WITH AICQFF*QINF, i.e. Vinf_x. LEAVING:  -1.99471395E-02
 ROW          38 THEN ADD ALL AICGTH*GTH (wake vortex contributions). LEAVING:  -1.99471395E-02
 ROW          38 THEN ADD ALL AICSIG*SIGK (rotor source contributions), LEAVING:  -1.99471395E-02
 ROW          39 START WITH  -5.56908585E-02
 ROW          39 FIRST OvErWrItE WITH AICQFF*QINF, i.e. Vinf_x. LEAVING:  -5.56908585E-02
 ROW          39 THEN ADD ALL AICGTH*GTH (wake vortex contributions). LEAVING:  -5.56908585E-02
 ROW          39 THEN ADD ALL AICSIG*SIGK (rotor source contributions), LEAVING:  -5.56908585E-02
 ROW          40 START WITH  -8.38687923E-03
 ROW          40 FIRST OvErWrItE WITH AICQFF*QINF, i.e. Vinf_x. LEAVING:  -8.38687923E-03
 ROW          40 THEN ADD ALL AICGTH*GTH (wake vortex contributions). LEAVING:  -8.38687923E-03
 ROW          40 THEN ADD ALL AICSIG*SIGK (rotor source contributions), LEAVING:  -8.38687923E-03
 ROW          41 START WITH   1.51784141E-02
 ROW          41 FIRST OvErWrItE WITH AICQFF*QINF, i.e. Vinf_x. LEAVING:   1.51784141E-02
 ROW          41 THEN ADD ALL AICGTH*GTH (wake vortex contributions). LEAVING:   1.51784141E-02
 ROW          41 THEN ADD ALL AICSIG*SIGK (rotor source contributions), LEAVING:   1.51784141E-02
 ROW          42 START WITH   6.14810502E-03
 ROW          42 FIRST OvErWrItE WITH AICQFF*QINF, i.e. Vinf_x. LEAVING:   6.14810502E-03
 ROW          42 THEN ADD ALL AICGTH*GTH (wake vortex contributions). LEAVING:   6.14810502E-03
 ROW          42 THEN ADD ALL AICSIG*SIGK (rotor source contributions), LEAVING:   6.14810502E-03
 ROW          43 START WITH  -3.33885662E-03
 ROW          43 FIRST OvErWrItE WITH AICQFF*QINF, i.e. Vinf_x. LEAVING:  -3.33885662E-03
 ROW          43 THEN ADD ALL AICGTH*GTH (wake vortex contributions). LEAVING:  -3.33885662E-03
 ROW          43 THEN ADD ALL AICSIG*SIGK (rotor source contributions), LEAVING:  -3.33885662E-03
 ROW          44 START WITH  -2.54903175E-03
 ROW          44 FIRST OvErWrItE WITH AICQFF*QINF, i.e. Vinf_x. LEAVING:  -2.54903175E-03
 ROW          44 THEN ADD ALL AICGTH*GTH (wake vortex contributions). LEAVING:  -2.54903175E-03
 ROW          44 THEN ADD ALL AICSIG*SIGK (rotor source contributions), LEAVING:  -2.54903175E-03
 ROW          45 START WITH   5.96095575E-04
 ROW          45 FIRST OvErWrItE WITH AICQFF*QINF, i.e. Vinf_x. LEAVING:   5.96095575E-04
 ROW          45 THEN ADD ALL AICGTH*GTH (wake vortex contributions). LEAVING:   5.96095575E-04
 ROW          45 THEN ADD ALL AICSIG*SIGK (rotor source contributions), LEAVING:   5.96095575E-04
 ROW          46 START WITH   8.43835762E-04
 ROW          46 FIRST OvErWrItE WITH AICQFF*QINF, i.e. Vinf_x. LEAVING:   8.43835762E-04
 ROW          46 THEN ADD ALL AICGTH*GTH (wake vortex contributions). LEAVING:   8.43835762E-04
 ROW          46 THEN ADD ALL AICSIG*SIGK (rotor source contributions), LEAVING:   8.43835762E-04
 ROW          47 START WITH  -1.11645219E-04
 ROW          47 FIRST OvErWrItE WITH AICQFF*QINF, i.e. Vinf_x. LEAVING:  -1.11645219E-04
 ROW          47 THEN ADD ALL AICGTH*GTH (wake vortex contributions). LEAVING:  -1.11645219E-04
 ROW          47 THEN ADD ALL AICSIG*SIGK (rotor source contributions), LEAVING:  -1.11645219E-04
 ROW          48 START WITH  -1.86033358E-04
 ROW          48 FIRST OvErWrItE WITH AICQFF*QINF, i.e. Vinf_x. LEAVING:  -1.86033358E-04
 ROW          48 THEN ADD ALL AICGTH*GTH (wake vortex contributions). LEAVING:  -1.86033358E-04
 ROW          48 THEN ADD ALL AICSIG*SIGK (rotor source contributions), LEAVING:  -1.86033358E-04
 ROW          49 START WITH   7.44083663E-05
 ROW          49 FIRST OvErWrItE WITH AICQFF*QINF, i.e. Vinf_x. LEAVING:   7.44083663E-05
 ROW          49 THEN ADD ALL AICGTH*GTH (wake vortex contributions). LEAVING:   7.44083663E-05
 ROW          49 THEN ADD ALL AICSIG*SIGK (rotor source contributions), LEAVING:   7.44083663E-05
 ROW          50 START WITH  -1.48828898E-04
 ROW          50 FIRST OvErWrItE WITH AICQFF*QINF, i.e. Vinf_x. LEAVING:  -1.48828898E-04
 ROW          50 THEN ADD ALL AICGTH*GTH (wake vortex contributions). LEAVING:  -1.48828898E-04
 ROW          50 THEN ADD ALL AICSIG*SIGK (rotor source contributions), LEAVING:  -1.48828898E-04
 ROW          51 START WITH  -1.98479887E-04
 ROW          51 FIRST OvErWrItE WITH AICQFF*QINF, i.e. Vinf_x. LEAVING:  -1.98479887E-04
 ROW          51 THEN ADD ALL AICGTH*GTH (wake vortex contributions). LEAVING:  -1.98479887E-04
 ROW          51 THEN ADD ALL AICSIG*SIGK (rotor source contributions), LEAVING:  -1.98479887E-04
 ROW          52 START WITH   7.57121597E-04
 ROW          52 FIRST OvErWrItE WITH AICQFF*QINF, i.e. Vinf_x. LEAVING:   7.57121597E-04
 ROW          52 THEN ADD ALL AICGTH*GTH (wake vortex contributions). LEAVING:   7.57121597E-04
 ROW          52 THEN ADD ALL AICSIG*SIGK (rotor source contributions), LEAVING:   7.57121597E-04
 ROW          53 START WITH   4.59794130E-04
 ROW          53 FIRST OvErWrItE WITH AICQFF*QINF, i.e. Vinf_x. LEAVING:   4.59794130E-04
 ROW          53 THEN ADD ALL AICGTH*GTH (wake vortex contributions). LEAVING:   4.59794130E-04
 ROW          53 THEN ADD ALL AICSIG*SIGK (rotor source contributions), LEAVING:   4.59794130E-04
 ROW          54 START WITH  -3.37555679E-03
 ROW          54 FIRST OvErWrItE WITH AICQFF*QINF, i.e. Vinf_x. LEAVING:  -3.37555679E-03
 ROW          54 THEN ADD ALL AICGTH*GTH (wake vortex contributions). LEAVING:  -3.37555679E-03
 ROW          54 THEN ADD ALL AICSIG*SIGK (rotor source contributions), LEAVING:  -3.37555679E-03
 ROW          55 START WITH   9.80420504E-04
 ROW          55 FIRST OvErWrItE WITH AICQFF*QINF, i.e. Vinf_x. LEAVING:   9.80420504E-04
 ROW          55 THEN ADD ALL AICGTH*GTH (wake vortex contributions). LEAVING:   9.80420504E-04
 ROW          55 THEN ADD ALL AICSIG*SIGK (rotor source contributions), LEAVING:   9.80420504E-04
 ROW          56 START WITH   1.26016242E-02
 ROW          56 FIRST OvErWrItE WITH AICQFF*QINF, i.e. Vinf_x. LEAVING:   1.26016242E-02
 ROW          56 THEN ADD ALL AICGTH*GTH (wake vortex contributions). LEAVING:   1.26016242E-02
 ROW          56 THEN ADD ALL AICSIG*SIGK (rotor source contributions), LEAVING:   1.26016242E-02
 ROW          57 START WITH  -1.36536593E-02
 ROW          57 FIRST OvErWrItE WITH AICQFF*QINF, i.e. Vinf_x. LEAVING:  -1.36536593E-02
 ROW          57 THEN ADD ALL AICGTH*GTH (wake vortex contributions). LEAVING:  -1.36536593E-02
 ROW          57 THEN ADD ALL AICSIG*SIGK (rotor source contributions), LEAVING:  -1.36536593E-02
 ROW          58 START WITH -0.298678905    
 ROW          58 FIRST OvErWrItE WITH AICQFF*QINF, i.e. Vinf_x. LEAVING: -0.298678905    
 ROW          58 THEN ADD ALL AICGTH*GTH (wake vortex contributions). LEAVING: -0.298678905    
 ROW          58 THEN ADD ALL AICSIG*SIGK (rotor source contributions), LEAVING: -0.298678905    
 ROW          59 START WITH  -1.27649558    
 ROW          59 FIRST OvErWrItE WITH AICQFF*QINF, i.e. Vinf_x. LEAVING:  -1.27649558    
 ROW          59 THEN ADD ALL AICGTH*GTH (wake vortex contributions). LEAVING:  -1.27649558    
 ROW          59 THEN ADD ALL AICSIG*SIGK (rotor source contributions), LEAVING:  -1.27649558    
 ROW          60 START WITH  -2.77901793    
 ROW          60 FIRST OvErWrItE WITH AICQFF*QINF, i.e. Vinf_x. LEAVING:  -2.77901793    
 ROW          60 THEN ADD ALL AICGTH*GTH (wake vortex contributions). LEAVING:  -2.77901793    
 ROW          60 THEN ADD ALL AICSIG*SIGK (rotor source contributions), LEAVING:  -2.77901793    
 ROW          61 START WITH  -4.36750221    
 ROW          61 FIRST OvErWrItE WITH AICQFF*QINF, i.e. Vinf_x. LEAVING:  -4.36750221    
 ROW          61 THEN ADD ALL AICGTH*GTH (wake vortex contributions). LEAVING:  -4.36750221    
 ROW          61 THEN ADD ALL AICSIG*SIGK (rotor source contributions), LEAVING:  -4.36750221    
 ROW          62 START WITH  -5.81916332    
 ROW          62 FIRST OvErWrItE WITH AICQFF*QINF, i.e. Vinf_x. LEAVING:  -5.81916332    
 ROW          62 THEN ADD ALL AICGTH*GTH (wake vortex contributions). LEAVING:  -5.81916332    
 ROW          62 THEN ADD ALL AICSIG*SIGK (rotor source contributions), LEAVING:  -5.81916332    
 ROW          63 START WITH  -7.14954329    
 ROW          63 FIRST OvErWrItE WITH AICQFF*QINF, i.e. Vinf_x. LEAVING:  -7.14954329    
 ROW          63 THEN ADD ALL AICGTH*GTH (wake vortex contributions). LEAVING:  -7.14954329    
 ROW          63 THEN ADD ALL AICSIG*SIGK (rotor source contributions), LEAVING:  -7.14954329    
 ROW          64 START WITH  -8.43732166    
 ROW          64 FIRST OvErWrItE WITH AICQFF*QINF, i.e. Vinf_x. LEAVING:  -8.43732166    
 ROW          64 THEN ADD ALL AICGTH*GTH (wake vortex contributions). LEAVING:  -8.43732166    
 ROW          64 THEN ADD ALL AICSIG*SIGK (rotor source contributions), LEAVING:  -8.43732166    
 ROW          65 START WITH  -9.70792961    
 ROW          65 FIRST OvErWrItE WITH AICQFF*QINF, i.e. Vinf_x. LEAVING:  -9.70792961    
 ROW          65 THEN ADD ALL AICGTH*GTH (wake vortex contributions). LEAVING:  -9.70792961    
 ROW          65 THEN ADD ALL AICSIG*SIGK (rotor source contributions), LEAVING:  -9.70792961    
 ROW          66 START WITH  -10.9448423    
 ROW          66 FIRST OvErWrItE WITH AICQFF*QINF, i.e. Vinf_x. LEAVING:  -10.9448423    
 ROW          66 THEN ADD ALL AICGTH*GTH (wake vortex contributions). LEAVING:  -10.9448423    
 ROW          66 THEN ADD ALL AICSIG*SIGK (rotor source contributions), LEAVING:  -10.9448423    
 ROW          67 START WITH  -12.1190529    
 ROW          67 FIRST OvErWrItE WITH AICQFF*QINF, i.e. Vinf_x. LEAVING:  -12.1190529    
 ROW          67 THEN ADD ALL AICGTH*GTH (wake vortex contributions). LEAVING:  -12.1190529    
 ROW          67 THEN ADD ALL AICSIG*SIGK (rotor source contributions), LEAVING:  -12.1190529    
 ROW          68 START WITH  -13.2258234    
 ROW          68 FIRST OvErWrItE WITH AICQFF*QINF, i.e. Vinf_x. LEAVING:  -13.2258234    
 ROW          68 THEN ADD ALL AICGTH*GTH (wake vortex contributions). LEAVING:  -13.2258234    
 ROW          68 THEN ADD ALL AICSIG*SIGK (rotor source contributions), LEAVING:  -13.2258234    
 ROW          69 START WITH  -14.2762203    
 ROW          69 FIRST OvErWrItE WITH AICQFF*QINF, i.e. Vinf_x. LEAVING:  -14.2762203    
 ROW          69 THEN ADD ALL AICGTH*GTH (wake vortex contributions). LEAVING:  -14.2762203    
 ROW          69 THEN ADD ALL AICSIG*SIGK (rotor source contributions), LEAVING:  -14.2762203    
 ROW          70 START WITH  -15.2646446    
 ROW          70 FIRST OvErWrItE WITH AICQFF*QINF, i.e. Vinf_x. LEAVING:  -15.2646446    
 ROW          70 THEN ADD ALL AICGTH*GTH (wake vortex contributions). LEAVING:  -15.2646446    
 ROW          70 THEN ADD ALL AICSIG*SIGK (rotor source contributions), LEAVING:  -15.2646446    
 ROW          71 START WITH  -16.1723995    
 ROW          71 FIRST OvErWrItE WITH AICQFF*QINF, i.e. Vinf_x. LEAVING:  -16.1723995    
 ROW          71 THEN ADD ALL AICGTH*GTH (wake vortex contributions). LEAVING:  -16.1723995    
 ROW          71 THEN ADD ALL AICSIG*SIGK (rotor source contributions), LEAVING:  -16.1723995    
 ROW          72 START WITH  -16.9913082    
 ROW          72 FIRST OvErWrItE WITH AICQFF*QINF, i.e. Vinf_x. LEAVING:  -16.9913082    
 ROW          72 THEN ADD ALL AICGTH*GTH (wake vortex contributions). LEAVING:  -16.9913082    
 ROW          72 THEN ADD ALL AICSIG*SIGK (rotor source contributions), LEAVING:  -16.9913082    
 ROW          73 START WITH  -17.7194786    
 ROW          73 FIRST OvErWrItE WITH AICQFF*QINF, i.e. Vinf_x. LEAVING:  -17.7194786    
 ROW          73 THEN ADD ALL AICGTH*GTH (wake vortex contributions). LEAVING:  -17.7194786    
 ROW          73 THEN ADD ALL AICSIG*SIGK (rotor source contributions), LEAVING:  -17.7194786    
 ROW          74 START WITH  -18.3523293    
 ROW          74 FIRST OvErWrItE WITH AICQFF*QINF, i.e. Vinf_x. LEAVING:  -18.3523293    
 ROW          74 THEN ADD ALL AICGTH*GTH (wake vortex contributions). LEAVING:  -18.3523293    
 ROW          74 THEN ADD ALL AICSIG*SIGK (rotor source contributions), LEAVING:  -18.3523293    
 ROW          75 START WITH  -18.8872795    
 ROW          75 FIRST OvErWrItE WITH AICQFF*QINF, i.e. Vinf_x. LEAVING:  -18.8872795    
 ROW          75 THEN ADD ALL AICGTH*GTH (wake vortex contributions). LEAVING:  -18.8872795    
 ROW          75 THEN ADD ALL AICSIG*SIGK (rotor source contributions), LEAVING:  -18.8872795    
 ROW          76 START WITH  -19.3194389    
 ROW          76 FIRST OvErWrItE WITH AICQFF*QINF, i.e. Vinf_x. LEAVING:  -19.3194389    
 ROW          76 THEN ADD ALL AICGTH*GTH (wake vortex contributions). LEAVING:  -19.3194389    
 ROW          76 THEN ADD ALL AICSIG*SIGK (rotor source contributions), LEAVING:  -19.3194389    
 ROW          77 START WITH  -19.6470814    
 ROW          77 FIRST OvErWrItE WITH AICQFF*QINF, i.e. Vinf_x. LEAVING:  -19.6470814    
 ROW          77 THEN ADD ALL AICGTH*GTH (wake vortex contributions). LEAVING:  -19.6470814    
 ROW          77 THEN ADD ALL AICSIG*SIGK (rotor source contributions), LEAVING:  -19.6470814    
 ROW          78 START WITH  -19.8703556    
 ROW          78 FIRST OvErWrItE WITH AICQFF*QINF, i.e. Vinf_x. LEAVING:  -19.8703556    
 ROW          78 THEN ADD ALL AICGTH*GTH (wake vortex contributions). LEAVING:  -19.8703556    
 ROW          78 THEN ADD ALL AICSIG*SIGK (rotor source contributions), LEAVING:  -19.8703556    
 ROW          79 START WITH  -19.9851055    
 ROW          79 FIRST OvErWrItE WITH AICQFF*QINF, i.e. Vinf_x. LEAVING:  -19.9851055    
 ROW          79 THEN ADD ALL AICGTH*GTH (wake vortex contributions). LEAVING:  -19.9851055    
 ROW          79 THEN ADD ALL AICSIG*SIGK (rotor source contributions), LEAVING:  -19.9851055    
 ROW          80 START WITH   0.00000000    
 ROW          80 FIRST OvErWrItE WITH AICQFF*QINF, i.e. Vinf_x. LEAVING:   0.00000000    
 ROW          80 THEN ADD ALL AICGTH*GTH (wake vortex contributions). LEAVING:   0.00000000    
 ROW          80 THEN ADD ALL AICSIG*SIGK (rotor source contributions), LEAVING:   0.00000000    
 ROW          81 START WITH   1.75288737    
 ROW          81 FIRST OvErWrItE WITH AICQFF*QINF, i.e. Vinf_x. LEAVING:   1.75288737    
 ROW          81 THEN ADD ALL AICGTH*GTH (wake vortex contributions). LEAVING:   1.75288737    
 ROW          81 THEN ADD ALL AICSIG*SIGK (rotor source contributions), LEAVING:   1.75288737    
 ROW          82 START WITH   2.14659405    
 ROW          82 FIRST OvErWrItE WITH AICQFF*QINF, i.e. Vinf_x. LEAVING:   2.14659405    
 ROW          82 THEN ADD ALL AICGTH*GTH (wake vortex contributions). LEAVING:   2.14659405    
 ROW          82 THEN ADD ALL AICSIG*SIGK (rotor source contributions), LEAVING:   2.14659405    
 ROW          83 START WITH   2.72363043    
 ROW          83 FIRST OvErWrItE WITH AICQFF*QINF, i.e. Vinf_x. LEAVING:   2.72363043    
 ROW          83 THEN ADD ALL AICGTH*GTH (wake vortex contributions). LEAVING:   2.72363043    
 ROW          83 THEN ADD ALL AICSIG*SIGK (rotor source contributions), LEAVING:   2.72363043    
 ROW          84 START WITH   3.31084371    
 ROW          84 FIRST OvErWrItE WITH AICQFF*QINF, i.e. Vinf_x. LEAVING:   3.31084371    
 ROW          84 THEN ADD ALL AICGTH*GTH (wake vortex contributions). LEAVING:   3.31084371    
 ROW          84 THEN ADD ALL AICSIG*SIGK (rotor source contributions), LEAVING:   3.31084371    
 ROW          85 START WITH   3.71867514    
 ROW          85 FIRST OvErWrItE WITH AICQFF*QINF, i.e. Vinf_x. LEAVING:   3.71867514    
 ROW          85 THEN ADD ALL AICGTH*GTH (wake vortex contributions). LEAVING:   3.71867514    
 ROW          85 THEN ADD ALL AICSIG*SIGK (rotor source contributions), LEAVING:   3.71867514    
 ROW          86 START WITH   3.97768998    
 ROW          86 FIRST OvErWrItE WITH AICQFF*QINF, i.e. Vinf_x. LEAVING:   3.97768998    
 ROW          86 THEN ADD ALL AICGTH*GTH (wake vortex contributions). LEAVING:   3.97768998    
 ROW          86 THEN ADD ALL AICSIG*SIGK (rotor source contributions), LEAVING:   3.97768998    
 ROW          87 START WITH   4.07123375    
 ROW          87 FIRST OvErWrItE WITH AICQFF*QINF, i.e. Vinf_x. LEAVING:   4.07123375    
 ROW          87 THEN ADD ALL AICGTH*GTH (wake vortex contributions). LEAVING:   4.07123375    
 ROW          87 THEN ADD ALL AICSIG*SIGK (rotor source contributions), LEAVING:   4.07123375    
 ROW          88 START WITH   4.14984369    
 ROW          88 FIRST OvErWrItE WITH AICQFF*QINF, i.e. Vinf_x. LEAVING:   4.14984369    
 ROW          88 THEN ADD ALL AICGTH*GTH (wake vortex contributions). LEAVING:   4.14984369    
 ROW          88 THEN ADD ALL AICSIG*SIGK (rotor source contributions), LEAVING:   4.14984369    
 ROW          89 START WITH   4.19490719    
 ROW          89 FIRST OvErWrItE WITH AICQFF*QINF, i.e. Vinf_x. LEAVING:   4.19490719    
 ROW          89 THEN ADD ALL AICGTH*GTH (wake vortex contributions). LEAVING:   4.19490719    
 ROW          89 THEN ADD ALL AICSIG*SIGK (rotor source contributions), LEAVING:   4.19490719    
 ROW          90 START WITH   4.12789631    
 ROW          90 FIRST OvErWrItE WITH AICQFF*QINF, i.e. Vinf_x. LEAVING:   4.12789631    
 ROW          90 THEN ADD ALL AICGTH*GTH (wake vortex contributions). LEAVING:   4.12789631    
 ROW          90 THEN ADD ALL AICSIG*SIGK (rotor source contributions), LEAVING:   4.12789631    
 ROW          91 START WITH   3.98451829    
 ROW          91 FIRST OvErWrItE WITH AICQFF*QINF, i.e. Vinf_x. LEAVING:   3.98451829    
 ROW          91 THEN ADD ALL AICGTH*GTH (wake vortex contributions). LEAVING:   3.98451829    
 ROW          91 THEN ADD ALL AICSIG*SIGK (rotor source contributions), LEAVING:   3.98451829    
 ROW          92 START WITH   3.92436957    
 ROW          92 FIRST OvErWrItE WITH AICQFF*QINF, i.e. Vinf_x. LEAVING:   3.92436957    
 ROW          92 THEN ADD ALL AICGTH*GTH (wake vortex contributions). LEAVING:   3.92436957    
 ROW          92 THEN ADD ALL AICSIG*SIGK (rotor source contributions), LEAVING:   3.92436957    
 ROW          93 START WITH   3.71868396    
 ROW          93 FIRST OvErWrItE WITH AICQFF*QINF, i.e. Vinf_x. LEAVING:   3.71868396    
 ROW          93 THEN ADD ALL AICGTH*GTH (wake vortex contributions). LEAVING:   3.71868396    
 ROW          93 THEN ADD ALL AICSIG*SIGK (rotor source contributions), LEAVING:   3.71868396    
 ROW          94 START WITH   3.38611126    
 ROW          94 FIRST OvErWrItE WITH AICQFF*QINF, i.e. Vinf_x. LEAVING:   3.38611126    
 ROW          94 THEN ADD ALL AICGTH*GTH (wake vortex contributions). LEAVING:   3.38611126    
 ROW          94 THEN ADD ALL AICSIG*SIGK (rotor source contributions), LEAVING:   3.38611126    
 ROW          95 START WITH   3.09899664    
 ROW          95 FIRST OvErWrItE WITH AICQFF*QINF, i.e. Vinf_x. LEAVING:   3.09899664    
 ROW          95 THEN ADD ALL AICGTH*GTH (wake vortex contributions). LEAVING:   3.09899664    
 ROW          95 THEN ADD ALL AICSIG*SIGK (rotor source contributions), LEAVING:   3.09899664    
 ROW          96 START WITH   2.75088263    
 ROW          96 FIRST OvErWrItE WITH AICQFF*QINF, i.e. Vinf_x. LEAVING:   2.75088263    
 ROW          96 THEN ADD ALL AICGTH*GTH (wake vortex contributions). LEAVING:   2.75088263    
 ROW          96 THEN ADD ALL AICSIG*SIGK (rotor source contributions), LEAVING:   2.75088263    
 ROW          97 START WITH   2.29812741    
 ROW          97 FIRST OvErWrItE WITH AICQFF*QINF, i.e. Vinf_x. LEAVING:   2.29812741    
 ROW          97 THEN ADD ALL AICGTH*GTH (wake vortex contributions). LEAVING:   2.29812741    
 ROW          97 THEN ADD ALL AICSIG*SIGK (rotor source contributions), LEAVING:   2.29812741    
 ROW          98 START WITH   1.86977792    
 ROW          98 FIRST OvErWrItE WITH AICQFF*QINF, i.e. Vinf_x. LEAVING:   1.86977792    
 ROW          98 THEN ADD ALL AICGTH*GTH (wake vortex contributions). LEAVING:   1.86977792    
 ROW          98 THEN ADD ALL AICSIG*SIGK (rotor source contributions), LEAVING:   1.86977792    
 ROW          99 START WITH   1.50721085    
 ROW          99 FIRST OvErWrItE WITH AICQFF*QINF, i.e. Vinf_x. LEAVING:   1.50721085    
 ROW          99 THEN ADD ALL AICGTH*GTH (wake vortex contributions). LEAVING:   1.50721085    
 ROW          99 THEN ADD ALL AICSIG*SIGK (rotor source contributions), LEAVING:   1.50721085    
 ROW         100 START WITH   1.22707582    
 ROW         100 FIRST OvErWrItE WITH AICQFF*QINF, i.e. Vinf_x. LEAVING:   1.22707582    
 ROW         100 THEN ADD ALL AICGTH*GTH (wake vortex contributions). LEAVING:   1.22707582    
 ROW         100 THEN ADD ALL AICSIG*SIGK (rotor source contributions), LEAVING:   1.22707582    
 ROW         101 START WITH  0.980563998    
 ROW         101 FIRST OvErWrItE WITH AICQFF*QINF, i.e. Vinf_x. LEAVING:  0.980563998    
 ROW         101 THEN ADD ALL AICGTH*GTH (wake vortex contributions). LEAVING:  0.980563998    
 ROW         101 THEN ADD ALL AICSIG*SIGK (rotor source contributions), LEAVING:  0.980563998    
 ROW         102 START WITH  0.666417539    
 ROW         102 FIRST OvErWrItE WITH AICQFF*QINF, i.e. Vinf_x. LEAVING:  0.666417539    
 ROW         102 THEN ADD ALL AICGTH*GTH (wake vortex contributions). LEAVING:  0.666417539    
 ROW         102 THEN ADD ALL AICSIG*SIGK (rotor source contributions), LEAVING:  0.666417539    
 ROW         103 START WITH  0.371885955    
 ROW         103 FIRST OvErWrItE WITH AICQFF*QINF, i.e. Vinf_x. LEAVING:  0.371885955    
 ROW         103 THEN ADD ALL AICGTH*GTH (wake vortex contributions). LEAVING:  0.371885955    
 ROW         103 THEN ADD ALL AICSIG*SIGK (rotor source contributions), LEAVING:  0.371885955    
 ROW         104 START WITH  0.163976684    
 ROW         104 FIRST OvErWrItE WITH AICQFF*QINF, i.e. Vinf_x. LEAVING:  0.163976684    
 ROW         104 THEN ADD ALL AICGTH*GTH (wake vortex contributions). LEAVING:  0.163976684    
 ROW         104 THEN ADD ALL AICSIG*SIGK (rotor source contributions), LEAVING:  0.163976684    
 ROW         105 START WITH  -5.60789369E-02
 ROW         105 FIRST OvErWrItE WITH AICQFF*QINF, i.e. Vinf_x. LEAVING:  -5.60789369E-02
 ROW         105 THEN ADD ALL AICGTH*GTH (wake vortex contributions). LEAVING:  -5.60789369E-02
 ROW         105 THEN ADD ALL AICSIG*SIGK (rotor source contributions), LEAVING:  -5.60789369E-02
 ROW         106 START WITH -0.302164614    
 ROW         106 FIRST OvErWrItE WITH AICQFF*QINF, i.e. Vinf_x. LEAVING: -0.302164614    
 ROW         106 THEN ADD ALL AICGTH*GTH (wake vortex contributions). LEAVING: -0.302164614    
 ROW         106 THEN ADD ALL AICSIG*SIGK (rotor source contributions), LEAVING: -0.302164614    
 ROW         107 START WITH -0.508423209    
 ROW         107 FIRST OvErWrItE WITH AICQFF*QINF, i.e. Vinf_x. LEAVING: -0.508423209    
 ROW         107 THEN ADD ALL AICGTH*GTH (wake vortex contributions). LEAVING: -0.508423209    
 ROW         107 THEN ADD ALL AICSIG*SIGK (rotor source contributions), LEAVING: -0.508423209    
 ROW         108 START WITH -0.705803275    
 ROW         108 FIRST OvErWrItE WITH AICQFF*QINF, i.e. Vinf_x. LEAVING: -0.705803275    
 ROW         108 THEN ADD ALL AICGTH*GTH (wake vortex contributions). LEAVING: -0.705803275    
 ROW         108 THEN ADD ALL AICSIG*SIGK (rotor source contributions), LEAVING: -0.705803275    
 ROW         109 START WITH -0.928360939    
 ROW         109 FIRST OvErWrItE WITH AICQFF*QINF, i.e. Vinf_x. LEAVING: -0.928360939    
 ROW         109 THEN ADD ALL AICGTH*GTH (wake vortex contributions). LEAVING: -0.928360939    
 ROW         109 THEN ADD ALL AICSIG*SIGK (rotor source contributions), LEAVING: -0.928360939    
 ROW         110 START WITH  -1.15622354    
 ROW         110 FIRST OvErWrItE WITH AICQFF*QINF, i.e. Vinf_x. LEAVING:  -1.15622354    
 ROW         110 THEN ADD ALL AICGTH*GTH (wake vortex contributions). LEAVING:  -1.15622354    
 ROW         110 THEN ADD ALL AICSIG*SIGK (rotor source contributions), LEAVING:  -1.15622354    
 ROW         111 START WITH  -1.38083398    
 ROW         111 FIRST OvErWrItE WITH AICQFF*QINF, i.e. Vinf_x. LEAVING:  -1.38083398    
 ROW         111 THEN ADD ALL AICGTH*GTH (wake vortex contributions). LEAVING:  -1.38083398    
 ROW         111 THEN ADD ALL AICSIG*SIGK (rotor source contributions), LEAVING:  -1.38083398    
 ROW         112 START WITH  -1.60370898    
 ROW         112 FIRST OvErWrItE WITH AICQFF*QINF, i.e. Vinf_x. LEAVING:  -1.60370898    
 ROW         112 THEN ADD ALL AICGTH*GTH (wake vortex contributions). LEAVING:  -1.60370898    
 ROW         112 THEN ADD ALL AICSIG*SIGK (rotor source contributions), LEAVING:  -1.60370898    
 ROW         113 START WITH  -1.85128355    
 ROW         113 FIRST OvErWrItE WITH AICQFF*QINF, i.e. Vinf_x. LEAVING:  -1.85128355    
 ROW         113 THEN ADD ALL AICGTH*GTH (wake vortex contributions). LEAVING:  -1.85128355    
 ROW         113 THEN ADD ALL AICSIG*SIGK (rotor source contributions), LEAVING:  -1.85128355    
 ROW         114 START WITH  -2.11225319    
 ROW         114 FIRST OvErWrItE WITH AICQFF*QINF, i.e. Vinf_x. LEAVING:  -2.11225319    
 ROW         114 THEN ADD ALL AICGTH*GTH (wake vortex contributions). LEAVING:  -2.11225319    
 ROW         114 THEN ADD ALL AICSIG*SIGK (rotor source contributions), LEAVING:  -2.11225319    
 ROW         115 START WITH  -2.35411334    
 ROW         115 FIRST OvErWrItE WITH AICQFF*QINF, i.e. Vinf_x. LEAVING:  -2.35411334    
 ROW         115 THEN ADD ALL AICGTH*GTH (wake vortex contributions). LEAVING:  -2.35411334    
 ROW         115 THEN ADD ALL AICSIG*SIGK (rotor source contributions), LEAVING:  -2.35411334    
 ROW         116 START WITH  -2.64880180    
 ROW         116 FIRST OvErWrItE WITH AICQFF*QINF, i.e. Vinf_x. LEAVING:  -2.64880180    
 ROW         116 THEN ADD ALL AICGTH*GTH (wake vortex contributions). LEAVING:  -2.64880180    
 ROW         116 THEN ADD ALL AICSIG*SIGK (rotor source contributions), LEAVING:  -2.64880180    
 ROW         117 START WITH  -2.97994423    
 ROW         117 FIRST OvErWrItE WITH AICQFF*QINF, i.e. Vinf_x. LEAVING:  -2.97994423    
 ROW         117 THEN ADD ALL AICGTH*GTH (wake vortex contributions). LEAVING:  -2.97994423    
 ROW         117 THEN ADD ALL AICSIG*SIGK (rotor source contributions), LEAVING:  -2.97994423    
 ROW         118 START WITH  -3.31257677    
 ROW         118 FIRST OvErWrItE WITH AICQFF*QINF, i.e. Vinf_x. LEAVING:  -3.31257677    
 ROW         118 THEN ADD ALL AICGTH*GTH (wake vortex contributions). LEAVING:  -3.31257677    
 ROW         118 THEN ADD ALL AICSIG*SIGK (rotor source contributions), LEAVING:  -3.31257677    
 ROW         119 START WITH  -3.72619343    
 ROW         119 FIRST OvErWrItE WITH AICQFF*QINF, i.e. Vinf_x. LEAVING:  -3.72619343    
 ROW         119 THEN ADD ALL AICGTH*GTH (wake vortex contributions). LEAVING:  -3.72619343    
 ROW         119 THEN ADD ALL AICSIG*SIGK (rotor source contributions), LEAVING:  -3.72619343    
 ROW         120 START WITH  -4.16453362    
 ROW         120 FIRST OvErWrItE WITH AICQFF*QINF, i.e. Vinf_x. LEAVING:  -4.16453362    
 ROW         120 THEN ADD ALL AICGTH*GTH (wake vortex contributions). LEAVING:  -4.16453362    
 ROW         120 THEN ADD ALL AICSIG*SIGK (rotor source contributions), LEAVING:  -4.16453362    
 ROW         121 START WITH  -4.61364794    
 ROW         121 FIRST OvErWrItE WITH AICQFF*QINF, i.e. Vinf_x. LEAVING:  -4.61364794    
 ROW         121 THEN ADD ALL AICGTH*GTH (wake vortex contributions). LEAVING:  -4.61364794    
 ROW         121 THEN ADD ALL AICSIG*SIGK (rotor source contributions), LEAVING:  -4.61364794    
 ROW         122 START WITH  -5.18952084    
 ROW         122 FIRST OvErWrItE WITH AICQFF*QINF, i.e. Vinf_x. LEAVING:  -5.18952084    
 ROW         122 THEN ADD ALL AICGTH*GTH (wake vortex contributions). LEAVING:  -5.18952084    
 ROW         122 THEN ADD ALL AICSIG*SIGK (rotor source contributions), LEAVING:  -5.18952084    
 ROW         123 START WITH  -5.91908693    
 ROW         123 FIRST OvErWrItE WITH AICQFF*QINF, i.e. Vinf_x. LEAVING:  -5.91908693    
 ROW         123 THEN ADD ALL AICGTH*GTH (wake vortex contributions). LEAVING:  -5.91908693    
 ROW         123 THEN ADD ALL AICSIG*SIGK (rotor source contributions), LEAVING:  -5.91908693    
 ROW         124 START WITH  -6.53751326    
 ROW         124 FIRST OvErWrItE WITH AICQFF*QINF, i.e. Vinf_x. LEAVING:  -6.53751326    
 ROW         124 THEN ADD ALL AICGTH*GTH (wake vortex contributions). LEAVING:  -6.53751326    
 ROW         124 THEN ADD ALL AICSIG*SIGK (rotor source contributions), LEAVING:  -6.53751326    
 ROW         125 START WITH  -7.59956312    
 ROW         125 FIRST OvErWrItE WITH AICQFF*QINF, i.e. Vinf_x. LEAVING:  -7.59956312    
 ROW         125 THEN ADD ALL AICGTH*GTH (wake vortex contributions). LEAVING:  -7.59956312    
 ROW         125 THEN ADD ALL AICSIG*SIGK (rotor source contributions), LEAVING:  -7.59956312    
 ROW         126 START WITH  -8.42488480    
 ROW         126 FIRST OvErWrItE WITH AICQFF*QINF, i.e. Vinf_x. LEAVING:  -8.42488480    
 ROW         126 THEN ADD ALL AICGTH*GTH (wake vortex contributions). LEAVING:  -8.42488480    
 ROW         126 THEN ADD ALL AICSIG*SIGK (rotor source contributions), LEAVING:  -8.42488480    
 ROW         127 START WITH  -12.1463861    
 ROW         127 FIRST OvErWrItE WITH AICQFF*QINF, i.e. Vinf_x. LEAVING:  -12.1463861    
 ROW         127 THEN ADD ALL AICGTH*GTH (wake vortex contributions). LEAVING:  -12.1463861    
 ROW         127 THEN ADD ALL AICSIG*SIGK (rotor source contributions), LEAVING:  -12.1463861    
 ROW         128 START WITH  -17.4317188    
 ROW         128 FIRST OvErWrItE WITH AICQFF*QINF, i.e. Vinf_x. LEAVING:  -17.4317188    
 ROW         128 THEN ADD ALL AICGTH*GTH (wake vortex contributions). LEAVING:  -17.4317188    
 ROW         128 THEN ADD ALL AICSIG*SIGK (rotor source contributions), LEAVING:  -17.4317188    
 ROW         129 START WITH  -18.5370770    
 ROW         129 FIRST OvErWrItE WITH AICQFF*QINF, i.e. Vinf_x. LEAVING:  -18.5370770    
 ROW         129 THEN ADD ALL AICGTH*GTH (wake vortex contributions). LEAVING:  -18.5370770    
 ROW         129 THEN ADD ALL AICSIG*SIGK (rotor source contributions), LEAVING:  -18.5370770    
 ROW         130 START WITH  -18.6343079    
 ROW         130 FIRST OvErWrItE WITH AICQFF*QINF, i.e. Vinf_x. LEAVING:  -18.6343079    
 ROW         130 THEN ADD ALL AICGTH*GTH (wake vortex contributions). LEAVING:  -18.6343079    
 ROW         130 THEN ADD ALL AICSIG*SIGK (rotor source contributions), LEAVING:  -18.6343079    
 ROW         131 START WITH  -17.6616936    
 ROW         131 FIRST OvErWrItE WITH AICQFF*QINF, i.e. Vinf_x. LEAVING:  -17.6616936    
 ROW         131 THEN ADD ALL AICGTH*GTH (wake vortex contributions). LEAVING:  -17.6616936    
 ROW         131 THEN ADD ALL AICSIG*SIGK (rotor source contributions), LEAVING:  -17.6616936    
 ROW         132 START WITH  -13.6067829    
 ROW         132 FIRST OvErWrItE WITH AICQFF*QINF, i.e. Vinf_x. LEAVING:  -13.6067829    
 ROW         132 THEN ADD ALL AICGTH*GTH (wake vortex contributions). LEAVING:  -13.6067829    
 ROW         132 THEN ADD ALL AICSIG*SIGK (rotor source contributions), LEAVING:  -13.6067829    
 ROW         133 START WITH  -9.03491306    
 ROW         133 FIRST OvErWrItE WITH AICQFF*QINF, i.e. Vinf_x. LEAVING:  -9.03491306    
 ROW         133 THEN ADD ALL AICGTH*GTH (wake vortex contributions). LEAVING:  -9.03491306    
 ROW         133 THEN ADD ALL AICSIG*SIGK (rotor source contributions), LEAVING:  -9.03491306    
 ROW         134 START WITH  -7.77059937    
 ROW         134 FIRST OvErWrItE WITH AICQFF*QINF, i.e. Vinf_x. LEAVING:  -7.77059937    
 ROW         134 THEN ADD ALL AICGTH*GTH (wake vortex contributions). LEAVING:  -7.77059937    
 ROW         134 THEN ADD ALL AICSIG*SIGK (rotor source contributions), LEAVING:  -7.77059937    
 ROW         135 START WITH  -6.93597984    
 ROW         135 FIRST OvErWrItE WITH AICQFF*QINF, i.e. Vinf_x. LEAVING:  -6.93597984    
 ROW         135 THEN ADD ALL AICGTH*GTH (wake vortex contributions). LEAVING:  -6.93597984    
 ROW         135 THEN ADD ALL AICSIG*SIGK (rotor source contributions), LEAVING:  -6.93597984    
 ROW         136 START WITH  -6.12283897    
 ROW         136 FIRST OvErWrItE WITH AICQFF*QINF, i.e. Vinf_x. LEAVING:  -6.12283897    
 ROW         136 THEN ADD ALL AICGTH*GTH (wake vortex contributions). LEAVING:  -6.12283897    
 ROW         136 THEN ADD ALL AICSIG*SIGK (rotor source contributions), LEAVING:  -6.12283897    
 ROW         137 START WITH  -5.55040789    
 ROW         137 FIRST OvErWrItE WITH AICQFF*QINF, i.e. Vinf_x. LEAVING:  -5.55040789    
 ROW         137 THEN ADD ALL AICGTH*GTH (wake vortex contributions). LEAVING:  -5.55040789    
 ROW         137 THEN ADD ALL AICSIG*SIGK (rotor source contributions), LEAVING:  -5.55040789    
 ROW         138 START WITH  -4.96182346    
 ROW         138 FIRST OvErWrItE WITH AICQFF*QINF, i.e. Vinf_x. LEAVING:  -4.96182346    
 ROW         138 THEN ADD ALL AICGTH*GTH (wake vortex contributions). LEAVING:  -4.96182346    
 ROW         138 THEN ADD ALL AICSIG*SIGK (rotor source contributions), LEAVING:  -4.96182346    
 ROW         139 START WITH  -4.49414730    
 ROW         139 FIRST OvErWrItE WITH AICQFF*QINF, i.e. Vinf_x. LEAVING:  -4.49414730    
 ROW         139 THEN ADD ALL AICGTH*GTH (wake vortex contributions). LEAVING:  -4.49414730    
 ROW         139 THEN ADD ALL AICSIG*SIGK (rotor source contributions), LEAVING:  -4.49414730    
 ROW         140 START WITH  -4.13473225    
 ROW         140 FIRST OvErWrItE WITH AICQFF*QINF, i.e. Vinf_x. LEAVING:  -4.13473225    
 ROW         140 THEN ADD ALL AICGTH*GTH (wake vortex contributions). LEAVING:  -4.13473225    
 ROW         140 THEN ADD ALL AICSIG*SIGK (rotor source contributions), LEAVING:  -4.13473225    
 ROW         141 START WITH  -3.76323605    
 ROW         141 FIRST OvErWrItE WITH AICQFF*QINF, i.e. Vinf_x. LEAVING:  -3.76323605    
 ROW         141 THEN ADD ALL AICGTH*GTH (wake vortex contributions). LEAVING:  -3.76323605    
 ROW         141 THEN ADD ALL AICSIG*SIGK (rotor source contributions), LEAVING:  -3.76323605    
 ROW         142 START WITH  -3.40812349    
 ROW         142 FIRST OvErWrItE WITH AICQFF*QINF, i.e. Vinf_x. LEAVING:  -3.40812349    
 ROW         142 THEN ADD ALL AICGTH*GTH (wake vortex contributions). LEAVING:  -3.40812349    
 ROW         142 THEN ADD ALL AICSIG*SIGK (rotor source contributions), LEAVING:  -3.40812349    
 ROW         143 START WITH  -3.11468124    
 ROW         143 FIRST OvErWrItE WITH AICQFF*QINF, i.e. Vinf_x. LEAVING:  -3.11468124    
 ROW         143 THEN ADD ALL AICGTH*GTH (wake vortex contributions). LEAVING:  -3.11468124    
 ROW         143 THEN ADD ALL AICSIG*SIGK (rotor source contributions), LEAVING:  -3.11468124    
 ROW         144 START WITH  -2.83949423    
 ROW         144 FIRST OvErWrItE WITH AICQFF*QINF, i.e. Vinf_x. LEAVING:  -2.83949423    
 ROW         144 THEN ADD ALL AICGTH*GTH (wake vortex contributions). LEAVING:  -2.83949423    
 ROW         144 THEN ADD ALL AICSIG*SIGK (rotor source contributions), LEAVING:  -2.83949423    
 ROW         145 START WITH  -2.56819820    
 ROW         145 FIRST OvErWrItE WITH AICQFF*QINF, i.e. Vinf_x. LEAVING:  -2.56819820    
 ROW         145 THEN ADD ALL AICGTH*GTH (wake vortex contributions). LEAVING:  -2.56819820    
 ROW         145 THEN ADD ALL AICSIG*SIGK (rotor source contributions), LEAVING:  -2.56819820    
 ROW         146 START WITH  -2.33186817    
 ROW         146 FIRST OvErWrItE WITH AICQFF*QINF, i.e. Vinf_x. LEAVING:  -2.33186817    
 ROW         146 THEN ADD ALL AICGTH*GTH (wake vortex contributions). LEAVING:  -2.33186817    
 ROW         146 THEN ADD ALL AICSIG*SIGK (rotor source contributions), LEAVING:  -2.33186817    
 ROW         147 START WITH  -2.13183618    
 ROW         147 FIRST OvErWrItE WITH AICQFF*QINF, i.e. Vinf_x. LEAVING:  -2.13183618    
 ROW         147 THEN ADD ALL AICGTH*GTH (wake vortex contributions). LEAVING:  -2.13183618    
 ROW         147 THEN ADD ALL AICSIG*SIGK (rotor source contributions), LEAVING:  -2.13183618    
 ROW         148 START WITH  -1.91746008    
 ROW         148 FIRST OvErWrItE WITH AICQFF*QINF, i.e. Vinf_x. LEAVING:  -1.91746008    
 ROW         148 THEN ADD ALL AICGTH*GTH (wake vortex contributions). LEAVING:  -1.91746008    
 ROW         148 THEN ADD ALL AICSIG*SIGK (rotor source contributions), LEAVING:  -1.91746008    
 ROW         149 START WITH  -1.70309877    
 ROW         149 FIRST OvErWrItE WITH AICQFF*QINF, i.e. Vinf_x. LEAVING:  -1.70309877    
 ROW         149 THEN ADD ALL AICGTH*GTH (wake vortex contributions). LEAVING:  -1.70309877    
 ROW         149 THEN ADD ALL AICSIG*SIGK (rotor source contributions), LEAVING:  -1.70309877    
 ROW         150 START WITH  -1.51194155    
 ROW         150 FIRST OvErWrItE WITH AICQFF*QINF, i.e. Vinf_x. LEAVING:  -1.51194155    
 ROW         150 THEN ADD ALL AICGTH*GTH (wake vortex contributions). LEAVING:  -1.51194155    
 ROW         150 THEN ADD ALL AICSIG*SIGK (rotor source contributions), LEAVING:  -1.51194155    
 ROW         151 START WITH  -1.32720613    
 ROW         151 FIRST OvErWrItE WITH AICQFF*QINF, i.e. Vinf_x. LEAVING:  -1.32720613    
 ROW         151 THEN ADD ALL AICGTH*GTH (wake vortex contributions). LEAVING:  -1.32720613    
 ROW         151 THEN ADD ALL AICSIG*SIGK (rotor source contributions), LEAVING:  -1.32720613    
 ROW         152 START WITH  -1.14058745    
 ROW         152 FIRST OvErWrItE WITH AICQFF*QINF, i.e. Vinf_x. LEAVING:  -1.14058745    
 ROW         152 THEN ADD ALL AICGTH*GTH (wake vortex contributions). LEAVING:  -1.14058745    
 ROW         152 THEN ADD ALL AICSIG*SIGK (rotor source contributions), LEAVING:  -1.14058745    
 ROW         153 START WITH -0.950340629    
 ROW         153 FIRST OvErWrItE WITH AICQFF*QINF, i.e. Vinf_x. LEAVING: -0.950340629    
 ROW         153 THEN ADD ALL AICGTH*GTH (wake vortex contributions). LEAVING: -0.950340629    
 ROW         153 THEN ADD ALL AICSIG*SIGK (rotor source contributions), LEAVING: -0.950340629    
 ROW         154 START WITH -0.762769818    
 ROW         154 FIRST OvErWrItE WITH AICQFF*QINF, i.e. Vinf_x. LEAVING: -0.762769818    
 ROW         154 THEN ADD ALL AICGTH*GTH (wake vortex contributions). LEAVING: -0.762769818    
 ROW         154 THEN ADD ALL AICSIG*SIGK (rotor source contributions), LEAVING: -0.762769818    
 ROW         155 START WITH -0.593369544    
 ROW         155 FIRST OvErWrItE WITH AICQFF*QINF, i.e. Vinf_x. LEAVING: -0.593369544    
 ROW         155 THEN ADD ALL AICGTH*GTH (wake vortex contributions). LEAVING: -0.593369544    
 ROW         155 THEN ADD ALL AICSIG*SIGK (rotor source contributions), LEAVING: -0.593369544    
 ROW         156 START WITH -0.433949053    
 ROW         156 FIRST OvErWrItE WITH AICQFF*QINF, i.e. Vinf_x. LEAVING: -0.433949053    
 ROW         156 THEN ADD ALL AICGTH*GTH (wake vortex contributions). LEAVING: -0.433949053    
 ROW         156 THEN ADD ALL AICSIG*SIGK (rotor source contributions), LEAVING: -0.433949053    
 ROW         157 START WITH -0.249606222    
 ROW         157 FIRST OvErWrItE WITH AICQFF*QINF, i.e. Vinf_x. LEAVING: -0.249606222    
 ROW         157 THEN ADD ALL AICGTH*GTH (wake vortex contributions). LEAVING: -0.249606222    
 ROW         157 THEN ADD ALL AICSIG*SIGK (rotor source contributions), LEAVING: -0.249606222    
 ROW         158 START WITH  -4.50258516E-02
 ROW         158 FIRST OvErWrItE WITH AICQFF*QINF, i.e. Vinf_x. LEAVING:  -4.50258516E-02
 ROW         158 THEN ADD ALL AICGTH*GTH (wake vortex contributions). LEAVING:  -4.50258516E-02
 ROW         158 THEN ADD ALL AICSIG*SIGK (rotor source contributions), LEAVING:  -4.50258516E-02
 ROW         159 START WITH  0.139088541    
 ROW         159 FIRST OvErWrItE WITH AICQFF*QINF, i.e. Vinf_x. LEAVING:  0.139088541    
 ROW         159 THEN ADD ALL AICGTH*GTH (wake vortex contributions). LEAVING:  0.139088541    
 ROW         159 THEN ADD ALL AICSIG*SIGK (rotor source contributions), LEAVING:  0.139088541    
 ROW         160 START WITH  0.302394480    
 ROW         160 FIRST OvErWrItE WITH AICQFF*QINF, i.e. Vinf_x. LEAVING:  0.302394480    
 ROW         160 THEN ADD ALL AICGTH*GTH (wake vortex contributions). LEAVING:  0.302394480    
 ROW         160 THEN ADD ALL AICSIG*SIGK (rotor source contributions), LEAVING:  0.302394480    
 ROW         161 START WITH  0.518804610    
 ROW         161 FIRST OvErWrItE WITH AICQFF*QINF, i.e. Vinf_x. LEAVING:  0.518804610    
 ROW         161 THEN ADD ALL AICGTH*GTH (wake vortex contributions). LEAVING:  0.518804610    
 ROW         161 THEN ADD ALL AICSIG*SIGK (rotor source contributions), LEAVING:  0.518804610    
 ROW         162 START WITH  0.784652472    
 ROW         162 FIRST OvErWrItE WITH AICQFF*QINF, i.e. Vinf_x. LEAVING:  0.784652472    
 ROW         162 THEN ADD ALL AICGTH*GTH (wake vortex contributions). LEAVING:  0.784652472    
 ROW         162 THEN ADD ALL AICSIG*SIGK (rotor source contributions), LEAVING:  0.784652472    
 ROW         163 START WITH   1.02828074    
 ROW         163 FIRST OvErWrItE WITH AICQFF*QINF, i.e. Vinf_x. LEAVING:   1.02828074    
 ROW         163 THEN ADD ALL AICGTH*GTH (wake vortex contributions). LEAVING:   1.02828074    
 ROW         163 THEN ADD ALL AICSIG*SIGK (rotor source contributions), LEAVING:   1.02828074    
 ROW         164 START WITH   1.23038304    
 ROW         164 FIRST OvErWrItE WITH AICQFF*QINF, i.e. Vinf_x. LEAVING:   1.23038304    
 ROW         164 THEN ADD ALL AICGTH*GTH (wake vortex contributions). LEAVING:   1.23038304    
 ROW         164 THEN ADD ALL AICSIG*SIGK (rotor source contributions), LEAVING:   1.23038304    
 ROW         165 START WITH   1.45734727    
 ROW         165 FIRST OvErWrItE WITH AICQFF*QINF, i.e. Vinf_x. LEAVING:   1.45734727    
 ROW         165 THEN ADD ALL AICGTH*GTH (wake vortex contributions). LEAVING:   1.45734727    
 ROW         165 THEN ADD ALL AICSIG*SIGK (rotor source contributions), LEAVING:   1.45734727    
 ROW         166 START WITH   1.73952520    
 ROW         166 FIRST OvErWrItE WITH AICQFF*QINF, i.e. Vinf_x. LEAVING:   1.73952520    
 ROW         166 THEN ADD ALL AICGTH*GTH (wake vortex contributions). LEAVING:   1.73952520    
 ROW         166 THEN ADD ALL AICSIG*SIGK (rotor source contributions), LEAVING:   1.73952520    
 ROW         167 START WITH   2.07201838    
 ROW         167 FIRST OvErWrItE WITH AICQFF*QINF, i.e. Vinf_x. LEAVING:   2.07201838    
 ROW         167 THEN ADD ALL AICGTH*GTH (wake vortex contributions). LEAVING:   2.07201838    
 ROW         167 THEN ADD ALL AICSIG*SIGK (rotor source contributions), LEAVING:   2.07201838    
 ROW         168 START WITH   2.44857574    
 ROW         168 FIRST OvErWrItE WITH AICQFF*QINF, i.e. Vinf_x. LEAVING:   2.44857574    
 ROW         168 THEN ADD ALL AICGTH*GTH (wake vortex contributions). LEAVING:   2.44857574    
 ROW         168 THEN ADD ALL AICSIG*SIGK (rotor source contributions), LEAVING:   2.44857574    
 ROW         169 START WITH   2.81352091    
 ROW         169 FIRST OvErWrItE WITH AICQFF*QINF, i.e. Vinf_x. LEAVING:   2.81352091    
 ROW         169 THEN ADD ALL AICGTH*GTH (wake vortex contributions). LEAVING:   2.81352091    
 ROW         169 THEN ADD ALL AICSIG*SIGK (rotor source contributions), LEAVING:   2.81352091    
 ROW         170 START WITH   3.09538603    
 ROW         170 FIRST OvErWrItE WITH AICQFF*QINF, i.e. Vinf_x. LEAVING:   3.09538603    
 ROW         170 THEN ADD ALL AICGTH*GTH (wake vortex contributions). LEAVING:   3.09538603    
 ROW         170 THEN ADD ALL AICSIG*SIGK (rotor source contributions), LEAVING:   3.09538603    
 ROW         171 START WITH   3.32822132    
 ROW         171 FIRST OvErWrItE WITH AICQFF*QINF, i.e. Vinf_x. LEAVING:   3.32822132    
 ROW         171 THEN ADD ALL AICGTH*GTH (wake vortex contributions). LEAVING:   3.32822132    
 ROW         171 THEN ADD ALL AICSIG*SIGK (rotor source contributions), LEAVING:   3.32822132    
 ROW         172 START WITH   3.60682845    
 ROW         172 FIRST OvErWrItE WITH AICQFF*QINF, i.e. Vinf_x. LEAVING:   3.60682845    
 ROW         172 THEN ADD ALL AICGTH*GTH (wake vortex contributions). LEAVING:   3.60682845    
 ROW         172 THEN ADD ALL AICSIG*SIGK (rotor source contributions), LEAVING:   3.60682845    
 ROW         173 START WITH   3.84418106    
 ROW         173 FIRST OvErWrItE WITH AICQFF*QINF, i.e. Vinf_x. LEAVING:   3.84418106    
 ROW         173 THEN ADD ALL AICGTH*GTH (wake vortex contributions). LEAVING:   3.84418106    
 ROW         173 THEN ADD ALL AICSIG*SIGK (rotor source contributions), LEAVING:   3.84418106    
 ROW         174 START WITH   3.94676781    
 ROW         174 FIRST OvErWrItE WITH AICQFF*QINF, i.e. Vinf_x. LEAVING:   3.94676781    
 ROW         174 THEN ADD ALL AICGTH*GTH (wake vortex contributions). LEAVING:   3.94676781    
 ROW         174 THEN ADD ALL AICSIG*SIGK (rotor source contributions), LEAVING:   3.94676781    
 ROW         175 START WITH   3.99952388    
 ROW         175 FIRST OvErWrItE WITH AICQFF*QINF, i.e. Vinf_x. LEAVING:   3.99952388    
 ROW         175 THEN ADD ALL AICGTH*GTH (wake vortex contributions). LEAVING:   3.99952388    
 ROW         175 THEN ADD ALL AICSIG*SIGK (rotor source contributions), LEAVING:   3.99952388    
 ROW         176 START WITH   4.12564421    
 ROW         176 FIRST OvErWrItE WITH AICQFF*QINF, i.e. Vinf_x. LEAVING:   4.12564421    
 ROW         176 THEN ADD ALL AICGTH*GTH (wake vortex contributions). LEAVING:   4.12564421    
 ROW         176 THEN ADD ALL AICSIG*SIGK (rotor source contributions), LEAVING:   4.12564421    
 ROW         177 START WITH   4.19464493    
 ROW         177 FIRST OvErWrItE WITH AICQFF*QINF, i.e. Vinf_x. LEAVING:   4.19464493    
 ROW         177 THEN ADD ALL AICGTH*GTH (wake vortex contributions). LEAVING:   4.19464493    
 ROW         177 THEN ADD ALL AICSIG*SIGK (rotor source contributions), LEAVING:   4.19464493    
 ROW         178 START WITH   4.17604923    
 ROW         178 FIRST OvErWrItE WITH AICQFF*QINF, i.e. Vinf_x. LEAVING:   4.17604923    
