 ROW            2 IS FLOW TANGENCY  (QC dot n) AT POINT IC=           1 WHERE QC=   20.0000000       0.00000000     AND NHAT=  0.255679607      0.966761529     VALUE OF RES(K) IS NOW   5.11359215    
 ROW            3 IS FLOW TANGENCY  (QC dot n) AT POINT IC=           2 WHERE QC=   20.0000000       0.00000000     AND NHAT=  0.255680352      0.966761470     VALUE OF RES(K) IS NOW   5.11360693    
 ROW            4 IS FLOW TANGENCY  (QC dot n) AT POINT IC=           3 WHERE QC=   20.0000000       0.00000000     AND NHAT=  0.255681634      0.966761053     VALUE OF RES(K) IS NOW   5.11363268    
 ROW            5 IS FLOW TANGENCY  (QC dot n) AT POINT IC=           4 WHERE QC=   20.0000000       0.00000000     AND NHAT=  0.255678594      0.966761887     VALUE OF RES(K) IS NOW   5.11357212    
 ROW            6 IS FLOW TANGENCY  (QC dot n) AT POINT IC=           5 WHERE QC=   20.0000000       0.00000000     AND NHAT=  0.255682796      0.966760695     VALUE OF RES(K) IS NOW   5.11365604    
 ROW            7 IS FLOW TANGENCY  (QC dot n) AT POINT IC=           6 WHERE QC=   20.0000000       0.00000000     AND NHAT=  0.255679041      0.966761708     VALUE OF RES(K) IS NOW   5.11358070    
 ROW            8 IS FLOW TANGENCY  (QC dot n) AT POINT IC=           7 WHERE QC=   20.0000000       0.00000000     AND NHAT=  0.255680442      0.966761351     VALUE OF RES(K) IS NOW   5.11360884    
 ROW            9 IS FLOW TANGENCY  (QC dot n) AT POINT IC=           8 WHERE QC=   20.0000000       0.00000000     AND NHAT=  0.255678892      0.966761768     VALUE OF RES(K) IS NOW   5.11357784    
 ROW           10 IS FLOW TANGENCY  (QC dot n) AT POINT IC=           9 WHERE QC=   20.0000000       0.00000000     AND NHAT=  0.255680710      0.966761351     VALUE OF RES(K) IS NOW   5.11361408    
 ROW           11 IS FLOW TANGENCY  (QC dot n) AT POINT IC=          10 WHERE QC=   20.0000000       0.00000000     AND NHAT=  0.255677581      0.966762125     VALUE OF RES(K) IS NOW   5.11355162    
 ROW           12 IS FLOW TANGENCY  (QC dot n) AT POINT IC=          11 WHERE QC=   20.0000000       0.00000000     AND NHAT=  0.255683661      0.966760457     VALUE OF RES(K) IS NOW   5.11367321    
 ROW           13 IS FLOW TANGENCY  (QC dot n) AT POINT IC=          12 WHERE QC=   20.0000000       0.00000000     AND NHAT=  0.255693018      0.966757953     VALUE OF RES(K) IS NOW   5.11386013    
 ROW           14 IS FLOW TANGENCY  (QC dot n) AT POINT IC=          13 WHERE QC=   20.0000000       0.00000000     AND NHAT=  0.255663991      0.966765702     VALUE OF RES(K) IS NOW   5.11327982    
 ROW           15 IS FLOW TANGENCY  (QC dot n) AT POINT IC=          14 WHERE QC=   20.0000000       0.00000000     AND NHAT=  0.255620927      0.966777146     VALUE OF RES(K) IS NOW   5.11241865    
 ROW           16 IS FLOW TANGENCY  (QC dot n) AT POINT IC=          15 WHERE QC=   20.0000000       0.00000000     AND NHAT=  0.255758107      0.966740787     VALUE OF RES(K) IS NOW   5.11516190    
 ROW           17 IS FLOW TANGENCY  (QC dot n) AT POINT IC=          16 WHERE QC=   20.0000000       0.00000000     AND NHAT=  0.255913168      0.966699719     VALUE OF RES(K) IS NOW   5.11826324    
 ROW           18 IS FLOW TANGENCY  (QC dot n) AT POINT IC=          17 WHERE QC=   20.0000000       0.00000000     AND NHAT=  0.255430192      0.966827512     VALUE OF RES(K) IS NOW   5.10860395    
 ROW           19 IS FLOW TANGENCY  (QC dot n) AT POINT IC=          18 WHERE QC=   20.0000000       0.00000000     AND NHAT=  0.254757285      0.967005014     VALUE OF RES(K) IS NOW   5.09514570    
 ROW           20 IS FLOW TANGENCY  (QC dot n) AT POINT IC=          19 WHERE QC=   20.0000000       0.00000000     AND NHAT=  0.256090283      0.966652870     VALUE OF RES(K) IS NOW   5.12180567    
 ROW           21 IS FLOW TANGENCY  (QC dot n) AT POINT IC=          20 WHERE QC=   20.0000000       0.00000000     AND NHAT=  0.258892417      0.965906143     VALUE OF RES(K) IS NOW   5.17784834    
 ROW           22 IS FLOW TANGENCY  (QC dot n) AT POINT IC=          21 WHERE QC=   20.0000000       0.00000000     AND NHAT=  0.257003039      0.966410637     VALUE OF RES(K) IS NOW   5.14006090    
 ROW           23 IS FLOW TANGENCY  (QC dot n) AT POINT IC=          22 WHERE QC=   20.0000000       0.00000000     AND NHAT=  0.247741997      0.968825996     VALUE OF RES(K) IS NOW   4.95483971    
 ROW           24 IS FLOW TANGENCY  (QC dot n) AT POINT IC=          23 WHERE QC=   20.0000000       0.00000000     AND NHAT=  0.242466837      0.970159769     VALUE OF RES(K) IS NOW   4.84933662    
 ROW           25 IS FLOW TANGENCY  (QC dot n) AT POINT IC=          24 WHERE QC=   20.0000000       0.00000000     AND NHAT=  0.258422464      0.966031969     VALUE OF RES(K) IS NOW   5.16844940    
 ROW           26 IS FLOW TANGENCY  (QC dot n) AT POINT IC=          25 WHERE QC=   20.0000000       0.00000000     AND NHAT=  0.290076226      0.957003593     VALUE OF RES(K) IS NOW   5.80152464    
 ROW           27 IS FLOW TANGENCY  (QC dot n) AT POINT IC=          26 WHERE QC=   20.0000000       0.00000000     AND NHAT=  0.309941262      0.950755715     VALUE OF RES(K) IS NOW   6.19882536    
 ROW           28 IS FLOW TANGENCY  (QC dot n) AT POINT IC=          27 WHERE QC=   20.0000000       0.00000000     AND NHAT=  0.284355044      0.958719075     VALUE OF RES(K) IS NOW   5.68710089    
 ROW           29 IS FLOW TANGENCY  (QC dot n) AT POINT IC=          28 WHERE QC=   20.0000000       0.00000000     AND NHAT=  0.223700419      0.974657893     VALUE OF RES(K) IS NOW   4.47400856    
 ROW           30 IS FLOW TANGENCY  (QC dot n) AT POINT IC=          29 WHERE QC=   20.0000000       0.00000000     AND NHAT=  0.139583692      0.990210235     VALUE OF RES(K) IS NOW   2.79167390    
 ROW           31 IS FLOW TANGENCY  (QC dot n) AT POINT IC=          30 WHERE QC=   20.0000000       0.00000000     AND NHAT=   5.46907671E-02  0.998503327     VALUE OF RES(K) IS NOW   1.09381533    
 ROW           32 IS FLOW TANGENCY  (QC dot n) AT POINT IC=          31 WHERE QC=   20.0000000       0.00000000     AND NHAT=  -7.27251498E-03  0.999973536     VALUE OF RES(K) IS NOW -0.145450294    
 ROW           33 IS FLOW TANGENCY  (QC dot n) AT POINT IC=          32 WHERE QC=   20.0000000       0.00000000     AND NHAT=  -3.95555496E-02  0.999217331     VALUE OF RES(K) IS NOW -0.791110992    
 ROW           34 IS FLOW TANGENCY  (QC dot n) AT POINT IC=          33 WHERE QC=   20.0000000       0.00000000     AND NHAT=  -3.07966787E-02  0.999525666     VALUE OF RES(K) IS NOW -0.615933597    
 ROW           35 IS FLOW TANGENCY  (QC dot n) AT POINT IC=          34 WHERE QC=   20.0000000       0.00000000     AND NHAT=  -2.99827568E-03  0.999995530     VALUE OF RES(K) IS NOW  -5.99655136E-02
 ROW           36 IS FLOW TANGENCY  (QC dot n) AT POINT IC=          35 WHERE QC=   20.0000000       0.00000000     AND NHAT=   1.04239071E-02  0.999945700     VALUE OF RES(K) IS NOW  0.208478138    
 ROW           37 IS FLOW TANGENCY  (QC dot n) AT POINT IC=          36 WHERE QC=   20.0000000       0.00000000     AND NHAT=   6.94750436E-03  0.999975860     VALUE OF RES(K) IS NOW  0.138950080    
 ROW           38 IS FLOW TANGENCY  (QC dot n) AT POINT IC=          37 WHERE QC=   20.0000000       0.00000000     AND NHAT=  -9.97356954E-04  0.999999523     VALUE OF RES(K) IS NOW  -1.99471395E-02
 ROW           39 IS FLOW TANGENCY  (QC dot n) AT POINT IC=          38 WHERE QC=   20.0000000       0.00000000     AND NHAT=  -2.78454297E-03  0.999996126     VALUE OF RES(K) IS NOW  -5.56908585E-02
 ROW           40 IS FLOW TANGENCY  (QC dot n) AT POINT IC=          39 WHERE QC=   20.0000000       0.00000000     AND NHAT=  -4.19343967E-04  0.999999881     VALUE OF RES(K) IS NOW  -8.38687923E-03
 ROW           41 IS FLOW TANGENCY  (QC dot n) AT POINT IC=          40 WHERE QC=   20.0000000       0.00000000     AND NHAT=   7.58920680E-04  0.999999642     VALUE OF RES(K) IS NOW   1.51784141E-02
 ROW           42 IS FLOW TANGENCY  (QC dot n) AT POINT IC=          41 WHERE QC=   20.0000000       0.00000000     AND NHAT=   3.07405251E-04  0.999999940     VALUE OF RES(K) IS NOW   6.14810502E-03
 ROW           43 IS FLOW TANGENCY  (QC dot n) AT POINT IC=          42 WHERE QC=   20.0000000       0.00000000     AND NHAT=  -1.66942831E-04   1.00000000     VALUE OF RES(K) IS NOW  -3.33885662E-03
 ROW           44 IS FLOW TANGENCY  (QC dot n) AT POINT IC=          43 WHERE QC=   20.0000000       0.00000000     AND NHAT=  -1.27451582E-04   1.00000000     VALUE OF RES(K) IS NOW  -2.54903175E-03
 ROW           45 IS FLOW TANGENCY  (QC dot n) AT POINT IC=          44 WHERE QC=   20.0000000       0.00000000     AND NHAT=   2.98047780E-05   1.00000000     VALUE OF RES(K) IS NOW   5.96095575E-04
 ROW           46 IS FLOW TANGENCY  (QC dot n) AT POINT IC=          45 WHERE QC=   20.0000000       0.00000000     AND NHAT=   4.21917866E-05  0.999999940     VALUE OF RES(K) IS NOW   8.43835762E-04
 ROW           47 IS FLOW TANGENCY  (QC dot n) AT POINT IC=          46 WHERE QC=   20.0000000       0.00000000     AND NHAT=  -5.58226111E-06   1.00000000     VALUE OF RES(K) IS NOW  -1.11645219E-04
 ROW           48 IS FLOW TANGENCY  (QC dot n) AT POINT IC=          47 WHERE QC=   20.0000000       0.00000000     AND NHAT=  -9.30166789E-06   1.00000000     VALUE OF RES(K) IS NOW  -1.86033358E-04
 ROW           49 IS FLOW TANGENCY  (QC dot n) AT POINT IC=          48 WHERE QC=   20.0000000       0.00000000     AND NHAT=   3.72041814E-06   1.00000000     VALUE OF RES(K) IS NOW   7.44083663E-05
 ROW           50 IS FLOW TANGENCY  (QC dot n) AT POINT IC=          49 WHERE QC=   20.0000000       0.00000000     AND NHAT=  -7.44144518E-06   1.00000000     VALUE OF RES(K) IS NOW  -1.48828898E-04
 ROW           51 IS FLOW TANGENCY  (QC dot n) AT POINT IC=          50 WHERE QC=   20.0000000       0.00000000     AND NHAT=  -9.92399418E-06  0.999999940     VALUE OF RES(K) IS NOW  -1.98479887E-04
 ROW           52 IS FLOW TANGENCY  (QC dot n) AT POINT IC=          51 WHERE QC=   20.0000000       0.00000000     AND NHAT=   3.78560799E-05   1.00000000     VALUE OF RES(K) IS NOW   7.57121597E-04
 ROW           53 IS FLOW TANGENCY  (QC dot n) AT POINT IC=          52 WHERE QC=   20.0000000       0.00000000     AND NHAT=   2.29897068E-05   1.00000000     VALUE OF RES(K) IS NOW   4.59794130E-04
 ROW           54 IS FLOW TANGENCY  (QC dot n) AT POINT IC=          53 WHERE QC=   20.0000000       0.00000000     AND NHAT=  -1.68777842E-04  0.999999940     VALUE OF RES(K) IS NOW  -3.37555679E-03
 ROW           55 IS FLOW TANGENCY  (QC dot n) AT POINT IC=          54 WHERE QC=   20.0000000       0.00000000     AND NHAT=   4.90210223E-05  0.999999940     VALUE OF RES(K) IS NOW   9.80420504E-04
 ROW           56 IS FLOW TANGENCY  (QC dot n) AT POINT IC=          55 WHERE QC=   20.0000000       0.00000000     AND NHAT=   6.30081224E-04  0.999999821     VALUE OF RES(K) IS NOW   1.26016242E-02
 ROW           57 IS FLOW TANGENCY  (QC dot n) AT POINT IC=          56 WHERE QC=   20.0000000       0.00000000     AND NHAT=  -6.82682963E-04  0.999999702     VALUE OF RES(K) IS NOW  -1.36536593E-02
 ROW           58 IS FLOW TANGENCY  (QC dot n) AT POINT IC=          57 WHERE QC=   20.0000000       0.00000000     AND NHAT=  -1.49339447E-02  0.999888539     VALUE OF RES(K) IS NOW -0.298678905    
 ROW           59 IS FLOW TANGENCY  (QC dot n) AT POINT IC=          58 WHERE QC=   20.0000000       0.00000000     AND NHAT=  -6.38247803E-02  0.997961104     VALUE OF RES(K) IS NOW  -1.27649558    
 ROW           60 IS FLOW TANGENCY  (QC dot n) AT POINT IC=          59 WHERE QC=   20.0000000       0.00000000     AND NHAT= -0.138950899      0.990299284     VALUE OF RES(K) IS NOW  -2.77901793    
 ROW           61 IS FLOW TANGENCY  (QC dot n) AT POINT IC=          60 WHERE QC=   20.0000000       0.00000000     AND NHAT= -0.218375102      0.975864947     VALUE OF RES(K) IS NOW  -4.36750221    
 ROW           62 IS FLOW TANGENCY  (QC dot n) AT POINT IC=          61 WHERE QC=   20.0000000       0.00000000     AND NHAT= -0.290958166      0.956735730     VALUE OF RES(K) IS NOW  -5.81916332    
 ROW           63 IS FLOW TANGENCY  (QC dot n) AT POINT IC=          62 WHERE QC=   20.0000000       0.00000000     AND NHAT= -0.357477158      0.933921874     VALUE OF RES(K) IS NOW  -7.14954329    
 ROW           64 IS FLOW TANGENCY  (QC dot n) AT POINT IC=          63 WHERE QC=   20.0000000       0.00000000     AND NHAT= -0.421866089      0.906658113     VALUE OF RES(K) IS NOW  -8.43732166    
 ROW           65 IS FLOW TANGENCY  (QC dot n) AT POINT IC=          64 WHERE QC=   20.0000000       0.00000000     AND NHAT= -0.485396475      0.874294162     VALUE OF RES(K) IS NOW  -9.70792961    
 ROW           66 IS FLOW TANGENCY  (QC dot n) AT POINT IC=          65 WHERE QC=   20.0000000       0.00000000     AND NHAT= -0.547242105      0.836974382     VALUE OF RES(K) IS NOW  -10.9448423    
 ROW           67 IS FLOW TANGENCY  (QC dot n) AT POINT IC=          66 WHERE QC=   20.0000000       0.00000000     AND NHAT= -0.605952621      0.795500755     VALUE OF RES(K) IS NOW  -12.1190529    
 ROW           68 IS FLOW TANGENCY  (QC dot n) AT POINT IC=          67 WHERE QC=   20.0000000       0.00000000     AND NHAT= -0.661291182      0.750129402     VALUE OF RES(K) IS NOW  -13.2258234    
 ROW           69 IS FLOW TANGENCY  (QC dot n) AT POINT IC=          68 WHERE QC=   20.0000000       0.00000000     AND NHAT= -0.713811040      0.700338304     VALUE OF RES(K) IS NOW  -14.2762203    
 ROW           70 IS FLOW TANGENCY  (QC dot n) AT POINT IC=          69 WHERE QC=   20.0000000       0.00000000     AND NHAT= -0.763232231      0.646124363     VALUE OF RES(K) IS NOW  -15.2646446    
 ROW           71 IS FLOW TANGENCY  (QC dot n) AT POINT IC=          70 WHERE QC=   20.0000000       0.00000000     AND NHAT= -0.808619976      0.588331223     VALUE OF RES(K) IS NOW  -16.1723995    
 ROW           72 IS FLOW TANGENCY  (QC dot n) AT POINT IC=          71 WHERE QC=   20.0000000       0.00000000     AND NHAT= -0.849565387      0.527483344     VALUE OF RES(K) IS NOW  -16.9913082    
 ROW           73 IS FLOW TANGENCY  (QC dot n) AT POINT IC=          72 WHERE QC=   20.0000000       0.00000000     AND NHAT= -0.885973930      0.463735074     VALUE OF RES(K) IS NOW  -17.7194786    
 ROW           74 IS FLOW TANGENCY  (QC dot n) AT POINT IC=          73 WHERE QC=   20.0000000       0.00000000     AND NHAT= -0.917616427      0.397467107     VALUE OF RES(K) IS NOW  -18.3523293    
 ROW           75 IS FLOW TANGENCY  (QC dot n) AT POINT IC=          74 WHERE QC=   20.0000000       0.00000000     AND NHAT= -0.944364011      0.328902125     VALUE OF RES(K) IS NOW  -18.8872795    
 ROW           76 IS FLOW TANGENCY  (QC dot n) AT POINT IC=          75 WHERE QC=   20.0000000       0.00000000     AND NHAT= -0.965971947      0.258646727     VALUE OF RES(K) IS NOW  -19.3194389    
 ROW           77 IS FLOW TANGENCY  (QC dot n) AT POINT IC=          76 WHERE QC=   20.0000000       0.00000000     AND NHAT= -0.982354045      0.187030330     VALUE OF RES(K) IS NOW  -19.6470814    
 ROW           78 IS FLOW TANGENCY  (QC dot n) AT POINT IC=          77 WHERE QC=   20.0000000       0.00000000     AND NHAT= -0.993517816      0.113675945     VALUE OF RES(K) IS NOW  -19.8703556    
 ROW           79 IS FLOW TANGENCY  (QC dot n) AT POINT IC=          78 WHERE QC=   20.0000000       0.00000000     AND NHAT= -0.999255240       3.85882929E-02 VALUE OF RES(K) IS NOW  -19.9851055    
 ROW           81 IS FLOW TANGENCY  (QC dot n) AT POINT IC=          79 WHERE QC=   20.0000000       0.00000000     AND NHAT=   8.76443684E-02  0.996151924     VALUE OF RES(K) IS NOW   1.75288737    
 ROW           82 IS FLOW TANGENCY  (QC dot n) AT POINT IC=          80 WHERE QC=   20.0000000       0.00000000     AND NHAT=  0.107329696      0.994223535     VALUE OF RES(K) IS NOW   2.14659405    
 ROW           83 IS FLOW TANGENCY  (QC dot n) AT POINT IC=          81 WHERE QC=   20.0000000       0.00000000     AND NHAT=  0.136181518      0.990683913     VALUE OF RES(K) IS NOW   2.72363043    
 ROW           84 IS FLOW TANGENCY  (QC dot n) AT POINT IC=          82 WHERE QC=   20.0000000       0.00000000     AND NHAT=  0.165542185      0.986202717     VALUE OF RES(K) IS NOW   3.31084371    
 ROW           85 IS FLOW TANGENCY  (QC dot n) AT POINT IC=          83 WHERE QC=   20.0000000       0.00000000     AND NHAT=  0.185933754      0.982562244     VALUE OF RES(K) IS NOW   3.71867514    
 ROW           86 IS FLOW TANGENCY  (QC dot n) AT POINT IC=          84 WHERE QC=   20.0000000       0.00000000     AND NHAT=  0.198884502      0.980022967     VALUE OF RES(K) IS NOW   3.97768998    
 ROW           87 IS FLOW TANGENCY  (QC dot n) AT POINT IC=          85 WHERE QC=   20.0000000       0.00000000     AND NHAT=  0.203561679      0.979062140     VALUE OF RES(K) IS NOW   4.07123375    
 ROW           88 IS FLOW TANGENCY  (QC dot n) AT POINT IC=          86 WHERE QC=   20.0000000       0.00000000     AND NHAT=  0.207492188      0.978236675     VALUE OF RES(K) IS NOW   4.14984369    
 ROW           89 IS FLOW TANGENCY  (QC dot n) AT POINT IC=          87 WHERE QC=   20.0000000       0.00000000     AND NHAT=  0.209745347      0.977756083     VALUE OF RES(K) IS NOW   4.19490719    
 ROW           90 IS FLOW TANGENCY  (QC dot n) AT POINT IC=          88 WHERE QC=   20.0000000       0.00000000     AND NHAT=  0.206394821      0.978468776     VALUE OF RES(K) IS NOW   4.12789631    
 ROW           91 IS FLOW TANGENCY  (QC dot n) AT POINT IC=          89 WHERE QC=   20.0000000       0.00000000     AND NHAT=  0.199225917      0.979953587     VALUE OF RES(K) IS NOW   3.98451829    
 ROW           92 IS FLOW TANGENCY  (QC dot n) AT POINT IC=          90 WHERE QC=   20.0000000       0.00000000     AND NHAT=  0.196218476      0.980560243     VALUE OF RES(K) IS NOW   3.92436957    
 ROW           93 IS FLOW TANGENCY  (QC dot n) AT POINT IC=          91 WHERE QC=   20.0000000       0.00000000     AND NHAT=  0.185934201      0.982562184     VALUE OF RES(K) IS NOW   3.71868396    
 ROW           94 IS FLOW TANGENCY  (QC dot n) AT POINT IC=          92 WHERE QC=   20.0000000       0.00000000     AND NHAT=  0.169305563      0.985563576     VALUE OF RES(K) IS NOW   3.38611126    
 ROW           95 IS FLOW TANGENCY  (QC dot n) AT POINT IC=          93 WHERE QC=   20.0000000       0.00000000     AND NHAT=  0.154949829      0.987922311     VALUE OF RES(K) IS NOW   3.09899664    
 ROW           96 IS FLOW TANGENCY  (QC dot n) AT POINT IC=          94 WHERE QC=   20.0000000       0.00000000     AND NHAT=  0.137544125      0.990495682     VALUE OF RES(K) IS NOW   2.75088263    
 ROW           97 IS FLOW TANGENCY  (QC dot n) AT POINT IC=          95 WHERE QC=   20.0000000       0.00000000     AND NHAT=  0.114906371      0.993376255     VALUE OF RES(K) IS NOW   2.29812741    
 ROW           98 IS FLOW TANGENCY  (QC dot n) AT POINT IC=          96 WHERE QC=   20.0000000       0.00000000     AND NHAT=   9.34888944E-02  0.995620310     VALUE OF RES(K) IS NOW   1.86977792    
 ROW           99 IS FLOW TANGENCY  (QC dot n) AT POINT IC=          97 WHERE QC=   20.0000000       0.00000000     AND NHAT=   7.53605440E-02  0.997156382     VALUE OF RES(K) IS NOW   1.50721085    
 ROW          100 IS FLOW TANGENCY  (QC dot n) AT POINT IC=          98 WHERE QC=   20.0000000       0.00000000     AND NHAT=   6.13537915E-02  0.998116016     VALUE OF RES(K) IS NOW   1.22707582    
 ROW          101 IS FLOW TANGENCY  (QC dot n) AT POINT IC=          99 WHERE QC=   20.0000000       0.00000000     AND NHAT=   4.90281992E-02  0.998797417     VALUE OF RES(K) IS NOW  0.980563998    
 ROW          102 IS FLOW TANGENCY  (QC dot n) AT POINT IC=         100 WHERE QC=   20.0000000       0.00000000     AND NHAT=   3.33208777E-02  0.999444664     VALUE OF RES(K) IS NOW  0.666417539    
 ROW          103 IS FLOW TANGENCY  (QC dot n) AT POINT IC=         101 WHERE QC=   20.0000000       0.00000000     AND NHAT=   1.85942985E-02  0.999827147     VALUE OF RES(K) IS NOW  0.371885955    
 ROW          104 IS FLOW TANGENCY  (QC dot n) AT POINT IC=         102 WHERE QC=   20.0000000       0.00000000     AND NHAT=   8.19883402E-03  0.999966323     VALUE OF RES(K) IS NOW  0.163976684    
 ROW          105 IS FLOW TANGENCY  (QC dot n) AT POINT IC=         103 WHERE QC=   20.0000000       0.00000000     AND NHAT=  -2.80394685E-03  0.999996066     VALUE OF RES(K) IS NOW  -5.60789369E-02
 ROW          106 IS FLOW TANGENCY  (QC dot n) AT POINT IC=         104 WHERE QC=   20.0000000       0.00000000     AND NHAT=  -1.51082315E-02  0.999885857     VALUE OF RES(K) IS NOW -0.302164614    
 ROW          107 IS FLOW TANGENCY  (QC dot n) AT POINT IC=         105 WHERE QC=   20.0000000       0.00000000     AND NHAT=  -2.54211593E-02  0.999676824     VALUE OF RES(K) IS NOW -0.508423209    
 ROW          108 IS FLOW TANGENCY  (QC dot n) AT POINT IC=         106 WHERE QC=   20.0000000       0.00000000     AND NHAT=  -3.52901630E-02  0.999377072     VALUE OF RES(K) IS NOW -0.705803275    
 ROW          109 IS FLOW TANGENCY  (QC dot n) AT POINT IC=         107 WHERE QC=   20.0000000       0.00000000     AND NHAT=  -4.64180484E-02  0.998922169     VALUE OF RES(K) IS NOW -0.928360939    
 ROW          110 IS FLOW TANGENCY  (QC dot n) AT POINT IC=         108 WHERE QC=   20.0000000       0.00000000     AND NHAT=  -5.78111745E-02  0.998327494     VALUE OF RES(K) IS NOW  -1.15622354    
 ROW          111 IS FLOW TANGENCY  (QC dot n) AT POINT IC=         109 WHERE QC=   20.0000000       0.00000000     AND NHAT=  -6.90416992E-02  0.997613668     VALUE OF RES(K) IS NOW  -1.38083398    
 ROW          112 IS FLOW TANGENCY  (QC dot n) AT POINT IC=         110 WHERE QC=   20.0000000       0.00000000     AND NHAT=  -8.01854506E-02  0.996779978     VALUE OF RES(K) IS NOW  -1.60370898    
 ROW          113 IS FLOW TANGENCY  (QC dot n) AT POINT IC=         111 WHERE QC=   20.0000000       0.00000000     AND NHAT=  -9.25641805E-02  0.995706737     VALUE OF RES(K) IS NOW  -1.85128355    
 ROW          114 IS FLOW TANGENCY  (QC dot n) AT POINT IC=         112 WHERE QC=   20.0000000       0.00000000     AND NHAT= -0.105612658      0.994407296     VALUE OF RES(K) IS NOW  -2.11225319    
 ROW          115 IS FLOW TANGENCY  (QC dot n) AT POINT IC=         113 WHERE QC=   20.0000000       0.00000000     AND NHAT= -0.117705666      0.993048549     VALUE OF RES(K) IS NOW  -2.35411334    
 ROW          116 IS FLOW TANGENCY  (QC dot n) AT POINT IC=         114 WHERE QC=   20.0000000       0.00000000     AND NHAT= -0.132440090      0.991191030     VALUE OF RES(K) IS NOW  -2.64880180    
 ROW          117 IS FLOW TANGENCY  (QC dot n) AT POINT IC=         115 WHERE QC=   20.0000000       0.00000000     AND NHAT= -0.148997217      0.988837540     VALUE OF RES(K) IS NOW  -2.97994423    
 ROW          118 IS FLOW TANGENCY  (QC dot n) AT POINT IC=         116 WHERE QC=   20.0000000       0.00000000     AND NHAT= -0.165628836      0.986188233     VALUE OF RES(K) IS NOW  -3.31257677    
 ROW          119 IS FLOW TANGENCY  (QC dot n) AT POINT IC=         117 WHERE QC=   20.0000000       0.00000000     AND NHAT= -0.186309665      0.982491136     VALUE OF RES(K) IS NOW  -3.72619343    
 ROW          120 IS FLOW TANGENCY  (QC dot n) AT POINT IC=         118 WHERE QC=   20.0000000       0.00000000     AND NHAT= -0.208226681      0.978080630     VALUE OF RES(K) IS NOW  -4.16453362    
 ROW          121 IS FLOW TANGENCY  (QC dot n) AT POINT IC=         119 WHERE QC=   20.0000000       0.00000000     AND NHAT= -0.230682388      0.973029077     VALUE OF RES(K) IS NOW  -4.61364794    
 ROW          122 IS FLOW TANGENCY  (QC dot n) AT POINT IC=         120 WHERE QC=   20.0000000       0.00000000     AND NHAT= -0.259476036      0.965749502     VALUE OF RES(K) IS NOW  -5.18952084    
 ROW          123 IS FLOW TANGENCY  (QC dot n) AT POINT IC=         121 WHERE QC=   20.0000000       0.00000000     AND NHAT= -0.295954347      0.955202103     VALUE OF RES(K) IS NOW  -5.91908693    
 ROW          124 IS FLOW TANGENCY  (QC dot n) AT POINT IC=         122 WHERE QC=   20.0000000       0.00000000     AND NHAT= -0.326875657      0.945067406     VALUE OF RES(K) IS NOW  -6.53751326    
 ROW          125 IS FLOW TANGENCY  (QC dot n) AT POINT IC=         123 WHERE QC=   20.0000000       0.00000000     AND NHAT= -0.379978150      0.924995482     VALUE OF RES(K) IS NOW  -7.59956312    
 ROW          126 IS FLOW TANGENCY  (QC dot n) AT POINT IC=         124 WHERE QC=   20.0000000       0.00000000     AND NHAT= -0.421244234      0.906947255     VALUE OF RES(K) IS NOW  -8.42488480    
 ROW          127 IS FLOW TANGENCY  (QC dot n) AT POINT IC=         125 WHERE QC=   20.0000000       0.00000000     AND NHAT= -0.607319295      0.794457912     VALUE OF RES(K) IS NOW  -12.1463861    
 ROW          128 IS FLOW TANGENCY  (QC dot n) AT POINT IC=         126 WHERE QC=   20.0000000       0.00000000     AND NHAT= -0.871585906      0.490242869     VALUE OF RES(K) IS NOW  -17.4317188    
 ROW          129 IS FLOW TANGENCY  (QC dot n) AT POINT IC=         127 WHERE QC=   20.0000000       0.00000000     AND NHAT= -0.926853836      0.375422478     VALUE OF RES(K) IS NOW  -18.5370770    
 ROW          130 IS FLOW TANGENCY  (QC dot n) AT POINT IC=         128 WHERE QC=   20.0000000       0.00000000     AND NHAT= -0.931715369     -0.363189340     VALUE OF RES(K) IS NOW  -18.6343079    
 ROW          131 IS FLOW TANGENCY  (QC dot n) AT POINT IC=         129 WHERE QC=   20.0000000       0.00000000     AND NHAT= -0.883084655     -0.469213784     VALUE OF RES(K) IS NOW  -17.6616936    
 ROW          132 IS FLOW TANGENCY  (QC dot n) AT POINT IC=         130 WHERE QC=   20.0000000       0.00000000     AND NHAT= -0.680339158     -0.732897401     VALUE OF RES(K) IS NOW  -13.6067829    
 ROW          133 IS FLOW TANGENCY  (QC dot n) AT POINT IC=         131 WHERE QC=   20.0000000       0.00000000     AND NHAT= -0.451745659     -0.892146766     VALUE OF RES(K) IS NOW  -9.03491306    
 ROW          134 IS FLOW TANGENCY  (QC dot n) AT POINT IC=         132 WHERE QC=   20.0000000       0.00000000     AND NHAT= -0.388529956     -0.921436071     VALUE OF RES(K) IS NOW  -7.77059937    
 ROW          135 IS FLOW TANGENCY  (QC dot n) AT POINT IC=         133 WHERE QC=   20.0000000       0.00000000     AND NHAT= -0.346798986     -0.937939465     VALUE OF RES(K) IS NOW  -6.93597984    
 ROW          136 IS FLOW TANGENCY  (QC dot n) AT POINT IC=         134 WHERE QC=   20.0000000       0.00000000     AND NHAT= -0.306141943     -0.951985836     VALUE OF RES(K) IS NOW  -6.12283897    
 ROW          137 IS FLOW TANGENCY  (QC dot n) AT POINT IC=         135 WHERE QC=   20.0000000       0.00000000     AND NHAT= -0.277520388     -0.960719764     VALUE OF RES(K) IS NOW  -5.55040789    
 ROW          138 IS FLOW TANGENCY  (QC dot n) AT POINT IC=         136 WHERE QC=   20.0000000       0.00000000     AND NHAT= -0.248091161     -0.968736649     VALUE OF RES(K) IS NOW  -4.96182346    
 ROW          139 IS FLOW TANGENCY  (QC dot n) AT POINT IC=         137 WHERE QC=   20.0000000       0.00000000     AND NHAT= -0.224707365     -0.974426270     VALUE OF RES(K) IS NOW  -4.49414730    
 ROW          140 IS FLOW TANGENCY  (QC dot n) AT POINT IC=         138 WHERE QC=   20.0000000       0.00000000     AND NHAT= -0.206736609     -0.978396595     VALUE OF RES(K) IS NOW  -4.13473225    
 ROW          141 IS FLOW TANGENCY  (QC dot n) AT POINT IC=         139 WHERE QC=   20.0000000       0.00000000     AND NHAT= -0.188161805     -0.982138097     VALUE OF RES(K) IS NOW  -3.76323605    
 ROW          142 IS FLOW TANGENCY  (QC dot n) AT POINT IC=         140 WHERE QC=   20.0000000       0.00000000     AND NHAT= -0.170406178     -0.985373914     VALUE OF RES(K) IS NOW  -3.40812349    
 ROW          143 IS FLOW TANGENCY  (QC dot n) AT POINT IC=         141 WHERE QC=   20.0000000       0.00000000     AND NHAT= -0.155734062     -0.987799108     VALUE OF RES(K) IS NOW  -3.11468124    
 ROW          144 IS FLOW TANGENCY  (QC dot n) AT POINT IC=         142 WHERE QC=   20.0000000       0.00000000     AND NHAT= -0.141974717     -0.989870250     VALUE OF RES(K) IS NOW  -2.83949423    
 ROW          145 IS FLOW TANGENCY  (QC dot n) AT POINT IC=         143 WHERE QC=   20.0000000       0.00000000     AND NHAT= -0.128409907     -0.991721153     VALUE OF RES(K) IS NOW  -2.56819820    
 ROW          146 IS FLOW TANGENCY  (QC dot n) AT POINT IC=         144 WHERE QC=   20.0000000       0.00000000     AND NHAT= -0.116593406     -0.993179679     VALUE OF RES(K) IS NOW  -2.33186817    
 ROW          147 IS FLOW TANGENCY  (QC dot n) AT POINT IC=         145 WHERE QC=   20.0000000       0.00000000     AND NHAT= -0.106591806     -0.994302869     VALUE OF RES(K) IS NOW  -2.13183618    
 ROW          148 IS FLOW TANGENCY  (QC dot n) AT POINT IC=         146 WHERE QC=   20.0000000       0.00000000     AND NHAT=  -9.58730057E-02 -0.995393515     VALUE OF RES(K) IS NOW  -1.91746008    
 ROW          149 IS FLOW TANGENCY  (QC dot n) AT POINT IC=         147 WHERE QC=   20.0000000       0.00000000     AND NHAT=  -8.51549357E-02 -0.996367693     VALUE OF RES(K) IS NOW  -1.70309877    
 ROW          150 IS FLOW TANGENCY  (QC dot n) AT POINT IC=         148 WHERE QC=   20.0000000       0.00000000     AND NHAT=  -7.55970776E-02 -0.997138500     VALUE OF RES(K) IS NOW  -1.51194155    
 ROW          151 IS FLOW TANGENCY  (QC dot n) AT POINT IC=         149 WHERE QC=   20.0000000       0.00000000     AND NHAT=  -6.63603097E-02 -0.997795761     VALUE OF RES(K) IS NOW  -1.32720613    
 ROW          152 IS FLOW TANGENCY  (QC dot n) AT POINT IC=         150 WHERE QC=   20.0000000       0.00000000     AND NHAT=  -5.70293739E-02 -0.998372436     VALUE OF RES(K) IS NOW  -1.14058745    
 ROW          153 IS FLOW TANGENCY  (QC dot n) AT POINT IC=         151 WHERE QC=   20.0000000       0.00000000     AND NHAT=  -4.75170314E-02 -0.998870432     VALUE OF RES(K) IS NOW -0.950340629    
 ROW          154 IS FLOW TANGENCY  (QC dot n) AT POINT IC=         152 WHERE QC=   20.0000000       0.00000000     AND NHAT=  -3.81384902E-02 -0.999272466     VALUE OF RES(K) IS NOW -0.762769818    
 ROW          155 IS FLOW TANGENCY  (QC dot n) AT POINT IC=         153 WHERE QC=   20.0000000       0.00000000     AND NHAT=  -2.96684783E-02 -0.999559820     VALUE OF RES(K) IS NOW -0.593369544    
 ROW          156 IS FLOW TANGENCY  (QC dot n) AT POINT IC=         154 WHERE QC=   20.0000000       0.00000000     AND NHAT=  -2.16974523E-02 -0.999764562     VALUE OF RES(K) IS NOW -0.433949053    
 ROW          157 IS FLOW TANGENCY  (QC dot n) AT POINT IC=         155 WHERE QC=   20.0000000       0.00000000     AND NHAT=  -1.24803111E-02 -0.999922037     VALUE OF RES(K) IS NOW -0.249606222    
 ROW          158 IS FLOW TANGENCY  (QC dot n) AT POINT IC=         156 WHERE QC=   20.0000000       0.00000000     AND NHAT=  -2.25129258E-03 -0.999997497     VALUE OF RES(K) IS NOW  -4.50258516E-02
 ROW          159 IS FLOW TANGENCY  (QC dot n) AT POINT IC=         157 WHERE QC=   20.0000000       0.00000000     AND NHAT=   6.95442734E-03 -0.999975801     VALUE OF RES(K) IS NOW  0.139088541    
 ROW          160 IS FLOW TANGENCY  (QC dot n) AT POINT IC=         158 WHERE QC=   20.0000000       0.00000000     AND NHAT=   1.51197240E-02 -0.999885619     VALUE OF RES(K) IS NOW  0.302394480    
 ROW          161 IS FLOW TANGENCY  (QC dot n) AT POINT IC=         159 WHERE QC=   20.0000000       0.00000000     AND NHAT=   2.59402301E-02 -0.999663532     VALUE OF RES(K) IS NOW  0.518804610    
 ROW          162 IS FLOW TANGENCY  (QC dot n) AT POINT IC=         160 WHERE QC=   20.0000000       0.00000000     AND NHAT=   3.92326228E-02 -0.999230087     VALUE OF RES(K) IS NOW  0.784652472    
 ROW          163 IS FLOW TANGENCY  (QC dot n) AT POINT IC=         161 WHERE QC=   20.0000000       0.00000000     AND NHAT=   5.14140353E-02 -0.998677373     VALUE OF RES(K) IS NOW   1.02828074    
 ROW          164 IS FLOW TANGENCY  (QC dot n) AT POINT IC=         162 WHERE QC=   20.0000000       0.00000000     AND NHAT=   6.15191497E-02 -0.998105884     VALUE OF RES(K) IS NOW   1.23038304    
 ROW          165 IS FLOW TANGENCY  (QC dot n) AT POINT IC=         163 WHERE QC=   20.0000000       0.00000000     AND NHAT=   7.28673637E-02 -0.997341573     VALUE OF RES(K) IS NOW   1.45734727    
 ROW          166 IS FLOW TANGENCY  (QC dot n) AT POINT IC=         164 WHERE QC=   20.0000000       0.00000000     AND NHAT=   8.69762599E-02 -0.996210396     VALUE OF RES(K) IS NOW   1.73952520    
 ROW          167 IS FLOW TANGENCY  (QC dot n) AT POINT IC=         165 WHERE QC=   20.0000000       0.00000000     AND NHAT=  0.103600919     -0.994618952     VALUE OF RES(K) IS NOW   2.07201838    
 ROW          168 IS FLOW TANGENCY  (QC dot n) AT POINT IC=         166 WHERE QC=   20.0000000       0.00000000     AND NHAT=  0.122428782     -0.992477357     VALUE OF RES(K) IS NOW   2.44857574    
 ROW          169 IS FLOW TANGENCY  (QC dot n) AT POINT IC=         167 WHERE QC=   20.0000000       0.00000000     AND NHAT=  0.140676051     -0.990055680     VALUE OF RES(K) IS NOW   2.81352091    
 ROW          170 IS FLOW TANGENCY  (QC dot n) AT POINT IC=         168 WHERE QC=   20.0000000       0.00000000     AND NHAT=  0.154769301     -0.987950623     VALUE OF RES(K) IS NOW   3.09538603    
 ROW          171 IS FLOW TANGENCY  (QC dot n) AT POINT IC=         169 WHERE QC=   20.0000000       0.00000000     AND NHAT=  0.166411072     -0.986056447     VALUE OF RES(K) IS NOW   3.32822132    
 ROW          172 IS FLOW TANGENCY  (QC dot n) AT POINT IC=         170 WHERE QC=   20.0000000       0.00000000     AND NHAT=  0.180341423     -0.983604074     VALUE OF RES(K) IS NOW   3.60682845    
 ROW          173 IS FLOW TANGENCY  (QC dot n) AT POINT IC=         171 WHERE QC=   20.0000000       0.00000000     AND NHAT=  0.192209050     -0.981353998     VALUE OF RES(K) IS NOW   3.84418106    
 ROW          174 IS FLOW TANGENCY  (QC dot n) AT POINT IC=         172 WHERE QC=   20.0000000       0.00000000     AND NHAT=  0.197338387     -0.980335414     VALUE OF RES(K) IS NOW   3.94676781    
 ROW          175 IS FLOW TANGENCY  (QC dot n) AT POINT IC=         173 WHERE QC=   20.0000000       0.00000000     AND NHAT=  0.199976191     -0.979800701     VALUE OF RES(K) IS NOW   3.99952388    
 ROW          176 IS FLOW TANGENCY  (QC dot n) AT POINT IC=         174 WHERE QC=   20.0000000       0.00000000     AND NHAT=  0.206282213     -0.978492618     VALUE OF RES(K) IS NOW   4.12564421    
 ROW          177 IS FLOW TANGENCY  (QC dot n) AT POINT IC=         175 WHERE QC=   20.0000000       0.00000000     AND NHAT=  0.209732234     -0.977758884     VALUE OF RES(K) IS NOW   4.19464493    
 ROW          178 IS FLOW TANGENCY  (QC dot n) AT POINT IC=         176 WHERE QC=   20.0000000       0.00000000     AND NHAT=  0.208802462     -0.977957845     VALUE OF RES(K) IS NOW   4.17604923    
 ROW          179 IS FLOW TANGENCY  (QC dot n) AT POINT IC=         177 WHERE QC=   20.0000000       0.00000000     AND NHAT=  0.205544308     -0.978647768     VALUE OF RES(K) IS NOW   4.11088610    
 ROW          180 IS FLOW TANGENCY  (QC dot n) AT POINT IC=         178 WHERE QC=   20.0000000       0.00000000     AND NHAT=  0.202634633     -0.979254425     VALUE OF RES(K) IS NOW   4.05269241    
 ROW          181 IS FLOW TANGENCY  (QC dot n) AT POINT IC=         179 WHERE QC=   20.0000000       0.00000000     AND NHAT=  0.197934389     -0.980215311     VALUE OF RES(K) IS NOW   3.95868778    
 ROW          182 IS FLOW TANGENCY  (QC dot n) AT POINT IC=         180 WHERE QC=   20.0000000       0.00000000     AND NHAT=  0.186849624     -0.982388437     VALUE OF RES(K) IS NOW   3.73699236    
 ROW          183 IS FLOW TANGENCY  (QC dot n) AT POINT IC=         181 WHERE QC=   20.0000000       0.00000000     AND NHAT=  0.171125785     -0.985249162     VALUE OF RES(K) IS NOW   3.42251563    
 ROW          184 IS FLOW TANGENCY  (QC dot n) AT POINT IC=         182 WHERE QC=   20.0000000       0.00000000     AND NHAT=  0.148548141     -0.988905132     VALUE OF RES(K) IS NOW   2.97096276    
 ROW          185 IS FLOW TANGENCY  (QC dot n) AT POINT IC=         183 WHERE QC=   20.0000000       0.00000000     AND NHAT=  0.122833930     -0.992427230     VALUE OF RES(K) IS NOW   2.45667863    
 ROW          186 IS FLOW TANGENCY  (QC dot n) AT POINT IC=         184 WHERE QC=   20.0000000       0.00000000     AND NHAT=  0.101179861     -0.994868100     VALUE OF RES(K) IS NOW   2.02359724    
 ROW          187 IS FLOW TANGENCY  (QC dot n) AT POINT IC=         185 WHERE QC=   20.0000000       0.00000000     AND NHAT=   8.62133652E-02 -0.996276677     VALUE OF RES(K) IS NOW   1.72426724    
 ROW          188 IS THE BASIC KUTTA CONDITION, SETTING FIRST AND LAST BODY GAMMAS TO BE EQUAL TO THE WAKE STRENGTH OF THE FIRST BODY WAKE PANEL. (G1+GN=-GW)VALUE OF RES(K) IS NOW   0.00000000    
 ROW          189 IS THE 0 INTERNAL TANGENTIAL VELOCITY (QC dot NHAT) on point,        1972 WHERE QC=   20.0000000       0.00000000     AND NHAT=  0.999954462      -9.54712369E-03 VALUE OF RES(K) IS NOW   19.9990883    
 ROW            1 IS AN EXPLICITLY SET VORTEX STRENGTH.VALUE OF RES(K) IS NOW   0.00000000    
 ROW           80 IS AN EXPLICITLY SET VORTEX STRENGTH.VALUE OF RES(K) IS NOW   0.00000000    
