 ROW            2 IS FLOW TANGENCY  (QC dot n) AT POINT IC=           1 WHERE QC=   20.0000000       0.00000000     AND NHAT=   2.20337883E-02  0.999757230     VALUE OF RES(K) IS NOW  0.440675765    
 ROW            3 IS FLOW TANGENCY  (QC dot n) AT POINT IC=           2 WHERE QC=   20.0000000       0.00000000     AND NHAT=   2.20337491E-02  0.999757290     VALUE OF RES(K) IS NOW  0.440674990    
 ROW            4 IS FLOW TANGENCY  (QC dot n) AT POINT IC=           3 WHERE QC=   20.0000000       0.00000000     AND NHAT=   2.20342502E-02  0.999757290     VALUE OF RES(K) IS NOW  0.440685004    
 ROW            5 IS FLOW TANGENCY  (QC dot n) AT POINT IC=           4 WHERE QC=   20.0000000       0.00000000     AND NHAT=   2.20336281E-02  0.999757230     VALUE OF RES(K) IS NOW  0.440672576    
 ROW            6 IS FLOW TANGENCY  (QC dot n) AT POINT IC=           5 WHERE QC=   20.0000000       0.00000000     AND NHAT=   2.20339596E-02  0.999757230     VALUE OF RES(K) IS NOW  0.440679193    
 ROW            7 IS FLOW TANGENCY  (QC dot n) AT POINT IC=           6 WHERE QC=   20.0000000       0.00000000     AND NHAT=   2.20339857E-02  0.999757171     VALUE OF RES(K) IS NOW  0.440679729    
 ROW            8 IS FLOW TANGENCY  (QC dot n) AT POINT IC=           7 WHERE QC=   20.0000000       0.00000000     AND NHAT=   2.20338218E-02  0.999757171     VALUE OF RES(K) IS NOW  0.440676451    
 ROW            9 IS FLOW TANGENCY  (QC dot n) AT POINT IC=           8 WHERE QC=   20.0000000       0.00000000     AND NHAT=   2.20338274E-02  0.999757230     VALUE OF RES(K) IS NOW  0.440676540    
 ROW           10 IS FLOW TANGENCY  (QC dot n) AT POINT IC=           9 WHERE QC=   20.0000000       0.00000000     AND NHAT=   2.20339336E-02  0.999757230     VALUE OF RES(K) IS NOW  0.440678656    
 ROW           11 IS FLOW TANGENCY  (QC dot n) AT POINT IC=          10 WHERE QC=   20.0000000       0.00000000     AND NHAT=   2.20339578E-02  0.999757230     VALUE OF RES(K) IS NOW  0.440679163    
 ROW           12 IS FLOW TANGENCY  (QC dot n) AT POINT IC=          11 WHERE QC=   20.0000000       0.00000000     AND NHAT=   2.20338069E-02  0.999757230     VALUE OF RES(K) IS NOW  0.440676153    
 ROW           13 IS FLOW TANGENCY  (QC dot n) AT POINT IC=          12 WHERE QC=   20.0000000       0.00000000     AND NHAT=   2.20335480E-02  0.999757230     VALUE OF RES(K) IS NOW  0.440670967    
 ROW           14 IS FLOW TANGENCY  (QC dot n) AT POINT IC=          13 WHERE QC=   20.0000000       0.00000000     AND NHAT=   2.20341440E-02  0.999757230     VALUE OF RES(K) IS NOW  0.440682888    
 ROW           15 IS FLOW TANGENCY  (QC dot n) AT POINT IC=          14 WHERE QC=   20.0000000       0.00000000     AND NHAT=   2.20354646E-02  0.999757230     VALUE OF RES(K) IS NOW  0.440709293    
 ROW           16 IS FLOW TANGENCY  (QC dot n) AT POINT IC=          15 WHERE QC=   20.0000000       0.00000000     AND NHAT=   2.20336840E-02  0.999757230     VALUE OF RES(K) IS NOW  0.440673679    
 ROW           17 IS FLOW TANGENCY  (QC dot n) AT POINT IC=          16 WHERE QC=   20.0000000       0.00000000     AND NHAT=   2.20289808E-02  0.999757290     VALUE OF RES(K) IS NOW  0.440579623    
 ROW           18 IS FLOW TANGENCY  (QC dot n) AT POINT IC=          17 WHERE QC=   20.0000000       0.00000000     AND NHAT=   2.20308993E-02  0.999757230     VALUE OF RES(K) IS NOW  0.440617979    
 ROW           19 IS FLOW TANGENCY  (QC dot n) AT POINT IC=          18 WHERE QC=   20.0000000       0.00000000     AND NHAT=   2.20464431E-02  0.999756992     VALUE OF RES(K) IS NOW  0.440928876    
 ROW           20 IS FLOW TANGENCY  (QC dot n) AT POINT IC=          19 WHERE QC=   20.0000000       0.00000000     AND NHAT=   2.20539737E-02  0.999756813     VALUE OF RES(K) IS NOW  0.441079468    
 ROW           21 IS FLOW TANGENCY  (QC dot n) AT POINT IC=          20 WHERE QC=   20.0000000       0.00000000     AND NHAT=   2.20174175E-02  0.999757588     VALUE OF RES(K) IS NOW  0.440348357    
 ROW           22 IS FLOW TANGENCY  (QC dot n) AT POINT IC=          21 WHERE QC=   20.0000000       0.00000000     AND NHAT=   2.19548512E-02  0.999758840     VALUE OF RES(K) IS NOW  0.439097017    
 ROW           23 IS FLOW TANGENCY  (QC dot n) AT POINT IC=          22 WHERE QC=   20.0000000       0.00000000     AND NHAT=   2.20037121E-02  0.999757886     VALUE OF RES(K) IS NOW  0.440074235    
 ROW           24 IS FLOW TANGENCY  (QC dot n) AT POINT IC=          23 WHERE QC=   20.0000000       0.00000000     AND NHAT=   2.22293828E-02  0.999752939     VALUE OF RES(K) IS NOW  0.444587648    
 ROW           25 IS FLOW TANGENCY  (QC dot n) AT POINT IC=          24 WHERE QC=   20.0000000       0.00000000     AND NHAT=   2.23288294E-02  0.999750733     VALUE OF RES(K) IS NOW  0.446576595    
 ROW           26 IS FLOW TANGENCY  (QC dot n) AT POINT IC=          25 WHERE QC=   20.0000000       0.00000000     AND NHAT=   2.18731966E-02  0.999760747     VALUE OF RES(K) IS NOW  0.437463939    
 ROW           27 IS FLOW TANGENCY  (QC dot n) AT POINT IC=          26 WHERE QC=   20.0000000       0.00000000     AND NHAT=   2.09688284E-02  0.999780178     VALUE OF RES(K) IS NOW  0.419376552    
 ROW           28 IS FLOW TANGENCY  (QC dot n) AT POINT IC=          27 WHERE QC=   20.0000000       0.00000000     AND NHAT=   2.12172903E-02  0.999774873     VALUE OF RES(K) IS NOW  0.424345791    
 ROW           29 IS FLOW TANGENCY  (QC dot n) AT POINT IC=          28 WHERE QC=   20.0000000       0.00000000     AND NHAT=   2.35809740E-02  0.999722004     VALUE OF RES(K) IS NOW  0.471619487    
 ROW           30 IS FLOW TANGENCY  (QC dot n) AT POINT IC=          29 WHERE QC=   20.0000000       0.00000000     AND NHAT=   2.66163591E-02  0.999645650     VALUE OF RES(K) IS NOW  0.532327175    
 ROW           31 IS FLOW TANGENCY  (QC dot n) AT POINT IC=          30 WHERE QC=   20.0000000       0.00000000     AND NHAT=   2.50819512E-02  0.999685347     VALUE OF RES(K) IS NOW  0.501639009    
 ROW           32 IS FLOW TANGENCY  (QC dot n) AT POINT IC=          31 WHERE QC=   20.0000000       0.00000000     AND NHAT=   1.76101867E-02  0.999844968     VALUE OF RES(K) IS NOW  0.352203727    
 ROW           33 IS FLOW TANGENCY  (QC dot n) AT POINT IC=          32 WHERE QC=   20.0000000       0.00000000     AND NHAT=   6.69236062E-03  0.999977648     VALUE OF RES(K) IS NOW  0.133847207    
 ROW           34 IS FLOW TANGENCY  (QC dot n) AT POINT IC=          33 WHERE QC=   20.0000000       0.00000000     AND NHAT=  -1.25872111E-03  0.999999225     VALUE OF RES(K) IS NOW  -2.51744222E-02
 ROW           35 IS FLOW TANGENCY  (QC dot n) AT POINT IC=          34 WHERE QC=   20.0000000       0.00000000     AND NHAT=  -3.61084566E-03  0.999993503     VALUE OF RES(K) IS NOW  -7.22169131E-02
 ROW           36 IS FLOW TANGENCY  (QC dot n) AT POINT IC=          35 WHERE QC=   20.0000000       0.00000000     AND NHAT=  -1.40879082E-03  0.999999046     VALUE OF RES(K) IS NOW  -2.81758159E-02
 ROW           37 IS FLOW TANGENCY  (QC dot n) AT POINT IC=          36 WHERE QC=   20.0000000       0.00000000     AND NHAT=   6.00350497E-04  0.999999821     VALUE OF RES(K) IS NOW   1.20070102E-02
 ROW           38 IS FLOW TANGENCY  (QC dot n) AT POINT IC=          37 WHERE QC=   20.0000000       0.00000000     AND NHAT=   9.18150297E-04  0.999999642     VALUE OF RES(K) IS NOW   1.83630064E-02
 ROW           39 IS FLOW TANGENCY  (QC dot n) AT POINT IC=          38 WHERE QC=   20.0000000       0.00000000     AND NHAT=   2.26806878E-04  0.999999940     VALUE OF RES(K) IS NOW   4.53613745E-03
 ROW           40 IS FLOW TANGENCY  (QC dot n) AT POINT IC=          39 WHERE QC=   20.0000000       0.00000000     AND NHAT=  -2.20972288E-04   1.00000000     VALUE OF RES(K) IS NOW  -4.41944599E-03
 ROW           41 IS FLOW TANGENCY  (QC dot n) AT POINT IC=          40 WHERE QC=   20.0000000       0.00000000     AND NHAT=  -2.06891855E-04   1.00000000     VALUE OF RES(K) IS NOW  -4.13783733E-03
 ROW           42 IS FLOW TANGENCY  (QC dot n) AT POINT IC=          41 WHERE QC=   20.0000000       0.00000000     AND NHAT=  -1.59084302E-05   1.00000000     VALUE OF RES(K) IS NOW  -3.18168604E-04
 ROW           43 IS FLOW TANGENCY  (QC dot n) AT POINT IC=          42 WHERE QC=   20.0000000       0.00000000     AND NHAT=   6.89707449E-05   1.00000000     VALUE OF RES(K) IS NOW   1.37941493E-03
 ROW           44 IS FLOW TANGENCY  (QC dot n) AT POINT IC=          43 WHERE QC=   20.0000000       0.00000000     AND NHAT=   3.92233051E-05   1.00000000     VALUE OF RES(K) IS NOW   7.84466101E-04
 ROW           45 IS FLOW TANGENCY  (QC dot n) AT POINT IC=          44 WHERE QC=   20.0000000       0.00000000     AND NHAT=  -6.85146597E-06   1.00000000     VALUE OF RES(K) IS NOW  -1.37029318E-04
 ROW           46 IS FLOW TANGENCY  (QC dot n) AT POINT IC=          45 WHERE QC=   20.0000000       0.00000000     AND NHAT=  -1.81418054E-05  0.999999940     VALUE OF RES(K) IS NOW  -3.62836116E-04
 ROW           47 IS FLOW TANGENCY  (QC dot n) AT POINT IC=          46 WHERE QC=   20.0000000       0.00000000     AND NHAT=  -5.13687974E-06   1.00000000     VALUE OF RES(K) IS NOW  -1.02737598E-04
 ROW           48 IS FLOW TANGENCY  (QC dot n) AT POINT IC=          47 WHERE QC=   20.0000000       0.00000000     AND NHAT=   3.97953590E-06   1.00000000     VALUE OF RES(K) IS NOW   7.95907181E-05
 ROW           49 IS FLOW TANGENCY  (QC dot n) AT POINT IC=          48 WHERE QC=   20.0000000       0.00000000     AND NHAT=   3.74798992E-06   1.00000000     VALUE OF RES(K) IS NOW   7.49597966E-05
 ROW           50 IS FLOW TANGENCY  (QC dot n) AT POINT IC=          49 WHERE QC=   20.0000000       0.00000000     AND NHAT=  -9.25418675E-08   1.00000000     VALUE OF RES(K) IS NOW  -1.85083741E-06
 ROW           51 IS FLOW TANGENCY  (QC dot n) AT POINT IC=          50 WHERE QC=   20.0000000       0.00000000     AND NHAT=  -1.15674072E-06   1.00000000     VALUE OF RES(K) IS NOW  -2.31348149E-05
 ROW           52 IS FLOW TANGENCY  (QC dot n) AT POINT IC=          51 WHERE QC=   20.0000000       0.00000000     AND NHAT=  -1.85077425E-07   1.00000000     VALUE OF RES(K) IS NOW  -3.70154839E-06
 ROW           53 IS FLOW TANGENCY  (QC dot n) AT POINT IC=          52 WHERE QC=   20.0000000       0.00000000     AND NHAT=   3.70155419E-07   1.00000000     VALUE OF RES(K) IS NOW   7.40310861E-06
 ROW           54 IS FLOW TANGENCY  (QC dot n) AT POINT IC=          53 WHERE QC=   20.0000000       0.00000000     AND NHAT=  -6.94033133E-07   1.00000000     VALUE OF RES(K) IS NOW  -1.38806627E-05
 ROW           55 IS FLOW TANGENCY  (QC dot n) AT POINT IC=          54 WHERE QC=   20.0000000       0.00000000     AND NHAT=  -7.40319592E-07   1.00000000     VALUE OF RES(K) IS NOW  -1.48063918E-05
 ROW           56 IS FLOW TANGENCY  (QC dot n) AT POINT IC=          55 WHERE QC=   20.0000000       0.00000000     AND NHAT=   2.17473712E-06   1.00000000     VALUE OF RES(K) IS NOW   4.34947433E-05
 ROW           57 IS FLOW TANGENCY  (QC dot n) AT POINT IC=          56 WHERE QC=   20.0000000       0.00000000     AND NHAT=   3.47045352E-06   1.00000000     VALUE OF RES(K) IS NOW   6.94090704E-05
 ROW           58 IS FLOW TANGENCY  (QC dot n) AT POINT IC=          57 WHERE QC=   20.0000000       0.00000000     AND NHAT=  -5.18315801E-06   1.00000000     VALUE OF RES(K) IS NOW  -1.03663158E-04
 ROW           59 IS FLOW TANGENCY  (QC dot n) AT POINT IC=          58 WHERE QC=   20.0000000       0.00000000     AND NHAT=  -1.50889373E-05   1.00000000     VALUE OF RES(K) IS NOW  -3.01778753E-04
 ROW           60 IS FLOW TANGENCY  (QC dot n) AT POINT IC=          59 WHERE QC=   20.0000000       0.00000000     AND NHAT=   2.07493795E-05   1.00000000     VALUE OF RES(K) IS NOW   4.14987589E-04
 ROW           61 IS FLOW TANGENCY  (QC dot n) AT POINT IC=          60 WHERE QC=   20.0000000       0.00000000     AND NHAT=   3.50382870E-05  0.999999940     VALUE OF RES(K) IS NOW   7.00765755E-04
 ROW           62 IS FLOW TANGENCY  (QC dot n) AT POINT IC=          61 WHERE QC=   20.0000000       0.00000000     AND NHAT=  -4.09838831E-05   1.00000000     VALUE OF RES(K) IS NOW  -8.19677662E-04
 ROW           63 IS FLOW TANGENCY  (QC dot n) AT POINT IC=          62 WHERE QC=   20.0000000       0.00000000     AND NHAT=  -1.81750534E-03  0.999998331     VALUE OF RES(K) IS NOW  -3.63501087E-02
 ROW           64 IS FLOW TANGENCY  (QC dot n) AT POINT IC=          63 WHERE QC=   20.0000000       0.00000000     AND NHAT=  -8.77834298E-03  0.999961436     VALUE OF RES(K) IS NOW -0.175566852    
 ROW           65 IS FLOW TANGENCY  (QC dot n) AT POINT IC=          64 WHERE QC=   20.0000000       0.00000000     AND NHAT=  -1.91963874E-02  0.999815762     VALUE OF RES(K) IS NOW -0.383927763    
 ROW           66 IS FLOW TANGENCY  (QC dot n) AT POINT IC=          65 WHERE QC=   20.0000000       0.00000000     AND NHAT=  -2.96201445E-02  0.999561250     VALUE OF RES(K) IS NOW -0.592402875    
 ROW           67 IS FLOW TANGENCY  (QC dot n) AT POINT IC=          66 WHERE QC=   20.0000000       0.00000000     AND NHAT=  -4.05591242E-02  0.999177217     VALUE OF RES(K) IS NOW -0.811182499    
 ROW           68 IS FLOW TANGENCY  (QC dot n) AT POINT IC=          67 WHERE QC=   20.0000000       0.00000000     AND NHAT=  -5.31031899E-02  0.998588979     VALUE OF RES(K) IS NOW  -1.06206381    
 ROW           69 IS FLOW TANGENCY  (QC dot n) AT POINT IC=          68 WHERE QC=   20.0000000       0.00000000     AND NHAT=  -7.08043203E-02  0.997490287     VALUE OF RES(K) IS NOW  -1.41608644    
 ROW           70 IS FLOW TANGENCY  (QC dot n) AT POINT IC=          69 WHERE QC=   20.0000000       0.00000000     AND NHAT=  -8.59766826E-02  0.996297181     VALUE OF RES(K) IS NOW  -1.71953368    
 ROW           71 IS FLOW TANGENCY  (QC dot n) AT POINT IC=          70 WHERE QC=   20.0000000       0.00000000     AND NHAT= -0.114419855      0.993432462     VALUE OF RES(K) IS NOW  -2.28839707    
 ROW           72 IS FLOW TANGENCY  (QC dot n) AT POINT IC=          71 WHERE QC=   20.0000000       0.00000000     AND NHAT= -0.143728524      0.989617169     VALUE OF RES(K) IS NOW  -2.87457037    
 ROW           73 IS FLOW TANGENCY  (QC dot n) AT POINT IC=          72 WHERE QC=   20.0000000       0.00000000     AND NHAT= -0.211755440      0.977322638     VALUE OF RES(K) IS NOW  -4.23510885    
 ROW           74 IS FLOW TANGENCY  (QC dot n) AT POINT IC=          73 WHERE QC=   20.0000000       0.00000000     AND NHAT= -0.480680287      0.876895964     VALUE OF RES(K) IS NOW  -9.61360550    
 ROW           76 IS FLOW TANGENCY  (QC dot n) AT POINT IC=          74 WHERE QC=   20.0000000       0.00000000     AND NHAT=   8.76531526E-02  0.996151030     VALUE OF RES(K) IS NOW   1.75306308    
 ROW           77 IS FLOW TANGENCY  (QC dot n) AT POINT IC=          75 WHERE QC=   20.0000000       0.00000000     AND NHAT=  0.107306018      0.994226038     VALUE OF RES(K) IS NOW   2.14612031    
 ROW           78 IS FLOW TANGENCY  (QC dot n) AT POINT IC=          76 WHERE QC=   20.0000000       0.00000000     AND NHAT=  0.136202499      0.990680993     VALUE OF RES(K) IS NOW   2.72405005    
 ROW           79 IS FLOW TANGENCY  (QC dot n) AT POINT IC=          77 WHERE QC=   20.0000000       0.00000000     AND NHAT=  0.165559605      0.986199737     VALUE OF RES(K) IS NOW   3.31119204    
 ROW           80 IS FLOW TANGENCY  (QC dot n) AT POINT IC=          78 WHERE QC=   20.0000000       0.00000000     AND NHAT=  0.185931280      0.982562721     VALUE OF RES(K) IS NOW   3.71862555    
 ROW           81 IS FLOW TANGENCY  (QC dot n) AT POINT IC=          79 WHERE QC=   20.0000000       0.00000000     AND NHAT=  0.198880643      0.980023742     VALUE OF RES(K) IS NOW   3.97761297    
 ROW           82 IS FLOW TANGENCY  (QC dot n) AT POINT IC=          80 WHERE QC=   20.0000000       0.00000000     AND NHAT=  0.203549802      0.979064584     VALUE OF RES(K) IS NOW   4.07099628    
 ROW           83 IS FLOW TANGENCY  (QC dot n) AT POINT IC=          81 WHERE QC=   20.0000000       0.00000000     AND NHAT=  0.207487211      0.978237808     VALUE OF RES(K) IS NOW   4.14974403    
 ROW           84 IS FLOW TANGENCY  (QC dot n) AT POINT IC=          82 WHERE QC=   20.0000000       0.00000000     AND NHAT=  0.209772572      0.977750182     VALUE OF RES(K) IS NOW   4.19545126    
 ROW           85 IS FLOW TANGENCY  (QC dot n) AT POINT IC=          83 WHERE QC=   20.0000000       0.00000000     AND NHAT=  0.206390277      0.978469670     VALUE OF RES(K) IS NOW   4.12780571    
 ROW           86 IS FLOW TANGENCY  (QC dot n) AT POINT IC=          84 WHERE QC=   20.0000000       0.00000000     AND NHAT=  0.199231967      0.979952395     VALUE OF RES(K) IS NOW   3.98463941    
 ROW           87 IS FLOW TANGENCY  (QC dot n) AT POINT IC=          85 WHERE QC=   20.0000000       0.00000000     AND NHAT=  0.196201041      0.980563700     VALUE OF RES(K) IS NOW   3.92402077    
 ROW           88 IS FLOW TANGENCY  (QC dot n) AT POINT IC=          86 WHERE QC=   20.0000000       0.00000000     AND NHAT=  0.185933873      0.982562304     VALUE OF RES(K) IS NOW   3.71867752    
 ROW           89 IS FLOW TANGENCY  (QC dot n) AT POINT IC=          87 WHERE QC=   20.0000000       0.00000000     AND NHAT=  0.169325680      0.985560119     VALUE OF RES(K) IS NOW   3.38651371    
 ROW           90 IS FLOW TANGENCY  (QC dot n) AT POINT IC=          88 WHERE QC=   20.0000000       0.00000000     AND NHAT=  0.154935554      0.987924516     VALUE OF RES(K) IS NOW   3.09871101    
 ROW           91 IS FLOW TANGENCY  (QC dot n) AT POINT IC=          89 WHERE QC=   20.0000000       0.00000000     AND NHAT=  0.137561783      0.990493119     VALUE OF RES(K) IS NOW   2.75123572    
 ROW           92 IS FLOW TANGENCY  (QC dot n) AT POINT IC=          90 WHERE QC=   20.0000000       0.00000000     AND NHAT=  0.114913546      0.993375480     VALUE OF RES(K) IS NOW   2.29827094    
 ROW           93 IS FLOW TANGENCY  (QC dot n) AT POINT IC=          91 WHERE QC=   20.0000000       0.00000000     AND NHAT=   9.34663936E-02  0.995622396     VALUE OF RES(K) IS NOW   1.86932790    
 ROW           94 IS FLOW TANGENCY  (QC dot n) AT POINT IC=          92 WHERE QC=   20.0000000       0.00000000     AND NHAT=   7.53699318E-02  0.997155666     VALUE OF RES(K) IS NOW   1.50739861    
 ROW           95 IS FLOW TANGENCY  (QC dot n) AT POINT IC=          93 WHERE QC=   20.0000000       0.00000000     AND NHAT=   6.13670461E-02  0.998115301     VALUE OF RES(K) IS NOW   1.22734094    
 ROW           96 IS FLOW TANGENCY  (QC dot n) AT POINT IC=          94 WHERE QC=   20.0000000       0.00000000     AND NHAT=   4.89865355E-02  0.998799384     VALUE OF RES(K) IS NOW  0.979730725    
 ROW           97 IS FLOW TANGENCY  (QC dot n) AT POINT IC=          95 WHERE QC=   20.0000000       0.00000000     AND NHAT=   3.33442092E-02  0.999444008     VALUE OF RES(K) IS NOW  0.666884184    
 ROW           98 IS FLOW TANGENCY  (QC dot n) AT POINT IC=          96 WHERE QC=   20.0000000       0.00000000     AND NHAT=   1.86098106E-02  0.999826849     VALUE OF RES(K) IS NOW  0.372196198    
 ROW           99 IS FLOW TANGENCY  (QC dot n) AT POINT IC=          97 WHERE QC=   20.0000000       0.00000000     AND NHAT=   8.19694251E-03  0.999966443     VALUE OF RES(K) IS NOW  0.163938850    
 ROW          100 IS FLOW TANGENCY  (QC dot n) AT POINT IC=          98 WHERE QC=   20.0000000       0.00000000     AND NHAT=  -2.81387917E-03  0.999996006     VALUE OF RES(K) IS NOW  -5.62775843E-02
 ROW          101 IS FLOW TANGENCY  (QC dot n) AT POINT IC=          99 WHERE QC=   20.0000000       0.00000000     AND NHAT=  -1.50887407E-02  0.999886155     VALUE OF RES(K) IS NOW -0.301774800    
 ROW          102 IS FLOW TANGENCY  (QC dot n) AT POINT IC=         100 WHERE QC=   20.0000000       0.00000000     AND NHAT=  -2.54201144E-02  0.999676824     VALUE OF RES(K) IS NOW -0.508402288    
 ROW          103 IS FLOW TANGENCY  (QC dot n) AT POINT IC=         101 WHERE QC=   20.0000000       0.00000000     AND NHAT=  -3.53111885E-02  0.999376297     VALUE OF RES(K) IS NOW -0.706223786    
 ROW          104 IS FLOW TANGENCY  (QC dot n) AT POINT IC=         102 WHERE QC=   20.0000000       0.00000000     AND NHAT=  -4.64036055E-02  0.998922825     VALUE OF RES(K) IS NOW -0.928072095    
 ROW          105 IS FLOW TANGENCY  (QC dot n) AT POINT IC=         103 WHERE QC=   20.0000000       0.00000000     AND NHAT=  -5.77919297E-02  0.998328686     VALUE OF RES(K) IS NOW  -1.15583861    
 ROW          106 IS FLOW TANGENCY  (QC dot n) AT POINT IC=         104 WHERE QC=   20.0000000       0.00000000     AND NHAT=  -6.90554306E-02  0.997612834     VALUE OF RES(K) IS NOW  -1.38110864    
 ROW          107 IS FLOW TANGENCY  (QC dot n) AT POINT IC=         105 WHERE QC=   20.0000000       0.00000000     AND NHAT=  -8.01900998E-02  0.996779561     VALUE OF RES(K) IS NOW  -1.60380197    
 ROW          108 IS FLOW TANGENCY  (QC dot n) AT POINT IC=         106 WHERE QC=   20.0000000       0.00000000     AND NHAT=  -9.25644115E-02  0.995706677     VALUE OF RES(K) IS NOW  -1.85128820    
 ROW          109 IS FLOW TANGENCY  (QC dot n) AT POINT IC=         107 WHERE QC=   20.0000000       0.00000000     AND NHAT= -0.105607554      0.994407833     VALUE OF RES(K) IS NOW  -2.11215115    
 ROW          110 IS FLOW TANGENCY  (QC dot n) AT POINT IC=         108 WHERE QC=   20.0000000       0.00000000     AND NHAT= -0.117691308      0.993050277     VALUE OF RES(K) IS NOW  -2.35382605    
 ROW          111 IS FLOW TANGENCY  (QC dot n) AT POINT IC=         109 WHERE QC=   20.0000000       0.00000000     AND NHAT= -0.132454947      0.991189003     VALUE OF RES(K) IS NOW  -2.64909887    
 ROW          112 IS FLOW TANGENCY  (QC dot n) AT POINT IC=         110 WHERE QC=   20.0000000       0.00000000     AND NHAT= -0.148997515      0.988837600     VALUE OF RES(K) IS NOW  -2.97995043    
 ROW          113 IS FLOW TANGENCY  (QC dot n) AT POINT IC=         111 WHERE QC=   20.0000000       0.00000000     AND NHAT= -0.165644869      0.986185431     VALUE OF RES(K) IS NOW  -3.31289744    
 ROW          114 IS FLOW TANGENCY  (QC dot n) AT POINT IC=         112 WHERE QC=   20.0000000       0.00000000     AND NHAT= -0.186306193      0.982491732     VALUE OF RES(K) IS NOW  -3.72612381    
 ROW          115 IS FLOW TANGENCY  (QC dot n) AT POINT IC=         113 WHERE QC=   20.0000000       0.00000000     AND NHAT= -0.208201081      0.978086114     VALUE OF RES(K) IS NOW  -4.16402149    
 ROW          116 IS FLOW TANGENCY  (QC dot n) AT POINT IC=         114 WHERE QC=   20.0000000       0.00000000     AND NHAT= -0.230697766      0.973025501     VALUE OF RES(K) IS NOW  -4.61395550    
 ROW          117 IS FLOW TANGENCY  (QC dot n) AT POINT IC=         115 WHERE QC=   20.0000000       0.00000000     AND NHAT= -0.259495884      0.965744257     VALUE OF RES(K) IS NOW  -5.18991756    
 ROW          118 IS FLOW TANGENCY  (QC dot n) AT POINT IC=         116 WHERE QC=   20.0000000       0.00000000     AND NHAT= -0.295917422      0.955213547     VALUE OF RES(K) IS NOW  -5.91834831    
 ROW          119 IS FLOW TANGENCY  (QC dot n) AT POINT IC=         117 WHERE QC=   20.0000000       0.00000000     AND NHAT= -0.326847345      0.945077121     VALUE OF RES(K) IS NOW  -6.53694677    
 ROW          120 IS FLOW TANGENCY  (QC dot n) AT POINT IC=         118 WHERE QC=   20.0000000       0.00000000     AND NHAT= -0.380023837      0.924976647     VALUE OF RES(K) IS NOW  -7.60047674    
 ROW          121 IS FLOW TANGENCY  (QC dot n) AT POINT IC=         119 WHERE QC=   20.0000000       0.00000000     AND NHAT= -0.421208829      0.906963706     VALUE OF RES(K) IS NOW  -8.42417622    
 ROW          122 IS FLOW TANGENCY  (QC dot n) AT POINT IC=         120 WHERE QC=   20.0000000       0.00000000     AND NHAT= -0.607289612      0.794480562     VALUE OF RES(K) IS NOW  -12.1457920    
 ROW          123 IS FLOW TANGENCY  (QC dot n) AT POINT IC=         121 WHERE QC=   20.0000000       0.00000000     AND NHAT= -0.871566832      0.490276664     VALUE OF RES(K) IS NOW  -17.4313374    
 ROW          124 IS FLOW TANGENCY  (QC dot n) AT POINT IC=         122 WHERE QC=   20.0000000       0.00000000     AND NHAT= -0.926847577      0.375437796     VALUE OF RES(K) IS NOW  -18.5369511    
 ROW          125 IS FLOW TANGENCY  (QC dot n) AT POINT IC=         123 WHERE QC=   20.0000000       0.00000000     AND NHAT= -0.931732953     -0.363144159     VALUE OF RES(K) IS NOW  -18.6346588    
 ROW          126 IS FLOW TANGENCY  (QC dot n) AT POINT IC=         124 WHERE QC=   20.0000000       0.00000000     AND NHAT= -0.883099616     -0.469185412     VALUE OF RES(K) IS NOW  -17.6619930    
 ROW          127 IS FLOW TANGENCY  (QC dot n) AT POINT IC=         125 WHERE QC=   20.0000000       0.00000000     AND NHAT= -0.680349350     -0.732887983     VALUE OF RES(K) IS NOW  -13.6069870    
 ROW          128 IS FLOW TANGENCY  (QC dot n) AT POINT IC=         126 WHERE QC=   20.0000000       0.00000000     AND NHAT= -0.451770455     -0.892134249     VALUE OF RES(K) IS NOW  -9.03540897    
 ROW          129 IS FLOW TANGENCY  (QC dot n) AT POINT IC=         127 WHERE QC=   20.0000000       0.00000000     AND NHAT= -0.388525963     -0.921437800     VALUE OF RES(K) IS NOW  -7.77051926    
 ROW          130 IS FLOW TANGENCY  (QC dot n) AT POINT IC=         128 WHERE QC=   20.0000000       0.00000000     AND NHAT= -0.346836776     -0.937925518     VALUE OF RES(K) IS NOW  -6.93673563    
 ROW          131 IS FLOW TANGENCY  (QC dot n) AT POINT IC=         129 WHERE QC=   20.0000000       0.00000000     AND NHAT= -0.306073874     -0.952007771     VALUE OF RES(K) IS NOW  -6.12147760    
 ROW          132 IS FLOW TANGENCY  (QC dot n) AT POINT IC=         130 WHERE QC=   20.0000000       0.00000000     AND NHAT= -0.276993960     -0.960871696     VALUE OF RES(K) IS NOW  -5.53987932    
 ROW          133 IS FLOW TANGENCY  (QC dot n) AT POINT IC=         131 WHERE QC=   20.0000000       0.00000000     AND NHAT= -0.246307015     -0.969191790     VALUE OF RES(K) IS NOW  -4.92614031    
 ROW          134 IS FLOW TANGENCY  (QC dot n) AT POINT IC=         132 WHERE QC=   20.0000000       0.00000000     AND NHAT= -0.222840428     -0.974854946     VALUE OF RES(K) IS NOW  -4.45680857    
 ROW          135 IS FLOW TANGENCY  (QC dot n) AT POINT IC=         133 WHERE QC=   20.0000000       0.00000000     AND NHAT= -0.204127997     -0.978944182     VALUE OF RES(K) IS NOW  -4.08256006    
 ROW          136 IS FLOW TANGENCY  (QC dot n) AT POINT IC=         134 WHERE QC=   20.0000000       0.00000000     AND NHAT= -0.184751138     -0.982785404     VALUE OF RES(K) IS NOW  -3.69502282    
 ROW          137 IS FLOW TANGENCY  (QC dot n) AT POINT IC=         135 WHERE QC=   20.0000000       0.00000000     AND NHAT= -0.166896001     -0.985974491     VALUE OF RES(K) IS NOW  -3.33791995    
 ROW          138 IS FLOW TANGENCY  (QC dot n) AT POINT IC=         136 WHERE QC=   20.0000000       0.00000000     AND NHAT= -0.152065471     -0.988370419     VALUE OF RES(K) IS NOW  -3.04130936    
 ROW          139 IS FLOW TANGENCY  (QC dot n) AT POINT IC=         137 WHERE QC=   20.0000000       0.00000000     AND NHAT= -0.137786105     -0.990462005     VALUE OF RES(K) IS NOW  -2.75572205    
 ROW          140 IS FLOW TANGENCY  (QC dot n) AT POINT IC=         138 WHERE QC=   20.0000000       0.00000000     AND NHAT= -0.123997204     -0.992282629     VALUE OF RES(K) IS NOW  -2.47994399    
 ROW          141 IS FLOW TANGENCY  (QC dot n) AT POINT IC=         139 WHERE QC=   20.0000000       0.00000000     AND NHAT= -0.112703860     -0.993628621     VALUE OF RES(K) IS NOW  -2.25407720    
 ROW          142 IS FLOW TANGENCY  (QC dot n) AT POINT IC=         140 WHERE QC=   20.0000000       0.00000000     AND NHAT= -0.102036826     -0.994780660     VALUE OF RES(K) IS NOW  -2.04073644    
 ROW          143 IS FLOW TANGENCY  (QC dot n) AT POINT IC=         141 WHERE QC=   20.0000000       0.00000000     AND NHAT=  -9.07952562E-02 -0.995869517     VALUE OF RES(K) IS NOW  -1.81590509    
 ROW          144 IS FLOW TANGENCY  (QC dot n) AT POINT IC=         142 WHERE QC=   20.0000000       0.00000000     AND NHAT=  -8.01283866E-02 -0.996784508     VALUE OF RES(K) IS NOW  -1.60256767    
 ROW          145 IS FLOW TANGENCY  (QC dot n) AT POINT IC=         143 WHERE QC=   20.0000000       0.00000000     AND NHAT=  -7.05048144E-02 -0.997511387     VALUE OF RES(K) IS NOW  -1.41009629    
 ROW          146 IS FLOW TANGENCY  (QC dot n) AT POINT IC=         144 WHERE QC=   20.0000000       0.00000000     AND NHAT=  -6.08322732E-02 -0.998148024     VALUE OF RES(K) IS NOW  -1.21664548    
 ROW          147 IS FLOW TANGENCY  (QC dot n) AT POINT IC=         145 WHERE QC=   20.0000000       0.00000000     AND NHAT=  -5.10300696E-02 -0.998697221     VALUE OF RES(K) IS NOW  -1.02060139    
 ROW          148 IS FLOW TANGENCY  (QC dot n) AT POINT IC=         146 WHERE QC=   20.0000000       0.00000000     AND NHAT=  -4.11662273E-02 -0.999152362     VALUE OF RES(K) IS NOW -0.823324561    
 ROW          149 IS FLOW TANGENCY  (QC dot n) AT POINT IC=         147 WHERE QC=   20.0000000       0.00000000     AND NHAT=  -3.20147164E-02 -0.999487460     VALUE OF RES(K) IS NOW -0.640294313    
 ROW          150 IS FLOW TANGENCY  (QC dot n) AT POINT IC=         148 WHERE QC=   20.0000000       0.00000000     AND NHAT=  -2.36299355E-02 -0.999720752     VALUE OF RES(K) IS NOW -0.472598702    
 ROW          151 IS FLOW TANGENCY  (QC dot n) AT POINT IC=         149 WHERE QC=   20.0000000       0.00000000     AND NHAT=  -1.45244002E-02 -0.999894500     VALUE OF RES(K) IS NOW -0.290488005    
 ROW          152 IS FLOW TANGENCY  (QC dot n) AT POINT IC=         150 WHERE QC=   20.0000000       0.00000000     AND NHAT=  -3.90472403E-03 -0.999992371     VALUE OF RES(K) IS NOW  -7.80944824E-02
 ROW          153 IS FLOW TANGENCY  (QC dot n) AT POINT IC=         151 WHERE QC=   20.0000000       0.00000000     AND NHAT=   5.93614066E-03 -0.999982357     VALUE OF RES(K) IS NOW  0.118722811    
 ROW          154 IS FLOW TANGENCY  (QC dot n) AT POINT IC=         152 WHERE QC=   20.0000000       0.00000000     AND NHAT=   1.43969422E-02 -0.999896348     VALUE OF RES(K) IS NOW  0.287938833    
 ROW          155 IS FLOW TANGENCY  (QC dot n) AT POINT IC=         153 WHERE QC=   20.0000000       0.00000000     AND NHAT=   2.54162513E-02 -0.999677002     VALUE OF RES(K) IS NOW  0.508325040    
 ROW          156 IS FLOW TANGENCY  (QC dot n) AT POINT IC=         154 WHERE QC=   20.0000000       0.00000000     AND NHAT=   3.91899236E-02 -0.999231756     VALUE OF RES(K) IS NOW  0.783798456    
 ROW          157 IS FLOW TANGENCY  (QC dot n) AT POINT IC=         155 WHERE QC=   20.0000000       0.00000000     AND NHAT=   5.18923551E-02 -0.998652637     VALUE OF RES(K) IS NOW   1.03784704    
 ROW          158 IS FLOW TANGENCY  (QC dot n) AT POINT IC=         156 WHERE QC=   20.0000000       0.00000000     AND NHAT=   6.24058768E-02 -0.998050809     VALUE OF RES(K) IS NOW   1.24811757    
 ROW          159 IS FLOW TANGENCY  (QC dot n) AT POINT IC=         157 WHERE QC=   20.0000000       0.00000000     AND NHAT=   7.44213015E-02 -0.997226894     VALUE OF RES(K) IS NOW   1.48842597    
 ROW          160 IS FLOW TANGENCY  (QC dot n) AT POINT IC=         158 WHERE QC=   20.0000000       0.00000000     AND NHAT=   8.95507857E-02 -0.995982289     VALUE OF RES(K) IS NOW   1.79101574    
 ROW          161 IS FLOW TANGENCY  (QC dot n) AT POINT IC=         159 WHERE QC=   20.0000000       0.00000000     AND NHAT=  0.107264593     -0.994230568     VALUE OF RES(K) IS NOW   2.14529181    
 ROW          162 IS FLOW TANGENCY  (QC dot n) AT POINT IC=         160 WHERE QC=   20.0000000       0.00000000     AND NHAT=  0.127186924     -0.991878688     VALUE OF RES(K) IS NOW   2.54373837    
 ROW          163 IS FLOW TANGENCY  (QC dot n) AT POINT IC=         161 WHERE QC=   20.0000000       0.00000000     AND NHAT=  0.145080447     -0.989419878     VALUE OF RES(K) IS NOW   2.90160894    
 ROW          164 IS FLOW TANGENCY  (QC dot n) AT POINT IC=         162 WHERE QC=   20.0000000       0.00000000     AND NHAT=  0.158599153     -0.987343073     VALUE OF RES(K) IS NOW   3.17198300    
 ROW          165 IS FLOW TANGENCY  (QC dot n) AT POINT IC=         163 WHERE QC=   20.0000000       0.00000000     AND NHAT=  0.171298757     -0.985219181     VALUE OF RES(K) IS NOW   3.42597508    
 ROW          166 IS FLOW TANGENCY  (QC dot n) AT POINT IC=         164 WHERE QC=   20.0000000       0.00000000     AND NHAT=  0.185777709     -0.982591748     VALUE OF RES(K) IS NOW   3.71555424    
 ROW          167 IS FLOW TANGENCY  (QC dot n) AT POINT IC=         165 WHERE QC=   20.0000000       0.00000000     AND NHAT=  0.195483580     -0.980706990     VALUE OF RES(K) IS NOW   3.90967155    
 ROW          168 IS FLOW TANGENCY  (QC dot n) AT POINT IC=         166 WHERE QC=   20.0000000       0.00000000     AND NHAT=  0.198123083     -0.980177104     VALUE OF RES(K) IS NOW   3.96246171    
 ROW          169 IS FLOW TANGENCY  (QC dot n) AT POINT IC=         167 WHERE QC=   20.0000000       0.00000000     AND NHAT=  0.203319475     -0.979112506     VALUE OF RES(K) IS NOW   4.06638956    
 ROW          170 IS FLOW TANGENCY  (QC dot n) AT POINT IC=         168 WHERE QC=   20.0000000       0.00000000     AND NHAT=  0.208744526     -0.977970243     VALUE OF RES(K) IS NOW   4.17489052    
 ROW          171 IS FLOW TANGENCY  (QC dot n) AT POINT IC=         169 WHERE QC=   20.0000000       0.00000000     AND NHAT=  0.209592253     -0.977788925     VALUE OF RES(K) IS NOW   4.19184494    
 ROW          172 IS FLOW TANGENCY  (QC dot n) AT POINT IC=         170 WHERE QC=   20.0000000       0.00000000     AND NHAT=  0.206793442     -0.978384614     VALUE OF RES(K) IS NOW   4.13586903    
 ROW          173 IS FLOW TANGENCY  (QC dot n) AT POINT IC=         171 WHERE QC=   20.0000000       0.00000000     AND NHAT=  0.203398600     -0.979096055     VALUE OF RES(K) IS NOW   4.06797218    
 ROW          174 IS FLOW TANGENCY  (QC dot n) AT POINT IC=         172 WHERE QC=   20.0000000       0.00000000     AND NHAT=  0.199777558     -0.979841352     VALUE OF RES(K) IS NOW   3.99555111    
 ROW          175 IS FLOW TANGENCY  (QC dot n) AT POINT IC=         173 WHERE QC=   20.0000000       0.00000000     AND NHAT=  0.189751700     -0.981832147     VALUE OF RES(K) IS NOW   3.79503393    
 ROW          176 IS FLOW TANGENCY  (QC dot n) AT POINT IC=         174 WHERE QC=   20.0000000       0.00000000     AND NHAT=  0.174450740     -0.984665930     VALUE OF RES(K) IS NOW   3.48901486    
 ROW          177 IS FLOW TANGENCY  (QC dot n) AT POINT IC=         175 WHERE QC=   20.0000000       0.00000000     AND NHAT=  0.152130648     -0.988360465     VALUE OF RES(K) IS NOW   3.04261303    
 ROW          178 IS FLOW TANGENCY  (QC dot n) AT POINT IC=         176 WHERE QC=   20.0000000       0.00000000     AND NHAT=  0.125454798     -0.992099404     VALUE OF RES(K) IS NOW   2.50909591    
 ROW          179 IS FLOW TANGENCY  (QC dot n) AT POINT IC=         177 WHERE QC=   20.0000000       0.00000000     AND NHAT=  0.102326445     -0.994750857     VALUE OF RES(K) IS NOW   2.04652882    
 ROW          180 IS FLOW TANGENCY  (QC dot n) AT POINT IC=         178 WHERE QC=   20.0000000       0.00000000     AND NHAT=   8.64356458E-02 -0.996257424     VALUE OF RES(K) IS NOW   1.72871292    
 ROW          181 IS THE BASIC KUTTA CONDITION, SETTING FIRST AND LAST BODY GAMMAS TO BE EQUAL TO THE WAKE STRENGTH OF THE FIRST BODY WAKE PANEL. (G1+GN=-GW)VALUE OF RES(K) IS NOW   0.00000000    
 ROW          182 IS THE 0 INTERNAL TANGENTIAL VELOCITY (QC dot NHAT) on point,        1972 WHERE QC=   20.0000000       0.00000000     AND NHAT=  0.999971032      -7.60398898E-03 VALUE OF RES(K) IS NOW   19.9994202    
 ROW            1 IS AN EXPLICITLY SET VORTEX STRENGTH.VALUE OF RES(K) IS NOW   0.00000000    
 ROW           75 IS AN EXPLICITLY SET VORTEX STRENGTH.VALUE OF RES(K) IS NOW   0.00000000    
